[1.291s] Invoking command in '/home/widha893/ros2_hil_quadrotor/build/sjtu_drone_description': CMAKE_PREFIX_PATH=${CMAKE_PREFIX_PATH}:/home/widha893/ros2_hil_quadrotor/install/sjtu_drone_control:/home/widha893/ros2_hil_quadrotor/install/sjtu_drone_bringup:/home/widha893/ros2_hil_quadrotor/install/sensor_data_logger:/home/widha893/ros2_hil_quadrotor/install/hitl:/opt/ros/humble:/home/widha893/ros2_hil_quadrotor/install: /usr/bin/cmake --build /home/widha893/ros2_hil_quadrotor/build/sjtu_drone_description -- -j8 -l8
[1.397s] [35m[1mConsolidate compiler generated dependencies of target plugin_drone[0m
[1.490s] [ 25%] [32mBuilding CXX object CMakeFiles/plugin_drone.dir/src/plugin_drone_private.cpp.o[0m
[37.277s] [ 50%] [32m[1mLinking CXX shared library /home/widha893/ros2_hil_quadrotor/sjtu_drone_description/plugins/libplugin_drone.so[0m
[40.089s] [100%] Built target plugin_drone
[40.100s] Invoked command in '/home/widha893/ros2_hil_quadrotor/build/sjtu_drone_description' returned '0': CMAKE_PREFIX_PATH=${CMAKE_PREFIX_PATH}:/home/widha893/ros2_hil_quadrotor/install/sjtu_drone_control:/home/widha893/ros2_hil_quadrotor/install/sjtu_drone_bringup:/home/widha893/ros2_hil_quadrotor/install/sensor_data_logger:/home/widha893/ros2_hil_quadrotor/install/hitl:/opt/ros/humble:/home/widha893/ros2_hil_quadrotor/install: /usr/bin/cmake --build /home/widha893/ros2_hil_quadrotor/build/sjtu_drone_description -- -j8 -l8
[40.138s] Invoking command in '/home/widha893/ros2_hil_quadrotor/build/sjtu_drone_description': CMAKE_PREFIX_PATH=${CMAKE_PREFIX_PATH}:/home/widha893/ros2_hil_quadrotor/install/sjtu_drone_control:/home/widha893/ros2_hil_quadrotor/install/sjtu_drone_bringup:/home/widha893/ros2_hil_quadrotor/install/sensor_data_logger:/home/widha893/ros2_hil_quadrotor/install/hitl:/opt/ros/humble:/home/widha893/ros2_hil_quadrotor/install: /usr/bin/cmake --install /home/widha893/ros2_hil_quadrotor/build/sjtu_drone_description
[40.144s] -- Install configuration: ""
[40.144s] -- Up-to-date: /home/widha893/ros2_hil_quadrotor/install/sjtu_drone_description/include
[40.144s] -- Up-to-date: /home/widha893/ros2_hil_quadrotor/install/sjtu_drone_description/include/sjtu_drone_description
[40.144s] -- Up-to-date: /home/widha893/ros2_hil_quadrotor/install/sjtu_drone_description/include/sjtu_drone_description/pb_decode.h
[40.144s] -- Up-to-date: /home/widha893/ros2_hil_quadrotor/install/sjtu_drone_description/include/sjtu_drone_description/pb_common.c
[40.144s] -- Up-to-date: /home/widha893/ros2_hil_quadrotor/install/sjtu_drone_description/include/sjtu_drone_description/plugin_drone.h
[40.144s] -- Up-to-date: /home/widha893/ros2_hil_quadrotor/install/sjtu_drone_description/include/sjtu_drone_description/pid_controller.h
[40.144s] -- Up-to-date: /home/widha893/ros2_hil_quadrotor/install/sjtu_drone_description/include/sjtu_drone_description/messages.pb.h
[40.144s] -- Up-to-date: /home/widha893/ros2_hil_quadrotor/install/sjtu_drone_description/include/sjtu_drone_description/pb.h
[40.144s] -- Up-to-date: /home/widha893/ros2_hil_quadrotor/install/sjtu_drone_description/include/sjtu_drone_description/messages.pb.c
[40.144s] -- Up-to-date: /home/widha893/ros2_hil_quadrotor/install/sjtu_drone_description/include/sjtu_drone_description/pb_encode.h
[40.144s] -- Up-to-date: /home/widha893/ros2_hil_quadrotor/install/sjtu_drone_description/include/sjtu_drone_description/pb_common.h
[40.145s] -- Up-to-date: /home/widha893/ros2_hil_quadrotor/install/sjtu_drone_description/include/sjtu_drone_description/pb_decode.c
[40.145s] -- Up-to-date: /home/widha893/ros2_hil_quadrotor/install/sjtu_drone_description/include/sjtu_drone_description/plugin_drone_private.h
[40.145s] -- Up-to-date: /home/widha893/ros2_hil_quadrotor/install/sjtu_drone_description/include/sjtu_drone_description/pb_encode.c
[40.145s] -- Installing: /home/widha893/ros2_hil_quadrotor/install/sjtu_drone_description/lib/libplugin_drone.so
[40.168s] -- Set runtime path of "/home/widha893/ros2_hil_quadrotor/install/sjtu_drone_description/lib/libplugin_drone.so" to ""
[40.169s] -- Up-to-date: /home/widha893/ros2_hil_quadrotor/install/sjtu_drone_description/share/sjtu_drone_description/environment/library_path.sh
[40.169s] -- Up-to-date: /home/widha893/ros2_hil_quadrotor/install/sjtu_drone_description/share/sjtu_drone_description/environment/library_path.dsv
[40.169s] -- Up-to-date: /home/widha893/ros2_hil_quadrotor/install/sjtu_drone_description/share/sjtu_drone_description/models
[40.169s] -- Up-to-date: /home/widha893/ros2_hil_quadrotor/install/sjtu_drone_description/share/sjtu_drone_description/models/sjtu_drone
[40.169s] -- Up-to-date: /home/widha893/ros2_hil_quadrotor/install/sjtu_drone_description/share/sjtu_drone_description/models/sjtu_drone/model.config
[40.170s] -- Up-to-date: /home/widha893/ros2_hil_quadrotor/install/sjtu_drone_description/share/sjtu_drone_description/models/sjtu_drone/quadrotor_4.stl
[40.170s] -- Up-to-date: /home/widha893/ros2_hil_quadrotor/install/sjtu_drone_description/share/sjtu_drone_description/models/sjtu_drone/quadrotor_4.dae
[40.170s] -- Up-to-date: /home/widha893/ros2_hil_quadrotor/install/sjtu_drone_description/share/sjtu_drone_description/models/sjtu_drone/sjtu_drone.sdf
[40.170s] -- Up-to-date: /home/widha893/ros2_hil_quadrotor/install/sjtu_drone_description/share/sjtu_drone_description/models/database.config
[40.170s] -- Up-to-date: /home/widha893/ros2_hil_quadrotor/install/sjtu_drone_description/share/sjtu_drone_description/urdf
[40.170s] -- Up-to-date: /home/widha893/ros2_hil_quadrotor/install/sjtu_drone_description/share/sjtu_drone_description/urdf/build
[40.170s] -- Up-to-date: /home/widha893/ros2_hil_quadrotor/install/sjtu_drone_description/share/sjtu_drone_description/urdf/build/COLCON_IGNORE
[40.170s] -- Up-to-date: /home/widha893/ros2_hil_quadrotor/install/sjtu_drone_description/share/sjtu_drone_description/urdf/build/.built_by
[40.171s] -- Up-to-date: /home/widha893/ros2_hil_quadrotor/install/sjtu_drone_description/share/sjtu_drone_description/urdf/install
[40.171s] -- Up-to-date: /home/widha893/ros2_hil_quadrotor/install/sjtu_drone_description/share/sjtu_drone_description/urdf/install/local_setup.zsh
[40.171s] -- Up-to-date: /home/widha893/ros2_hil_quadrotor/install/sjtu_drone_description/share/sjtu_drone_description/urdf/install/setup.bash
[40.171s] -- Up-to-date: /home/widha893/ros2_hil_quadrotor/install/sjtu_drone_description/share/sjtu_drone_description/urdf/install/_local_setup_util_sh.py
[40.171s] -- Up-to-date: /home/widha893/ros2_hil_quadrotor/install/sjtu_drone_description/share/sjtu_drone_description/urdf/install/local_setup.ps1
[40.171s] -- Up-to-date: /home/widha893/ros2_hil_quadrotor/install/sjtu_drone_description/share/sjtu_drone_description/urdf/install/local_setup.sh
[40.171s] -- Up-to-date: /home/widha893/ros2_hil_quadrotor/install/sjtu_drone_description/share/sjtu_drone_description/urdf/install/setup.sh
[40.171s] -- Up-to-date: /home/widha893/ros2_hil_quadrotor/install/sjtu_drone_description/share/sjtu_drone_description/urdf/install/local_setup.bash
[40.171s] -- Up-to-date: /home/widha893/ros2_hil_quadrotor/install/sjtu_drone_description/share/sjtu_drone_description/urdf/install/.colcon_install_layout
[40.171s] -- Up-to-date: /home/widha893/ros2_hil_quadrotor/install/sjtu_drone_description/share/sjtu_drone_description/urdf/install/COLCON_IGNORE
[40.171s] -- Up-to-date: /home/widha893/ros2_hil_quadrotor/install/sjtu_drone_description/share/sjtu_drone_description/urdf/install/_local_setup_util_ps1.py
[40.171s] -- Up-to-date: /home/widha893/ros2_hil_quadrotor/install/sjtu_drone_description/share/sjtu_drone_description/urdf/install/setup.zsh
[40.172s] -- Up-to-date: /home/widha893/ros2_hil_quadrotor/install/sjtu_drone_description/share/sjtu_drone_description/urdf/install/setup.ps1
[40.172s] -- Up-to-date: /home/widha893/ros2_hil_quadrotor/install/sjtu_drone_description/share/sjtu_drone_description/urdf/sjtu_drone.urdf
[40.172s] -- Up-to-date: /home/widha893/ros2_hil_quadrotor/install/sjtu_drone_description/share/sjtu_drone_description/urdf/log
[40.172s] -- Up-to-date: /home/widha893/ros2_hil_quadrotor/install/sjtu_drone_description/share/sjtu_drone_description/urdf/log/COLCON_IGNORE
[40.172s] -- Up-to-date: /home/widha893/ros2_hil_quadrotor/install/sjtu_drone_description/share/sjtu_drone_description/urdf/log/build_2024-11-15_22-20-31
[40.172s] -- Up-to-date: /home/widha893/ros2_hil_quadrotor/install/sjtu_drone_description/share/sjtu_drone_description/urdf/log/build_2024-11-15_22-20-31/logger_all.log
[40.172s] -- Up-to-date: /home/widha893/ros2_hil_quadrotor/install/sjtu_drone_description/share/sjtu_drone_description/urdf/log/build_2024-11-15_22-20-31/events.log
[40.172s] -- Up-to-date: /home/widha893/ros2_hil_quadrotor/install/sjtu_drone_description/share/sjtu_drone_description/urdf/log/latest_build
[40.172s] -- Up-to-date: /home/widha893/ros2_hil_quadrotor/install/sjtu_drone_description/share/sjtu_drone_description/urdf/log/latest
[40.172s] -- Up-to-date: /home/widha893/ros2_hil_quadrotor/install/sjtu_drone_description/share/sjtu_drone_description/urdf/sjtu_drone.urdf.xacro
[40.172s] -- Up-to-date: /home/widha893/ros2_hil_quadrotor/install/sjtu_drone_description/share/sjtu_drone_description/worlds
[40.173s] -- Up-to-date: /home/widha893/ros2_hil_quadrotor/install/sjtu_drone_description/share/sjtu_drone_description/worlds/empty.world
[40.173s] -- Up-to-date: /home/widha893/ros2_hil_quadrotor/install/sjtu_drone_description/share/sjtu_drone_description/worlds/playground.world
[40.173s] -- Up-to-date: /home/widha893/ros2_hil_quadrotor/install/sjtu_drone_description/share/ament_index/resource_index/package_run_dependencies/sjtu_drone_description
[40.173s] -- Up-to-date: /home/widha893/ros2_hil_quadrotor/install/sjtu_drone_description/share/ament_index/resource_index/parent_prefix_path/sjtu_drone_description
[40.173s] -- Up-to-date: /home/widha893/ros2_hil_quadrotor/install/sjtu_drone_description/share/sjtu_drone_description/environment/ament_prefix_path.sh
[40.173s] -- Up-to-date: /home/widha893/ros2_hil_quadrotor/install/sjtu_drone_description/share/sjtu_drone_description/environment/ament_prefix_path.dsv
[40.173s] -- Up-to-date: /home/widha893/ros2_hil_quadrotor/install/sjtu_drone_description/share/sjtu_drone_description/environment/path.sh
[40.173s] -- Up-to-date: /home/widha893/ros2_hil_quadrotor/install/sjtu_drone_description/share/sjtu_drone_description/environment/path.dsv
[40.173s] -- Up-to-date: /home/widha893/ros2_hil_quadrotor/install/sjtu_drone_description/share/sjtu_drone_description/local_setup.bash
[40.174s] -- Up-to-date: /home/widha893/ros2_hil_quadrotor/install/sjtu_drone_description/share/sjtu_drone_description/local_setup.sh
[40.174s] -- Up-to-date: /home/widha893/ros2_hil_quadrotor/install/sjtu_drone_description/share/sjtu_drone_description/local_setup.zsh
[40.174s] -- Up-to-date: /home/widha893/ros2_hil_quadrotor/install/sjtu_drone_description/share/sjtu_drone_description/local_setup.dsv
[40.174s] -- Installing: /home/widha893/ros2_hil_quadrotor/install/sjtu_drone_description/share/sjtu_drone_description/package.dsv
[40.175s] -- Up-to-date: /home/widha893/ros2_hil_quadrotor/install/sjtu_drone_description/share/ament_index/resource_index/packages/sjtu_drone_description
[40.175s] -- Up-to-date: /home/widha893/ros2_hil_quadrotor/install/sjtu_drone_description/share/sjtu_drone_description/cmake/export_sjtu_drone_descriptionExport.cmake
[40.175s] -- Up-to-date: /home/widha893/ros2_hil_quadrotor/install/sjtu_drone_description/share/sjtu_drone_description/cmake/export_sjtu_drone_descriptionExport-noconfig.cmake
[40.175s] -- Up-to-date: /home/widha893/ros2_hil_quadrotor/install/sjtu_drone_description/share/sjtu_drone_description/cmake/ament_cmake_export_include_directories-extras.cmake
[40.175s] -- Up-to-date: /home/widha893/ros2_hil_quadrotor/install/sjtu_drone_description/share/sjtu_drone_description/cmake/ament_cmake_export_libraries-extras.cmake
[40.175s] -- Up-to-date: /home/widha893/ros2_hil_quadrotor/install/sjtu_drone_description/share/sjtu_drone_description/cmake/ament_cmake_export_targets-extras.cmake
[40.175s] -- Up-to-date: /home/widha893/ros2_hil_quadrotor/install/sjtu_drone_description/share/sjtu_drone_description/cmake/sjtu_drone_descriptionConfig.cmake
[40.176s] -- Up-to-date: /home/widha893/ros2_hil_quadrotor/install/sjtu_drone_description/share/sjtu_drone_description/cmake/sjtu_drone_descriptionConfig-version.cmake
[40.176s] -- Up-to-date: /home/widha893/ros2_hil_quadrotor/install/sjtu_drone_description/share/sjtu_drone_description/package.xml
[40.176s] Invoked command in '/home/widha893/ros2_hil_quadrotor/build/sjtu_drone_description' returned '0': CMAKE_PREFIX_PATH=${CMAKE_PREFIX_PATH}:/home/widha893/ros2_hil_quadrotor/install/sjtu_drone_control:/home/widha893/ros2_hil_quadrotor/install/sjtu_drone_bringup:/home/widha893/ros2_hil_quadrotor/install/sensor_data_logger:/home/widha893/ros2_hil_quadrotor/install/hitl:/opt/ros/humble:/home/widha893/ros2_hil_quadrotor/install: /usr/bin/cmake --install /home/widha893/ros2_hil_quadrotor/build/sjtu_drone_description
