[4.097s] Invoking command in '/home/widha893/ros2_hil_quadrotor/sjtu_drone_control': PYTHONPATH=/home/widha893/ros2_hil_quadrotor/build/sjtu_drone_control/prefix_override:/usr/lib/python3/dist-packages/colcon_core/task/python/colcon_distutils_commands:/home/widha893/ros2_hil_quadrotor/install/sjtu_drone_control/lib/python3.10/site-packages:${PYTHONPATH} /usr/bin/python3 -W ignore:setup.py install is deprecated setup.py egg_info --egg-base ../build/sjtu_drone_control build --build-base /home/widha893/ros2_hil_quadrotor/build/sjtu_drone_control/build install --record /home/widha893/ros2_hil_quadrotor/build/sjtu_drone_control/install.log --single-version-externally-managed install_data
[4.636s] running egg_info
[4.637s] writing ../build/sjtu_drone_control/sjtu_drone_control.egg-info/PKG-INFO
[4.646s] writing dependency_links to ../build/sjtu_drone_control/sjtu_drone_control.egg-info/dependency_links.txt
[4.647s] writing entry points to ../build/sjtu_drone_control/sjtu_drone_control.egg-info/entry_points.txt
[4.647s] writing requirements to ../build/sjtu_drone_control/sjtu_drone_control.egg-info/requires.txt
[4.648s] writing top-level names to ../build/sjtu_drone_control/sjtu_drone_control.egg-info/top_level.txt
[4.663s] reading manifest file '../build/sjtu_drone_control/sjtu_drone_control.egg-info/SOURCES.txt'
[4.681s] writing manifest file '../build/sjtu_drone_control/sjtu_drone_control.egg-info/SOURCES.txt'
[4.681s] running build
[4.681s] running build_py
[4.682s] running install
[4.683s] running install_lib
[4.691s] running install_data
[4.691s] running install_egg_info
[4.695s] removing '/home/widha893/ros2_hil_quadrotor/install/sjtu_drone_control/lib/python3.10/site-packages/sjtu_drone_control-0.0.0-py3.10.egg-info' (and everything under it)
[4.717s] Copying ../build/sjtu_drone_control/sjtu_drone_control.egg-info to /home/widha893/ros2_hil_quadrotor/install/sjtu_drone_control/lib/python3.10/site-packages/sjtu_drone_control-0.0.0-py3.10.egg-info
[4.740s] running install_scripts
[4.790s] Installing drone_position_control script to /home/widha893/ros2_hil_quadrotor/install/sjtu_drone_control/lib/sjtu_drone_control
[4.792s] Installing open_loop_control script to /home/widha893/ros2_hil_quadrotor/install/sjtu_drone_control/lib/sjtu_drone_control
[4.792s] Installing teleop script to /home/widha893/ros2_hil_quadrotor/install/sjtu_drone_control/lib/sjtu_drone_control
[4.806s] Installing teleop_joystick script to /home/widha893/ros2_hil_quadrotor/install/sjtu_drone_control/lib/sjtu_drone_control
[4.806s] writing list of installed files to '/home/widha893/ros2_hil_quadrotor/build/sjtu_drone_control/install.log'
[4.977s] Invoked command in '/home/widha893/ros2_hil_quadrotor/sjtu_drone_control' returned '0': PYTHONPATH=/home/widha893/ros2_hil_quadrotor/build/sjtu_drone_control/prefix_override:/usr/lib/python3/dist-packages/colcon_core/task/python/colcon_distutils_commands:/home/widha893/ros2_hil_quadrotor/install/sjtu_drone_control/lib/python3.10/site-packages:${PYTHONPATH} /usr/bin/python3 -W ignore:setup.py install is deprecated setup.py egg_info --egg-base ../build/sjtu_drone_control build --build-base /home/widha893/ros2_hil_quadrotor/build/sjtu_drone_control/build install --record /home/widha893/ros2_hil_quadrotor/build/sjtu_drone_control/install.log --single-version-externally-managed install_data
