[2.919s] Invoking command in '/home/widha893/ros2_hil_quadrotor/hitl': PYTHONPATH=/home/widha893/ros2_hil_quadrotor/build/hitl/prefix_override:/usr/lib/python3/dist-packages/colcon_core/task/python/colcon_distutils_commands:/home/widha893/ros2_hil_quadrotor/install/hitl/lib/python3.10/site-packages:${PYTHONPATH} /usr/bin/python3 -W ignore:setup.py install is deprecated setup.py egg_info --egg-base ../build/hitl build --build-base /home/widha893/ros2_hil_quadrotor/build/hitl/build install --record /home/widha893/ros2_hil_quadrotor/build/hitl/install.log --single-version-externally-managed install_data
[3.186s] running egg_info
[3.187s] writing ../build/hitl/hitl.egg-info/PKG-INFO
[3.191s] writing dependency_links to ../build/hitl/hitl.egg-info/dependency_links.txt
[3.192s] writing entry points to ../build/hitl/hitl.egg-info/entry_points.txt
[3.192s] writing requirements to ../build/hitl/hitl.egg-info/requires.txt
[3.192s] writing top-level names to ../build/hitl/hitl.egg-info/top_level.txt
[3.206s] reading manifest file '../build/hitl/hitl.egg-info/SOURCES.txt'
[3.211s] writing manifest file '../build/hitl/hitl.egg-info/SOURCES.txt'
[3.211s] running build
[3.211s] running build_py
[3.211s] copying hitl/communication.py -> /home/widha893/ros2_hil_quadrotor/build/hitl/build/lib/hitl
[3.211s] running install
[3.212s] running install_lib
[3.212s] copying /home/widha893/ros2_hil_quadrotor/build/hitl/build/lib/hitl/communication.py -> /home/widha893/ros2_hil_quadrotor/install/hitl/lib/python3.10/site-packages/hitl
[3.213s] byte-compiling /home/widha893/ros2_hil_quadrotor/install/hitl/lib/python3.10/site-packages/hitl/communication.py to communication.cpython-310.pyc
[3.244s] running install_data
[3.244s] running install_egg_info
[3.246s] removing '/home/widha893/ros2_hil_quadrotor/install/hitl/lib/python3.10/site-packages/hitl-0.0.0-py3.10.egg-info' (and everything under it)
[3.247s] Copying ../build/hitl/hitl.egg-info to /home/widha893/ros2_hil_quadrotor/install/hitl/lib/python3.10/site-packages/hitl-0.0.0-py3.10.egg-info
[3.266s] running install_scripts
[3.292s] Installing communication script to /home/widha893/ros2_hil_quadrotor/install/hitl/lib/hitl
[3.335s] writing list of installed files to '/home/widha893/ros2_hil_quadrotor/build/hitl/install.log'
[3.605s] Invoked command in '/home/widha893/ros2_hil_quadrotor/hitl' returned '0': PYTHONPATH=/home/widha893/ros2_hil_quadrotor/build/hitl/prefix_override:/usr/lib/python3/dist-packages/colcon_core/task/python/colcon_distutils_commands:/home/widha893/ros2_hil_quadrotor/install/hitl/lib/python3.10/site-packages:${PYTHONPATH} /usr/bin/python3 -W ignore:setup.py install is deprecated setup.py egg_info --egg-base ../build/hitl build --build-base /home/widha893/ros2_hil_quadrotor/build/hitl/build install --record /home/widha893/ros2_hil_quadrotor/build/hitl/install.log --single-version-externally-managed install_data
