[3.786s] Invoking command in '/home/widha893/ros2_hil_quadrotor/hitl': PYTHONPATH=/home/widha893/ros2_hil_quadrotor/build/hitl/prefix_override:/usr/lib/python3/dist-packages/colcon_core/task/python/colcon_distutils_commands:/home/widha893/ros2_hil_quadrotor/install/hitl/lib/python3.10/site-packages:${PYTHONPATH} /usr/bin/python3 -W ignore:setup.py install is deprecated -W ignore:easy_install command is deprecated setup.py egg_info --egg-base ../build/hitl build --build-base /home/widha893/ros2_hil_quadrotor/build/hitl/build install --record /home/widha893/ros2_hil_quadrotor/build/hitl/install.log --single-version-externally-managed install_data
[4.043s] running egg_info
[4.044s] writing ../build/hitl/hitl.egg-info/PKG-INFO
[4.045s] writing dependency_links to ../build/hitl/hitl.egg-info/dependency_links.txt
[4.045s] writing entry points to ../build/hitl/hitl.egg-info/entry_points.txt
[4.045s] writing requirements to ../build/hitl/hitl.egg-info/requires.txt
[4.045s] writing top-level names to ../build/hitl/hitl.egg-info/top_level.txt
[4.048s] reading manifest file '../build/hitl/hitl.egg-info/SOURCES.txt'
[4.051s] writing manifest file '../build/hitl/hitl.egg-info/SOURCES.txt'
[4.051s] running build
[4.051s] running build_py
[4.051s] running install
[4.051s] running install_lib
[4.053s] running install_data
[4.054s] running install_egg_info
[4.055s] removing '/home/widha893/ros2_hil_quadrotor/install/hitl/lib/python3.10/site-packages/hitl-0.0.0-py3.10.egg-info' (and everything under it)
[4.056s] Copying ../build/hitl/hitl.egg-info to /home/widha893/ros2_hil_quadrotor/install/hitl/lib/python3.10/site-packages/hitl-0.0.0-py3.10.egg-info
[4.056s] running install_scripts
[4.081s] Installing communication script to /home/widha893/ros2_hil_quadrotor/install/hitl/lib/hitl
[4.081s] Installing controller script to /home/widha893/ros2_hil_quadrotor/install/hitl/lib/hitl
[4.081s] Installing data_analyzer script to /home/widha893/ros2_hil_quadrotor/install/hitl/lib/hitl
[4.081s] Installing hitl_node script to /home/widha893/ros2_hil_quadrotor/install/hitl/lib/hitl
[4.081s] Installing receiver script to /home/widha893/ros2_hil_quadrotor/install/hitl/lib/hitl
[4.081s] writing list of installed files to '/home/widha893/ros2_hil_quadrotor/build/hitl/install.log'
[4.428s] Invoked command in '/home/widha893/ros2_hil_quadrotor/hitl' returned '0': PYTHONPATH=/home/widha893/ros2_hil_quadrotor/build/hitl/prefix_override:/usr/lib/python3/dist-packages/colcon_core/task/python/colcon_distutils_commands:/home/widha893/ros2_hil_quadrotor/install/hitl/lib/python3.10/site-packages:${PYTHONPATH} /usr/bin/python3 -W ignore:setup.py install is deprecated -W ignore:easy_install command is deprecated setup.py egg_info --egg-base ../build/hitl build --build-base /home/widha893/ros2_hil_quadrotor/build/hitl/build install --record /home/widha893/ros2_hil_quadrotor/build/hitl/install.log --single-version-externally-managed install_data
