[1.155s] Invoking command in '/home/widha893/ros2_hil_quadrotor/data_logger': PYTHONPATH=/home/widha893/ros2_hil_quadrotor/build/data_logger/prefix_override:/usr/lib/python3/dist-packages/colcon_core/task/python/colcon_distutils_commands:/home/widha893/ros2_hil_quadrotor/install/data_logger/lib/python3.10/site-packages:${PYTHONPATH} /usr/bin/python3 -W ignore:setup.py install is deprecated setup.py egg_info --egg-base ../build/data_logger build --build-base /home/widha893/ros2_hil_quadrotor/build/data_logger/build install --record /home/widha893/ros2_hil_quadrotor/build/data_logger/install.log --single-version-externally-managed install_data
[1.397s] running egg_info
[1.398s] writing ../build/data_logger/data_logger.egg-info/PKG-INFO
[1.399s] writing dependency_links to ../build/data_logger/data_logger.egg-info/dependency_links.txt
[1.399s] writing entry points to ../build/data_logger/data_logger.egg-info/entry_points.txt
[1.399s] writing requirements to ../build/data_logger/data_logger.egg-info/requires.txt
[1.399s] writing top-level names to ../build/data_logger/data_logger.egg-info/top_level.txt
[1.402s] reading manifest file '../build/data_logger/data_logger.egg-info/SOURCES.txt'
[1.403s] writing manifest file '../build/data_logger/data_logger.egg-info/SOURCES.txt'
[1.403s] running build
[1.404s] running build_py
[1.404s] copying data_logger/sensor_data_logger.py -> /home/widha893/ros2_hil_quadrotor/build/data_logger/build/lib/data_logger
[1.404s] running install
[1.404s] running install_lib
[1.406s] copying /home/widha893/ros2_hil_quadrotor/build/data_logger/build/lib/data_logger/sensor_data_logger.py -> /home/widha893/ros2_hil_quadrotor/install/data_logger/lib/python3.10/site-packages/data_logger
[1.407s] byte-compiling /home/widha893/ros2_hil_quadrotor/install/data_logger/lib/python3.10/site-packages/data_logger/sensor_data_logger.py to sensor_data_logger.cpython-310.pyc
[1.408s] running install_data
[1.408s] running install_egg_info
[1.411s] removing '/home/widha893/ros2_hil_quadrotor/install/data_logger/lib/python3.10/site-packages/data_logger-0.0.0-py3.10.egg-info' (and everything under it)
[1.411s] Copying ../build/data_logger/data_logger.egg-info to /home/widha893/ros2_hil_quadrotor/install/data_logger/lib/python3.10/site-packages/data_logger-0.0.0-py3.10.egg-info
[1.413s] running install_scripts
[1.442s] Installing data_logger script to /home/widha893/ros2_hil_quadrotor/install/data_logger/lib/data_logger
[1.443s] writing list of installed files to '/home/widha893/ros2_hil_quadrotor/build/data_logger/install.log'
[1.491s] Invoked command in '/home/widha893/ros2_hil_quadrotor/data_logger' returned '0': PYTHONPATH=/home/widha893/ros2_hil_quadrotor/build/data_logger/prefix_override:/usr/lib/python3/dist-packages/colcon_core/task/python/colcon_distutils_commands:/home/widha893/ros2_hil_quadrotor/install/data_logger/lib/python3.10/site-packages:${PYTHONPATH} /usr/bin/python3 -W ignore:setup.py install is deprecated setup.py egg_info --egg-base ../build/data_logger build --build-base /home/widha893/ros2_hil_quadrotor/build/data_logger/build install --record /home/widha893/ros2_hil_quadrotor/build/data_logger/install.log --single-version-externally-managed install_data
