[1.122s] Invoking command in '/home/widha893/ros2_hil_quadrotor/build/sjtu_drone_description': CMAKE_PREFIX_PATH=${CMAKE_PREFIX_PATH}:/home/widha893/ros2_hil_quadrotor/install:/home/widha893/ros2_hil_quadrotor/install/sjtu_drone_control:/home/widha893/ros2_hil_quadrotor/install/sjtu_drone_bringup:/home/widha893/ros2_hil_quadrotor/install/sensor_data_logger:/home/widha893/ros2_hil_quadrotor/install/hitl:/opt/ros/humble: /usr/bin/cmake --build /home/widha893/ros2_hil_quadrotor/build/sjtu_drone_description -- -j8 -l8
[1.299s] [35m[1mConsolidate compiler generated dependencies of target plugin_drone[0m
[1.390s] [ 20%] [32mBuilding CXX object CMakeFiles/plugin_drone.dir/src/plugin_drone_private.cpp.o[0m
[13.868s] [01m[K/home/widha893/ros2_hil_quadrotor/sjtu_drone_description/src/plugin_drone_private.cpp:[m[K In member function ‘[01m[Kvoid gazebo_plugins::DroneSimpleControllerPrivate::UpdateDynamics(double)[m[K’:
[13.868s] [01m[K/home/widha893/ros2_hil_quadrotor/sjtu_drone_description/src/plugin_drone_private.cpp:722:14:[m[K [01;35m[Kwarning: [m[Kunused variable ‘[01m[Kpitch_command[m[K’ [[01;35m[K]8;;https://gcc.gnu.org/onlinedocs/gcc/Warning-Options.html#index-Wunused-variable-Wunused-variable]8;;[m[K]
[13.868s]   722 |       double [01;35m[Kpitch_command[m[K = controllers_.velocity_x.update(
[13.868s]       |              [01;35m[K^~~~~~~~~~~~~[m[K
[13.868s] [01m[K/home/widha893/ros2_hil_quadrotor/sjtu_drone_description/src/plugin_drone_private.cpp:725:14:[m[K [01;35m[Kwarning: [m[Kunused variable ‘[01m[Kroll_command[m[K’ [[01;35m[K]8;;https://gcc.gnu.org/onlinedocs/gcc/Warning-Options.html#index-Wunused-variable-Wunused-variable]8;;[m[K]
[13.868s]   725 |       double [01;35m[Kroll_command[m[K = -controllers_.velocity_y.update(
[13.868s]       |              [01;35m[K^~~~~~~~~~~~[m[K
[32.491s] [ 40%] [32m[1mLinking CXX shared library /home/widha893/ros2_hil_quadrotor/sjtu_drone_description/plugins/libplugin_drone.so[0m
[35.062s] [100%] Built target plugin_drone
[35.071s] Invoked command in '/home/widha893/ros2_hil_quadrotor/build/sjtu_drone_description' returned '0': CMAKE_PREFIX_PATH=${CMAKE_PREFIX_PATH}:/home/widha893/ros2_hil_quadrotor/install:/home/widha893/ros2_hil_quadrotor/install/sjtu_drone_control:/home/widha893/ros2_hil_quadrotor/install/sjtu_drone_bringup:/home/widha893/ros2_hil_quadrotor/install/sensor_data_logger:/home/widha893/ros2_hil_quadrotor/install/hitl:/opt/ros/humble: /usr/bin/cmake --build /home/widha893/ros2_hil_quadrotor/build/sjtu_drone_description -- -j8 -l8
[35.125s] Invoking command in '/home/widha893/ros2_hil_quadrotor/build/sjtu_drone_description': CMAKE_PREFIX_PATH=${CMAKE_PREFIX_PATH}:/home/widha893/ros2_hil_quadrotor/install:/home/widha893/ros2_hil_quadrotor/install/sjtu_drone_control:/home/widha893/ros2_hil_quadrotor/install/sjtu_drone_bringup:/home/widha893/ros2_hil_quadrotor/install/sensor_data_logger:/home/widha893/ros2_hil_quadrotor/install/hitl:/opt/ros/humble: /usr/bin/cmake --install /home/widha893/ros2_hil_quadrotor/build/sjtu_drone_description
[35.132s] -- Install configuration: ""
[35.132s] -- Up-to-date: /home/widha893/ros2_hil_quadrotor/install/sjtu_drone_description/include
[35.132s] -- Up-to-date: /home/widha893/ros2_hil_quadrotor/install/sjtu_drone_description/include/sjtu_drone_description
[35.133s] -- Up-to-date: /home/widha893/ros2_hil_quadrotor/install/sjtu_drone_description/include/sjtu_drone_description/pb_decode.h
[35.133s] -- Up-to-date: /home/widha893/ros2_hil_quadrotor/install/sjtu_drone_description/include/sjtu_drone_description/pb_common.c
[35.133s] -- Up-to-date: /home/widha893/ros2_hil_quadrotor/install/sjtu_drone_description/include/sjtu_drone_description/plugin_drone.h
[35.133s] -- Up-to-date: /home/widha893/ros2_hil_quadrotor/install/sjtu_drone_description/include/sjtu_drone_description/pid_controller.h
[35.133s] -- Up-to-date: /home/widha893/ros2_hil_quadrotor/install/sjtu_drone_description/include/sjtu_drone_description/messages.pb.h
[35.133s] -- Up-to-date: /home/widha893/ros2_hil_quadrotor/install/sjtu_drone_description/include/sjtu_drone_description/pb.h
[35.133s] -- Up-to-date: /home/widha893/ros2_hil_quadrotor/install/sjtu_drone_description/include/sjtu_drone_description/messages.pb.c
[35.133s] -- Up-to-date: /home/widha893/ros2_hil_quadrotor/install/sjtu_drone_description/include/sjtu_drone_description/pb_encode.h
[35.133s] -- Up-to-date: /home/widha893/ros2_hil_quadrotor/install/sjtu_drone_description/include/sjtu_drone_description/pb_common.h
[35.133s] -- Up-to-date: /home/widha893/ros2_hil_quadrotor/install/sjtu_drone_description/include/sjtu_drone_description/pb_decode.c
[35.133s] -- Up-to-date: /home/widha893/ros2_hil_quadrotor/install/sjtu_drone_description/include/sjtu_drone_description/plugin_drone_private.h
[35.133s] -- Up-to-date: /home/widha893/ros2_hil_quadrotor/install/sjtu_drone_description/include/sjtu_drone_description/pb_encode.c
[35.134s] -- Installing: /home/widha893/ros2_hil_quadrotor/install/sjtu_drone_description/lib/libplugin_drone.so
[35.162s] -- Set runtime path of "/home/widha893/ros2_hil_quadrotor/install/sjtu_drone_description/lib/libplugin_drone.so" to ""
[35.163s] -- Up-to-date: /home/widha893/ros2_hil_quadrotor/install/sjtu_drone_description/share/sjtu_drone_description/environment/library_path.sh
[35.163s] -- Up-to-date: /home/widha893/ros2_hil_quadrotor/install/sjtu_drone_description/share/sjtu_drone_description/environment/library_path.dsv
[35.163s] -- Up-to-date: /home/widha893/ros2_hil_quadrotor/install/sjtu_drone_description/share/sjtu_drone_description/models
[35.163s] -- Up-to-date: /home/widha893/ros2_hil_quadrotor/install/sjtu_drone_description/share/sjtu_drone_description/models/sjtu_drone
[35.163s] -- Up-to-date: /home/widha893/ros2_hil_quadrotor/install/sjtu_drone_description/share/sjtu_drone_description/models/sjtu_drone/model.config
[35.163s] -- Up-to-date: /home/widha893/ros2_hil_quadrotor/install/sjtu_drone_description/share/sjtu_drone_description/models/sjtu_drone/quadrotor_4.stl
[35.163s] -- Up-to-date: /home/widha893/ros2_hil_quadrotor/install/sjtu_drone_description/share/sjtu_drone_description/models/sjtu_drone/quadrotor_4.dae
[35.163s] -- Up-to-date: /home/widha893/ros2_hil_quadrotor/install/sjtu_drone_description/share/sjtu_drone_description/models/sjtu_drone/sjtu_drone.sdf
[35.163s] -- Up-to-date: /home/widha893/ros2_hil_quadrotor/install/sjtu_drone_description/share/sjtu_drone_description/models/database.config
[35.163s] -- Up-to-date: /home/widha893/ros2_hil_quadrotor/install/sjtu_drone_description/share/sjtu_drone_description/urdf
[35.163s] -- Up-to-date: /home/widha893/ros2_hil_quadrotor/install/sjtu_drone_description/share/sjtu_drone_description/urdf/build
[35.164s] -- Up-to-date: /home/widha893/ros2_hil_quadrotor/install/sjtu_drone_description/share/sjtu_drone_description/urdf/build/COLCON_IGNORE
[35.164s] -- Up-to-date: /home/widha893/ros2_hil_quadrotor/install/sjtu_drone_description/share/sjtu_drone_description/urdf/build/.built_by
[35.164s] -- Up-to-date: /home/widha893/ros2_hil_quadrotor/install/sjtu_drone_description/share/sjtu_drone_description/urdf/install
[35.164s] -- Up-to-date: /home/widha893/ros2_hil_quadrotor/install/sjtu_drone_description/share/sjtu_drone_description/urdf/install/local_setup.zsh
[35.164s] -- Up-to-date: /home/widha893/ros2_hil_quadrotor/install/sjtu_drone_description/share/sjtu_drone_description/urdf/install/setup.bash
[35.164s] -- Up-to-date: /home/widha893/ros2_hil_quadrotor/install/sjtu_drone_description/share/sjtu_drone_description/urdf/install/_local_setup_util_sh.py
[35.164s] -- Up-to-date: /home/widha893/ros2_hil_quadrotor/install/sjtu_drone_description/share/sjtu_drone_description/urdf/install/local_setup.ps1
[35.164s] -- Up-to-date: /home/widha893/ros2_hil_quadrotor/install/sjtu_drone_description/share/sjtu_drone_description/urdf/install/local_setup.sh
[35.164s] -- Up-to-date: /home/widha893/ros2_hil_quadrotor/install/sjtu_drone_description/share/sjtu_drone_description/urdf/install/setup.sh
[35.164s] -- Up-to-date: /home/widha893/ros2_hil_quadrotor/install/sjtu_drone_description/share/sjtu_drone_description/urdf/install/local_setup.bash
[35.164s] -- Up-to-date: /home/widha893/ros2_hil_quadrotor/install/sjtu_drone_description/share/sjtu_drone_description/urdf/install/.colcon_install_layout
[35.164s] -- Up-to-date: /home/widha893/ros2_hil_quadrotor/install/sjtu_drone_description/share/sjtu_drone_description/urdf/install/COLCON_IGNORE
[35.164s] -- Up-to-date: /home/widha893/ros2_hil_quadrotor/install/sjtu_drone_description/share/sjtu_drone_description/urdf/install/_local_setup_util_ps1.py
[35.164s] -- Up-to-date: /home/widha893/ros2_hil_quadrotor/install/sjtu_drone_description/share/sjtu_drone_description/urdf/install/setup.zsh
[35.164s] -- Up-to-date: /home/widha893/ros2_hil_quadrotor/install/sjtu_drone_description/share/sjtu_drone_description/urdf/install/setup.ps1
[35.164s] -- Up-to-date: /home/widha893/ros2_hil_quadrotor/install/sjtu_drone_description/share/sjtu_drone_description/urdf/sjtu_drone.urdf
[35.165s] -- Up-to-date: /home/widha893/ros2_hil_quadrotor/install/sjtu_drone_description/share/sjtu_drone_description/urdf/log
[35.165s] -- Up-to-date: /home/widha893/ros2_hil_quadrotor/install/sjtu_drone_description/share/sjtu_drone_description/urdf/log/COLCON_IGNORE
[35.165s] -- Up-to-date: /home/widha893/ros2_hil_quadrotor/install/sjtu_drone_description/share/sjtu_drone_description/urdf/log/build_2024-11-15_22-20-31
[35.165s] -- Up-to-date: /home/widha893/ros2_hil_quadrotor/install/sjtu_drone_description/share/sjtu_drone_description/urdf/log/build_2024-11-15_22-20-31/logger_all.log
[35.165s] -- Up-to-date: /home/widha893/ros2_hil_quadrotor/install/sjtu_drone_description/share/sjtu_drone_description/urdf/log/build_2024-11-15_22-20-31/events.log
[35.165s] -- Up-to-date: /home/widha893/ros2_hil_quadrotor/install/sjtu_drone_description/share/sjtu_drone_description/urdf/log/latest_build
[35.165s] -- Up-to-date: /home/widha893/ros2_hil_quadrotor/install/sjtu_drone_description/share/sjtu_drone_description/urdf/log/latest
[35.165s] -- Up-to-date: /home/widha893/ros2_hil_quadrotor/install/sjtu_drone_description/share/sjtu_drone_description/urdf/sjtu_drone.urdf.xacro
[35.165s] -- Up-to-date: /home/widha893/ros2_hil_quadrotor/install/sjtu_drone_description/share/sjtu_drone_description/worlds
[35.165s] -- Up-to-date: /home/widha893/ros2_hil_quadrotor/install/sjtu_drone_description/share/sjtu_drone_description/worlds/empty.world
[35.165s] -- Up-to-date: /home/widha893/ros2_hil_quadrotor/install/sjtu_drone_description/share/sjtu_drone_description/worlds/playground.world
[35.165s] -- Up-to-date: /home/widha893/ros2_hil_quadrotor/install/sjtu_drone_description/share/ament_index/resource_index/package_run_dependencies/sjtu_drone_description
[35.165s] -- Up-to-date: /home/widha893/ros2_hil_quadrotor/install/sjtu_drone_description/share/ament_index/resource_index/parent_prefix_path/sjtu_drone_description
[35.165s] -- Up-to-date: /home/widha893/ros2_hil_quadrotor/install/sjtu_drone_description/share/sjtu_drone_description/environment/ament_prefix_path.sh
[35.165s] -- Up-to-date: /home/widha893/ros2_hil_quadrotor/install/sjtu_drone_description/share/sjtu_drone_description/environment/ament_prefix_path.dsv
[35.165s] -- Up-to-date: /home/widha893/ros2_hil_quadrotor/install/sjtu_drone_description/share/sjtu_drone_description/environment/path.sh
[35.166s] -- Up-to-date: /home/widha893/ros2_hil_quadrotor/install/sjtu_drone_description/share/sjtu_drone_description/environment/path.dsv
[35.166s] -- Up-to-date: /home/widha893/ros2_hil_quadrotor/install/sjtu_drone_description/share/sjtu_drone_description/local_setup.bash
[35.166s] -- Up-to-date: /home/widha893/ros2_hil_quadrotor/install/sjtu_drone_description/share/sjtu_drone_description/local_setup.sh
[35.166s] -- Up-to-date: /home/widha893/ros2_hil_quadrotor/install/sjtu_drone_description/share/sjtu_drone_description/local_setup.zsh
[35.166s] -- Up-to-date: /home/widha893/ros2_hil_quadrotor/install/sjtu_drone_description/share/sjtu_drone_description/local_setup.dsv
[35.166s] -- Installing: /home/widha893/ros2_hil_quadrotor/install/sjtu_drone_description/share/sjtu_drone_description/package.dsv
[35.166s] -- Up-to-date: /home/widha893/ros2_hil_quadrotor/install/sjtu_drone_description/share/ament_index/resource_index/packages/sjtu_drone_description
[35.166s] -- Up-to-date: /home/widha893/ros2_hil_quadrotor/install/sjtu_drone_description/share/sjtu_drone_description/cmake/export_sjtu_drone_descriptionExport.cmake
[35.166s] -- Up-to-date: /home/widha893/ros2_hil_quadrotor/install/sjtu_drone_description/share/sjtu_drone_description/cmake/export_sjtu_drone_descriptionExport-noconfig.cmake
[35.166s] -- Up-to-date: /home/widha893/ros2_hil_quadrotor/install/sjtu_drone_description/share/sjtu_drone_description/cmake/ament_cmake_export_include_directories-extras.cmake
[35.167s] -- Up-to-date: /home/widha893/ros2_hil_quadrotor/install/sjtu_drone_description/share/sjtu_drone_description/cmake/ament_cmake_export_libraries-extras.cmake
[35.167s] -- Up-to-date: /home/widha893/ros2_hil_quadrotor/install/sjtu_drone_description/share/sjtu_drone_description/cmake/ament_cmake_export_targets-extras.cmake
[35.167s] -- Up-to-date: /home/widha893/ros2_hil_quadrotor/install/sjtu_drone_description/share/sjtu_drone_description/cmake/sjtu_drone_descriptionConfig.cmake
[35.167s] -- Up-to-date: /home/widha893/ros2_hil_quadrotor/install/sjtu_drone_description/share/sjtu_drone_description/cmake/sjtu_drone_descriptionConfig-version.cmake
[35.167s] -- Up-to-date: /home/widha893/ros2_hil_quadrotor/install/sjtu_drone_description/share/sjtu_drone_description/package.xml
[35.167s] Invoked command in '/home/widha893/ros2_hil_quadrotor/build/sjtu_drone_description' returned '0': CMAKE_PREFIX_PATH=${CMAKE_PREFIX_PATH}:/home/widha893/ros2_hil_quadrotor/install:/home/widha893/ros2_hil_quadrotor/install/sjtu_drone_control:/home/widha893/ros2_hil_quadrotor/install/sjtu_drone_bringup:/home/widha893/ros2_hil_quadrotor/install/sensor_data_logger:/home/widha893/ros2_hil_quadrotor/install/hitl:/opt/ros/humble: /usr/bin/cmake --install /home/widha893/ros2_hil_quadrotor/build/sjtu_drone_description
