[1.620s] Invoking command in '/home/widha893/ros2_hil_quadrotor/build/sjtu_drone_control': PYTHONPATH=/home/widha893/ros2_hil_quadrotor/build/sjtu_drone_control/prefix_override:/usr/lib/python3/dist-packages/colcon_core/task/python/colcon_distutils_commands:/home/widha893/ros2_hil_quadrotor/install/sjtu_drone_control/lib/python3.10/site-packages:${PYTHONPATH} /usr/bin/python3 -W ignore:setup.py install is deprecated setup.py develop --editable --build-directory /home/widha893/ros2_hil_quadrotor/build/sjtu_drone_control/build --no-deps symlink_data
[1.866s] running develop
[1.875s] /usr/lib/python3/dist-packages/setuptools/command/easy_install.py:158: EasyInstallDeprecationWarning: easy_install command is deprecated. Use build and pip and other standards-based tools.
[1.875s]   warnings.warn(
[2.074s] running egg_info
[2.074s] writing sjtu_drone_control.egg-info/PKG-INFO
[2.074s] writing dependency_links to sjtu_drone_control.egg-info/dependency_links.txt
[2.075s] writing entry points to sjtu_drone_control.egg-info/entry_points.txt
[2.075s] writing requirements to sjtu_drone_control.egg-info/requires.txt
[2.075s] writing top-level names to sjtu_drone_control.egg-info/top_level.txt
[2.080s] reading manifest file 'sjtu_drone_control.egg-info/SOURCES.txt'
[2.090s] writing manifest file 'sjtu_drone_control.egg-info/SOURCES.txt'
[2.091s] running build_ext
[2.091s] Creating /home/widha893/ros2_hil_quadrotor/install/sjtu_drone_control/lib/python3.10/site-packages/sjtu-drone-control.egg-link (link to .)
[2.092s] Installing drone_position_control script to /home/widha893/ros2_hil_quadrotor/install/sjtu_drone_control/lib/sjtu_drone_control
[2.092s] Installing open_loop_control script to /home/widha893/ros2_hil_quadrotor/install/sjtu_drone_control/lib/sjtu_drone_control
[2.092s] Installing teleop script to /home/widha893/ros2_hil_quadrotor/install/sjtu_drone_control/lib/sjtu_drone_control
[2.092s] Installing teleop_joystick script to /home/widha893/ros2_hil_quadrotor/install/sjtu_drone_control/lib/sjtu_drone_control
[2.093s] 
[2.093s] Installed /home/widha893/ros2_hil_quadrotor/build/sjtu_drone_control
[2.093s] running symlink_data
[2.165s] Invoked command in '/home/widha893/ros2_hil_quadrotor/build/sjtu_drone_control' returned '0': PYTHONPATH=/home/widha893/ros2_hil_quadrotor/build/sjtu_drone_control/prefix_override:/usr/lib/python3/dist-packages/colcon_core/task/python/colcon_distutils_commands:/home/widha893/ros2_hil_quadrotor/install/sjtu_drone_control/lib/python3.10/site-packages:${PYTHONPATH} /usr/bin/python3 -W ignore:setup.py install is deprecated setup.py develop --editable --build-directory /home/widha893/ros2_hil_quadrotor/build/sjtu_drone_control/build --no-deps symlink_data
