[35m[1mConsolidate compiler generated dependencies of target plugin_drone[0m
[ 25%] [32m[1mLinking CXX shared library /home/widha893/ros2_hil_quadrotor/sjtu_drone_description/plugins/libplugin_drone.so[0m
[100%] Built target plugin_drone
-- Install configuration: ""
-- Execute custom install script
-- Symlinking: /home/widha893/ros2_hil_quadrotor/install/sjtu_drone_description/include/sjtu_drone_description/pid_controller.h
-- Symlinking: /home/widha893/ros2_hil_quadrotor/install/sjtu_drone_description/include/sjtu_drone_description/plugin_drone.h
-- Symlinking: /home/widha893/ros2_hil_quadrotor/install/sjtu_drone_description/include/sjtu_drone_description/plugin_drone_private.h
-- Symlinking: /home/widha893/ros2_hil_quadrotor/install/sjtu_drone_description/share/sjtu_drone_description/environment/library_path.sh
-- Symlinking: /home/widha893/ros2_hil_quadrotor/install/sjtu_drone_description/share/sjtu_drone_description/environment/library_path.dsv
-- Symlinking: /home/widha893/ros2_hil_quadrotor/install/sjtu_drone_description/share/sjtu_drone_description/models/database.config
-- Symlinking: /home/widha893/ros2_hil_quadrotor/install/sjtu_drone_description/share/sjtu_drone_description/models/sjtu_drone/model.config
-- Symlinking: /home/widha893/ros2_hil_quadrotor/install/sjtu_drone_description/share/sjtu_drone_description/models/sjtu_drone/quadrotor_4.dae
-- Symlinking: /home/widha893/ros2_hil_quadrotor/install/sjtu_drone_description/share/sjtu_drone_description/models/sjtu_drone/quadrotor_4.stl
-- Symlinking: /home/widha893/ros2_hil_quadrotor/install/sjtu_drone_description/share/sjtu_drone_description/models/sjtu_drone/sjtu_drone.sdf
-- Symlinking: /home/widha893/ros2_hil_quadrotor/install/sjtu_drone_description/share/sjtu_drone_description/urdf/sjtu_drone.urdf
-- Symlinking: /home/widha893/ros2_hil_quadrotor/install/sjtu_drone_description/share/sjtu_drone_description/urdf/sjtu_drone.urdf.xacro
-- Symlinking: /home/widha893/ros2_hil_quadrotor/install/sjtu_drone_description/share/sjtu_drone_description/worlds/playground.world
-- Symlinking: /home/widha893/ros2_hil_quadrotor/install/sjtu_drone_description/share/ament_index/resource_index/package_run_dependencies/sjtu_drone_description
-- Symlinking: /home/widha893/ros2_hil_quadrotor/install/sjtu_drone_description/share/ament_index/resource_index/parent_prefix_path/sjtu_drone_description
-- Symlinking: /home/widha893/ros2_hil_quadrotor/install/sjtu_drone_description/share/sjtu_drone_description/environment/ament_prefix_path.sh
-- Symlinking: /home/widha893/ros2_hil_quadrotor/install/sjtu_drone_description/share/sjtu_drone_description/environment/ament_prefix_path.dsv
-- Symlinking: /home/widha893/ros2_hil_quadrotor/install/sjtu_drone_description/share/sjtu_drone_description/environment/path.sh
-- Symlinking: /home/widha893/ros2_hil_quadrotor/install/sjtu_drone_description/share/sjtu_drone_description/environment/path.dsv
-- Symlinking: /home/widha893/ros2_hil_quadrotor/install/sjtu_drone_description/share/sjtu_drone_description/local_setup.bash
-- Symlinking: /home/widha893/ros2_hil_quadrotor/install/sjtu_drone_description/share/sjtu_drone_description/local_setup.sh
-- Symlinking: /home/widha893/ros2_hil_quadrotor/install/sjtu_drone_description/share/sjtu_drone_description/local_setup.zsh
-- Symlinking: /home/widha893/ros2_hil_quadrotor/install/sjtu_drone_description/share/sjtu_drone_description/local_setup.dsv
-- Symlinking: /home/widha893/ros2_hil_quadrotor/install/sjtu_drone_description/share/sjtu_drone_description/package.dsv
-- Symlinking: /home/widha893/ros2_hil_quadrotor/install/sjtu_drone_description/share/ament_index/resource_index/packages/sjtu_drone_description
-- Symlinking: /home/widha893/ros2_hil_quadrotor/install/sjtu_drone_description/share/sjtu_drone_description/cmake/ament_cmake_export_include_directories-extras.cmake
-- Symlinking: /home/widha893/ros2_hil_quadrotor/install/sjtu_drone_description/share/sjtu_drone_description/cmake/ament_cmake_export_libraries-extras.cmake
-- Symlinking: /home/widha893/ros2_hil_quadrotor/install/sjtu_drone_description/share/sjtu_drone_description/cmake/ament_cmake_export_targets-extras.cmake
-- Symlinking: /home/widha893/ros2_hil_quadrotor/install/sjtu_drone_description/share/sjtu_drone_description/cmake/sjtu_drone_descriptionConfig.cmake
-- Symlinking: /home/widha893/ros2_hil_quadrotor/install/sjtu_drone_description/share/sjtu_drone_description/cmake/sjtu_drone_descriptionConfig-version.cmake
-- Symlinking: /home/widha893/ros2_hil_quadrotor/install/sjtu_drone_description/share/sjtu_drone_description/package.xml
-- Installing: /home/widha893/ros2_hil_quadrotor/install/sjtu_drone_description/lib/libplugin_drone.so
-- Set runtime path of "/home/widha893/ros2_hil_quadrotor/install/sjtu_drone_description/lib/libplugin_drone.so" to ""
-- Installing: /home/widha893/ros2_hil_quadrotor/install/sjtu_drone_description/share/sjtu_drone_description/cmake/export_sjtu_drone_descriptionExport.cmake
-- Installing: /home/widha893/ros2_hil_quadrotor/install/sjtu_drone_description/share/sjtu_drone_description/cmake/export_sjtu_drone_descriptionExport-noconfig.cmake
