[0.285s] Invoking command in '/home/widha893/ros2_hil_quadrotor/build/sjtu_drone_description': CMAKE_PREFIX_PATH=${CMAKE_PREFIX_PATH}:/home/widha893/ros2_hil_quadrotor/install/sjtu_drone_control:/home/widha893/ros2_hil_quadrotor/install/sjtu_drone_bringup:/opt/ros/humble /usr/bin/cmake /home/widha893/ros2_hil_quadrotor/sjtu_drone_description -DCMAKE_INSTALL_PREFIX=/home/widha893/ros2_hil_quadrotor/install/sjtu_drone_description
[0.668s] -- Found ament_cmake: 1.3.10 (/opt/ros/humble/share/ament_cmake/cmake)
[0.786s] -- Override CMake install command with custom implementation using symlinks instead of copying resources
[0.793s] -- Found ament_cmake_ros: 0.10.0 (/opt/ros/humble/share/ament_cmake_ros/cmake)
[0.795s] -- Found rclcpp: 16.0.10 (/opt/ros/humble/share/rclcpp/cmake)
[0.823s] -- Found rosidl_generator_c: 3.1.5 (/opt/ros/humble/share/rosidl_generator_c/cmake)
[0.825s] -- Found rosidl_adapter: 3.1.5 (/opt/ros/humble/share/rosidl_adapter/cmake)
[0.832s] -- Found rosidl_generator_cpp: 3.1.5 (/opt/ros/humble/share/rosidl_generator_cpp/cmake)
[0.843s] -- Using all available rosidl_typesupport_c: rosidl_typesupport_fastrtps_c;rosidl_typesupport_introspection_c
[0.859s] -- Using all available rosidl_typesupport_cpp: rosidl_typesupport_fastrtps_cpp;rosidl_typesupport_introspection_cpp
[0.889s] -- Found rmw_implementation_cmake: 6.1.2 (/opt/ros/humble/share/rmw_implementation_cmake/cmake)
[0.891s] -- Found rmw_fastrtps_cpp: 6.2.7 (/opt/ros/humble/share/rmw_fastrtps_cpp/cmake)
[0.978s] -- Using RMW implementation 'rmw_fastrtps_cpp' as default
[1.024s] -- Found gazebo_ros: 3.7.0 (/opt/ros/humble/share/gazebo_ros/cmake)
[1.056s] -- Found DART: /usr/include (Required is at least version "6.6") found components: dart 
[1.124s] -- Found Protobuf: /usr/lib/x86_64-linux-gnu/libprotobuf.so (found version "3.12.4") 
[1.125s] -- Looking for ignition-math6 -- found version 6.15.1
[1.129s] -- Searching for dependencies of ignition-math6
[1.130s] -- Looking for OGRE...
[1.136s] -- Found Ogre Ghadamon (1.9.0)
[1.146s] -- Looking for OGRE_Paging...
[1.146s] -- Found OGRE_Paging: optimized;/usr/lib/x86_64-linux-gnu/libOgrePaging.so;debug;/usr/lib/x86_64-linux-gnu/libOgrePaging.so
[1.146s] -- Looking for OGRE_Terrain...
[1.146s] -- Found OGRE_Terrain: optimized;/usr/lib/x86_64-linux-gnu/libOgreTerrain.so;debug;/usr/lib/x86_64-linux-gnu/libOgreTerrain.so
[1.146s] -- Looking for OGRE_Property...
[1.146s] -- Found OGRE_Property: optimized;/usr/lib/x86_64-linux-gnu/libOgreProperty.so;debug;/usr/lib/x86_64-linux-gnu/libOgreProperty.so
[1.146s] -- Looking for OGRE_RTShaderSystem...
[1.146s] -- Found OGRE_RTShaderSystem: optimized;/usr/lib/x86_64-linux-gnu/libOgreRTShaderSystem.so;debug;/usr/lib/x86_64-linux-gnu/libOgreRTShaderSystem.so
[1.146s] -- Looking for OGRE_Volume...
[1.147s] -- Found OGRE_Volume: optimized;/usr/lib/x86_64-linux-gnu/libOgreVolume.so;debug;/usr/lib/x86_64-linux-gnu/libOgreVolume.so
[1.147s] -- Looking for OGRE_Overlay...
[1.147s] -- Found OGRE_Overlay: optimized;/usr/lib/x86_64-linux-gnu/libOgreOverlay.so;debug;/usr/lib/x86_64-linux-gnu/libOgreOverlay.so
[1.239s] -- Looking for ignition-math6 -- found version 6.15.1
[1.239s] -- Looking for ignition-transport8 -- found version 8.2.1
[1.240s] -- Searching for dependencies of ignition-transport8
[1.256s] -- Found Protobuf: /usr/lib/x86_64-linux-gnu/libprotobuf.so (found suitable version "3.12.4", minimum required is "3") 
[1.265s] -- Config-file not installed for ZeroMQ -- checking for pkg-config
[1.271s] -- Checking for module 'libzmq >= 4'
[1.288s] --   Found libzmq , version 4.3.4
[1.339s] -- Checking for module 'uuid'
[1.351s] --   Found uuid, version 2.37.2
[1.383s] -- Looking for ignition-msgs5 -- found version 5.8.1
[1.383s] -- Searching for dependencies of ignition-msgs5
[1.399s] -- Looking for ignition-math6 -- found version 6.15.1
[1.405s] -- Checking for module 'tinyxml2'
[1.420s] --   Found tinyxml2, version 9.0.0
[1.455s] -- Looking for ignition-msgs5 -- found version 5.8.1
[1.456s] -- Looking for ignition-common3 -- found version 3.14.0
[1.456s] -- Searching for dependencies of ignition-common3
[1.456s] -- Looking for dlfcn.h - found
[1.456s] -- Looking for libdl - found
[1.467s] -- Searching for <ignition-common3> component [graphics]
[1.467s] -- Looking for ignition-common3-graphics -- found version 3.14.0
[1.468s] -- Searching for dependencies of ignition-common3-graphics
[1.468s] -- Looking for ignition-math6 -- found version 6.15.1
[1.469s] -- Looking for ignition-fuel_tools4 -- found version 4.4.0
[1.469s] -- Searching for dependencies of ignition-fuel_tools4
[1.503s] -- Checking for module 'jsoncpp'
[1.516s] --   Found jsoncpp, version 1.9.5
[1.558s] -- Checking for module 'libzip'
[1.574s] --   Found libzip, version 1.7.3
[1.613s] -- Looking for ignition-common3 -- found version 3.14.0
[1.614s] -- Looking for ignition-math6 -- found version 6.15.1
[1.614s] -- Looking for ignition-msgs5 -- found version 5.8.1
[1.616s] -- Gazebo version: 11.10
[1.618s] -- Found gazebo_plugins: 3.7.0 (/opt/ros/humble/share/gazebo_plugins/cmake)
[1.676s] -- Found sensor_msgs: 4.2.4 (/opt/ros/humble/share/sensor_msgs/cmake)
[1.690s] -- Found nav_msgs: 4.2.4 (/opt/ros/humble/share/nav_msgs/cmake)
[1.705s] -- Found tf2: 0.25.8 (/opt/ros/humble/share/tf2/cmake)
[1.709s] -- Found tf2_ros: 0.25.8 (/opt/ros/humble/share/tf2_ros/cmake)
[1.777s] -- Found tf2_geometry_msgs: 0.25.8 (/opt/ros/humble/share/tf2_geometry_msgs/cmake)
[1.779s] -- Found eigen3_cmake_module: 0.1.1 (/opt/ros/humble/share/eigen3_cmake_module/cmake)
[1.780s] -- Ensuring Eigen3 include directory is part of orocos-kdl CMake target
[1.792s] -- Found ament_lint_auto: 0.12.11 (/opt/ros/humble/share/ament_lint_auto/cmake)
[1.876s] -- Added test 'cppcheck' to perform static code analysis on C / C++ code
[1.878s] -- Configured cppcheck include dirs: /home/widha893/ros2_hil_quadrotor/sjtu_drone_description/include;$<BUILD_INTERFACE:/home/widha893/ros2_hil_quadrotor/sjtu_drone_description/include>
[1.878s] -- Configured cppcheck exclude dirs and/or files: 
[1.879s] -- Added test 'lint_cmake' to check CMake code style
[1.881s] -- Added test 'uncrustify' to check C / C++ code style
[1.882s] -- Configured uncrustify additional arguments: 
[1.882s] -- Added test 'xmllint' to check XML markup files
[1.886s] -- Configuring done
[2.519s] -- Generating done
[2.524s] -- Build files have been written to: /home/widha893/ros2_hil_quadrotor/build/sjtu_drone_description
[2.539s] Invoked command in '/home/widha893/ros2_hil_quadrotor/build/sjtu_drone_description' returned '0': CMAKE_PREFIX_PATH=${CMAKE_PREFIX_PATH}:/home/widha893/ros2_hil_quadrotor/install/sjtu_drone_control:/home/widha893/ros2_hil_quadrotor/install/sjtu_drone_bringup:/opt/ros/humble /usr/bin/cmake /home/widha893/ros2_hil_quadrotor/sjtu_drone_description -DCMAKE_INSTALL_PREFIX=/home/widha893/ros2_hil_quadrotor/install/sjtu_drone_description
[2.541s] Invoking command in '/home/widha893/ros2_hil_quadrotor/build/sjtu_drone_description': CMAKE_PREFIX_PATH=${CMAKE_PREFIX_PATH}:/home/widha893/ros2_hil_quadrotor/install/sjtu_drone_control:/home/widha893/ros2_hil_quadrotor/install/sjtu_drone_bringup:/opt/ros/humble /usr/bin/cmake --build /home/widha893/ros2_hil_quadrotor/build/sjtu_drone_description -- -j8 -l8
[2.606s] [35m[1mConsolidate compiler generated dependencies of target plugin_drone[0m
[2.661s] [100%] Built target plugin_drone
[2.671s] Invoked command in '/home/widha893/ros2_hil_quadrotor/build/sjtu_drone_description' returned '0': CMAKE_PREFIX_PATH=${CMAKE_PREFIX_PATH}:/home/widha893/ros2_hil_quadrotor/install/sjtu_drone_control:/home/widha893/ros2_hil_quadrotor/install/sjtu_drone_bringup:/opt/ros/humble /usr/bin/cmake --build /home/widha893/ros2_hil_quadrotor/build/sjtu_drone_description -- -j8 -l8
[2.714s] Invoking command in '/home/widha893/ros2_hil_quadrotor/build/sjtu_drone_description': CMAKE_PREFIX_PATH=${CMAKE_PREFIX_PATH}:/home/widha893/ros2_hil_quadrotor/install/sjtu_drone_control:/home/widha893/ros2_hil_quadrotor/install/sjtu_drone_bringup:/opt/ros/humble /usr/bin/cmake --install /home/widha893/ros2_hil_quadrotor/build/sjtu_drone_description
[2.720s] -- Install configuration: ""
[2.721s] -- Execute custom install script
[2.722s] -- Up-to-date symlink: /home/widha893/ros2_hil_quadrotor/install/sjtu_drone_description/include/sjtu_drone_description/pid_controller.h
[2.722s] -- Up-to-date symlink: /home/widha893/ros2_hil_quadrotor/install/sjtu_drone_description/include/sjtu_drone_description/plugin_drone.h
[2.722s] -- Up-to-date symlink: /home/widha893/ros2_hil_quadrotor/install/sjtu_drone_description/include/sjtu_drone_description/plugin_drone_private.h
[2.722s] -- Up-to-date symlink: /home/widha893/ros2_hil_quadrotor/install/sjtu_drone_description/share/sjtu_drone_description/environment/library_path.sh
[2.722s] -- Up-to-date symlink: /home/widha893/ros2_hil_quadrotor/install/sjtu_drone_description/share/sjtu_drone_description/environment/library_path.dsv
[2.724s] -- Up-to-date symlink: /home/widha893/ros2_hil_quadrotor/install/sjtu_drone_description/share/sjtu_drone_description/models/database.config
[2.724s] -- Up-to-date symlink: /home/widha893/ros2_hil_quadrotor/install/sjtu_drone_description/share/sjtu_drone_description/models/sjtu_drone/model.config
[2.724s] -- Up-to-date symlink: /home/widha893/ros2_hil_quadrotor/install/sjtu_drone_description/share/sjtu_drone_description/models/sjtu_drone/quadrotor_4.dae
[2.724s] -- Up-to-date symlink: /home/widha893/ros2_hil_quadrotor/install/sjtu_drone_description/share/sjtu_drone_description/models/sjtu_drone/quadrotor_4.stl
[2.724s] -- Up-to-date symlink: /home/widha893/ros2_hil_quadrotor/install/sjtu_drone_description/share/sjtu_drone_description/models/sjtu_drone/sjtu_drone.sdf
[2.724s] -- Up-to-date symlink: /home/widha893/ros2_hil_quadrotor/install/sjtu_drone_description/share/sjtu_drone_description/urdf/sjtu_drone.urdf
[2.724s] -- Up-to-date symlink: /home/widha893/ros2_hil_quadrotor/install/sjtu_drone_description/share/sjtu_drone_description/urdf/sjtu_drone.urdf.xacro
[2.725s] -- Symlinking: /home/widha893/ros2_hil_quadrotor/install/sjtu_drone_description/share/sjtu_drone_description/worlds/empty.world
[2.736s] -- Up-to-date symlink: /home/widha893/ros2_hil_quadrotor/install/sjtu_drone_description/share/sjtu_drone_description/worlds/playground.world
[2.736s] -- Up-to-date symlink: /home/widha893/ros2_hil_quadrotor/install/sjtu_drone_description/share/ament_index/resource_index/package_run_dependencies/sjtu_drone_description
[2.737s] -- Up-to-date symlink: /home/widha893/ros2_hil_quadrotor/install/sjtu_drone_description/share/ament_index/resource_index/parent_prefix_path/sjtu_drone_description
[2.737s] -- Up-to-date symlink: /home/widha893/ros2_hil_quadrotor/install/sjtu_drone_description/share/sjtu_drone_description/environment/ament_prefix_path.sh
[2.737s] -- Up-to-date symlink: /home/widha893/ros2_hil_quadrotor/install/sjtu_drone_description/share/sjtu_drone_description/environment/ament_prefix_path.dsv
[2.737s] -- Up-to-date symlink: /home/widha893/ros2_hil_quadrotor/install/sjtu_drone_description/share/sjtu_drone_description/environment/path.sh
[2.738s] -- Up-to-date symlink: /home/widha893/ros2_hil_quadrotor/install/sjtu_drone_description/share/sjtu_drone_description/environment/path.dsv
[2.738s] -- Up-to-date symlink: /home/widha893/ros2_hil_quadrotor/install/sjtu_drone_description/share/sjtu_drone_description/local_setup.bash
[2.738s] -- Up-to-date symlink: /home/widha893/ros2_hil_quadrotor/install/sjtu_drone_description/share/sjtu_drone_description/local_setup.sh
[2.738s] -- Up-to-date symlink: /home/widha893/ros2_hil_quadrotor/install/sjtu_drone_description/share/sjtu_drone_description/local_setup.zsh
[2.738s] -- Up-to-date symlink: /home/widha893/ros2_hil_quadrotor/install/sjtu_drone_description/share/sjtu_drone_description/local_setup.dsv
[2.738s] -- Symlinking: /home/widha893/ros2_hil_quadrotor/install/sjtu_drone_description/share/sjtu_drone_description/package.dsv
[2.749s] -- Up-to-date symlink: /home/widha893/ros2_hil_quadrotor/install/sjtu_drone_description/share/ament_index/resource_index/packages/sjtu_drone_description
[2.749s] -- Up-to-date symlink: /home/widha893/ros2_hil_quadrotor/install/sjtu_drone_description/share/sjtu_drone_description/cmake/ament_cmake_export_include_directories-extras.cmake
[2.749s] -- Up-to-date symlink: /home/widha893/ros2_hil_quadrotor/install/sjtu_drone_description/share/sjtu_drone_description/cmake/ament_cmake_export_libraries-extras.cmake
[2.749s] -- Up-to-date symlink: /home/widha893/ros2_hil_quadrotor/install/sjtu_drone_description/share/sjtu_drone_description/cmake/ament_cmake_export_targets-extras.cmake
[2.749s] -- Up-to-date symlink: /home/widha893/ros2_hil_quadrotor/install/sjtu_drone_description/share/sjtu_drone_description/cmake/sjtu_drone_descriptionConfig.cmake
[2.749s] -- Up-to-date symlink: /home/widha893/ros2_hil_quadrotor/install/sjtu_drone_description/share/sjtu_drone_description/cmake/sjtu_drone_descriptionConfig-version.cmake
[2.750s] -- Up-to-date symlink: /home/widha893/ros2_hil_quadrotor/install/sjtu_drone_description/share/sjtu_drone_description/package.xml
[2.750s] -- Up-to-date: /home/widha893/ros2_hil_quadrotor/install/sjtu_drone_description/lib/libplugin_drone.so
[2.750s] -- Up-to-date: /home/widha893/ros2_hil_quadrotor/install/sjtu_drone_description/share/sjtu_drone_description/cmake/export_sjtu_drone_descriptionExport.cmake
[2.750s] -- Up-to-date: /home/widha893/ros2_hil_quadrotor/install/sjtu_drone_description/share/sjtu_drone_description/cmake/export_sjtu_drone_descriptionExport-noconfig.cmake
[2.754s] Invoked command in '/home/widha893/ros2_hil_quadrotor/build/sjtu_drone_description' returned '0': CMAKE_PREFIX_PATH=${CMAKE_PREFIX_PATH}:/home/widha893/ros2_hil_quadrotor/install/sjtu_drone_control:/home/widha893/ros2_hil_quadrotor/install/sjtu_drone_bringup:/opt/ros/humble /usr/bin/cmake --install /home/widha893/ros2_hil_quadrotor/build/sjtu_drone_description
