[1.794s] Invoking command in '/home/widha893/ros2_hil_quadrotor/hitl': PYTHONPATH=/home/widha893/ros2_hil_quadrotor/build/hitl/prefix_override:/usr/lib/python3/dist-packages/colcon_core/task/python/colcon_distutils_commands:/home/widha893/ros2_hil_quadrotor/install/hitl/lib/python3.10/site-packages:${PYTHONPATH} /usr/bin/python3 -W ignore:setup.py install is deprecated setup.py egg_info --egg-base ../build/hitl build --build-base /home/widha893/ros2_hil_quadrotor/build/hitl/build install --record /home/widha893/ros2_hil_quadrotor/build/hitl/install.log --single-version-externally-managed install_data
[2.101s] running egg_info
[2.102s] writing ../build/hitl/hitl.egg-info/PKG-INFO
[2.102s] writing dependency_links to ../build/hitl/hitl.egg-info/dependency_links.txt
[2.102s] writing entry points to ../build/hitl/hitl.egg-info/entry_points.txt
[2.102s] writing requirements to ../build/hitl/hitl.egg-info/requires.txt
[2.103s] writing top-level names to ../build/hitl/hitl.egg-info/top_level.txt
[2.104s] reading manifest file '../build/hitl/hitl.egg-info/SOURCES.txt'
[2.105s] writing manifest file '../build/hitl/hitl.egg-info/SOURCES.txt'
[2.106s] running build
[2.106s] running build_py
[2.106s] running install
[2.107s] running install_lib
[2.108s] running install_data
[2.108s] running install_egg_info
[2.110s] removing '/home/widha893/ros2_hil_quadrotor/install/hitl/lib/python3.10/site-packages/hitl-0.0.0-py3.10.egg-info' (and everything under it)
[2.111s] Copying ../build/hitl/hitl.egg-info to /home/widha893/ros2_hil_quadrotor/install/hitl/lib/python3.10/site-packages/hitl-0.0.0-py3.10.egg-info
[2.112s] running install_scripts
[2.135s] Installing communication script to /home/widha893/ros2_hil_quadrotor/install/hitl/lib/hitl
[2.135s] writing list of installed files to '/home/widha893/ros2_hil_quadrotor/build/hitl/install.log'
[2.180s] Invoked command in '/home/widha893/ros2_hil_quadrotor/hitl' returned '0': PYTHONPATH=/home/widha893/ros2_hil_quadrotor/build/hitl/prefix_override:/usr/lib/python3/dist-packages/colcon_core/task/python/colcon_distutils_commands:/home/widha893/ros2_hil_quadrotor/install/hitl/lib/python3.10/site-packages:${PYTHONPATH} /usr/bin/python3 -W ignore:setup.py install is deprecated setup.py egg_info --egg-base ../build/hitl build --build-base /home/widha893/ros2_hil_quadrotor/build/hitl/build install --record /home/widha893/ros2_hil_quadrotor/build/hitl/install.log --single-version-externally-managed install_data
