[2.973s] DEBUG:colcon:Command line arguments: ['/usr/bin/colcon', 'build']
[2.974s] DEBUG:colcon:Parsed command line arguments: Namespace(log_base=None, log_level=None, verb_name='build', build_base='build', install_base='install', merge_install=False, symlink_install=False, test_result_base=None, continue_on_error=False, executor='parallel', parallel_workers=8, event_handlers=None, ignore_user_meta=False, metas=['./colcon.meta'], base_paths=['.'], packages_ignore=None, packages_ignore_regex=None, paths=None, packages_up_to=None, packages_up_to_regex=None, packages_above=None, packages_above_and_dependencies=None, packages_above_depth=None, packages_select_by_dep=None, packages_skip_by_dep=None, packages_skip_up_to=None, packages_select_build_failed=False, packages_skip_build_finished=False, packages_select_test_failures=False, packages_skip_test_passed=False, packages_select=None, packages_skip=None, packages_select_regex=None, packages_skip_regex=None, packages_start=None, packages_end=None, allow_overriding=[], cmake_args=None, cmake_target=None, cmake_target_skip_unavailable=False, cmake_clean_cache=False, cmake_clean_first=False, cmake_force_configure=False, ament_cmake_args=None, catkin_cmake_args=None, catkin_skip_building_tests=False, verb_parser=<colcon_defaults.argument_parser.defaults.DefaultArgumentsDecorator object at 0x788a9d040ca0>, verb_extension=<colcon_core.verb.build.BuildVerb object at 0x788a9d1357e0>, main=<bound method BuildVerb.main of <colcon_core.verb.build.BuildVerb object at 0x788a9d1357e0>>)
[5.024s] Level 1:colcon.colcon_core.package_discovery:discover_packages(colcon_meta) check parameters
[5.024s] Level 1:colcon.colcon_core.package_discovery:discover_packages(recursive) check parameters
[5.024s] Level 1:colcon.colcon_core.package_discovery:discover_packages(ignore) check parameters
[5.024s] Level 1:colcon.colcon_core.package_discovery:discover_packages(path) check parameters
[5.024s] Level 1:colcon.colcon_core.package_discovery:discover_packages(colcon_meta) discover
[5.024s] Level 1:colcon.colcon_core.package_discovery:discover_packages(recursive) discover
[5.024s] INFO:colcon.colcon_core.package_discovery:Crawling recursively for packages in '/home/widha893/ros2_hil_quadrotor'
[5.024s] Level 1:colcon.colcon_core.package_identification:_identify(.) by extensions ['ignore', 'ignore_ament_install']
[5.024s] Level 1:colcon.colcon_core.package_identification:_identify(.) by extension 'ignore'
[5.024s] Level 1:colcon.colcon_core.package_identification:_identify(.) by extension 'ignore_ament_install'
[5.025s] Level 1:colcon.colcon_core.package_identification:_identify(.) by extensions ['colcon_pkg']
[5.025s] Level 1:colcon.colcon_core.package_identification:_identify(.) by extension 'colcon_pkg'
[5.025s] Level 1:colcon.colcon_core.package_identification:_identify(.) by extensions ['colcon_meta']
[5.025s] Level 1:colcon.colcon_core.package_identification:_identify(.) by extension 'colcon_meta'
[5.025s] Level 1:colcon.colcon_core.package_identification:_identify(.) by extensions ['ros']
[5.025s] Level 1:colcon.colcon_core.package_identification:_identify(.) by extension 'ros'
[5.228s] Level 1:colcon.colcon_core.package_identification:_identify(.) by extensions ['cmake', 'python']
[5.228s] Level 1:colcon.colcon_core.package_identification:_identify(.) by extension 'cmake'
[5.228s] Level 1:colcon.colcon_core.package_identification:_identify(.) by extension 'python'
[5.228s] Level 1:colcon.colcon_core.package_identification:_identify(.) by extensions ['python_setup_py']
[5.228s] Level 1:colcon.colcon_core.package_identification:_identify(.) by extension 'python_setup_py'
[5.229s] Level 1:colcon.colcon_core.package_identification:_identify(build) by extensions ['ignore', 'ignore_ament_install']
[5.229s] Level 1:colcon.colcon_core.package_identification:_identify(build) by extension 'ignore'
[5.229s] Level 1:colcon.colcon_core.package_identification:_identify(build) ignored
[5.265s] Level 1:colcon.colcon_core.package_identification:_identify(hitl) by extensions ['ignore', 'ignore_ament_install']
[5.265s] Level 1:colcon.colcon_core.package_identification:_identify(hitl) by extension 'ignore'
[5.266s] Level 1:colcon.colcon_core.package_identification:_identify(hitl) by extension 'ignore_ament_install'
[5.266s] Level 1:colcon.colcon_core.package_identification:_identify(hitl) by extensions ['colcon_pkg']
[5.266s] Level 1:colcon.colcon_core.package_identification:_identify(hitl) by extension 'colcon_pkg'
[5.267s] Level 1:colcon.colcon_core.package_identification:_identify(hitl) by extensions ['colcon_meta']
[5.267s] Level 1:colcon.colcon_core.package_identification:_identify(hitl) by extension 'colcon_meta'
[5.267s] Level 1:colcon.colcon_core.package_identification:_identify(hitl) by extensions ['ros']
[5.267s] Level 1:colcon.colcon_core.package_identification:_identify(hitl) by extension 'ros'
[5.557s] DEBUG:colcon.colcon_core.package_identification:Package 'hitl' with type 'ros.ament_python' and name 'hitl'
[5.558s] Level 1:colcon.colcon_core.package_identification:_identify(imgs) by extensions ['ignore', 'ignore_ament_install']
[5.558s] Level 1:colcon.colcon_core.package_identification:_identify(imgs) by extension 'ignore'
[5.558s] Level 1:colcon.colcon_core.package_identification:_identify(imgs) by extension 'ignore_ament_install'
[5.559s] Level 1:colcon.colcon_core.package_identification:_identify(imgs) by extensions ['colcon_pkg']
[5.559s] Level 1:colcon.colcon_core.package_identification:_identify(imgs) by extension 'colcon_pkg'
[5.559s] Level 1:colcon.colcon_core.package_identification:_identify(imgs) by extensions ['colcon_meta']
[5.559s] Level 1:colcon.colcon_core.package_identification:_identify(imgs) by extension 'colcon_meta'
[5.559s] Level 1:colcon.colcon_core.package_identification:_identify(imgs) by extensions ['ros']
[5.559s] Level 1:colcon.colcon_core.package_identification:_identify(imgs) by extension 'ros'
[5.559s] Level 1:colcon.colcon_core.package_identification:_identify(imgs) by extensions ['cmake', 'python']
[5.560s] Level 1:colcon.colcon_core.package_identification:_identify(imgs) by extension 'cmake'
[5.560s] Level 1:colcon.colcon_core.package_identification:_identify(imgs) by extension 'python'
[5.560s] Level 1:colcon.colcon_core.package_identification:_identify(imgs) by extensions ['python_setup_py']
[5.560s] Level 1:colcon.colcon_core.package_identification:_identify(imgs) by extension 'python_setup_py'
[5.560s] Level 1:colcon.colcon_core.package_identification:_identify(install) by extensions ['ignore', 'ignore_ament_install']
[5.560s] Level 1:colcon.colcon_core.package_identification:_identify(install) by extension 'ignore'
[5.561s] Level 1:colcon.colcon_core.package_identification:_identify(install) ignored
[5.561s] Level 1:colcon.colcon_core.package_identification:_identify(log) by extensions ['ignore', 'ignore_ament_install']
[5.561s] Level 1:colcon.colcon_core.package_identification:_identify(log) by extension 'ignore'
[5.561s] Level 1:colcon.colcon_core.package_identification:_identify(log) ignored
[5.594s] Level 1:colcon.colcon_core.package_identification:_identify(sensor_data_logger) by extensions ['ignore', 'ignore_ament_install']
[5.594s] Level 1:colcon.colcon_core.package_identification:_identify(sensor_data_logger) by extension 'ignore'
[5.594s] Level 1:colcon.colcon_core.package_identification:_identify(sensor_data_logger) by extension 'ignore_ament_install'
[5.594s] Level 1:colcon.colcon_core.package_identification:_identify(sensor_data_logger) by extensions ['colcon_pkg']
[5.595s] Level 1:colcon.colcon_core.package_identification:_identify(sensor_data_logger) by extension 'colcon_pkg'
[5.595s] Level 1:colcon.colcon_core.package_identification:_identify(sensor_data_logger) by extensions ['colcon_meta']
[5.595s] Level 1:colcon.colcon_core.package_identification:_identify(sensor_data_logger) by extension 'colcon_meta'
[5.595s] Level 1:colcon.colcon_core.package_identification:_identify(sensor_data_logger) by extensions ['ros']
[5.595s] Level 1:colcon.colcon_core.package_identification:_identify(sensor_data_logger) by extension 'ros'
[5.615s] DEBUG:colcon.colcon_core.package_identification:Package 'sensor_data_logger' with type 'ros.ament_python' and name 'sensor_data_logger'
[5.615s] Level 1:colcon.colcon_core.package_identification:_identify(sjtu_drone_bringup) by extensions ['ignore', 'ignore_ament_install']
[5.615s] Level 1:colcon.colcon_core.package_identification:_identify(sjtu_drone_bringup) by extension 'ignore'
[5.615s] Level 1:colcon.colcon_core.package_identification:_identify(sjtu_drone_bringup) by extension 'ignore_ament_install'
[5.616s] Level 1:colcon.colcon_core.package_identification:_identify(sjtu_drone_bringup) by extensions ['colcon_pkg']
[5.616s] Level 1:colcon.colcon_core.package_identification:_identify(sjtu_drone_bringup) by extension 'colcon_pkg'
[5.616s] Level 1:colcon.colcon_core.package_identification:_identify(sjtu_drone_bringup) by extensions ['colcon_meta']
[5.616s] Level 1:colcon.colcon_core.package_identification:_identify(sjtu_drone_bringup) by extension 'colcon_meta'
[5.616s] Level 1:colcon.colcon_core.package_identification:_identify(sjtu_drone_bringup) by extensions ['ros']
[5.616s] Level 1:colcon.colcon_core.package_identification:_identify(sjtu_drone_bringup) by extension 'ros'
[5.701s] DEBUG:colcon.colcon_core.package_identification:Package 'sjtu_drone_bringup' with type 'ros.ament_python' and name 'sjtu_drone_bringup'
[5.702s] Level 1:colcon.colcon_core.package_identification:_identify(sjtu_drone_control) by extensions ['ignore', 'ignore_ament_install']
[5.702s] Level 1:colcon.colcon_core.package_identification:_identify(sjtu_drone_control) by extension 'ignore'
[5.702s] Level 1:colcon.colcon_core.package_identification:_identify(sjtu_drone_control) by extension 'ignore_ament_install'
[5.702s] Level 1:colcon.colcon_core.package_identification:_identify(sjtu_drone_control) by extensions ['colcon_pkg']
[5.702s] Level 1:colcon.colcon_core.package_identification:_identify(sjtu_drone_control) by extension 'colcon_pkg'
[5.702s] Level 1:colcon.colcon_core.package_identification:_identify(sjtu_drone_control) by extensions ['colcon_meta']
[5.703s] Level 1:colcon.colcon_core.package_identification:_identify(sjtu_drone_control) by extension 'colcon_meta'
[5.703s] Level 1:colcon.colcon_core.package_identification:_identify(sjtu_drone_control) by extensions ['ros']
[5.703s] Level 1:colcon.colcon_core.package_identification:_identify(sjtu_drone_control) by extension 'ros'
[5.705s] DEBUG:colcon.colcon_core.package_identification:Package 'sjtu_drone_control' with type 'ros.ament_python' and name 'sjtu_drone_control'
[5.705s] Level 1:colcon.colcon_core.package_identification:_identify(sjtu_drone_description) by extensions ['ignore', 'ignore_ament_install']
[5.706s] Level 1:colcon.colcon_core.package_identification:_identify(sjtu_drone_description) by extension 'ignore'
[5.706s] Level 1:colcon.colcon_core.package_identification:_identify(sjtu_drone_description) by extension 'ignore_ament_install'
[5.706s] Level 1:colcon.colcon_core.package_identification:_identify(sjtu_drone_description) by extensions ['colcon_pkg']
[5.706s] Level 1:colcon.colcon_core.package_identification:_identify(sjtu_drone_description) by extension 'colcon_pkg'
[5.706s] Level 1:colcon.colcon_core.package_identification:_identify(sjtu_drone_description) by extensions ['colcon_meta']
[5.706s] Level 1:colcon.colcon_core.package_identification:_identify(sjtu_drone_description) by extension 'colcon_meta'
[5.706s] Level 1:colcon.colcon_core.package_identification:_identify(sjtu_drone_description) by extensions ['ros']
[5.706s] Level 1:colcon.colcon_core.package_identification:_identify(sjtu_drone_description) by extension 'ros'
[5.726s] DEBUG:colcon.colcon_core.package_identification:Package 'sjtu_drone_description' with type 'ros.ament_cmake' and name 'sjtu_drone_description'
[5.727s] Level 1:colcon.colcon_core.package_discovery:discover_packages(recursive) using defaults
[5.727s] Level 1:colcon.colcon_core.package_discovery:discover_packages(ignore) discover
[5.727s] Level 1:colcon.colcon_core.package_discovery:discover_packages(ignore) using defaults
[5.727s] Level 1:colcon.colcon_core.package_discovery:discover_packages(path) discover
[5.727s] Level 1:colcon.colcon_core.package_discovery:discover_packages(path) using defaults
[5.859s] Level 1:colcon.colcon_core.package_discovery:discover_packages(prefix_path) check parameters
[5.859s] Level 1:colcon.colcon_core.package_discovery:discover_packages(prefix_path) discover
[5.957s] DEBUG:colcon.colcon_installed_package_information.package_discovery:Found 5 installed packages in /home/widha893/ros2_hil_quadrotor/install
[5.960s] DEBUG:colcon.colcon_installed_package_information.package_discovery:Found 284 installed packages in /opt/ros/humble
[5.964s] Level 1:colcon.colcon_core.package_discovery:discover_packages(prefix_path) using defaults
[6.185s] Level 5:colcon.colcon_core.verb:set package 'hitl' build argument 'cmake_args' from command line to 'None'
[6.185s] Level 5:colcon.colcon_core.verb:set package 'hitl' build argument 'cmake_target' from command line to 'None'
[6.185s] Level 5:colcon.colcon_core.verb:set package 'hitl' build argument 'cmake_target_skip_unavailable' from command line to 'False'
[6.185s] Level 5:colcon.colcon_core.verb:set package 'hitl' build argument 'cmake_clean_cache' from command line to 'False'
[6.185s] Level 5:colcon.colcon_core.verb:set package 'hitl' build argument 'cmake_clean_first' from command line to 'False'
[6.185s] Level 5:colcon.colcon_core.verb:set package 'hitl' build argument 'cmake_force_configure' from command line to 'False'
[6.185s] Level 5:colcon.colcon_core.verb:set package 'hitl' build argument 'ament_cmake_args' from command line to 'None'
[6.185s] Level 5:colcon.colcon_core.verb:set package 'hitl' build argument 'catkin_cmake_args' from command line to 'None'
[6.185s] Level 5:colcon.colcon_core.verb:set package 'hitl' build argument 'catkin_skip_building_tests' from command line to 'False'
[6.185s] DEBUG:colcon.colcon_core.verb:Building package 'hitl' with the following arguments: {'ament_cmake_args': None, 'build_base': '/home/widha893/ros2_hil_quadrotor/build/hitl', 'catkin_cmake_args': None, 'catkin_skip_building_tests': False, 'cmake_args': None, 'cmake_clean_cache': False, 'cmake_clean_first': False, 'cmake_force_configure': False, 'cmake_target': None, 'cmake_target_skip_unavailable': False, 'install_base': '/home/widha893/ros2_hil_quadrotor/install/hitl', 'merge_install': False, 'path': '/home/widha893/ros2_hil_quadrotor/hitl', 'symlink_install': False, 'test_result_base': None}
[6.185s] Level 5:colcon.colcon_core.verb:set package 'sensor_data_logger' build argument 'cmake_args' from command line to 'None'
[6.185s] Level 5:colcon.colcon_core.verb:set package 'sensor_data_logger' build argument 'cmake_target' from command line to 'None'
[6.185s] Level 5:colcon.colcon_core.verb:set package 'sensor_data_logger' build argument 'cmake_target_skip_unavailable' from command line to 'False'
[6.185s] Level 5:colcon.colcon_core.verb:set package 'sensor_data_logger' build argument 'cmake_clean_cache' from command line to 'False'
[6.185s] Level 5:colcon.colcon_core.verb:set package 'sensor_data_logger' build argument 'cmake_clean_first' from command line to 'False'
[6.185s] Level 5:colcon.colcon_core.verb:set package 'sensor_data_logger' build argument 'cmake_force_configure' from command line to 'False'
[6.185s] Level 5:colcon.colcon_core.verb:set package 'sensor_data_logger' build argument 'ament_cmake_args' from command line to 'None'
[6.185s] Level 5:colcon.colcon_core.verb:set package 'sensor_data_logger' build argument 'catkin_cmake_args' from command line to 'None'
[6.185s] Level 5:colcon.colcon_core.verb:set package 'sensor_data_logger' build argument 'catkin_skip_building_tests' from command line to 'False'
[6.185s] DEBUG:colcon.colcon_core.verb:Building package 'sensor_data_logger' with the following arguments: {'ament_cmake_args': None, 'build_base': '/home/widha893/ros2_hil_quadrotor/build/sensor_data_logger', 'catkin_cmake_args': None, 'catkin_skip_building_tests': False, 'cmake_args': None, 'cmake_clean_cache': False, 'cmake_clean_first': False, 'cmake_force_configure': False, 'cmake_target': None, 'cmake_target_skip_unavailable': False, 'install_base': '/home/widha893/ros2_hil_quadrotor/install/sensor_data_logger', 'merge_install': False, 'path': '/home/widha893/ros2_hil_quadrotor/sensor_data_logger', 'symlink_install': False, 'test_result_base': None}
[6.186s] Level 5:colcon.colcon_core.verb:set package 'sjtu_drone_bringup' build argument 'cmake_args' from command line to 'None'
[6.186s] Level 5:colcon.colcon_core.verb:set package 'sjtu_drone_bringup' build argument 'cmake_target' from command line to 'None'
[6.186s] Level 5:colcon.colcon_core.verb:set package 'sjtu_drone_bringup' build argument 'cmake_target_skip_unavailable' from command line to 'False'
[6.186s] Level 5:colcon.colcon_core.verb:set package 'sjtu_drone_bringup' build argument 'cmake_clean_cache' from command line to 'False'
[6.186s] Level 5:colcon.colcon_core.verb:set package 'sjtu_drone_bringup' build argument 'cmake_clean_first' from command line to 'False'
[6.186s] Level 5:colcon.colcon_core.verb:set package 'sjtu_drone_bringup' build argument 'cmake_force_configure' from command line to 'False'
[6.186s] Level 5:colcon.colcon_core.verb:set package 'sjtu_drone_bringup' build argument 'ament_cmake_args' from command line to 'None'
[6.186s] Level 5:colcon.colcon_core.verb:set package 'sjtu_drone_bringup' build argument 'catkin_cmake_args' from command line to 'None'
[6.186s] Level 5:colcon.colcon_core.verb:set package 'sjtu_drone_bringup' build argument 'catkin_skip_building_tests' from command line to 'False'
[6.186s] DEBUG:colcon.colcon_core.verb:Building package 'sjtu_drone_bringup' with the following arguments: {'ament_cmake_args': None, 'build_base': '/home/widha893/ros2_hil_quadrotor/build/sjtu_drone_bringup', 'catkin_cmake_args': None, 'catkin_skip_building_tests': False, 'cmake_args': None, 'cmake_clean_cache': False, 'cmake_clean_first': False, 'cmake_force_configure': False, 'cmake_target': None, 'cmake_target_skip_unavailable': False, 'install_base': '/home/widha893/ros2_hil_quadrotor/install/sjtu_drone_bringup', 'merge_install': False, 'path': '/home/widha893/ros2_hil_quadrotor/sjtu_drone_bringup', 'symlink_install': False, 'test_result_base': None}
[6.186s] Level 5:colcon.colcon_core.verb:set package 'sjtu_drone_control' build argument 'cmake_args' from command line to 'None'
[6.186s] Level 5:colcon.colcon_core.verb:set package 'sjtu_drone_control' build argument 'cmake_target' from command line to 'None'
[6.186s] Level 5:colcon.colcon_core.verb:set package 'sjtu_drone_control' build argument 'cmake_target_skip_unavailable' from command line to 'False'
[6.186s] Level 5:colcon.colcon_core.verb:set package 'sjtu_drone_control' build argument 'cmake_clean_cache' from command line to 'False'
[6.186s] Level 5:colcon.colcon_core.verb:set package 'sjtu_drone_control' build argument 'cmake_clean_first' from command line to 'False'
[6.186s] Level 5:colcon.colcon_core.verb:set package 'sjtu_drone_control' build argument 'cmake_force_configure' from command line to 'False'
[6.186s] Level 5:colcon.colcon_core.verb:set package 'sjtu_drone_control' build argument 'ament_cmake_args' from command line to 'None'
[6.186s] Level 5:colcon.colcon_core.verb:set package 'sjtu_drone_control' build argument 'catkin_cmake_args' from command line to 'None'
[6.186s] Level 5:colcon.colcon_core.verb:set package 'sjtu_drone_control' build argument 'catkin_skip_building_tests' from command line to 'False'
[6.186s] DEBUG:colcon.colcon_core.verb:Building package 'sjtu_drone_control' with the following arguments: {'ament_cmake_args': None, 'build_base': '/home/widha893/ros2_hil_quadrotor/build/sjtu_drone_control', 'catkin_cmake_args': None, 'catkin_skip_building_tests': False, 'cmake_args': None, 'cmake_clean_cache': False, 'cmake_clean_first': False, 'cmake_force_configure': False, 'cmake_target': None, 'cmake_target_skip_unavailable': False, 'install_base': '/home/widha893/ros2_hil_quadrotor/install/sjtu_drone_control', 'merge_install': False, 'path': '/home/widha893/ros2_hil_quadrotor/sjtu_drone_control', 'symlink_install': False, 'test_result_base': None}
[6.187s] Level 5:colcon.colcon_core.verb:set package 'sjtu_drone_description' build argument 'cmake_args' from command line to 'None'
[6.187s] Level 5:colcon.colcon_core.verb:set package 'sjtu_drone_description' build argument 'cmake_target' from command line to 'None'
[6.187s] Level 5:colcon.colcon_core.verb:set package 'sjtu_drone_description' build argument 'cmake_target_skip_unavailable' from command line to 'False'
[6.187s] Level 5:colcon.colcon_core.verb:set package 'sjtu_drone_description' build argument 'cmake_clean_cache' from command line to 'False'
[6.187s] Level 5:colcon.colcon_core.verb:set package 'sjtu_drone_description' build argument 'cmake_clean_first' from command line to 'False'
[6.187s] Level 5:colcon.colcon_core.verb:set package 'sjtu_drone_description' build argument 'cmake_force_configure' from command line to 'False'
[6.187s] Level 5:colcon.colcon_core.verb:set package 'sjtu_drone_description' build argument 'ament_cmake_args' from command line to 'None'
[6.187s] Level 5:colcon.colcon_core.verb:set package 'sjtu_drone_description' build argument 'catkin_cmake_args' from command line to 'None'
[6.187s] Level 5:colcon.colcon_core.verb:set package 'sjtu_drone_description' build argument 'catkin_skip_building_tests' from command line to 'False'
[6.187s] DEBUG:colcon.colcon_core.verb:Building package 'sjtu_drone_description' with the following arguments: {'ament_cmake_args': None, 'build_base': '/home/widha893/ros2_hil_quadrotor/build/sjtu_drone_description', 'catkin_cmake_args': None, 'catkin_skip_building_tests': False, 'cmake_args': None, 'cmake_clean_cache': False, 'cmake_clean_first': False, 'cmake_force_configure': False, 'cmake_target': None, 'cmake_target_skip_unavailable': False, 'install_base': '/home/widha893/ros2_hil_quadrotor/install/sjtu_drone_description', 'merge_install': False, 'path': '/home/widha893/ros2_hil_quadrotor/sjtu_drone_description', 'symlink_install': False, 'test_result_base': None}
[6.187s] INFO:colcon.colcon_core.executor:Executing jobs using 'parallel' executor
[6.188s] DEBUG:colcon.colcon_parallel_executor.executor.parallel:run_until_complete
[6.189s] INFO:colcon.colcon_ros.task.ament_python.build:Building ROS package in '/home/widha893/ros2_hil_quadrotor/hitl' with build type 'ament_python'
[6.189s] Level 1:colcon.colcon_core.shell:create_environment_hook('hitl', 'ament_prefix_path')
[6.224s] INFO:colcon.colcon_core.plugin_system:Skipping extension 'colcon_core.shell.bat': Not used on non-Windows systems
[6.224s] INFO:colcon.colcon_core.shell:Creating environment hook '/home/widha893/ros2_hil_quadrotor/install/hitl/share/hitl/hook/ament_prefix_path.ps1'
[6.268s] INFO:colcon.colcon_core.shell:Creating environment descriptor '/home/widha893/ros2_hil_quadrotor/install/hitl/share/hitl/hook/ament_prefix_path.dsv'
[6.339s] INFO:colcon.colcon_core.shell:Creating environment hook '/home/widha893/ros2_hil_quadrotor/install/hitl/share/hitl/hook/ament_prefix_path.sh'
[6.366s] INFO:colcon.colcon_core.shell:Skip shell extension 'powershell' for command environment: Not usable outside of PowerShell
[6.366s] DEBUG:colcon.colcon_core.shell:Skip shell extension 'dsv' for command environment
[6.380s] INFO:colcon.colcon_ros.task.ament_python.build:Building ROS package in '/home/widha893/ros2_hil_quadrotor/sensor_data_logger' with build type 'ament_python'
[6.380s] Level 1:colcon.colcon_core.shell:create_environment_hook('sensor_data_logger', 'ament_prefix_path')
[6.381s] INFO:colcon.colcon_core.shell:Creating environment hook '/home/widha893/ros2_hil_quadrotor/install/sensor_data_logger/share/sensor_data_logger/hook/ament_prefix_path.ps1'
[6.383s] INFO:colcon.colcon_core.shell:Creating environment descriptor '/home/widha893/ros2_hil_quadrotor/install/sensor_data_logger/share/sensor_data_logger/hook/ament_prefix_path.dsv'
[6.384s] INFO:colcon.colcon_core.shell:Creating environment hook '/home/widha893/ros2_hil_quadrotor/install/sensor_data_logger/share/sensor_data_logger/hook/ament_prefix_path.sh'
[6.385s] INFO:colcon.colcon_core.shell:Skip shell extension 'powershell' for command environment: Not usable outside of PowerShell
[6.386s] DEBUG:colcon.colcon_core.shell:Skip shell extension 'dsv' for command environment
[6.430s] INFO:colcon.colcon_ros.task.ament_python.build:Building ROS package in '/home/widha893/ros2_hil_quadrotor/sjtu_drone_bringup' with build type 'ament_python'
[6.430s] Level 1:colcon.colcon_core.shell:create_environment_hook('sjtu_drone_bringup', 'ament_prefix_path')
[6.431s] INFO:colcon.colcon_core.shell:Creating environment hook '/home/widha893/ros2_hil_quadrotor/install/sjtu_drone_bringup/share/sjtu_drone_bringup/hook/ament_prefix_path.ps1'
[6.432s] INFO:colcon.colcon_core.shell:Creating environment descriptor '/home/widha893/ros2_hil_quadrotor/install/sjtu_drone_bringup/share/sjtu_drone_bringup/hook/ament_prefix_path.dsv'
[6.433s] INFO:colcon.colcon_core.shell:Creating environment hook '/home/widha893/ros2_hil_quadrotor/install/sjtu_drone_bringup/share/sjtu_drone_bringup/hook/ament_prefix_path.sh'
[6.434s] INFO:colcon.colcon_core.shell:Skip shell extension 'powershell' for command environment: Not usable outside of PowerShell
[6.434s] DEBUG:colcon.colcon_core.shell:Skip shell extension 'dsv' for command environment
[6.505s] INFO:colcon.colcon_ros.task.ament_python.build:Building ROS package in '/home/widha893/ros2_hil_quadrotor/sjtu_drone_control' with build type 'ament_python'
[6.505s] Level 1:colcon.colcon_core.shell:create_environment_hook('sjtu_drone_control', 'ament_prefix_path')
[6.506s] INFO:colcon.colcon_core.shell:Creating environment hook '/home/widha893/ros2_hil_quadrotor/install/sjtu_drone_control/share/sjtu_drone_control/hook/ament_prefix_path.ps1'
[6.507s] INFO:colcon.colcon_core.shell:Creating environment descriptor '/home/widha893/ros2_hil_quadrotor/install/sjtu_drone_control/share/sjtu_drone_control/hook/ament_prefix_path.dsv'
[6.508s] INFO:colcon.colcon_core.shell:Creating environment hook '/home/widha893/ros2_hil_quadrotor/install/sjtu_drone_control/share/sjtu_drone_control/hook/ament_prefix_path.sh'
[6.510s] INFO:colcon.colcon_core.shell:Skip shell extension 'powershell' for command environment: Not usable outside of PowerShell
[6.510s] DEBUG:colcon.colcon_core.shell:Skip shell extension 'dsv' for command environment
[6.537s] INFO:colcon.colcon_ros.task.ament_cmake.build:Building ROS package in '/home/widha893/ros2_hil_quadrotor/sjtu_drone_description' with build type 'ament_cmake'
[6.538s] INFO:colcon.colcon_cmake.task.cmake.build:Building CMake package in '/home/widha893/ros2_hil_quadrotor/sjtu_drone_description'
[6.539s] INFO:colcon.colcon_core.shell:Skip shell extension 'powershell' for command environment: Not usable outside of PowerShell
[6.539s] DEBUG:colcon.colcon_core.shell:Skip shell extension 'dsv' for command environment
[7.220s] INFO:colcon.colcon_core.task.python.build:Building Python package in '/home/widha893/ros2_hil_quadrotor/hitl'
[7.221s] INFO:colcon.colcon_core.shell:Skip shell extension 'powershell' for command environment: Not usable outside of PowerShell
[7.221s] DEBUG:colcon.colcon_core.shell:Skip shell extension 'dsv' for command environment
[7.548s] INFO:colcon.colcon_core.task.python.build:Building Python package in '/home/widha893/ros2_hil_quadrotor/sensor_data_logger'
[7.549s] INFO:colcon.colcon_core.shell:Skip shell extension 'powershell' for command environment: Not usable outside of PowerShell
[7.549s] DEBUG:colcon.colcon_core.shell:Skip shell extension 'dsv' for command environment
[7.805s] INFO:colcon.colcon_core.task.python.build:Building Python package in '/home/widha893/ros2_hil_quadrotor/sjtu_drone_bringup'
[7.805s] INFO:colcon.colcon_core.shell:Skip shell extension 'powershell' for command environment: Not usable outside of PowerShell
[7.805s] DEBUG:colcon.colcon_core.shell:Skip shell extension 'dsv' for command environment
[8.126s] INFO:colcon.colcon_core.task.python.build:Building Python package in '/home/widha893/ros2_hil_quadrotor/sjtu_drone_control'
[8.126s] INFO:colcon.colcon_core.shell:Skip shell extension 'powershell' for command environment: Not usable outside of PowerShell
[8.126s] DEBUG:colcon.colcon_core.shell:Skip shell extension 'dsv' for command environment
[8.279s] DEBUG:colcon.colcon_core.event_handler.log_command:Invoking command in '/home/widha893/ros2_hil_quadrotor/build/sjtu_drone_description': CMAKE_PREFIX_PATH=${CMAKE_PREFIX_PATH}:/home/widha893/ros2_hil_quadrotor/install/sjtu_drone_control:/home/widha893/ros2_hil_quadrotor/install/sjtu_drone_bringup:/home/widha893/ros2_hil_quadrotor/install/sensor_data_logger:/home/widha893/ros2_hil_quadrotor/install/hitl:/opt/ros/humble:/home/widha893/ros2_hil_quadrotor/install: /usr/bin/cmake --build /home/widha893/ros2_hil_quadrotor/build/sjtu_drone_description -- -j8 -l8
[14.177s] DEBUG:colcon.colcon_core.event_handler.log_command:Invoking command in '/home/widha893/ros2_hil_quadrotor/sjtu_drone_control': PYTHONPATH=/home/widha893/ros2_hil_quadrotor/build/sjtu_drone_control/prefix_override:/usr/lib/python3/dist-packages/colcon_core/task/python/colcon_distutils_commands:/home/widha893/ros2_hil_quadrotor/install/sjtu_drone_control/lib/python3.10/site-packages:${PYTHONPATH} /usr/bin/python3 -W ignore:setup.py install is deprecated setup.py egg_info --egg-base ../build/sjtu_drone_control build --build-base /home/widha893/ros2_hil_quadrotor/build/sjtu_drone_control/build install --record /home/widha893/ros2_hil_quadrotor/build/sjtu_drone_control/install.log --single-version-externally-managed install_data
[14.180s] DEBUG:colcon.colcon_core.event_handler.log_command:Invoking command in '/home/widha893/ros2_hil_quadrotor/hitl': PYTHONPATH=/home/widha893/ros2_hil_quadrotor/build/hitl/prefix_override:/usr/lib/python3/dist-packages/colcon_core/task/python/colcon_distutils_commands:/home/widha893/ros2_hil_quadrotor/install/hitl/lib/python3.10/site-packages:${PYTHONPATH} /usr/bin/python3 -W ignore:setup.py install is deprecated setup.py egg_info --egg-base ../build/hitl build --build-base /home/widha893/ros2_hil_quadrotor/build/hitl/build install --record /home/widha893/ros2_hil_quadrotor/build/hitl/install.log --single-version-externally-managed install_data
[14.185s] DEBUG:colcon.colcon_core.event_handler.log_command:Invoking command in '/home/widha893/ros2_hil_quadrotor/sjtu_drone_bringup': PYTHONPATH=/home/widha893/ros2_hil_quadrotor/build/sjtu_drone_bringup/prefix_override:/usr/lib/python3/dist-packages/colcon_core/task/python/colcon_distutils_commands:/home/widha893/ros2_hil_quadrotor/install/sjtu_drone_bringup/lib/python3.10/site-packages:${PYTHONPATH} /usr/bin/python3 -W ignore:setup.py install is deprecated setup.py egg_info --egg-base ../build/sjtu_drone_bringup build --build-base /home/widha893/ros2_hil_quadrotor/build/sjtu_drone_bringup/build install --record /home/widha893/ros2_hil_quadrotor/build/sjtu_drone_bringup/install.log --single-version-externally-managed install_data
[14.188s] DEBUG:colcon.colcon_core.event_handler.log_command:Invoking command in '/home/widha893/ros2_hil_quadrotor/sensor_data_logger': PYTHONPATH=/home/widha893/ros2_hil_quadrotor/build/sensor_data_logger/prefix_override:/usr/lib/python3/dist-packages/colcon_core/task/python/colcon_distutils_commands:/home/widha893/ros2_hil_quadrotor/install/sensor_data_logger/lib/python3.10/site-packages:${PYTHONPATH} /usr/bin/python3 -W ignore:setup.py install is deprecated setup.py egg_info --egg-base ../build/sensor_data_logger build --build-base /home/widha893/ros2_hil_quadrotor/build/sensor_data_logger/build install --record /home/widha893/ros2_hil_quadrotor/build/sensor_data_logger/install.log --single-version-externally-managed install_data
[15.612s] DEBUG:colcon.colcon_core.event_handler.log_command:Invoked command in '/home/widha893/ros2_hil_quadrotor/sensor_data_logger' returned '0': PYTHONPATH=/home/widha893/ros2_hil_quadrotor/build/sensor_data_logger/prefix_override:/usr/lib/python3/dist-packages/colcon_core/task/python/colcon_distutils_commands:/home/widha893/ros2_hil_quadrotor/install/sensor_data_logger/lib/python3.10/site-packages:${PYTHONPATH} /usr/bin/python3 -W ignore:setup.py install is deprecated setup.py egg_info --egg-base ../build/sensor_data_logger build --build-base /home/widha893/ros2_hil_quadrotor/build/sensor_data_logger/build install --record /home/widha893/ros2_hil_quadrotor/build/sensor_data_logger/install.log --single-version-externally-managed install_data
[16.208s] Level 1:colcon.colcon_core.environment:checking '/home/widha893/ros2_hil_quadrotor/install/sensor_data_logger' for CMake module files
[16.209s] Level 1:colcon.colcon_core.environment:checking '/home/widha893/ros2_hil_quadrotor/install/sensor_data_logger' for CMake config files
[16.507s] Level 1:colcon.colcon_core.environment:checking '/home/widha893/ros2_hil_quadrotor/install/sensor_data_logger/lib'
[16.507s] Level 1:colcon.colcon_core.environment:checking '/home/widha893/ros2_hil_quadrotor/install/sensor_data_logger/bin'
[16.508s] Level 1:colcon.colcon_core.environment:checking '/home/widha893/ros2_hil_quadrotor/install/sensor_data_logger/lib/pkgconfig/sensor_data_logger.pc'
[16.508s] Level 1:colcon.colcon_core.environment:checking '/home/widha893/ros2_hil_quadrotor/install/sensor_data_logger/lib/python3.10/site-packages'
[16.508s] Level 1:colcon.colcon_core.shell:create_environment_hook('sensor_data_logger', 'pythonpath')
[16.509s] INFO:colcon.colcon_core.shell:Creating environment hook '/home/widha893/ros2_hil_quadrotor/install/sensor_data_logger/share/sensor_data_logger/hook/pythonpath.ps1'
[16.510s] INFO:colcon.colcon_core.shell:Creating environment descriptor '/home/widha893/ros2_hil_quadrotor/install/sensor_data_logger/share/sensor_data_logger/hook/pythonpath.dsv'
[16.511s] INFO:colcon.colcon_core.shell:Creating environment hook '/home/widha893/ros2_hil_quadrotor/install/sensor_data_logger/share/sensor_data_logger/hook/pythonpath.sh'
[16.512s] Level 1:colcon.colcon_core.environment:checking '/home/widha893/ros2_hil_quadrotor/install/sensor_data_logger/bin'
[16.512s] Level 1:colcon.colcon_core.environment:create_environment_scripts_only(sensor_data_logger)
[16.513s] INFO:colcon.colcon_core.shell:Creating package script '/home/widha893/ros2_hil_quadrotor/install/sensor_data_logger/share/sensor_data_logger/package.ps1'
[16.555s] INFO:colcon.colcon_core.shell:Creating package descriptor '/home/widha893/ros2_hil_quadrotor/install/sensor_data_logger/share/sensor_data_logger/package.dsv'
[16.681s] INFO:colcon.colcon_core.shell:Creating package script '/home/widha893/ros2_hil_quadrotor/install/sensor_data_logger/share/sensor_data_logger/package.sh'
[16.697s] INFO:colcon.colcon_core.shell:Creating package script '/home/widha893/ros2_hil_quadrotor/install/sensor_data_logger/share/sensor_data_logger/package.bash'
[16.821s] INFO:colcon.colcon_core.shell:Creating package script '/home/widha893/ros2_hil_quadrotor/install/sensor_data_logger/share/sensor_data_logger/package.zsh'
[16.951s] Level 1:colcon.colcon_core.environment:create_file_with_runtime_dependencies(/home/widha893/ros2_hil_quadrotor/install/sensor_data_logger/share/colcon-core/packages/sensor_data_logger)
[16.954s] Level 1:colcon.colcon_core.environment:checking '/home/widha893/ros2_hil_quadrotor/install/hitl' for CMake module files
[16.956s] DEBUG:colcon.colcon_core.event_handler.log_command:Invoked command in '/home/widha893/ros2_hil_quadrotor/hitl' returned '0': PYTHONPATH=/home/widha893/ros2_hil_quadrotor/build/hitl/prefix_override:/usr/lib/python3/dist-packages/colcon_core/task/python/colcon_distutils_commands:/home/widha893/ros2_hil_quadrotor/install/hitl/lib/python3.10/site-packages:${PYTHONPATH} /usr/bin/python3 -W ignore:setup.py install is deprecated setup.py egg_info --egg-base ../build/hitl build --build-base /home/widha893/ros2_hil_quadrotor/build/hitl/build install --record /home/widha893/ros2_hil_quadrotor/build/hitl/install.log --single-version-externally-managed install_data
[16.956s] Level 1:colcon.colcon_core.environment:checking '/home/widha893/ros2_hil_quadrotor/install/hitl' for CMake config files
[17.132s] Level 1:colcon.colcon_core.environment:checking '/home/widha893/ros2_hil_quadrotor/install/hitl/lib'
[17.133s] Level 1:colcon.colcon_core.environment:checking '/home/widha893/ros2_hil_quadrotor/install/hitl/bin'
[17.133s] Level 1:colcon.colcon_core.environment:checking '/home/widha893/ros2_hil_quadrotor/install/hitl/lib/pkgconfig/hitl.pc'
[17.134s] Level 1:colcon.colcon_core.environment:checking '/home/widha893/ros2_hil_quadrotor/install/hitl/lib/python3.10/site-packages'
[17.134s] Level 1:colcon.colcon_core.shell:create_environment_hook('hitl', 'pythonpath')
[17.134s] INFO:colcon.colcon_core.shell:Creating environment hook '/home/widha893/ros2_hil_quadrotor/install/hitl/share/hitl/hook/pythonpath.ps1'
[17.135s] INFO:colcon.colcon_core.shell:Creating environment descriptor '/home/widha893/ros2_hil_quadrotor/install/hitl/share/hitl/hook/pythonpath.dsv'
[17.136s] INFO:colcon.colcon_core.shell:Creating environment hook '/home/widha893/ros2_hil_quadrotor/install/hitl/share/hitl/hook/pythonpath.sh'
[17.144s] Level 1:colcon.colcon_core.environment:checking '/home/widha893/ros2_hil_quadrotor/install/hitl/bin'
[17.144s] Level 1:colcon.colcon_core.environment:create_environment_scripts_only(hitl)
[17.145s] INFO:colcon.colcon_core.shell:Creating package script '/home/widha893/ros2_hil_quadrotor/install/hitl/share/hitl/package.ps1'
[17.146s] INFO:colcon.colcon_core.shell:Creating package descriptor '/home/widha893/ros2_hil_quadrotor/install/hitl/share/hitl/package.dsv'
[17.147s] INFO:colcon.colcon_core.shell:Creating package script '/home/widha893/ros2_hil_quadrotor/install/hitl/share/hitl/package.sh'
[17.149s] INFO:colcon.colcon_core.shell:Creating package script '/home/widha893/ros2_hil_quadrotor/install/hitl/share/hitl/package.bash'
[17.150s] INFO:colcon.colcon_core.shell:Creating package script '/home/widha893/ros2_hil_quadrotor/install/hitl/share/hitl/package.zsh'
[17.151s] Level 1:colcon.colcon_core.environment:create_file_with_runtime_dependencies(/home/widha893/ros2_hil_quadrotor/install/hitl/share/colcon-core/packages/hitl)
[17.153s] Level 1:colcon.colcon_core.environment:checking '/home/widha893/ros2_hil_quadrotor/install/sjtu_drone_bringup' for CMake module files
[17.155s] DEBUG:colcon.colcon_core.event_handler.log_command:Invoked command in '/home/widha893/ros2_hil_quadrotor/sjtu_drone_bringup' returned '0': PYTHONPATH=/home/widha893/ros2_hil_quadrotor/build/sjtu_drone_bringup/prefix_override:/usr/lib/python3/dist-packages/colcon_core/task/python/colcon_distutils_commands:/home/widha893/ros2_hil_quadrotor/install/sjtu_drone_bringup/lib/python3.10/site-packages:${PYTHONPATH} /usr/bin/python3 -W ignore:setup.py install is deprecated setup.py egg_info --egg-base ../build/sjtu_drone_bringup build --build-base /home/widha893/ros2_hil_quadrotor/build/sjtu_drone_bringup/build install --record /home/widha893/ros2_hil_quadrotor/build/sjtu_drone_bringup/install.log --single-version-externally-managed install_data
[17.155s] Level 1:colcon.colcon_core.environment:checking '/home/widha893/ros2_hil_quadrotor/install/sjtu_drone_bringup' for CMake config files
[17.218s] Level 1:colcon.colcon_core.environment:checking '/home/widha893/ros2_hil_quadrotor/install/sjtu_drone_bringup/lib'
[17.218s] Level 1:colcon.colcon_core.environment:checking '/home/widha893/ros2_hil_quadrotor/install/sjtu_drone_bringup/bin'
[17.219s] Level 1:colcon.colcon_core.environment:checking '/home/widha893/ros2_hil_quadrotor/install/sjtu_drone_bringup/lib/pkgconfig/sjtu_drone_bringup.pc'
[17.219s] Level 1:colcon.colcon_core.environment:checking '/home/widha893/ros2_hil_quadrotor/install/sjtu_drone_bringup/lib/python3.10/site-packages'
[17.219s] Level 1:colcon.colcon_core.shell:create_environment_hook('sjtu_drone_bringup', 'pythonpath')
[17.220s] INFO:colcon.colcon_core.shell:Creating environment hook '/home/widha893/ros2_hil_quadrotor/install/sjtu_drone_bringup/share/sjtu_drone_bringup/hook/pythonpath.ps1'
[17.221s] INFO:colcon.colcon_core.shell:Creating environment descriptor '/home/widha893/ros2_hil_quadrotor/install/sjtu_drone_bringup/share/sjtu_drone_bringup/hook/pythonpath.dsv'
[17.221s] INFO:colcon.colcon_core.shell:Creating environment hook '/home/widha893/ros2_hil_quadrotor/install/sjtu_drone_bringup/share/sjtu_drone_bringup/hook/pythonpath.sh'
[17.223s] Level 1:colcon.colcon_core.environment:checking '/home/widha893/ros2_hil_quadrotor/install/sjtu_drone_bringup/bin'
[17.223s] Level 1:colcon.colcon_core.environment:create_environment_scripts_only(sjtu_drone_bringup)
[17.223s] INFO:colcon.colcon_core.shell:Creating package script '/home/widha893/ros2_hil_quadrotor/install/sjtu_drone_bringup/share/sjtu_drone_bringup/package.ps1'
[17.224s] INFO:colcon.colcon_core.shell:Creating package descriptor '/home/widha893/ros2_hil_quadrotor/install/sjtu_drone_bringup/share/sjtu_drone_bringup/package.dsv'
[17.225s] INFO:colcon.colcon_core.shell:Creating package script '/home/widha893/ros2_hil_quadrotor/install/sjtu_drone_bringup/share/sjtu_drone_bringup/package.sh'
[17.226s] INFO:colcon.colcon_core.shell:Creating package script '/home/widha893/ros2_hil_quadrotor/install/sjtu_drone_bringup/share/sjtu_drone_bringup/package.bash'
[17.227s] INFO:colcon.colcon_core.shell:Creating package script '/home/widha893/ros2_hil_quadrotor/install/sjtu_drone_bringup/share/sjtu_drone_bringup/package.zsh'
[17.229s] Level 1:colcon.colcon_core.environment:create_file_with_runtime_dependencies(/home/widha893/ros2_hil_quadrotor/install/sjtu_drone_bringup/share/colcon-core/packages/sjtu_drone_bringup)
[17.230s] Level 1:colcon.colcon_core.environment:checking '/home/widha893/ros2_hil_quadrotor/install/sjtu_drone_control' for CMake module files
[17.232s] DEBUG:colcon.colcon_core.event_handler.log_command:Invoked command in '/home/widha893/ros2_hil_quadrotor/sjtu_drone_control' returned '0': PYTHONPATH=/home/widha893/ros2_hil_quadrotor/build/sjtu_drone_control/prefix_override:/usr/lib/python3/dist-packages/colcon_core/task/python/colcon_distutils_commands:/home/widha893/ros2_hil_quadrotor/install/sjtu_drone_control/lib/python3.10/site-packages:${PYTHONPATH} /usr/bin/python3 -W ignore:setup.py install is deprecated setup.py egg_info --egg-base ../build/sjtu_drone_control build --build-base /home/widha893/ros2_hil_quadrotor/build/sjtu_drone_control/build install --record /home/widha893/ros2_hil_quadrotor/build/sjtu_drone_control/install.log --single-version-externally-managed install_data
[17.233s] Level 1:colcon.colcon_core.environment:checking '/home/widha893/ros2_hil_quadrotor/install/sjtu_drone_control' for CMake config files
[17.241s] Level 1:colcon.colcon_core.environment:checking '/home/widha893/ros2_hil_quadrotor/install/sjtu_drone_control/lib'
[17.242s] Level 1:colcon.colcon_core.environment:checking '/home/widha893/ros2_hil_quadrotor/install/sjtu_drone_control/bin'
[17.242s] Level 1:colcon.colcon_core.environment:checking '/home/widha893/ros2_hil_quadrotor/install/sjtu_drone_control/lib/pkgconfig/sjtu_drone_control.pc'
[17.242s] Level 1:colcon.colcon_core.environment:checking '/home/widha893/ros2_hil_quadrotor/install/sjtu_drone_control/lib/python3.10/site-packages'
[17.242s] Level 1:colcon.colcon_core.shell:create_environment_hook('sjtu_drone_control', 'pythonpath')
[17.243s] INFO:colcon.colcon_core.shell:Creating environment hook '/home/widha893/ros2_hil_quadrotor/install/sjtu_drone_control/share/sjtu_drone_control/hook/pythonpath.ps1'
[17.244s] INFO:colcon.colcon_core.shell:Creating environment descriptor '/home/widha893/ros2_hil_quadrotor/install/sjtu_drone_control/share/sjtu_drone_control/hook/pythonpath.dsv'
[17.245s] INFO:colcon.colcon_core.shell:Creating environment hook '/home/widha893/ros2_hil_quadrotor/install/sjtu_drone_control/share/sjtu_drone_control/hook/pythonpath.sh'
[17.246s] Level 1:colcon.colcon_core.environment:checking '/home/widha893/ros2_hil_quadrotor/install/sjtu_drone_control/bin'
[17.246s] Level 1:colcon.colcon_core.environment:create_environment_scripts_only(sjtu_drone_control)
[17.247s] INFO:colcon.colcon_core.shell:Creating package script '/home/widha893/ros2_hil_quadrotor/install/sjtu_drone_control/share/sjtu_drone_control/package.ps1'
[17.248s] INFO:colcon.colcon_core.shell:Creating package descriptor '/home/widha893/ros2_hil_quadrotor/install/sjtu_drone_control/share/sjtu_drone_control/package.dsv'
[17.248s] INFO:colcon.colcon_core.shell:Creating package script '/home/widha893/ros2_hil_quadrotor/install/sjtu_drone_control/share/sjtu_drone_control/package.sh'
[17.248s] INFO:colcon.colcon_core.shell:Creating package script '/home/widha893/ros2_hil_quadrotor/install/sjtu_drone_control/share/sjtu_drone_control/package.bash'
[17.249s] INFO:colcon.colcon_core.shell:Creating package script '/home/widha893/ros2_hil_quadrotor/install/sjtu_drone_control/share/sjtu_drone_control/package.zsh'
[17.254s] Level 1:colcon.colcon_core.environment:create_file_with_runtime_dependencies(/home/widha893/ros2_hil_quadrotor/install/sjtu_drone_control/share/colcon-core/packages/sjtu_drone_control)
[24.058s] DEBUG:colcon.colcon_core.event_handler.log_command:Invoked command in '/home/widha893/ros2_hil_quadrotor/build/sjtu_drone_description' returned '0': CMAKE_PREFIX_PATH=${CMAKE_PREFIX_PATH}:/home/widha893/ros2_hil_quadrotor/install/sjtu_drone_control:/home/widha893/ros2_hil_quadrotor/install/sjtu_drone_bringup:/home/widha893/ros2_hil_quadrotor/install/sensor_data_logger:/home/widha893/ros2_hil_quadrotor/install/hitl:/opt/ros/humble:/home/widha893/ros2_hil_quadrotor/install: /usr/bin/cmake --build /home/widha893/ros2_hil_quadrotor/build/sjtu_drone_description -- -j8 -l8
[24.109s] DEBUG:colcon.colcon_core.event_handler.log_command:Invoking command in '/home/widha893/ros2_hil_quadrotor/build/sjtu_drone_description': CMAKE_PREFIX_PATH=${CMAKE_PREFIX_PATH}:/home/widha893/ros2_hil_quadrotor/install/sjtu_drone_control:/home/widha893/ros2_hil_quadrotor/install/sjtu_drone_bringup:/home/widha893/ros2_hil_quadrotor/install/sensor_data_logger:/home/widha893/ros2_hil_quadrotor/install/hitl:/opt/ros/humble:/home/widha893/ros2_hil_quadrotor/install: /usr/bin/cmake --install /home/widha893/ros2_hil_quadrotor/build/sjtu_drone_description
[24.499s] Level 1:colcon.colcon_core.environment:create_environment_scripts_only(sjtu_drone_description)
[24.499s] Level 1:colcon.colcon_core.environment:checking '/home/widha893/ros2_hil_quadrotor/install/sjtu_drone_description' for CMake module files
[24.500s] DEBUG:colcon.colcon_core.event_handler.log_command:Invoked command in '/home/widha893/ros2_hil_quadrotor/build/sjtu_drone_description' returned '0': CMAKE_PREFIX_PATH=${CMAKE_PREFIX_PATH}:/home/widha893/ros2_hil_quadrotor/install/sjtu_drone_control:/home/widha893/ros2_hil_quadrotor/install/sjtu_drone_bringup:/home/widha893/ros2_hil_quadrotor/install/sensor_data_logger:/home/widha893/ros2_hil_quadrotor/install/hitl:/opt/ros/humble:/home/widha893/ros2_hil_quadrotor/install: /usr/bin/cmake --install /home/widha893/ros2_hil_quadrotor/build/sjtu_drone_description
[24.501s] Level 1:colcon.colcon_core.environment:checking '/home/widha893/ros2_hil_quadrotor/install/sjtu_drone_description' for CMake config files
[24.502s] Level 1:colcon.colcon_core.shell:create_environment_hook('sjtu_drone_description', 'cmake_prefix_path')
[24.502s] INFO:colcon.colcon_core.shell:Creating environment hook '/home/widha893/ros2_hil_quadrotor/install/sjtu_drone_description/share/sjtu_drone_description/hook/cmake_prefix_path.ps1'
[24.503s] INFO:colcon.colcon_core.shell:Creating environment descriptor '/home/widha893/ros2_hil_quadrotor/install/sjtu_drone_description/share/sjtu_drone_description/hook/cmake_prefix_path.dsv'
[24.503s] INFO:colcon.colcon_core.shell:Creating environment hook '/home/widha893/ros2_hil_quadrotor/install/sjtu_drone_description/share/sjtu_drone_description/hook/cmake_prefix_path.sh'
[24.504s] Level 1:colcon.colcon_core.environment:checking '/home/widha893/ros2_hil_quadrotor/install/sjtu_drone_description/lib'
[24.504s] Level 1:colcon.colcon_core.shell:create_environment_hook('sjtu_drone_description', 'ld_library_path_lib')
[24.505s] INFO:colcon.colcon_core.shell:Creating environment hook '/home/widha893/ros2_hil_quadrotor/install/sjtu_drone_description/share/sjtu_drone_description/hook/ld_library_path_lib.ps1'
[24.505s] INFO:colcon.colcon_core.shell:Creating environment descriptor '/home/widha893/ros2_hil_quadrotor/install/sjtu_drone_description/share/sjtu_drone_description/hook/ld_library_path_lib.dsv'
[24.506s] INFO:colcon.colcon_core.shell:Creating environment hook '/home/widha893/ros2_hil_quadrotor/install/sjtu_drone_description/share/sjtu_drone_description/hook/ld_library_path_lib.sh'
[24.506s] Level 1:colcon.colcon_core.environment:checking '/home/widha893/ros2_hil_quadrotor/install/sjtu_drone_description/bin'
[24.506s] Level 1:colcon.colcon_core.environment:checking '/home/widha893/ros2_hil_quadrotor/install/sjtu_drone_description/lib/pkgconfig/sjtu_drone_description.pc'
[24.507s] Level 1:colcon.colcon_core.environment:checking '/home/widha893/ros2_hil_quadrotor/install/sjtu_drone_description/lib/python3.10/site-packages'
[24.507s] Level 1:colcon.colcon_core.environment:checking '/home/widha893/ros2_hil_quadrotor/install/sjtu_drone_description/bin'
[24.507s] INFO:colcon.colcon_core.shell:Creating package script '/home/widha893/ros2_hil_quadrotor/install/sjtu_drone_description/share/sjtu_drone_description/package.ps1'
[24.508s] INFO:colcon.colcon_core.shell:Creating package descriptor '/home/widha893/ros2_hil_quadrotor/install/sjtu_drone_description/share/sjtu_drone_description/package.dsv'
[24.509s] INFO:colcon.colcon_core.shell:Creating package script '/home/widha893/ros2_hil_quadrotor/install/sjtu_drone_description/share/sjtu_drone_description/package.sh'
[24.509s] INFO:colcon.colcon_core.shell:Creating package script '/home/widha893/ros2_hil_quadrotor/install/sjtu_drone_description/share/sjtu_drone_description/package.bash'
[24.509s] INFO:colcon.colcon_core.shell:Creating package script '/home/widha893/ros2_hil_quadrotor/install/sjtu_drone_description/share/sjtu_drone_description/package.zsh'
[24.510s] Level 1:colcon.colcon_core.environment:create_file_with_runtime_dependencies(/home/widha893/ros2_hil_quadrotor/install/sjtu_drone_description/share/colcon-core/packages/sjtu_drone_description)
[24.552s] Level 1:colcon.colcon_core.environment:create_environment_scripts_only(sjtu_drone_description)
[24.553s] Level 1:colcon.colcon_core.environment:checking '/home/widha893/ros2_hil_quadrotor/install/sjtu_drone_description' for CMake module files
[24.554s] Level 1:colcon.colcon_core.environment:checking '/home/widha893/ros2_hil_quadrotor/install/sjtu_drone_description' for CMake config files
[24.554s] Level 1:colcon.colcon_core.shell:create_environment_hook('sjtu_drone_description', 'cmake_prefix_path')
[24.554s] INFO:colcon.colcon_core.shell:Creating environment hook '/home/widha893/ros2_hil_quadrotor/install/sjtu_drone_description/share/sjtu_drone_description/hook/cmake_prefix_path.ps1'
[24.555s] INFO:colcon.colcon_core.shell:Creating environment descriptor '/home/widha893/ros2_hil_quadrotor/install/sjtu_drone_description/share/sjtu_drone_description/hook/cmake_prefix_path.dsv'
[24.556s] INFO:colcon.colcon_core.shell:Creating environment hook '/home/widha893/ros2_hil_quadrotor/install/sjtu_drone_description/share/sjtu_drone_description/hook/cmake_prefix_path.sh'
[24.557s] Level 1:colcon.colcon_core.environment:checking '/home/widha893/ros2_hil_quadrotor/install/sjtu_drone_description/lib'
[24.557s] Level 1:colcon.colcon_core.shell:create_environment_hook('sjtu_drone_description', 'ld_library_path_lib')
[24.558s] INFO:colcon.colcon_core.shell:Creating environment hook '/home/widha893/ros2_hil_quadrotor/install/sjtu_drone_description/share/sjtu_drone_description/hook/ld_library_path_lib.ps1'
[24.559s] INFO:colcon.colcon_core.shell:Creating environment descriptor '/home/widha893/ros2_hil_quadrotor/install/sjtu_drone_description/share/sjtu_drone_description/hook/ld_library_path_lib.dsv'
[24.559s] INFO:colcon.colcon_core.shell:Creating environment hook '/home/widha893/ros2_hil_quadrotor/install/sjtu_drone_description/share/sjtu_drone_description/hook/ld_library_path_lib.sh'
[24.560s] Level 1:colcon.colcon_core.environment:checking '/home/widha893/ros2_hil_quadrotor/install/sjtu_drone_description/bin'
[24.560s] Level 1:colcon.colcon_core.environment:checking '/home/widha893/ros2_hil_quadrotor/install/sjtu_drone_description/lib/pkgconfig/sjtu_drone_description.pc'
[24.561s] Level 1:colcon.colcon_core.environment:checking '/home/widha893/ros2_hil_quadrotor/install/sjtu_drone_description/lib/python3.10/site-packages'
[24.561s] Level 1:colcon.colcon_core.environment:checking '/home/widha893/ros2_hil_quadrotor/install/sjtu_drone_description/bin'
[24.561s] INFO:colcon.colcon_core.shell:Creating package script '/home/widha893/ros2_hil_quadrotor/install/sjtu_drone_description/share/sjtu_drone_description/package.ps1'
[24.562s] INFO:colcon.colcon_core.shell:Creating package descriptor '/home/widha893/ros2_hil_quadrotor/install/sjtu_drone_description/share/sjtu_drone_description/package.dsv'
[24.563s] INFO:colcon.colcon_core.shell:Creating package script '/home/widha893/ros2_hil_quadrotor/install/sjtu_drone_description/share/sjtu_drone_description/package.sh'
[24.563s] INFO:colcon.colcon_core.shell:Creating package script '/home/widha893/ros2_hil_quadrotor/install/sjtu_drone_description/share/sjtu_drone_description/package.bash'
[24.564s] INFO:colcon.colcon_core.shell:Creating package script '/home/widha893/ros2_hil_quadrotor/install/sjtu_drone_description/share/sjtu_drone_description/package.zsh'
[24.571s] Level 1:colcon.colcon_core.environment:create_file_with_runtime_dependencies(/home/widha893/ros2_hil_quadrotor/install/sjtu_drone_description/share/colcon-core/packages/sjtu_drone_description)
[24.571s] DEBUG:colcon.colcon_parallel_executor.executor.parallel:closing loop
[24.572s] DEBUG:colcon.colcon_parallel_executor.executor.parallel:loop closed
[24.572s] DEBUG:colcon.colcon_parallel_executor.executor.parallel:run_until_complete finished with '0'
[24.572s] DEBUG:colcon.colcon_core.event_reactor:joining thread
[25.037s] INFO:colcon.colcon_core.plugin_system:Skipping extension 'colcon_notification.desktop_notification.terminal_notifier': Not used on non-Darwin systems
[25.037s] INFO:colcon.colcon_core.plugin_system:Skipping extension 'colcon_notification.desktop_notification.win32': Not used on non-Windows systems
[25.037s] INFO:colcon.colcon_notification.desktop_notification:Sending desktop notification using 'notify2'
[25.364s] DEBUG:colcon.colcon_core.event_reactor:joined thread
[25.365s] INFO:colcon.colcon_core.shell:Creating prefix script '/home/widha893/ros2_hil_quadrotor/install/local_setup.ps1'
[25.531s] INFO:colcon.colcon_core.shell:Creating prefix util module '/home/widha893/ros2_hil_quadrotor/install/_local_setup_util_ps1.py'
[25.659s] INFO:colcon.colcon_core.shell:Creating prefix chain script '/home/widha893/ros2_hil_quadrotor/install/setup.ps1'
[25.665s] INFO:colcon.colcon_core.shell:Creating prefix script '/home/widha893/ros2_hil_quadrotor/install/local_setup.sh'
[25.701s] INFO:colcon.colcon_core.shell:Creating prefix util module '/home/widha893/ros2_hil_quadrotor/install/_local_setup_util_sh.py'
[25.702s] INFO:colcon.colcon_core.shell:Creating prefix chain script '/home/widha893/ros2_hil_quadrotor/install/setup.sh'
[25.735s] INFO:colcon.colcon_core.shell:Creating prefix script '/home/widha893/ros2_hil_quadrotor/install/local_setup.bash'
[25.940s] INFO:colcon.colcon_core.shell:Creating prefix chain script '/home/widha893/ros2_hil_quadrotor/install/setup.bash'
[25.952s] INFO:colcon.colcon_core.shell:Creating prefix script '/home/widha893/ros2_hil_quadrotor/install/local_setup.zsh'
[25.976s] INFO:colcon.colcon_core.shell:Creating prefix chain script '/home/widha893/ros2_hil_quadrotor/install/setup.zsh'
