running egg_info
creating ../build/data_logger/data_logger.egg-info
writing ../build/data_logger/data_logger.egg-info/PKG-INFO
writing dependency_links to ../build/data_logger/data_logger.egg-info/dependency_links.txt
writing entry points to ../build/data_logger/data_logger.egg-info/entry_points.txt
writing requirements to ../build/data_logger/data_logger.egg-info/requires.txt
writing top-level names to ../build/data_logger/data_logger.egg-info/top_level.txt
writing manifest file '../build/data_logger/data_logger.egg-info/SOURCES.txt'
reading manifest file '../build/data_logger/data_logger.egg-info/SOURCES.txt'
writing manifest file '../build/data_logger/data_logger.egg-info/SOURCES.txt'
running build
running build_py
creating /home/widha893/ros2_hil_quadrotor/build/data_logger/build
creating /home/widha893/ros2_hil_quadrotor/build/data_logger/build/lib
creating /home/widha893/ros2_hil_quadrotor/build/data_logger/build/lib/data_logger
copying data_logger/sensor_data_logger.py -> /home/widha893/ros2_hil_quadrotor/build/data_logger/build/lib/data_logger
copying data_logger/__init__.py -> /home/widha893/ros2_hil_quadrotor/build/data_logger/build/lib/data_logger
running install
running install_lib
creating /home/widha893/ros2_hil_quadrotor/install/data_logger/lib/python3.10/site-packages/data_logger
copying /home/widha893/ros2_hil_quadrotor/build/data_logger/build/lib/data_logger/sensor_data_logger.py -> /home/widha893/ros2_hil_quadrotor/install/data_logger/lib/python3.10/site-packages/data_logger
copying /home/widha893/ros2_hil_quadrotor/build/data_logger/build/lib/data_logger/__init__.py -> /home/widha893/ros2_hil_quadrotor/install/data_logger/lib/python3.10/site-packages/data_logger
byte-compiling /home/widha893/ros2_hil_quadrotor/install/data_logger/lib/python3.10/site-packages/data_logger/sensor_data_logger.py to sensor_data_logger.cpython-310.pyc
byte-compiling /home/widha893/ros2_hil_quadrotor/install/data_logger/lib/python3.10/site-packages/data_logger/__init__.py to __init__.cpython-310.pyc
running install_data
creating /home/widha893/ros2_hil_quadrotor/install/data_logger/share/ament_index
creating /home/widha893/ros2_hil_quadrotor/install/data_logger/share/ament_index/resource_index
creating /home/widha893/ros2_hil_quadrotor/install/data_logger/share/ament_index/resource_index/packages
copying resource/data_logger -> /home/widha893/ros2_hil_quadrotor/install/data_logger/share/ament_index/resource_index/packages
copying package.xml -> /home/widha893/ros2_hil_quadrotor/install/data_logger/share/data_logger
running install_egg_info
Copying ../build/data_logger/data_logger.egg-info to /home/widha893/ros2_hil_quadrotor/install/data_logger/lib/python3.10/site-packages/data_logger-0.0.0-py3.10.egg-info
running install_scripts
Installing data_logger script to /home/widha893/ros2_hil_quadrotor/install/data_logger/lib/data_logger
writing list of installed files to '/home/widha893/ros2_hil_quadrotor/build/data_logger/install.log'
