[0.710s] Invoking command in '/home/widha893/ros2_hil_quadrotor/build/sjtu_drone_bringup': PYTHONPATH=/home/widha893/ros2_hil_quadrotor/build/sjtu_drone_bringup/prefix_override:/usr/lib/python3/dist-packages/colcon_core/task/python/colcon_distutils_commands:/home/widha893/ros2_hil_quadrotor/install/sjtu_drone_bringup/lib/python3.10/site-packages:${PYTHONPATH} /usr/bin/python3 -W ignore:setup.py install is deprecated setup.py develop --editable --build-directory /home/widha893/ros2_hil_quadrotor/build/sjtu_drone_bringup/build --no-deps symlink_data
[0.956s] running develop
[0.991s] /usr/lib/python3/dist-packages/setuptools/command/easy_install.py:158: EasyInstallDeprecationWarning: easy_install command is deprecated. Use build and pip and other standards-based tools.
[0.991s]   warnings.warn(
[1.123s] running egg_info
[1.124s] creating sjtu_drone_bringup.egg-info
[1.124s] writing sjtu_drone_bringup.egg-info/PKG-INFO
[1.124s] writing dependency_links to sjtu_drone_bringup.egg-info/dependency_links.txt
[1.124s] writing entry points to sjtu_drone_bringup.egg-info/entry_points.txt
[1.124s] writing requirements to sjtu_drone_bringup.egg-info/requires.txt
[1.124s] writing top-level names to sjtu_drone_bringup.egg-info/top_level.txt
[1.124s] writing manifest file 'sjtu_drone_bringup.egg-info/SOURCES.txt'
[1.126s] reading manifest file 'sjtu_drone_bringup.egg-info/SOURCES.txt'
[1.126s] writing manifest file 'sjtu_drone_bringup.egg-info/SOURCES.txt'
[1.127s] running build_ext
[1.127s] Creating /home/widha893/ros2_hil_quadrotor/install/sjtu_drone_bringup/lib/python3.10/site-packages/sjtu-drone-bringup.egg-link (link to .)
[1.129s] Installing spawn_drone script to /home/widha893/ros2_hil_quadrotor/install/sjtu_drone_bringup/lib/sjtu_drone_bringup
[1.129s] 
[1.129s] Installed /home/widha893/ros2_hil_quadrotor/build/sjtu_drone_bringup
[1.129s] running symlink_data
[1.129s] creating /home/widha893/ros2_hil_quadrotor/install/sjtu_drone_bringup/share/ament_index
[1.130s] creating /home/widha893/ros2_hil_quadrotor/install/sjtu_drone_bringup/share/ament_index/resource_index
[1.130s] creating /home/widha893/ros2_hil_quadrotor/install/sjtu_drone_bringup/share/ament_index/resource_index/packages
[1.131s] symbolically linking /home/widha893/ros2_hil_quadrotor/build/sjtu_drone_bringup/resource/sjtu_drone_bringup -> /home/widha893/ros2_hil_quadrotor/install/sjtu_drone_bringup/share/ament_index/resource_index/packages
[1.131s] symbolically linking /home/widha893/ros2_hil_quadrotor/build/sjtu_drone_bringup/package.xml -> /home/widha893/ros2_hil_quadrotor/install/sjtu_drone_bringup/share/sjtu_drone_bringup
[1.131s] creating /home/widha893/ros2_hil_quadrotor/install/sjtu_drone_bringup/share/sjtu_drone_bringup/launch
[1.131s] symbolically linking /home/widha893/ros2_hil_quadrotor/build/sjtu_drone_bringup/launch/sjtu_drone_gazebo.launch.py -> /home/widha893/ros2_hil_quadrotor/install/sjtu_drone_bringup/share/sjtu_drone_bringup/launch
[1.131s] symbolically linking /home/widha893/ros2_hil_quadrotor/build/sjtu_drone_bringup/launch/sjtu_drone_bringup.launch.py -> /home/widha893/ros2_hil_quadrotor/install/sjtu_drone_bringup/share/sjtu_drone_bringup/launch
[1.131s] creating /home/widha893/ros2_hil_quadrotor/install/sjtu_drone_bringup/share/sjtu_drone_bringup/rviz
[1.131s] symbolically linking /home/widha893/ros2_hil_quadrotor/build/sjtu_drone_bringup/rviz/rviz.rviz -> /home/widha893/ros2_hil_quadrotor/install/sjtu_drone_bringup/share/sjtu_drone_bringup/rviz
[1.132s] creating /home/widha893/ros2_hil_quadrotor/install/sjtu_drone_bringup/share/sjtu_drone_bringup/config
[1.132s] symbolically linking /home/widha893/ros2_hil_quadrotor/build/sjtu_drone_bringup/config/drone.yaml -> /home/widha893/ros2_hil_quadrotor/install/sjtu_drone_bringup/share/sjtu_drone_bringup/config
[1.177s] Invoked command in '/home/widha893/ros2_hil_quadrotor/build/sjtu_drone_bringup' returned '0': PYTHONPATH=/home/widha893/ros2_hil_quadrotor/build/sjtu_drone_bringup/prefix_override:/usr/lib/python3/dist-packages/colcon_core/task/python/colcon_distutils_commands:/home/widha893/ros2_hil_quadrotor/install/sjtu_drone_bringup/lib/python3.10/site-packages:${PYTHONPATH} /usr/bin/python3 -W ignore:setup.py install is deprecated setup.py develop --editable --build-directory /home/widha893/ros2_hil_quadrotor/build/sjtu_drone_bringup/build --no-deps symlink_data
