/home/widha893/ros2_hil_quadrotor/install/hitl/lib/python3.10/site-packages/hitl/matplotlib_test.py
/home/widha893/ros2_hil_quadrotor/install/hitl/lib/python3.10/site-packages/hitl/communication.py
/home/widha893/ros2_hil_quadrotor/install/hitl/lib/python3.10/site-packages/hitl/messages_pb2.py
/home/widha893/ros2_hil_quadrotor/install/hitl/lib/python3.10/site-packages/hitl/conversion_matrix.py
/home/widha893/ros2_hil_quadrotor/install/hitl/lib/python3.10/site-packages/hitl/data_plotter.py
/home/widha893/ros2_hil_quadrotor/install/hitl/lib/python3.10/site-packages/hitl/hitl_node.py
/home/widha893/ros2_hil_quadrotor/install/hitl/lib/python3.10/site-packages/hitl/hitl_control.py
/home/widha893/ros2_hil_quadrotor/install/hitl/lib/python3.10/site-packages/hitl/__init__.py
/home/widha893/ros2_hil_quadrotor/install/hitl/lib/python3.10/site-packages/hitl/quadrotor_controller.py
/home/widha893/ros2_hil_quadrotor/install/hitl/lib/python3.10/site-packages/hitl/receiver.py
/home/widha893/ros2_hil_quadrotor/install/hitl/lib/python3.10/site-packages/hitl/data_analyzer.py
/home/widha893/ros2_hil_quadrotor/install/hitl/lib/python3.10/site-packages/hitl/__pycache__/matplotlib_test.cpython-310.pyc
/home/widha893/ros2_hil_quadrotor/install/hitl/lib/python3.10/site-packages/hitl/__pycache__/communication.cpython-310.pyc
/home/widha893/ros2_hil_quadrotor/install/hitl/lib/python3.10/site-packages/hitl/__pycache__/messages_pb2.cpython-310.pyc
/home/widha893/ros2_hil_quadrotor/install/hitl/lib/python3.10/site-packages/hitl/__pycache__/conversion_matrix.cpython-310.pyc
/home/widha893/ros2_hil_quadrotor/install/hitl/lib/python3.10/site-packages/hitl/__pycache__/data_plotter.cpython-310.pyc
/home/widha893/ros2_hil_quadrotor/install/hitl/lib/python3.10/site-packages/hitl/__pycache__/hitl_node.cpython-310.pyc
/home/widha893/ros2_hil_quadrotor/install/hitl/lib/python3.10/site-packages/hitl/__pycache__/hitl_control.cpython-310.pyc
/home/widha893/ros2_hil_quadrotor/install/hitl/lib/python3.10/site-packages/hitl/__pycache__/__init__.cpython-310.pyc
/home/widha893/ros2_hil_quadrotor/install/hitl/lib/python3.10/site-packages/hitl/__pycache__/quadrotor_controller.cpython-310.pyc
/home/widha893/ros2_hil_quadrotor/install/hitl/lib/python3.10/site-packages/hitl/__pycache__/receiver.cpython-310.pyc
/home/widha893/ros2_hil_quadrotor/install/hitl/lib/python3.10/site-packages/hitl/__pycache__/data_analyzer.cpython-310.pyc
/home/widha893/ros2_hil_quadrotor/install/hitl/share/ament_index/resource_index/packages/hitl
/home/widha893/ros2_hil_quadrotor/install/hitl/share/hitl/package.xml
/home/widha893/ros2_hil_quadrotor/install/hitl/lib/python3.10/site-packages/hitl-0.0.0-py3.10.egg-info/dependency_links.txt
/home/widha893/ros2_hil_quadrotor/install/hitl/lib/python3.10/site-packages/hitl-0.0.0-py3.10.egg-info/zip-safe
/home/widha893/ros2_hil_quadrotor/install/hitl/lib/python3.10/site-packages/hitl-0.0.0-py3.10.egg-info/requires.txt
/home/widha893/ros2_hil_quadrotor/install/hitl/lib/python3.10/site-packages/hitl-0.0.0-py3.10.egg-info/SOURCES.txt
/home/widha893/ros2_hil_quadrotor/install/hitl/lib/python3.10/site-packages/hitl-0.0.0-py3.10.egg-info/entry_points.txt
/home/widha893/ros2_hil_quadrotor/install/hitl/lib/python3.10/site-packages/hitl-0.0.0-py3.10.egg-info/PKG-INFO
/home/widha893/ros2_hil_quadrotor/install/hitl/lib/python3.10/site-packages/hitl-0.0.0-py3.10.egg-info/top_level.txt
/home/widha893/ros2_hil_quadrotor/install/hitl/lib/hitl/communication
/home/widha893/ros2_hil_quadrotor/install/hitl/lib/hitl/controller
/home/widha893/ros2_hil_quadrotor/install/hitl/lib/hitl/data_analyzer
/home/widha893/ros2_hil_quadrotor/install/hitl/lib/hitl/hitl_node
/home/widha893/ros2_hil_quadrotor/install/hitl/lib/hitl/receiver
