[10.394s] Invoking command in '/home/widha893/ros2_hil_quadrotor/hitl': PYTHONPATH=/home/widha893/ros2_hil_quadrotor/build/hitl/prefix_override:/usr/lib/python3/dist-packages/colcon_core/task/python/colcon_distutils_commands:/home/widha893/ros2_hil_quadrotor/install/hitl/lib/python3.10/site-packages:${PYTHONPATH} /usr/bin/python3 -W ignore:setup.py install is deprecated setup.py egg_info --egg-base ../build/hitl build --build-base /home/widha893/ros2_hil_quadrotor/build/hitl/build install --record /home/widha893/ros2_hil_quadrotor/build/hitl/install.log --single-version-externally-managed install_data
[10.801s] running egg_info
[10.802s] writing ../build/hitl/hitl.egg-info/PKG-INFO
[10.962s] writing dependency_links to ../build/hitl/hitl.egg-info/dependency_links.txt
[11.015s] writing entry points to ../build/hitl/hitl.egg-info/entry_points.txt
[11.036s] writing requirements to ../build/hitl/hitl.egg-info/requires.txt
[11.037s] writing top-level names to ../build/hitl/hitl.egg-info/top_level.txt
[11.170s] reading manifest file '../build/hitl/hitl.egg-info/SOURCES.txt'
[11.284s] writing manifest file '../build/hitl/hitl.egg-info/SOURCES.txt'
[11.284s] running build
[11.284s] running build_py
[11.658s] copying hitl/communication.py -> /home/widha893/ros2_hil_quadrotor/build/hitl/build/lib/hitl
[12.085s] running install
[12.085s] running install_lib
[12.085s] copying /home/widha893/ros2_hil_quadrotor/build/hitl/build/lib/hitl/communication.py -> /home/widha893/ros2_hil_quadrotor/install/hitl/lib/python3.10/site-packages/hitl
[12.231s] byte-compiling /home/widha893/ros2_hil_quadrotor/install/hitl/lib/python3.10/site-packages/hitl/communication.py to communication.cpython-310.pyc
[12.234s] running install_data
[12.235s] running install_egg_info
[12.240s] removing '/home/widha893/ros2_hil_quadrotor/install/hitl/lib/python3.10/site-packages/hitl-0.0.0-py3.10.egg-info' (and everything under it)
[12.240s] Copying ../build/hitl/hitl.egg-info to /home/widha893/ros2_hil_quadrotor/install/hitl/lib/python3.10/site-packages/hitl-0.0.0-py3.10.egg-info
[12.317s] running install_scripts
[12.345s] Installing communication script to /home/widha893/ros2_hil_quadrotor/install/hitl/lib/hitl
[12.345s] writing list of installed files to '/home/widha893/ros2_hil_quadrotor/build/hitl/install.log'
[12.373s] Invoked command in '/home/widha893/ros2_hil_quadrotor/hitl' returned '0': PYTHONPATH=/home/widha893/ros2_hil_quadrotor/build/hitl/prefix_override:/usr/lib/python3/dist-packages/colcon_core/task/python/colcon_distutils_commands:/home/widha893/ros2_hil_quadrotor/install/hitl/lib/python3.10/site-packages:${PYTHONPATH} /usr/bin/python3 -W ignore:setup.py install is deprecated setup.py egg_info --egg-base ../build/hitl build --build-base /home/widha893/ros2_hil_quadrotor/build/hitl/build install --record /home/widha893/ros2_hil_quadrotor/build/hitl/install.log --single-version-externally-managed install_data
