[0.478s] Invoking command in '/home/widha893/ros2_hil_quadrotor/build/sjtu_drone_description': CMAKE_PREFIX_PATH=${CMAKE_PREFIX_PATH}:/home/widha893/ros2_hil_quadrotor/install/sjtu_drone_control:/home/widha893/ros2_hil_quadrotor/install/sjtu_drone_bringup:/opt/ros/humble /usr/bin/cmake /home/widha893/ros2_hil_quadrotor/sjtu_drone_description -DAMENT_CMAKE_SYMLINK_INSTALL=1 -DCMAKE_INSTALL_PREFIX=/home/widha893/ros2_hil_quadrotor/install/sjtu_drone_description
[0.904s] -- Found ament_cmake: 1.3.10 (/opt/ros/humble/share/ament_cmake/cmake)
[1.279s] -- Override CMake install command with custom implementation using symlinks instead of copying resources
[1.369s] -- Found ament_cmake_ros: 0.10.0 (/opt/ros/humble/share/ament_cmake_ros/cmake)
[1.424s] -- Found rclcpp: 16.0.10 (/opt/ros/humble/share/rclcpp/cmake)
[1.837s] -- Found rosidl_generator_c: 3.1.5 (/opt/ros/humble/share/rosidl_generator_c/cmake)
[1.853s] -- Found rosidl_adapter: 3.1.5 (/opt/ros/humble/share/rosidl_adapter/cmake)
[1.890s] -- Found rosidl_generator_cpp: 3.1.5 (/opt/ros/humble/share/rosidl_generator_cpp/cmake)
[1.914s] -- Using all available rosidl_typesupport_c: rosidl_typesupport_fastrtps_c;rosidl_typesupport_introspection_c
[1.957s] -- Using all available rosidl_typesupport_cpp: rosidl_typesupport_fastrtps_cpp;rosidl_typesupport_introspection_cpp
[2.092s] -- Found rmw_implementation_cmake: 6.1.2 (/opt/ros/humble/share/rmw_implementation_cmake/cmake)
[2.105s] -- Found rmw_fastrtps_cpp: 6.2.7 (/opt/ros/humble/share/rmw_fastrtps_cpp/cmake)
[2.464s] -- Using RMW implementation 'rmw_fastrtps_cpp' as default
[2.727s] -- Found gazebo_ros: 3.7.0 (/opt/ros/humble/share/gazebo_ros/cmake)
[3.072s] -- Found DART: /usr/include (Required is at least version "6.6") found components: dart 
[3.384s] -- Found Protobuf: /usr/lib/x86_64-linux-gnu/libprotobuf.so (found version "3.12.4") 
[3.419s] -- Looking for ignition-math6 -- found version 6.15.1
[3.505s] -- Searching for dependencies of ignition-math6
[3.510s] -- Looking for OGRE...
[3.535s] -- Found Ogre Ghadamon (1.9.0)
[3.574s] -- Looking for OGRE_Paging...
[3.574s] -- Found OGRE_Paging: optimized;/usr/lib/x86_64-linux-gnu/libOgrePaging.so;debug;/usr/lib/x86_64-linux-gnu/libOgrePaging.so
[3.574s] -- Looking for OGRE_Terrain...
[3.575s] -- Found OGRE_Terrain: optimized;/usr/lib/x86_64-linux-gnu/libOgreTerrain.so;debug;/usr/lib/x86_64-linux-gnu/libOgreTerrain.so
[3.575s] -- Looking for OGRE_Property...
[3.575s] -- Found OGRE_Property: optimized;/usr/lib/x86_64-linux-gnu/libOgreProperty.so;debug;/usr/lib/x86_64-linux-gnu/libOgreProperty.so
[3.575s] -- Looking for OGRE_RTShaderSystem...
[3.575s] -- Found OGRE_RTShaderSystem: optimized;/usr/lib/x86_64-linux-gnu/libOgreRTShaderSystem.so;debug;/usr/lib/x86_64-linux-gnu/libOgreRTShaderSystem.so
[3.575s] -- Looking for OGRE_Volume...
[3.575s] -- Found OGRE_Volume: optimized;/usr/lib/x86_64-linux-gnu/libOgreVolume.so;debug;/usr/lib/x86_64-linux-gnu/libOgreVolume.so
[3.575s] -- Looking for OGRE_Overlay...
[3.575s] -- Found OGRE_Overlay: optimized;/usr/lib/x86_64-linux-gnu/libOgreOverlay.so;debug;/usr/lib/x86_64-linux-gnu/libOgreOverlay.so
[3.695s] -- Looking for ignition-math6 -- found version 6.15.1
[3.709s] -- Looking for ignition-transport8 -- found version 8.2.1
[3.710s] -- Searching for dependencies of ignition-transport8
[3.724s] -- Found Protobuf: /usr/lib/x86_64-linux-gnu/libprotobuf.so (found suitable version "3.12.4", minimum required is "3") 
[3.734s] -- Config-file not installed for ZeroMQ -- checking for pkg-config
[3.738s] -- Checking for module 'libzmq >= 4'
[3.874s] --   Found libzmq , version 4.3.4
[3.944s] -- Checking for module 'uuid'
[3.980s] --   Found uuid, version 2.37.2
[4.038s] -- Looking for ignition-msgs5 -- found version 5.8.1
[4.039s] -- Searching for dependencies of ignition-msgs5
[4.062s] -- Looking for ignition-math6 -- found version 6.15.1
[4.066s] -- Checking for module 'tinyxml2'
[4.089s] --   Found tinyxml2, version 9.0.0
[4.141s] -- Looking for ignition-msgs5 -- found version 5.8.1
[4.152s] -- Looking for ignition-common3 -- found version 3.14.0
[4.153s] -- Searching for dependencies of ignition-common3
[4.153s] -- Looking for dlfcn.h - found
[4.154s] -- Looking for libdl - found
[4.170s] -- Searching for <ignition-common3> component [graphics]
[4.171s] -- Looking for ignition-common3-graphics -- found version 3.14.0
[4.171s] -- Searching for dependencies of ignition-common3-graphics
[4.171s] -- Looking for ignition-math6 -- found version 6.15.1
[4.173s] -- Looking for ignition-fuel_tools4 -- found version 4.4.0
[4.173s] -- Searching for dependencies of ignition-fuel_tools4
[4.266s] -- Checking for module 'jsoncpp'
[4.285s] --   Found jsoncpp, version 1.9.5
[4.342s] -- Checking for module 'libzip'
[4.376s] --   Found libzip, version 1.7.3
[4.430s] -- Looking for ignition-common3 -- found version 3.14.0
[4.431s] -- Looking for ignition-math6 -- found version 6.15.1
[4.431s] -- Looking for ignition-msgs5 -- found version 5.8.1
[4.448s] -- Gazebo version: 11.10
[4.473s] -- Found gazebo_plugins: 3.7.0 (/opt/ros/humble/share/gazebo_plugins/cmake)
[4.687s] -- Found sensor_msgs: 4.2.4 (/opt/ros/humble/share/sensor_msgs/cmake)
[4.714s] -- Found nav_msgs: 4.2.4 (/opt/ros/humble/share/nav_msgs/cmake)
[4.743s] -- Found tf2: 0.25.8 (/opt/ros/humble/share/tf2/cmake)
[4.783s] -- Found tf2_ros: 0.25.8 (/opt/ros/humble/share/tf2_ros/cmake)
[5.089s] -- Found tf2_geometry_msgs: 0.25.8 (/opt/ros/humble/share/tf2_geometry_msgs/cmake)
[5.133s] -- Found eigen3_cmake_module: 0.1.1 (/opt/ros/humble/share/eigen3_cmake_module/cmake)
[5.137s] -- Ensuring Eigen3 include directory is part of orocos-kdl CMake target
[5.149s] -- Found ament_lint_auto: 0.12.11 (/opt/ros/humble/share/ament_lint_auto/cmake)
[5.492s] -- Added test 'cppcheck' to perform static code analysis on C / C++ code
[5.494s] -- Configured cppcheck include dirs: /home/widha893/ros2_hil_quadrotor/sjtu_drone_description/include;$<BUILD_INTERFACE:/home/widha893/ros2_hil_quadrotor/sjtu_drone_description/include>
[5.495s] -- Configured cppcheck exclude dirs and/or files: 
[5.496s] -- Added test 'lint_cmake' to check CMake code style
[5.500s] -- Added test 'uncrustify' to check C / C++ code style
[5.500s] -- Configured uncrustify additional arguments: 
[5.501s] -- Added test 'xmllint' to check XML markup files
[5.537s] -- Configuring done
[6.621s] -- Generating done
[6.627s] -- Build files have been written to: /home/widha893/ros2_hil_quadrotor/build/sjtu_drone_description
[6.659s] Invoked command in '/home/widha893/ros2_hil_quadrotor/build/sjtu_drone_description' returned '0': CMAKE_PREFIX_PATH=${CMAKE_PREFIX_PATH}:/home/widha893/ros2_hil_quadrotor/install/sjtu_drone_control:/home/widha893/ros2_hil_quadrotor/install/sjtu_drone_bringup:/opt/ros/humble /usr/bin/cmake /home/widha893/ros2_hil_quadrotor/sjtu_drone_description -DAMENT_CMAKE_SYMLINK_INSTALL=1 -DCMAKE_INSTALL_PREFIX=/home/widha893/ros2_hil_quadrotor/install/sjtu_drone_description
[6.660s] Invoking command in '/home/widha893/ros2_hil_quadrotor/build/sjtu_drone_description': CMAKE_PREFIX_PATH=${CMAKE_PREFIX_PATH}:/home/widha893/ros2_hil_quadrotor/install/sjtu_drone_control:/home/widha893/ros2_hil_quadrotor/install/sjtu_drone_bringup:/opt/ros/humble /usr/bin/cmake --build /home/widha893/ros2_hil_quadrotor/build/sjtu_drone_description -- -j8 -l8
[6.769s] [35m[1mConsolidate compiler generated dependencies of target plugin_drone[0m
[6.847s] [100%] Built target plugin_drone
[6.857s] Invoked command in '/home/widha893/ros2_hil_quadrotor/build/sjtu_drone_description' returned '0': CMAKE_PREFIX_PATH=${CMAKE_PREFIX_PATH}:/home/widha893/ros2_hil_quadrotor/install/sjtu_drone_control:/home/widha893/ros2_hil_quadrotor/install/sjtu_drone_bringup:/opt/ros/humble /usr/bin/cmake --build /home/widha893/ros2_hil_quadrotor/build/sjtu_drone_description -- -j8 -l8
[6.891s] Invoking command in '/home/widha893/ros2_hil_quadrotor/build/sjtu_drone_description': CMAKE_PREFIX_PATH=${CMAKE_PREFIX_PATH}:/home/widha893/ros2_hil_quadrotor/install/sjtu_drone_control:/home/widha893/ros2_hil_quadrotor/install/sjtu_drone_bringup:/opt/ros/humble /usr/bin/cmake --install /home/widha893/ros2_hil_quadrotor/build/sjtu_drone_description
[6.898s] -- Install configuration: ""
[6.898s] -- Execute custom install script
[6.899s] -- Up-to-date symlink: /home/widha893/ros2_hil_quadrotor/install/sjtu_drone_description/include/sjtu_drone_description/pid_controller.h
[6.899s] -- Up-to-date symlink: /home/widha893/ros2_hil_quadrotor/install/sjtu_drone_description/include/sjtu_drone_description/plugin_drone.h
[6.899s] -- Up-to-date symlink: /home/widha893/ros2_hil_quadrotor/install/sjtu_drone_description/include/sjtu_drone_description/plugin_drone_private.h
[6.900s] -- Up-to-date symlink: /home/widha893/ros2_hil_quadrotor/install/sjtu_drone_description/share/sjtu_drone_description/environment/library_path.sh
[6.900s] -- Up-to-date symlink: /home/widha893/ros2_hil_quadrotor/install/sjtu_drone_description/share/sjtu_drone_description/environment/library_path.dsv
[6.900s] -- Up-to-date symlink: /home/widha893/ros2_hil_quadrotor/install/sjtu_drone_description/share/sjtu_drone_description/models/database.config
[6.900s] -- Up-to-date symlink: /home/widha893/ros2_hil_quadrotor/install/sjtu_drone_description/share/sjtu_drone_description/models/sjtu_drone/model.config
[6.900s] -- Up-to-date symlink: /home/widha893/ros2_hil_quadrotor/install/sjtu_drone_description/share/sjtu_drone_description/models/sjtu_drone/quadrotor_4.dae
[6.900s] -- Up-to-date symlink: /home/widha893/ros2_hil_quadrotor/install/sjtu_drone_description/share/sjtu_drone_description/models/sjtu_drone/quadrotor_4.stl
[6.901s] -- Up-to-date symlink: /home/widha893/ros2_hil_quadrotor/install/sjtu_drone_description/share/sjtu_drone_description/models/sjtu_drone/sjtu_drone.sdf
[6.901s] -- Up-to-date symlink: /home/widha893/ros2_hil_quadrotor/install/sjtu_drone_description/share/sjtu_drone_description/urdf/sjtu_drone.urdf
[6.901s] -- Up-to-date symlink: /home/widha893/ros2_hil_quadrotor/install/sjtu_drone_description/share/sjtu_drone_description/urdf/sjtu_drone.urdf.xacro
[6.903s] -- Up-to-date symlink: /home/widha893/ros2_hil_quadrotor/install/sjtu_drone_description/share/sjtu_drone_description/worlds/empty.world
[6.903s] -- Up-to-date symlink: /home/widha893/ros2_hil_quadrotor/install/sjtu_drone_description/share/sjtu_drone_description/worlds/playground.world
[6.903s] -- Up-to-date symlink: /home/widha893/ros2_hil_quadrotor/install/sjtu_drone_description/share/ament_index/resource_index/package_run_dependencies/sjtu_drone_description
[6.904s] -- Up-to-date symlink: /home/widha893/ros2_hil_quadrotor/install/sjtu_drone_description/share/ament_index/resource_index/parent_prefix_path/sjtu_drone_description
[6.904s] -- Up-to-date symlink: /home/widha893/ros2_hil_quadrotor/install/sjtu_drone_description/share/sjtu_drone_description/environment/ament_prefix_path.sh
[6.904s] -- Up-to-date symlink: /home/widha893/ros2_hil_quadrotor/install/sjtu_drone_description/share/sjtu_drone_description/environment/ament_prefix_path.dsv
[6.904s] -- Up-to-date symlink: /home/widha893/ros2_hil_quadrotor/install/sjtu_drone_description/share/sjtu_drone_description/environment/path.sh
[6.904s] -- Up-to-date symlink: /home/widha893/ros2_hil_quadrotor/install/sjtu_drone_description/share/sjtu_drone_description/environment/path.dsv
[6.904s] -- Up-to-date symlink: /home/widha893/ros2_hil_quadrotor/install/sjtu_drone_description/share/sjtu_drone_description/local_setup.bash
[6.904s] -- Up-to-date symlink: /home/widha893/ros2_hil_quadrotor/install/sjtu_drone_description/share/sjtu_drone_description/local_setup.sh
[6.904s] -- Up-to-date symlink: /home/widha893/ros2_hil_quadrotor/install/sjtu_drone_description/share/sjtu_drone_description/local_setup.zsh
[6.904s] -- Up-to-date symlink: /home/widha893/ros2_hil_quadrotor/install/sjtu_drone_description/share/sjtu_drone_description/local_setup.dsv
[6.904s] -- Symlinking: /home/widha893/ros2_hil_quadrotor/install/sjtu_drone_description/share/sjtu_drone_description/package.dsv
[6.916s] -- Up-to-date symlink: /home/widha893/ros2_hil_quadrotor/install/sjtu_drone_description/share/ament_index/resource_index/packages/sjtu_drone_description
[6.916s] -- Up-to-date symlink: /home/widha893/ros2_hil_quadrotor/install/sjtu_drone_description/share/sjtu_drone_description/cmake/ament_cmake_export_include_directories-extras.cmake
[6.916s] -- Up-to-date symlink: /home/widha893/ros2_hil_quadrotor/install/sjtu_drone_description/share/sjtu_drone_description/cmake/ament_cmake_export_libraries-extras.cmake
[6.916s] -- Up-to-date symlink: /home/widha893/ros2_hil_quadrotor/install/sjtu_drone_description/share/sjtu_drone_description/cmake/ament_cmake_export_targets-extras.cmake
[6.916s] -- Up-to-date symlink: /home/widha893/ros2_hil_quadrotor/install/sjtu_drone_description/share/sjtu_drone_description/cmake/sjtu_drone_descriptionConfig.cmake
[6.916s] -- Up-to-date symlink: /home/widha893/ros2_hil_quadrotor/install/sjtu_drone_description/share/sjtu_drone_description/cmake/sjtu_drone_descriptionConfig-version.cmake
[6.917s] -- Up-to-date symlink: /home/widha893/ros2_hil_quadrotor/install/sjtu_drone_description/share/sjtu_drone_description/package.xml
[6.917s] -- Up-to-date: /home/widha893/ros2_hil_quadrotor/install/sjtu_drone_description/lib/libplugin_drone.so
[6.917s] -- Up-to-date: /home/widha893/ros2_hil_quadrotor/install/sjtu_drone_description/share/sjtu_drone_description/cmake/export_sjtu_drone_descriptionExport.cmake
[6.917s] -- Up-to-date: /home/widha893/ros2_hil_quadrotor/install/sjtu_drone_description/share/sjtu_drone_description/cmake/export_sjtu_drone_descriptionExport-noconfig.cmake
[6.948s] Invoked command in '/home/widha893/ros2_hil_quadrotor/build/sjtu_drone_description' returned '0': CMAKE_PREFIX_PATH=${CMAKE_PREFIX_PATH}:/home/widha893/ros2_hil_quadrotor/install/sjtu_drone_control:/home/widha893/ros2_hil_quadrotor/install/sjtu_drone_bringup:/opt/ros/humble /usr/bin/cmake --install /home/widha893/ros2_hil_quadrotor/build/sjtu_drone_description
