[12.921s] Invoking command in '/home/widha893/ros2_hil_quadrotor/hitl': PYTHONPATH=/home/widha893/ros2_hil_quadrotor/build/hitl/prefix_override:/usr/lib/python3/dist-packages/colcon_core/task/python/colcon_distutils_commands:/home/widha893/ros2_hil_quadrotor/install/hitl/lib/python3.10/site-packages:${PYTHONPATH} /usr/bin/python3 -W ignore:setup.py install is deprecated setup.py egg_info --egg-base ../build/hitl build --build-base /home/widha893/ros2_hil_quadrotor/build/hitl/build install --record /home/widha893/ros2_hil_quadrotor/build/hitl/install.log --single-version-externally-managed install_data
[15.033s] running egg_info
[15.045s] writing ../build/hitl/hitl.egg-info/PKG-INFO
[15.046s] writing dependency_links to ../build/hitl/hitl.egg-info/dependency_links.txt
[15.079s] writing entry points to ../build/hitl/hitl.egg-info/entry_points.txt
[15.080s] writing requirements to ../build/hitl/hitl.egg-info/requires.txt
[15.080s] writing top-level names to ../build/hitl/hitl.egg-info/top_level.txt
[15.081s] reading manifest file '../build/hitl/hitl.egg-info/SOURCES.txt'
[15.082s] writing manifest file '../build/hitl/hitl.egg-info/SOURCES.txt'
[15.089s] running build
[15.089s] running build_py
[15.090s] copying hitl/communication.py -> /home/widha893/ros2_hil_quadrotor/build/hitl/build/lib/hitl
[15.090s] running install
[15.090s] running install_lib
[15.091s] copying /home/widha893/ros2_hil_quadrotor/build/hitl/build/lib/hitl/communication.py -> /home/widha893/ros2_hil_quadrotor/install/hitl/lib/python3.10/site-packages/hitl
[15.091s] byte-compiling /home/widha893/ros2_hil_quadrotor/install/hitl/lib/python3.10/site-packages/hitl/communication.py to communication.cpython-310.pyc
[15.096s] running install_data
[15.096s] running install_egg_info
[15.097s] removing '/home/widha893/ros2_hil_quadrotor/install/hitl/lib/python3.10/site-packages/hitl-0.0.0-py3.10.egg-info' (and everything under it)
[15.101s] Copying ../build/hitl/hitl.egg-info to /home/widha893/ros2_hil_quadrotor/install/hitl/lib/python3.10/site-packages/hitl-0.0.0-py3.10.egg-info
[15.111s] running install_scripts
[15.267s] Installing communication script to /home/widha893/ros2_hil_quadrotor/install/hitl/lib/hitl
[15.270s] writing list of installed files to '/home/widha893/ros2_hil_quadrotor/build/hitl/install.log'
[15.551s] Invoked command in '/home/widha893/ros2_hil_quadrotor/hitl' returned '0': PYTHONPATH=/home/widha893/ros2_hil_quadrotor/build/hitl/prefix_override:/usr/lib/python3/dist-packages/colcon_core/task/python/colcon_distutils_commands:/home/widha893/ros2_hil_quadrotor/install/hitl/lib/python3.10/site-packages:${PYTHONPATH} /usr/bin/python3 -W ignore:setup.py install is deprecated setup.py egg_info --egg-base ../build/hitl build --build-base /home/widha893/ros2_hil_quadrotor/build/hitl/build install --record /home/widha893/ros2_hil_quadrotor/build/hitl/install.log --single-version-externally-managed install_data
