[1.755s] Invoking command in '/home/widha893/ros2_hil_quadrotor/hitl': PYTHONPATH=/home/widha893/ros2_hil_quadrotor/build/hitl/prefix_override:/usr/lib/python3/dist-packages/colcon_core/task/python/colcon_distutils_commands:/home/widha893/ros2_hil_quadrotor/install/hitl/lib/python3.10/site-packages:${PYTHONPATH} /usr/bin/python3 -W ignore:setup.py install is deprecated -W ignore:easy_install command is deprecated setup.py egg_info --egg-base ../build/hitl build --build-base /home/widha893/ros2_hil_quadrotor/build/hitl/build install --record /home/widha893/ros2_hil_quadrotor/build/hitl/install.log --single-version-externally-managed install_data
[2.402s] running egg_info
[2.404s] writing ../build/hitl/hitl.egg-info/PKG-INFO
[2.405s] writing dependency_links to ../build/hitl/hitl.egg-info/dependency_links.txt
[2.405s] writing entry points to ../build/hitl/hitl.egg-info/entry_points.txt
[2.405s] writing requirements to ../build/hitl/hitl.egg-info/requires.txt
[2.406s] writing top-level names to ../build/hitl/hitl.egg-info/top_level.txt
[2.411s] reading manifest file '../build/hitl/hitl.egg-info/SOURCES.txt'
[2.413s] writing manifest file '../build/hitl/hitl.egg-info/SOURCES.txt'
[2.414s] running build
[2.414s] running build_py
[2.414s] copying hitl/hitl_control.py -> /home/widha893/ros2_hil_quadrotor/build/hitl/build/lib/hitl
[2.415s] copying hitl/quadrotor_controller.py -> /home/widha893/ros2_hil_quadrotor/build/hitl/build/lib/hitl
[2.416s] running install
[2.418s] running install_lib
[2.419s] copying /home/widha893/ros2_hil_quadrotor/build/hitl/build/lib/hitl/hitl_control.py -> /home/widha893/ros2_hil_quadrotor/install/hitl/lib/python3.10/site-packages/hitl
[2.420s] copying /home/widha893/ros2_hil_quadrotor/build/hitl/build/lib/hitl/quadrotor_controller.py -> /home/widha893/ros2_hil_quadrotor/install/hitl/lib/python3.10/site-packages/hitl
[2.422s] byte-compiling /home/widha893/ros2_hil_quadrotor/install/hitl/lib/python3.10/site-packages/hitl/hitl_control.py to hitl_control.cpython-310.pyc
[2.425s] byte-compiling /home/widha893/ros2_hil_quadrotor/install/hitl/lib/python3.10/site-packages/hitl/quadrotor_controller.py to quadrotor_controller.cpython-310.pyc
[2.429s] running install_data
[2.430s] running install_egg_info
[2.435s] removing '/home/widha893/ros2_hil_quadrotor/install/hitl/lib/python3.10/site-packages/hitl-0.0.0-py3.10.egg-info' (and everything under it)
[2.436s] Copying ../build/hitl/hitl.egg-info to /home/widha893/ros2_hil_quadrotor/install/hitl/lib/python3.10/site-packages/hitl-0.0.0-py3.10.egg-info
[2.438s] running install_scripts
[2.499s] Installing communication script to /home/widha893/ros2_hil_quadrotor/install/hitl/lib/hitl
[2.501s] Installing controller script to /home/widha893/ros2_hil_quadrotor/install/hitl/lib/hitl
[2.502s] Installing data_analyzer script to /home/widha893/ros2_hil_quadrotor/install/hitl/lib/hitl
[2.502s] Installing hitl_node script to /home/widha893/ros2_hil_quadrotor/install/hitl/lib/hitl
[2.502s] Installing receiver script to /home/widha893/ros2_hil_quadrotor/install/hitl/lib/hitl
[2.503s] writing list of installed files to '/home/widha893/ros2_hil_quadrotor/build/hitl/install.log'
[2.575s] Invoked command in '/home/widha893/ros2_hil_quadrotor/hitl' returned '0': PYTHONPATH=/home/widha893/ros2_hil_quadrotor/build/hitl/prefix_override:/usr/lib/python3/dist-packages/colcon_core/task/python/colcon_distutils_commands:/home/widha893/ros2_hil_quadrotor/install/hitl/lib/python3.10/site-packages:${PYTHONPATH} /usr/bin/python3 -W ignore:setup.py install is deprecated -W ignore:easy_install command is deprecated setup.py egg_info --egg-base ../build/hitl build --build-base /home/widha893/ros2_hil_quadrotor/build/hitl/build install --record /home/widha893/ros2_hil_quadrotor/build/hitl/install.log --single-version-externally-managed install_data
