[1.290s] Invoking command in '/home/widha893/ros2_hil_quadrotor/hitl': PYTHONPATH=/home/widha893/ros2_hil_quadrotor/build/hitl/prefix_override:/usr/lib/python3/dist-packages/colcon_core/task/python/colcon_distutils_commands:/home/widha893/ros2_hil_quadrotor/install/hitl/lib/python3.10/site-packages:${PYTHONPATH} /usr/bin/python3 -W ignore:setup.py install is deprecated -W ignore:easy_install command is deprecated setup.py egg_info --egg-base ../build/hitl build --build-base /home/widha893/ros2_hil_quadrotor/build/hitl/build install --record /home/widha893/ros2_hil_quadrotor/build/hitl/install.log --single-version-externally-managed install_data
[1.711s] running egg_info
[1.712s] writing ../build/hitl/hitl.egg-info/PKG-INFO
[1.713s] writing dependency_links to ../build/hitl/hitl.egg-info/dependency_links.txt
[1.713s] writing entry points to ../build/hitl/hitl.egg-info/entry_points.txt
[1.713s] writing requirements to ../build/hitl/hitl.egg-info/requires.txt
[1.713s] writing top-level names to ../build/hitl/hitl.egg-info/top_level.txt
[1.719s] reading manifest file '../build/hitl/hitl.egg-info/SOURCES.txt'
[1.719s] writing manifest file '../build/hitl/hitl.egg-info/SOURCES.txt'
[1.719s] running build
[1.719s] running build_py
[1.721s] running install
[1.726s] running install_lib
[1.726s] running install_data
[1.727s] running install_egg_info
[1.728s] removing '/home/widha893/ros2_hil_quadrotor/install/hitl/lib/python3.10/site-packages/hitl-0.0.0-py3.10.egg-info' (and everything under it)
[1.729s] Copying ../build/hitl/hitl.egg-info to /home/widha893/ros2_hil_quadrotor/install/hitl/lib/python3.10/site-packages/hitl-0.0.0-py3.10.egg-info
[1.730s] running install_scripts
[1.771s] Installing communication script to /home/widha893/ros2_hil_quadrotor/install/hitl/lib/hitl
[1.771s] Installing controller script to /home/widha893/ros2_hil_quadrotor/install/hitl/lib/hitl
[1.772s] Installing data_analyzer script to /home/widha893/ros2_hil_quadrotor/install/hitl/lib/hitl
[1.772s] Installing hitl_node script to /home/widha893/ros2_hil_quadrotor/install/hitl/lib/hitl
[1.772s] Installing receiver script to /home/widha893/ros2_hil_quadrotor/install/hitl/lib/hitl
[1.773s] writing list of installed files to '/home/widha893/ros2_hil_quadrotor/build/hitl/install.log'
[1.840s] Invoked command in '/home/widha893/ros2_hil_quadrotor/hitl' returned '0': PYTHONPATH=/home/widha893/ros2_hil_quadrotor/build/hitl/prefix_override:/usr/lib/python3/dist-packages/colcon_core/task/python/colcon_distutils_commands:/home/widha893/ros2_hil_quadrotor/install/hitl/lib/python3.10/site-packages:${PYTHONPATH} /usr/bin/python3 -W ignore:setup.py install is deprecated -W ignore:easy_install command is deprecated setup.py egg_info --egg-base ../build/hitl build --build-base /home/widha893/ros2_hil_quadrotor/build/hitl/build install --record /home/widha893/ros2_hil_quadrotor/build/hitl/install.log --single-version-externally-managed install_data
