[0.998s] Invoking command in '/home/widha893/ros2_hil_quadrotor/build/sjtu_drone_description': CMAKE_PREFIX_PATH=${CMAKE_PREFIX_PATH}:/home/widha893/ros2_hil_quadrotor/install:/home/widha893/ros2_hil_quadrotor/install/sjtu_drone_control:/home/widha893/ros2_hil_quadrotor/install/sjtu_drone_bringup:/home/widha893/ros2_hil_quadrotor/install/sensor_data_logger:/home/widha893/ros2_hil_quadrotor/install/hitl:/opt/ros/humble: /usr/bin/cmake --build /home/widha893/ros2_hil_quadrotor/build/sjtu_drone_description -- -j8 -l8
[1.086s] [ 40%] [32mBuilding CXX object CMakeFiles/plugin_drone.dir/src/plugin_drone.cpp.o[0m
[1.086s] [ 40%] [32mBuilding CXX object CMakeFiles/plugin_drone.dir/src/plugin_drone_private.cpp.o[0m
[13.848s] In file included from [01m[K/home/widha893/ros2_hil_quadrotor/sjtu_drone_description/src/plugin_drone_private.cpp:18[m[K:
[13.848s] [01m[K/home/widha893/ros2_hil_quadrotor/sjtu_drone_description/include/sjtu_drone_description/plugin_drone_private.h:77:55:[m[K [01;31m[Kerror: [m[Kinvalid use of ‘[01m[K::[m[K’
[13.848s]    77 |     std::string roll_command_topic_ = "roll_command", [01;31m[Kstd[m[K::string pitch_command_topic_ = "pitch_command",
[13.848s]       |                                                       [01;31m[K^~~[m[K
[13.848s] [01m[K/home/widha893/ros2_hil_quadrotor/sjtu_drone_description/include/sjtu_drone_description/plugin_drone_private.h:77:60:[m[K [01;31m[Kerror: [m[Kexpected ‘[01m[K;[m[K’ at end of member declaration
[13.848s]    77 |     std::string roll_command_topic_ = "roll_command", std::[01;31m[Kstring[m[K pitch_command_topic_ = "pitch_command",
[13.849s]       |                                                            [01;31m[K^~~~~~[m[K
[13.849s]       |                                                                  [32m[K;[m[K
[13.852s] In file included from [01m[K/home/widha893/ros2_hil_quadrotor/sjtu_drone_description/include/sjtu_drone_description/plugin_drone.h:23[m[K,
[13.852s]                  from [01m[K/home/widha893/ros2_hil_quadrotor/sjtu_drone_description/src/plugin_drone.cpp:15[m[K:
[13.852s] [01m[K/home/widha893/ros2_hil_quadrotor/sjtu_drone_description/include/sjtu_drone_description/plugin_drone_private.h:77:55:[m[K [01;31m[Kerror: [m[Kinvalid use of ‘[01m[K::[m[K’
[13.852s]    77 |     std::string roll_command_topic_ = "roll_command", [01;31m[Kstd[m[K::string pitch_command_topic_ = "pitch_command",
[13.853s]       |                                                       [01;31m[K^~~[m[K
[13.853s] [01m[K/home/widha893/ros2_hil_quadrotor/sjtu_drone_description/include/sjtu_drone_description/plugin_drone_private.h:77:60:[m[K [01;31m[Kerror: [m[Kexpected ‘[01m[K;[m[K’ at end of member declaration
[13.853s]    77 |     std::string roll_command_topic_ = "roll_command", std::[01;31m[Kstring[m[K pitch_command_topic_ = "pitch_command",
[13.853s]       |                                                            [01;31m[K^~~~~~[m[K
[13.853s]       |                                                                  [32m[K;[m[K
[13.917s] [01m[K/home/widha893/ros2_hil_quadrotor/sjtu_drone_description/include/sjtu_drone_description/plugin_drone_private.h:77:67:[m[K [01;31m[Kerror: [m[K‘[01m[Kpitch_command_topic_[m[K’ does not name a type
[13.917s]    77 |     std::string roll_command_topic_ = "roll_command", std::string [01;31m[Kpitch_command_topic_[m[K = "pitch_command",
[13.917s]       |                                                                   [01;31m[K^~~~~~~~~~~~~~~~~~~~[m[K
[13.917s] [01m[K/home/widha893/ros2_hil_quadrotor/sjtu_drone_description/include/sjtu_drone_description/plugin_drone_private.h:77:67:[m[K [01;31m[Kerror: [m[K‘[01m[Kpitch_command_topic_[m[K’ does not name a type
[13.917s]    77 |     std::string roll_command_topic_ = "roll_command", std::string [01;31m[Kpitch_command_topic_[m[K = "pitch_command",
[13.917s]       |                                                                   [01;31m[K^~~~~~~~~~~~~~~~~~~~[m[K
[14.222s] [01m[K/home/widha893/ros2_hil_quadrotor/sjtu_drone_description/src/plugin_drone.cpp:[m[K In member function ‘[01m[Kvirtual void gazebo_plugins::DroneSimpleController::Load(gazebo::physics::ModelPtr, sdf::v9::ElementPtr)[m[K’:
[14.222s] [01m[K/home/widha893/ros2_hil_quadrotor/sjtu_drone_description/src/plugin_drone.cpp:130:10:[m[K [01;31m[Kerror: [m[K‘[01m[Kclass gazebo_plugins::DroneSimpleControllerPrivate[m[K’ has no member named ‘[01m[KLoadControllerSettings[m[K’
[14.222s]   130 |   impl_->[01;31m[KLoadControllerSettings[m[K(_model, _sdf);
[14.222s]       |          [01;31m[K^~~~~~~~~~~~~~~~~~~~~~[m[K
[14.227s] [01m[K/home/widha893/ros2_hil_quadrotor/sjtu_drone_description/src/plugin_drone_private.cpp:172:36:[m[K [01;31m[Kerror: [m[Kexpected identifier before ‘[01m[K)[m[K’ token
[14.227s]   172 |   std::string pitch_command_topic_,[01;31m[K)[m[K
[14.227s]       |                                    [01;31m[K^[m[K
[14.227s] [01m[K/home/widha893/ros2_hil_quadrotor/sjtu_drone_description/src/plugin_drone_private.cpp:165:6:[m[K [01;31m[Kerror: [m[Kno declaration matches ‘[01m[Kvoid gazebo_plugins::DroneSimpleControllerPrivate::InitPublishers(std::string, std::string, std::string, std::string, std::string, std::string, std::string, std::string, int)[m[K’
[14.228s]   165 | void [01;31m[KDroneSimpleControllerPrivate[m[K::InitPublishers(
[14.228s]       |      [01;31m[K^~~~~~~~~~~~~~~~~~~~~~~~~~~~[m[K
[14.228s] In file included from [01m[K/home/widha893/ros2_hil_quadrotor/sjtu_drone_description/src/plugin_drone_private.cpp:18[m[K:
[14.228s] [01m[K/home/widha893/ros2_hil_quadrotor/sjtu_drone_description/include/sjtu_drone_description/plugin_drone_private.h:73:8:[m[K [01;36m[Knote: [m[Kcandidate is: ‘[01m[Kvoid gazebo_plugins::DroneSimpleControllerPrivate::InitPublishers(std::string, std::string, std::string, std::string, std::string, std::string)[m[K’
[14.228s]    73 |   void [01;36m[KInitPublishers[m[K(
[14.228s]       |        [01;36m[K^~~~~~~~~~~~~~[m[K
[14.228s] In file included from [01m[K/home/widha893/ros2_hil_quadrotor/sjtu_drone_description/src/plugin_drone_private.cpp:18[m[K:
[14.228s] [01m[K/home/widha893/ros2_hil_quadrotor/sjtu_drone_description/include/sjtu_drone_description/plugin_drone_private.h:60:7:[m[K [01;36m[Knote: [m[K‘[01m[Kclass gazebo_plugins::DroneSimpleControllerPrivate[m[K’ defined here
[14.228s]    60 | class [01;36m[KDroneSimpleControllerPrivate[m[K
[14.228s]       |       [01;36m[K^~~~~~~~~~~~~~~~~~~~~~~~~~~~[m[K
[14.228s] [01m[K/home/widha893/ros2_hil_quadrotor/sjtu_drone_description/src/plugin_drone_private.cpp:232:6:[m[K [01;31m[Kerror: [m[Kno declaration matches ‘[01m[Kvoid gazebo_plugins::DroneSimpleControllerPrivate::LoadControllerSettings(gazebo::physics::ModelPtr, sdf::v9::ElementPtr)[m[K’
[14.228s]   232 | void [01;31m[KDroneSimpleControllerPrivate[m[K::LoadControllerSettings(
[14.228s]       |      [01;31m[K^~~~~~~~~~~~~~~~~~~~~~~~~~~~[m[K
[14.228s] [01m[K/home/widha893/ros2_hil_quadrotor/sjtu_drone_description/src/plugin_drone_private.cpp:232:6:[m[K [01;36m[Knote: [m[Kno functions named ‘[01m[Kvoid gazebo_plugins::DroneSimpleControllerPrivate::LoadControllerSettings(gazebo::physics::ModelPtr, sdf::v9::ElementPtr)[m[K’
[14.228s] In file included from [01m[K/home/widha893/ros2_hil_quadrotor/sjtu_drone_description/src/plugin_drone_private.cpp:18[m[K:
[14.228s] [01m[K/home/widha893/ros2_hil_quadrotor/sjtu_drone_description/include/sjtu_drone_description/plugin_drone_private.h:60:7:[m[K [01;36m[Knote: [m[K‘[01m[Kclass gazebo_plugins::DroneSimpleControllerPrivate[m[K’ defined here
[14.228s]    60 | class [01;36m[KDroneSimpleControllerPrivate[m[K
[14.228s]       |       [01;36m[K^~~~~~~~~~~~~~~~~~~~~~~~~~~~[m[K
[14.251s] [01m[K/home/widha893/ros2_hil_quadrotor/sjtu_drone_description/src/plugin_drone_private.cpp:[m[K In member function ‘[01m[Kvoid gazebo_plugins::DroneSimpleControllerPrivate::UpdateDynamics(double)[m[K’:
[14.251s] [01m[K/home/widha893/ros2_hil_quadrotor/sjtu_drone_description/src/plugin_drone_private.cpp:569:10:[m[K [01;35m[Kwarning: [m[Kunused variable ‘[01m[Kpitch_command[m[K’ [[01;35m[K]8;;https://gcc.gnu.org/onlinedocs/gcc/Warning-Options.html#index-Wunused-variable-Wunused-variable]8;;[m[K]
[14.251s]   569 |   double [01;35m[Kpitch_command[m[K = controllers_.velocity_x.update(
[14.251s]       |          [01;35m[K^~~~~~~~~~~~~[m[K
[14.252s] [01m[K/home/widha893/ros2_hil_quadrotor/sjtu_drone_description/src/plugin_drone_private.cpp:575:10:[m[K [01;35m[Kwarning: [m[Kunused variable ‘[01m[Kroll_command[m[K’ [[01;35m[K]8;;https://gcc.gnu.org/onlinedocs/gcc/Warning-Options.html#index-Wunused-variable-Wunused-variable]8;;[m[K]
[14.252s]   575 |   double [01;35m[Kroll_command[m[K = -controllers_.velocity_y.update(
[14.252s]       |          [01;35m[K^~~~~~~~~~~~[m[K
[16.777s] gmake[2]: *** [CMakeFiles/plugin_drone.dir/build.make:76: CMakeFiles/plugin_drone.dir/src/plugin_drone.cpp.o] Error 1
[16.777s] gmake[2]: *** Waiting for unfinished jobs....
[22.454s] gmake[2]: *** [CMakeFiles/plugin_drone.dir/build.make:90: CMakeFiles/plugin_drone.dir/src/plugin_drone_private.cpp.o] Error 1
[22.455s] gmake[1]: *** [CMakeFiles/Makefile2:137: CMakeFiles/plugin_drone.dir/all] Error 2
[22.455s] gmake: *** [Makefile:146: all] Error 2
[22.622s] Invoked command in '/home/widha893/ros2_hil_quadrotor/build/sjtu_drone_description' returned '2': CMAKE_PREFIX_PATH=${CMAKE_PREFIX_PATH}:/home/widha893/ros2_hil_quadrotor/install:/home/widha893/ros2_hil_quadrotor/install/sjtu_drone_control:/home/widha893/ros2_hil_quadrotor/install/sjtu_drone_bringup:/home/widha893/ros2_hil_quadrotor/install/sensor_data_logger:/home/widha893/ros2_hil_quadrotor/install/hitl:/opt/ros/humble: /usr/bin/cmake --build /home/widha893/ros2_hil_quadrotor/build/sjtu_drone_description -- -j8 -l8
