[1.462s] Invoking command in '/home/widha893/ros2_hil_quadrotor/sjtu_drone_bringup': PYTHONPATH=/home/widha893/ros2_hil_quadrotor/build/sjtu_drone_bringup/prefix_override:/usr/lib/python3/dist-packages/colcon_core/task/python/colcon_distutils_commands:/home/widha893/ros2_hil_quadrotor/install/sjtu_drone_bringup/lib/python3.10/site-packages:${PYTHONPATH} /usr/bin/python3 -W ignore:setup.py install is deprecated setup.py egg_info --egg-base ../build/sjtu_drone_bringup build --build-base /home/widha893/ros2_hil_quadrotor/build/sjtu_drone_bringup/build install --record /home/widha893/ros2_hil_quadrotor/build/sjtu_drone_bringup/install.log --single-version-externally-managed install_data
[1.718s] running egg_info
[1.720s] creating ../build/sjtu_drone_bringup/sjtu_drone_bringup.egg-info
[1.720s] writing ../build/sjtu_drone_bringup/sjtu_drone_bringup.egg-info/PKG-INFO
[1.720s] writing dependency_links to ../build/sjtu_drone_bringup/sjtu_drone_bringup.egg-info/dependency_links.txt
[1.720s] writing entry points to ../build/sjtu_drone_bringup/sjtu_drone_bringup.egg-info/entry_points.txt
[1.720s] writing requirements to ../build/sjtu_drone_bringup/sjtu_drone_bringup.egg-info/requires.txt
[1.720s] writing top-level names to ../build/sjtu_drone_bringup/sjtu_drone_bringup.egg-info/top_level.txt
[1.720s] writing manifest file '../build/sjtu_drone_bringup/sjtu_drone_bringup.egg-info/SOURCES.txt'
[1.722s] reading manifest file '../build/sjtu_drone_bringup/sjtu_drone_bringup.egg-info/SOURCES.txt'
[1.723s] writing manifest file '../build/sjtu_drone_bringup/sjtu_drone_bringup.egg-info/SOURCES.txt'
[1.723s] running build
[1.723s] running build_py
[1.723s] creating /home/widha893/ros2_hil_quadrotor/build/sjtu_drone_bringup/build
[1.724s] creating /home/widha893/ros2_hil_quadrotor/build/sjtu_drone_bringup/build/lib
[1.724s] creating /home/widha893/ros2_hil_quadrotor/build/sjtu_drone_bringup/build/lib/sjtu_drone_bringup
[1.724s] copying sjtu_drone_bringup/spawn_drone.py -> /home/widha893/ros2_hil_quadrotor/build/sjtu_drone_bringup/build/lib/sjtu_drone_bringup
[1.724s] copying sjtu_drone_bringup/__init__.py -> /home/widha893/ros2_hil_quadrotor/build/sjtu_drone_bringup/build/lib/sjtu_drone_bringup
[1.724s] running install
[1.724s] running install_lib
[1.725s] creating /home/widha893/ros2_hil_quadrotor/install/sjtu_drone_bringup/lib/python3.10/site-packages/sjtu_drone_bringup
[1.725s] copying /home/widha893/ros2_hil_quadrotor/build/sjtu_drone_bringup/build/lib/sjtu_drone_bringup/spawn_drone.py -> /home/widha893/ros2_hil_quadrotor/install/sjtu_drone_bringup/lib/python3.10/site-packages/sjtu_drone_bringup
[1.725s] copying /home/widha893/ros2_hil_quadrotor/build/sjtu_drone_bringup/build/lib/sjtu_drone_bringup/__init__.py -> /home/widha893/ros2_hil_quadrotor/install/sjtu_drone_bringup/lib/python3.10/site-packages/sjtu_drone_bringup
[1.726s] byte-compiling /home/widha893/ros2_hil_quadrotor/install/sjtu_drone_bringup/lib/python3.10/site-packages/sjtu_drone_bringup/spawn_drone.py to spawn_drone.cpython-310.pyc
[1.727s] byte-compiling /home/widha893/ros2_hil_quadrotor/install/sjtu_drone_bringup/lib/python3.10/site-packages/sjtu_drone_bringup/__init__.py to __init__.cpython-310.pyc
[1.727s] running install_data
[1.727s] creating /home/widha893/ros2_hil_quadrotor/install/sjtu_drone_bringup/share/ament_index
[1.727s] creating /home/widha893/ros2_hil_quadrotor/install/sjtu_drone_bringup/share/ament_index/resource_index
[1.727s] creating /home/widha893/ros2_hil_quadrotor/install/sjtu_drone_bringup/share/ament_index/resource_index/packages
[1.727s] copying resource/sjtu_drone_bringup -> /home/widha893/ros2_hil_quadrotor/install/sjtu_drone_bringup/share/ament_index/resource_index/packages
[1.727s] copying package.xml -> /home/widha893/ros2_hil_quadrotor/install/sjtu_drone_bringup/share/sjtu_drone_bringup
[1.728s] creating /home/widha893/ros2_hil_quadrotor/install/sjtu_drone_bringup/share/sjtu_drone_bringup/launch
[1.728s] copying launch/sjtu_drone_gazebo.launch.py -> /home/widha893/ros2_hil_quadrotor/install/sjtu_drone_bringup/share/sjtu_drone_bringup/launch
[1.728s] copying launch/sjtu_drone_bringup.launch.py -> /home/widha893/ros2_hil_quadrotor/install/sjtu_drone_bringup/share/sjtu_drone_bringup/launch
[1.728s] creating /home/widha893/ros2_hil_quadrotor/install/sjtu_drone_bringup/share/sjtu_drone_bringup/rviz
[1.728s] copying rviz/rviz.rviz -> /home/widha893/ros2_hil_quadrotor/install/sjtu_drone_bringup/share/sjtu_drone_bringup/rviz
[1.728s] creating /home/widha893/ros2_hil_quadrotor/install/sjtu_drone_bringup/share/sjtu_drone_bringup/config
[1.728s] copying config/drone.yaml -> /home/widha893/ros2_hil_quadrotor/install/sjtu_drone_bringup/share/sjtu_drone_bringup/config
[1.728s] running install_egg_info
[1.730s] Copying ../build/sjtu_drone_bringup/sjtu_drone_bringup.egg-info to /home/widha893/ros2_hil_quadrotor/install/sjtu_drone_bringup/lib/python3.10/site-packages/sjtu_drone_bringup-0.0.0-py3.10.egg-info
[1.730s] running install_scripts
[1.751s] Installing spawn_drone script to /home/widha893/ros2_hil_quadrotor/install/sjtu_drone_bringup/lib/sjtu_drone_bringup
[1.751s] writing list of installed files to '/home/widha893/ros2_hil_quadrotor/build/sjtu_drone_bringup/install.log'
[1.791s] Invoked command in '/home/widha893/ros2_hil_quadrotor/sjtu_drone_bringup' returned '0': PYTHONPATH=/home/widha893/ros2_hil_quadrotor/build/sjtu_drone_bringup/prefix_override:/usr/lib/python3/dist-packages/colcon_core/task/python/colcon_distutils_commands:/home/widha893/ros2_hil_quadrotor/install/sjtu_drone_bringup/lib/python3.10/site-packages:${PYTHONPATH} /usr/bin/python3 -W ignore:setup.py install is deprecated setup.py egg_info --egg-base ../build/sjtu_drone_bringup build --build-base /home/widha893/ros2_hil_quadrotor/build/sjtu_drone_bringup/build install --record /home/widha893/ros2_hil_quadrotor/build/sjtu_drone_bringup/install.log --single-version-externally-managed install_data
