[1.524s] Invoking command in '/home/widha893/ros2_hil_quadrotor/sensor_data_logger': PYTHONPATH=/home/widha893/ros2_hil_quadrotor/build/sensor_data_logger/prefix_override:/usr/lib/python3/dist-packages/colcon_core/task/python/colcon_distutils_commands:/home/widha893/ros2_hil_quadrotor/install/sensor_data_logger/lib/python3.10/site-packages:${PYTHONPATH} /usr/bin/python3 -W ignore:setup.py install is deprecated -W ignore:easy_install command is deprecated setup.py egg_info --egg-base ../build/sensor_data_logger build --build-base /home/widha893/ros2_hil_quadrotor/build/sensor_data_logger/build install --record /home/widha893/ros2_hil_quadrotor/build/sensor_data_logger/install.log --single-version-externally-managed install_data
[1.934s] running egg_info
[1.936s] writing ../build/sensor_data_logger/sensor_data_logger.egg-info/PKG-INFO
[1.936s] writing dependency_links to ../build/sensor_data_logger/sensor_data_logger.egg-info/dependency_links.txt
[1.936s] writing entry points to ../build/sensor_data_logger/sensor_data_logger.egg-info/entry_points.txt
[1.937s] writing requirements to ../build/sensor_data_logger/sensor_data_logger.egg-info/requires.txt
[1.937s] writing top-level names to ../build/sensor_data_logger/sensor_data_logger.egg-info/top_level.txt
[1.940s] reading manifest file '../build/sensor_data_logger/sensor_data_logger.egg-info/SOURCES.txt'
[1.941s] writing manifest file '../build/sensor_data_logger/sensor_data_logger.egg-info/SOURCES.txt'
[1.941s] running build
[1.942s] running build_py
[1.942s] running install
[1.943s] running install_lib
[1.945s] running install_data
[1.945s] running install_egg_info
[1.948s] removing '/home/widha893/ros2_hil_quadrotor/install/sensor_data_logger/lib/python3.10/site-packages/sensor_data_logger-0.0.0-py3.10.egg-info' (and everything under it)
[1.949s] Copying ../build/sensor_data_logger/sensor_data_logger.egg-info to /home/widha893/ros2_hil_quadrotor/install/sensor_data_logger/lib/python3.10/site-packages/sensor_data_logger-0.0.0-py3.10.egg-info
[1.950s] running install_scripts
[1.999s] Installing sensor_data_logger script to /home/widha893/ros2_hil_quadrotor/install/sensor_data_logger/lib/sensor_data_logger
[1.999s] writing list of installed files to '/home/widha893/ros2_hil_quadrotor/build/sensor_data_logger/install.log'
[2.050s] Invoked command in '/home/widha893/ros2_hil_quadrotor/sensor_data_logger' returned '0': PYTHONPATH=/home/widha893/ros2_hil_quadrotor/build/sensor_data_logger/prefix_override:/usr/lib/python3/dist-packages/colcon_core/task/python/colcon_distutils_commands:/home/widha893/ros2_hil_quadrotor/install/sensor_data_logger/lib/python3.10/site-packages:${PYTHONPATH} /usr/bin/python3 -W ignore:setup.py install is deprecated -W ignore:easy_install command is deprecated setup.py egg_info --egg-base ../build/sensor_data_logger build --build-base /home/widha893/ros2_hil_quadrotor/build/sensor_data_logger/build install --record /home/widha893/ros2_hil_quadrotor/build/sensor_data_logger/install.log --single-version-externally-managed install_data
