[1.842s] Invoking command in '/home/widha893/ros2_hil_quadrotor/hitl': PYTHONPATH=/home/widha893/ros2_hil_quadrotor/build/hitl/prefix_override:/usr/lib/python3/dist-packages/colcon_core/task/python/colcon_distutils_commands:/home/widha893/ros2_hil_quadrotor/install/hitl/lib/python3.10/site-packages:${PYTHONPATH} /usr/bin/python3 -W ignore:setup.py install is deprecated setup.py egg_info --egg-base ../build/hitl build --build-base /home/widha893/ros2_hil_quadrotor/build/hitl/build install --record /home/widha893/ros2_hil_quadrotor/build/hitl/install.log --single-version-externally-managed install_data
[2.296s] running egg_info
[2.297s] writing ../build/hitl/hitl.egg-info/PKG-INFO
[2.298s] writing dependency_links to ../build/hitl/hitl.egg-info/dependency_links.txt
[2.298s] writing entry points to ../build/hitl/hitl.egg-info/entry_points.txt
[2.299s] writing requirements to ../build/hitl/hitl.egg-info/requires.txt
[2.299s] writing top-level names to ../build/hitl/hitl.egg-info/top_level.txt
[2.302s] reading manifest file '../build/hitl/hitl.egg-info/SOURCES.txt'
[2.303s] writing manifest file '../build/hitl/hitl.egg-info/SOURCES.txt'
[2.303s] running build
[2.303s] running build_py
[2.304s] copying hitl/hitl_node.py -> /home/widha893/ros2_hil_quadrotor/build/hitl/build/lib/hitl
[2.305s] running install
[2.305s] running install_lib
[2.307s] copying /home/widha893/ros2_hil_quadrotor/build/hitl/build/lib/hitl/hitl_node.py -> /home/widha893/ros2_hil_quadrotor/install/hitl/lib/python3.10/site-packages/hitl
[2.308s] byte-compiling /home/widha893/ros2_hil_quadrotor/install/hitl/lib/python3.10/site-packages/hitl/hitl_node.py to hitl_node.cpython-310.pyc
[2.310s] running install_data
[2.311s] running install_egg_info
[2.314s] removing '/home/widha893/ros2_hil_quadrotor/install/hitl/lib/python3.10/site-packages/hitl-0.0.0-py3.10.egg-info' (and everything under it)
[2.318s] Copying ../build/hitl/hitl.egg-info to /home/widha893/ros2_hil_quadrotor/install/hitl/lib/python3.10/site-packages/hitl-0.0.0-py3.10.egg-info
[2.318s] running install_scripts
[2.351s] Installing communication script to /home/widha893/ros2_hil_quadrotor/install/hitl/lib/hitl
[2.352s] Installing hitl_node script to /home/widha893/ros2_hil_quadrotor/install/hitl/lib/hitl
[2.352s] Installing receiver script to /home/widha893/ros2_hil_quadrotor/install/hitl/lib/hitl
[2.352s] writing list of installed files to '/home/widha893/ros2_hil_quadrotor/build/hitl/install.log'
[2.412s] Invoked command in '/home/widha893/ros2_hil_quadrotor/hitl' returned '0': PYTHONPATH=/home/widha893/ros2_hil_quadrotor/build/hitl/prefix_override:/usr/lib/python3/dist-packages/colcon_core/task/python/colcon_distutils_commands:/home/widha893/ros2_hil_quadrotor/install/hitl/lib/python3.10/site-packages:${PYTHONPATH} /usr/bin/python3 -W ignore:setup.py install is deprecated setup.py egg_info --egg-base ../build/hitl build --build-base /home/widha893/ros2_hil_quadrotor/build/hitl/build install --record /home/widha893/ros2_hil_quadrotor/build/hitl/install.log --single-version-externally-managed install_data
