[1.207s] Invoking command in '/home/widha893/ros2_hil_quadrotor/build/sjtu_drone_description': CMAKE_PREFIX_PATH=${CMAKE_PREFIX_PATH}:/home/widha893/ros2_hil_quadrotor/install:/home/widha893/ros2_hil_quadrotor/install/sjtu_drone_control:/home/widha893/ros2_hil_quadrotor/install/sjtu_drone_bringup:/home/widha893/ros2_hil_quadrotor/install/sensor_data_logger:/home/widha893/ros2_hil_quadrotor/install/hitl:/opt/ros/humble: /usr/bin/cmake --build /home/widha893/ros2_hil_quadrotor/build/sjtu_drone_description -- -j8 -l8
[1.289s] [35m[1mConsolidate compiler generated dependencies of target plugin_drone[0m
[1.378s] [ 20%] [32mBuilding CXX object CMakeFiles/plugin_drone.dir/src/plugin_drone_private.cpp.o[0m
[13.224s] [01m[K/home/widha893/ros2_hil_quadrotor/sjtu_drone_description/src/plugin_drone_private.cpp:[m[K In member function ‘[01m[Kvoid gazebo_plugins::DroneSimpleControllerPrivate::UpdateDynamics(double)[m[K’:
[13.224s] [01m[K/home/widha893/ros2_hil_quadrotor/sjtu_drone_description/src/plugin_drone_private.cpp:697:16:[m[K [01;35m[Kwarning: [m[Kunused variable ‘[01m[Ktotal_force[m[K’ [[01;35m[K]8;;https://gcc.gnu.org/onlinedocs/gcc/Warning-Options.html#index-Wunused-variable-Wunused-variable]8;;[m[K]
[13.224s]   697 |         double [01;35m[Ktotal_force[m[K = msg_.controls.total_force;
[13.224s]       |                [01;35m[K^~~~~~~~~~~[m[K
[13.274s] In file included from [01m[K/opt/ros/humble/include/gazebo_ros/conversions/generic.hpp:25[m[K,
[13.274s]                  from [01m[K/opt/ros/humble/include/gazebo_ros/conversions/builtin_interfaces.hpp:23[m[K,
[13.274s]                  from [01m[K/home/widha893/ros2_hil_quadrotor/sjtu_drone_description/src/plugin_drone_private.cpp:15[m[K:
[13.274s] [01m[K/home/widha893/ros2_hil_quadrotor/sjtu_drone_description/src/plugin_drone_private.cpp:714:17:[m[K [01;31m[Kerror: [m[K‘[01m[Kget_logger[m[K’ was not declared in this scope; did you mean ‘[01m[Krclcpp::get_logger[m[K’?
[13.275s]   714 |     RCLCPP_INFO([01;31m[Kget_logger[m[K(), "Normal control");
[13.275s]       |                 [01;31m[K^~~~~~~~~~[m[K
[13.275s] In file included from [01m[K/opt/ros/humble/include/rclcpp/rclcpp/logging.hpp:23[m[K,
[13.275s]                  from [01m[K/opt/ros/humble/include/gazebo_ros/conversions/generic.hpp:25[m[K,
[13.275s]                  from [01m[K/opt/ros/humble/include/gazebo_ros/conversions/builtin_interfaces.hpp:23[m[K,
[13.275s]                  from [01m[K/home/widha893/ros2_hil_quadrotor/sjtu_drone_description/src/plugin_drone_private.cpp:15[m[K:
[13.275s] [01m[K/opt/ros/humble/include/rclcpp/rclcpp/logger.hpp:106:17:[m[K [01;36m[Knote: [m[K‘[01m[Krclcpp::get_logger[m[K’ declared here
[13.275s]   106 |   friend Logger [01;36m[Krclcpp[m[K::get_logger(const std::string & name);
[13.276s]       |                 [01;36m[K^~~~~~[m[K
[13.276s] In file included from [01m[K/opt/ros/humble/include/gazebo_ros/conversions/generic.hpp:25[m[K,
[13.276s]                  from [01m[K/opt/ros/humble/include/gazebo_ros/conversions/builtin_interfaces.hpp:23[m[K,
[13.277s]                  from [01m[K/home/widha893/ros2_hil_quadrotor/sjtu_drone_description/src/plugin_drone_private.cpp:15[m[K:
[13.277s] [01m[K/home/widha893/ros2_hil_quadrotor/sjtu_drone_description/src/plugin_drone_private.cpp:714:5:[m[K [01;31m[Kerror: [m[Ktemplate argument 1 is invalid
[13.277s]   714 |     [01;31m[KRCLCPP_INFO[m[K(get_logger(), "Normal control");
[13.277s]       |     [01;31m[K^~~~~~~~~~~[m[K
[13.277s] [01m[K/home/widha893/ros2_hil_quadrotor/sjtu_drone_description/src/plugin_drone_private.cpp:714:5:[m[K [01;31m[Kerror: [m[Ktemplate argument 1 is invalid
[13.277s]   714 |     [01;31m[KRCLCPP_INFO[m[K(get_logger(), "Normal control");
[13.278s]       |     [01;31m[K^~~~~~~~~~~[m[K
[13.278s] [01m[K/home/widha893/ros2_hil_quadrotor/sjtu_drone_description/src/plugin_drone_private.cpp:714:5:[m[K [01;31m[Kerror: [m[Ktemplate argument 1 is invalid
[13.278s]   714 |     [01;31m[KRCLCPP_INFO[m[K(get_logger(), "Normal control");
[13.278s]       |     [01;31m[K^~~~~~~~~~~[m[K
[21.119s] gmake[2]: *** [CMakeFiles/plugin_drone.dir/build.make:90: CMakeFiles/plugin_drone.dir/src/plugin_drone_private.cpp.o] Error 1
[21.120s] gmake[1]: *** [CMakeFiles/Makefile2:137: CMakeFiles/plugin_drone.dir/all] Error 2
[21.120s] gmake: *** [Makefile:146: all] Error 2
[21.122s] Invoked command in '/home/widha893/ros2_hil_quadrotor/build/sjtu_drone_description' returned '2': CMAKE_PREFIX_PATH=${CMAKE_PREFIX_PATH}:/home/widha893/ros2_hil_quadrotor/install:/home/widha893/ros2_hil_quadrotor/install/sjtu_drone_control:/home/widha893/ros2_hil_quadrotor/install/sjtu_drone_bringup:/home/widha893/ros2_hil_quadrotor/install/sensor_data_logger:/home/widha893/ros2_hil_quadrotor/install/hitl:/opt/ros/humble: /usr/bin/cmake --build /home/widha893/ros2_hil_quadrotor/build/sjtu_drone_description -- -j8 -l8
