[1.013s] Invoking command in '/home/widha893/ros2_hil_quadrotor/build/sjtu_drone_description': CMAKE_PREFIX_PATH=${CMAKE_PREFIX_PATH}:/home/widha893/ros2_hil_quadrotor/install/sjtu_drone_control:/home/widha893/ros2_hil_quadrotor/install/sjtu_drone_bringup:/home/widha893/ros2_hil_quadrotor/install/sensor_data_logger:/home/widha893/ros2_hil_quadrotor/install/hitl:/opt/ros/humble /usr/bin/cmake --build /home/widha893/ros2_hil_quadrotor/build/sjtu_drone_description -- -j8 -l8
[1.216s] [ 25%] [32mBuilding CXX object CMakeFiles/plugin_drone.dir/src/plugin_drone.cpp.o[0m
[1.221s] [ 50%] [32mBuilding CXX object CMakeFiles/plugin_drone.dir/src/plugin_drone_private.cpp.o[0m
[22.638s] In file included from [01m[K/home/widha893/ros2_hil_quadrotor/sjtu_drone_description/include/sjtu_drone_description/plugin_drone.h:23[m[K,
[22.839s]                  from [01m[K/home/widha893/ros2_hil_quadrotor/sjtu_drone_description/src/plugin_drone.cpp:15[m[K:
[22.839s] [01m[K/home/widha893/ros2_hil_quadrotor/sjtu_drone_description/include/sjtu_drone_description/plugin_drone_private.h:134:51:[m[K [01;31m[Kerror: [m[K‘[01m[KFloat64Multiarray[m[K’ in namespace ‘[01m[Kstd_msgs::msg[m[K’ does not name a type; did you mean ‘[01m[KFloat64MultiArray[m[K’?
[22.839s]   134 |   void simControllerCallback(const std_msgs::msg::[01;31m[KFloat64Multiarray[m[K::SharedPtr cmd);
[22.839s]       |                                                   [01;31m[K^~~~~~~~~~~~~~~~~[m[K
[22.839s]       |                                                   [32m[KFloat64MultiArray[m[K
[22.839s] [01m[K/home/widha893/ros2_hil_quadrotor/sjtu_drone_description/include/sjtu_drone_description/plugin_drone_private.h:134:80:[m[K [01;31m[Kerror: [m[Kexpected unqualified-id before ‘[01m[Kcmd[m[K’
[22.840s]   134 | trollerCallback(const std_msgs::msg::Float64Multiarray::SharedPtr [01;31m[Kcmd[m[K);
[22.840s]       |                                                                   [01;31m[K^~~[m[K
[22.840s] 
[22.840s] [01m[K/home/widha893/ros2_hil_quadrotor/sjtu_drone_description/include/sjtu_drone_description/plugin_drone_private.h:134:79:[m[K [01;31m[Kerror: [m[Kexpected ‘[01m[K)[m[K’ before ‘[01m[Kcmd[m[K’
[22.840s]   134 | trollerCallback[34m[K([m[Kconst std_msgs::msg::Float64Multiarray::SharedPtr[01;31m[K [m[K[32m[Kcmd[m[K);
[22.840s]       |                [34m[K~[m[K                                                 [01;31m[K^[m[K[32m[K~~~[m[K
[22.840s]       |                                                                  [32m[K)[m[K
[22.840s] [01m[K/home/widha893/ros2_hil_quadrotor/sjtu_drone_description/include/sjtu_drone_description/plugin_drone_private.h:134:70:[m[K [01;31m[Kerror: [m[Kexpected ‘[01m[K;[m[K’ at end of member declaration
[22.840s]   134 | mControllerCallback(const std_msgs::msg::Float64Multiarray::[01;31m[KSharedPtr[m[K cmd);
[22.840s]       |                                                             [01;31m[K^~~~~~~~~[m[K
[22.840s]       |                                                                      [32m[K;[m[K
[22.840s] [01m[K/home/widha893/ros2_hil_quadrotor/sjtu_drone_description/include/sjtu_drone_description/plugin_drone_private.h:134:80:[m[K [01;31m[Kerror: [m[K‘[01m[Kcmd[m[K’ does not name a type
[22.840s]   134 | trollerCallback(const std_msgs::msg::Float64Multiarray::SharedPtr [01;31m[Kcmd[m[K);
[22.840s]       |                                                                   [01;31m[K^~~[m[K
[22.840s] 
[23.039s] In file included from [01m[K/home/widha893/ros2_hil_quadrotor/sjtu_drone_description/src/plugin_drone_private.cpp:18[m[K:
[23.039s] [01m[K/home/widha893/ros2_hil_quadrotor/sjtu_drone_description/include/sjtu_drone_description/plugin_drone_private.h:134:51:[m[K [01;31m[Kerror: [m[K‘[01m[KFloat64Multiarray[m[K’ in namespace ‘[01m[Kstd_msgs::msg[m[K’ does not name a type; did you mean ‘[01m[KFloat64MultiArray[m[K’?
[23.039s]   134 |   void simControllerCallback(const std_msgs::msg::[01;31m[KFloat64Multiarray[m[K::SharedPtr cmd);
[23.040s]       |                                                   [01;31m[K^~~~~~~~~~~~~~~~~[m[K
[23.040s]       |                                                   [32m[KFloat64MultiArray[m[K
[23.040s] [01m[K/home/widha893/ros2_hil_quadrotor/sjtu_drone_description/include/sjtu_drone_description/plugin_drone_private.h:134:80:[m[K [01;31m[Kerror: [m[Kexpected unqualified-id before ‘[01m[Kcmd[m[K’
[23.040s]   134 |   void simControllerCallback(const std_msgs::msg::Float64Multiarray::SharedPtr [01;31m[Kcmd[m[K);
[23.040s]       |                                                                                [01;31m[K^~~[m[K
[23.040s] [01m[K/home/widha893/ros2_hil_quadrotor/sjtu_drone_description/include/sjtu_drone_description/plugin_drone_private.h:134:79:[m[K [01;31m[Kerror: [m[Kexpected ‘[01m[K)[m[K’ before ‘[01m[Kcmd[m[K’
[23.040s]   134 |   void simControllerCallback[34m[K([m[Kconst std_msgs::msg::Float64Multiarray::SharedPtr[01;31m[K [m[K[32m[Kcmd[m[K);
[23.040s]       |                             [34m[K~[m[K                                                 [01;31m[K^[m[K[32m[K~~~[m[K
[23.040s]       |                                                                               [32m[K)[m[K
[23.040s] [01m[K/home/widha893/ros2_hil_quadrotor/sjtu_drone_description/include/sjtu_drone_description/plugin_drone_private.h:134:70:[m[K [01;31m[Kerror: [m[Kexpected ‘[01m[K;[m[K’ at end of member declaration
[23.040s]   134 |   void simControllerCallback(const std_msgs::msg::Float64Multiarray::[01;31m[KSharedPtr[m[K cmd);
[23.040s]       |                                                                      [01;31m[K^~~~~~~~~[m[K
[23.040s]       |                                                                               [32m[K;[m[K
[23.044s] [01m[K/home/widha893/ros2_hil_quadrotor/sjtu_drone_description/include/sjtu_drone_description/plugin_drone_private.h:134:80:[m[K [01;31m[Kerror: [m[K‘[01m[Kcmd[m[K’ does not name a type
[23.044s]   134 |   void simControllerCallback(const std_msgs::msg::Float64Multiarray::SharedPtr [01;31m[Kcmd[m[K);
[23.044s]       |                                                                                [01;31m[K^~~[m[K
[23.634s] [01m[K/home/widha893/ros2_hil_quadrotor/sjtu_drone_description/src/plugin_drone_private.cpp:60:6:[m[K [01;31m[Kerror: [m[Kno declaration matches ‘[01m[Kvoid gazebo_plugins::DroneSimpleControllerPrivate::InitSubscribers(std::string, std::string, std::string, std::string, std::string, std::string, std::string, std::string, std::string)[m[K’
[23.635s]    60 | void [01;31m[KDroneSimpleControllerPrivate[m[K::InitSubscribers(
[23.635s]       |      [01;31m[K^~~~~~~~~~~~~~~~~~~~~~~~~~~~[m[K
[23.635s] In file included from [01m[K/home/widha893/ros2_hil_quadrotor/sjtu_drone_description/src/plugin_drone_private.cpp:18[m[K:
[23.635s] [01m[K/home/widha893/ros2_hil_quadrotor/sjtu_drone_description/include/sjtu_drone_description/plugin_drone_private.h:65:8:[m[K [01;36m[Knote: [m[Kcandidate is: ‘[01m[Kvoid gazebo_plugins::DroneSimpleControllerPrivate::InitSubscribers(std::string, std::string, std::string, std::string, std::string, std::string, std::string, std::string, std::string, std::string, std::string)[m[K’
[23.636s]    65 |   void [01;36m[KInitSubscribers[m[K(
[23.636s]       |        [01;36m[K^~~~~~~~~~~~~~~[m[K
[23.636s] [01m[K/home/widha893/ros2_hil_quadrotor/sjtu_drone_description/include/sjtu_drone_description/plugin_drone_private.h:58:7:[m[K [01;36m[Knote: [m[K‘[01m[Kclass gazebo_plugins::DroneSimpleControllerPrivate[m[K’ defined here
[23.636s]    58 | class [01;36m[KDroneSimpleControllerPrivate[m[K
[23.636s]       |       [01;36m[K^~~~~~~~~~~~~~~~~~~~~~~~~~~~[m[K
[23.673s] [01m[K/home/widha893/ros2_hil_quadrotor/sjtu_drone_description/src/plugin_drone_private.cpp:354:6:[m[K [01;31m[Kerror: [m[Kno declaration matches ‘[01m[Kvoid gazebo_plugins::DroneSimpleControllerPrivate::simControllerCallback(std_msgs::msg::Float64MultiArray_<std::allocator<void> >::SharedPtr)[m[K’
[23.673s]   354 | void [01;31m[KDroneSimpleControllerPrivate[m[K::simControllerCallback(const std_msgs::msg::Float64MultiArray::SharedPtr cmd)
[23.673s]       |      [01;31m[K^~~~~~~~~~~~~~~~~~~~~~~~~~~~[m[K
[23.673s] In file included from [01m[K/home/widha893/ros2_hil_quadrotor/sjtu_drone_description/src/plugin_drone_private.cpp:18[m[K:
[23.673s] [01m[K/home/widha893/ros2_hil_quadrotor/sjtu_drone_description/include/sjtu_drone_description/plugin_drone_private.h:134:8:[m[K [01;36m[Knote: [m[Kcandidate is: ‘[01m[Kvoid gazebo_plugins::DroneSimpleControllerPrivate::simControllerCallback(...)[m[K’
[23.673s]   134 |   void [01;36m[KsimControllerCallback[m[K(const std_msgs::msg::Float64Multiarray::SharedPtr cmd);
[23.673s]       |        [01;36m[K^~~~~~~~~~~~~~~~~~~~~[m[K
[23.673s] In file included from [01m[K/home/widha893/ros2_hil_quadrotor/sjtu_drone_description/src/plugin_drone_private.cpp:18[m[K:
[23.673s] [01m[K/home/widha893/ros2_hil_quadrotor/sjtu_drone_description/include/sjtu_drone_description/plugin_drone_private.h:58:7:[m[K [01;36m[Knote: [m[K‘[01m[Kclass gazebo_plugins::DroneSimpleControllerPrivate[m[K’ defined here
[23.673s]    58 | class [01;36m[KDroneSimpleControllerPrivate[m[K
[23.673s]       |       [01;36m[K^~~~~~~~~~~~~~~~~~~~~~~~~~~~[m[K
[28.268s] gmake[2]: *** [CMakeFiles/plugin_drone.dir/build.make:76: CMakeFiles/plugin_drone.dir/src/plugin_drone.cpp.o] Error 1
[28.268s] gmake[2]: *** Waiting for unfinished jobs....
[28.413s] gmake[2]: *** [CMakeFiles/plugin_drone.dir/build.make:90: CMakeFiles/plugin_drone.dir/src/plugin_drone_private.cpp.o] Error 1
[28.414s] gmake[1]: *** [CMakeFiles/Makefile2:137: CMakeFiles/plugin_drone.dir/all] Error 2
[28.414s] gmake: *** [Makefile:146: all] Error 2
[28.442s] Invoked command in '/home/widha893/ros2_hil_quadrotor/build/sjtu_drone_description' returned '2': CMAKE_PREFIX_PATH=${CMAKE_PREFIX_PATH}:/home/widha893/ros2_hil_quadrotor/install/sjtu_drone_control:/home/widha893/ros2_hil_quadrotor/install/sjtu_drone_bringup:/home/widha893/ros2_hil_quadrotor/install/sensor_data_logger:/home/widha893/ros2_hil_quadrotor/install/hitl:/opt/ros/humble /usr/bin/cmake --build /home/widha893/ros2_hil_quadrotor/build/sjtu_drone_description -- -j8 -l8
