[1.551s] Invoking command in '/home/widha893/ros2_hil_quadrotor/hitl': PYTHONPATH=/home/widha893/ros2_hil_quadrotor/build/hitl/prefix_override:/usr/lib/python3/dist-packages/colcon_core/task/python/colcon_distutils_commands:/home/widha893/ros2_hil_quadrotor/install/hitl/lib/python3.10/site-packages:${PYTHONPATH} /usr/bin/python3 -W ignore:setup.py install is deprecated -W ignore:easy_install command is deprecated setup.py egg_info --egg-base ../build/hitl build --build-base /home/widha893/ros2_hil_quadrotor/build/hitl/build install --record /home/widha893/ros2_hil_quadrotor/build/hitl/install.log --single-version-externally-managed install_data
[1.874s] running egg_info
[1.875s] writing ../build/hitl/hitl.egg-info/PKG-INFO
[1.876s] writing dependency_links to ../build/hitl/hitl.egg-info/dependency_links.txt
[1.876s] writing entry points to ../build/hitl/hitl.egg-info/entry_points.txt
[1.876s] writing requirements to ../build/hitl/hitl.egg-info/requires.txt
[1.876s] writing top-level names to ../build/hitl/hitl.egg-info/top_level.txt
[1.880s] reading manifest file '../build/hitl/hitl.egg-info/SOURCES.txt'
[1.884s] writing manifest file '../build/hitl/hitl.egg-info/SOURCES.txt'
[1.884s] running build
[1.884s] running build_py
[1.884s] copying hitl/hitl_control.py -> /home/widha893/ros2_hil_quadrotor/build/hitl/build/lib/hitl
[1.884s] copying hitl/quadrotor_controller.py -> /home/widha893/ros2_hil_quadrotor/build/hitl/build/lib/hitl
[1.887s] running install
[1.887s] running install_lib
[1.887s] copying /home/widha893/ros2_hil_quadrotor/build/hitl/build/lib/hitl/hitl_control.py -> /home/widha893/ros2_hil_quadrotor/install/hitl/lib/python3.10/site-packages/hitl
[1.887s] copying /home/widha893/ros2_hil_quadrotor/build/hitl/build/lib/hitl/quadrotor_controller.py -> /home/widha893/ros2_hil_quadrotor/install/hitl/lib/python3.10/site-packages/hitl
[1.889s] byte-compiling /home/widha893/ros2_hil_quadrotor/install/hitl/lib/python3.10/site-packages/hitl/hitl_control.py to hitl_control.cpython-310.pyc
[1.890s] byte-compiling /home/widha893/ros2_hil_quadrotor/install/hitl/lib/python3.10/site-packages/hitl/quadrotor_controller.py to quadrotor_controller.cpython-310.pyc
[1.892s] running install_data
[1.892s] running install_egg_info
[1.895s] removing '/home/widha893/ros2_hil_quadrotor/install/hitl/lib/python3.10/site-packages/hitl-0.0.0-py3.10.egg-info' (and everything under it)
[1.896s] Copying ../build/hitl/hitl.egg-info to /home/widha893/ros2_hil_quadrotor/install/hitl/lib/python3.10/site-packages/hitl-0.0.0-py3.10.egg-info
[1.897s] running install_scripts
[1.949s] Installing communication script to /home/widha893/ros2_hil_quadrotor/install/hitl/lib/hitl
[1.949s] Installing controller script to /home/widha893/ros2_hil_quadrotor/install/hitl/lib/hitl
[1.949s] Installing data_analyzer script to /home/widha893/ros2_hil_quadrotor/install/hitl/lib/hitl
[1.949s] Installing hitl_node script to /home/widha893/ros2_hil_quadrotor/install/hitl/lib/hitl
[1.949s] Installing receiver script to /home/widha893/ros2_hil_quadrotor/install/hitl/lib/hitl
[1.953s] writing list of installed files to '/home/widha893/ros2_hil_quadrotor/build/hitl/install.log'
[2.034s] Invoked command in '/home/widha893/ros2_hil_quadrotor/hitl' returned '0': PYTHONPATH=/home/widha893/ros2_hil_quadrotor/build/hitl/prefix_override:/usr/lib/python3/dist-packages/colcon_core/task/python/colcon_distutils_commands:/home/widha893/ros2_hil_quadrotor/install/hitl/lib/python3.10/site-packages:${PYTHONPATH} /usr/bin/python3 -W ignore:setup.py install is deprecated -W ignore:easy_install command is deprecated setup.py egg_info --egg-base ../build/hitl build --build-base /home/widha893/ros2_hil_quadrotor/build/hitl/build install --record /home/widha893/ros2_hil_quadrotor/build/hitl/install.log --single-version-externally-managed install_data
