[1.512s] Invoking command in '/home/widha893/ros2_hil_quadrotor/hitl': PYTHONPATH=/home/widha893/ros2_hil_quadrotor/build/hitl/prefix_override:/usr/lib/python3/dist-packages/colcon_core/task/python/colcon_distutils_commands:/home/widha893/ros2_hil_quadrotor/install/hitl/lib/python3.10/site-packages:${PYTHONPATH} /usr/bin/python3 -W ignore:setup.py install is deprecated setup.py egg_info --egg-base ../build/hitl build --build-base /home/widha893/ros2_hil_quadrotor/build/hitl/build install --record /home/widha893/ros2_hil_quadrotor/build/hitl/install.log --single-version-externally-managed install_data
[1.885s] running egg_info
[1.886s] writing ../build/hitl/hitl.egg-info/PKG-INFO
[1.903s] writing dependency_links to ../build/hitl/hitl.egg-info/dependency_links.txt
[1.903s] writing entry points to ../build/hitl/hitl.egg-info/entry_points.txt
[1.903s] writing requirements to ../build/hitl/hitl.egg-info/requires.txt
[1.903s] writing top-level names to ../build/hitl/hitl.egg-info/top_level.txt
[1.903s] reading manifest file '../build/hitl/hitl.egg-info/SOURCES.txt'
[1.903s] writing manifest file '../build/hitl/hitl.egg-info/SOURCES.txt'
[1.903s] running build
[1.906s] running build_py
[1.906s] running install
[1.910s] running install_lib
[1.911s] running install_data
[1.911s] running install_egg_info
[1.914s] removing '/home/widha893/ros2_hil_quadrotor/install/hitl/lib/python3.10/site-packages/hitl-0.0.0-py3.10.egg-info' (and everything under it)
[1.915s] Copying ../build/hitl/hitl.egg-info to /home/widha893/ros2_hil_quadrotor/install/hitl/lib/python3.10/site-packages/hitl-0.0.0-py3.10.egg-info
[1.915s] running install_scripts
[1.949s] Installing communication script to /home/widha893/ros2_hil_quadrotor/install/hitl/lib/hitl
[1.950s] Installing receiver script to /home/widha893/ros2_hil_quadrotor/install/hitl/lib/hitl
[1.950s] writing list of installed files to '/home/widha893/ros2_hil_quadrotor/build/hitl/install.log'
[2.003s] Invoked command in '/home/widha893/ros2_hil_quadrotor/hitl' returned '0': PYTHONPATH=/home/widha893/ros2_hil_quadrotor/build/hitl/prefix_override:/usr/lib/python3/dist-packages/colcon_core/task/python/colcon_distutils_commands:/home/widha893/ros2_hil_quadrotor/install/hitl/lib/python3.10/site-packages:${PYTHONPATH} /usr/bin/python3 -W ignore:setup.py install is deprecated setup.py egg_info --egg-base ../build/hitl build --build-base /home/widha893/ros2_hil_quadrotor/build/hitl/build install --record /home/widha893/ros2_hil_quadrotor/build/hitl/install.log --single-version-externally-managed install_data
