[3.651s] Invoking command in '/home/widha893/ros2_hil_quadrotor/sensor_data_logger': PYTHONPATH=/home/widha893/ros2_hil_quadrotor/build/sensor_data_logger/prefix_override:/usr/lib/python3/dist-packages/colcon_core/task/python/colcon_distutils_commands:/home/widha893/ros2_hil_quadrotor/install/sensor_data_logger/lib/python3.10/site-packages:${PYTHONPATH} /usr/bin/python3 -W ignore:setup.py install is deprecated -W ignore:easy_install command is deprecated setup.py egg_info --egg-base ../build/sensor_data_logger build --build-base /home/widha893/ros2_hil_quadrotor/build/sensor_data_logger/build install --record /home/widha893/ros2_hil_quadrotor/build/sensor_data_logger/install.log --single-version-externally-managed install_data
[3.913s] running egg_info
[3.958s] writing ../build/sensor_data_logger/sensor_data_logger.egg-info/PKG-INFO
[3.958s] writing dependency_links to ../build/sensor_data_logger/sensor_data_logger.egg-info/dependency_links.txt
[3.977s] writing entry points to ../build/sensor_data_logger/sensor_data_logger.egg-info/entry_points.txt
[3.977s] writing requirements to ../build/sensor_data_logger/sensor_data_logger.egg-info/requires.txt
[3.977s] writing top-level names to ../build/sensor_data_logger/sensor_data_logger.egg-info/top_level.txt
[3.980s] reading manifest file '../build/sensor_data_logger/sensor_data_logger.egg-info/SOURCES.txt'
[3.982s] writing manifest file '../build/sensor_data_logger/sensor_data_logger.egg-info/SOURCES.txt'
[3.982s] running build
[3.982s] running build_py
[3.982s] running install
[3.984s] running install_lib
[4.091s] running install_data
[4.091s] running install_egg_info
[4.094s] removing '/home/widha893/ros2_hil_quadrotor/install/sensor_data_logger/lib/python3.10/site-packages/sensor_data_logger-0.0.0-py3.10.egg-info' (and everything under it)
[4.094s] Copying ../build/sensor_data_logger/sensor_data_logger.egg-info to /home/widha893/ros2_hil_quadrotor/install/sensor_data_logger/lib/python3.10/site-packages/sensor_data_logger-0.0.0-py3.10.egg-info
[4.095s] running install_scripts
[4.123s] Installing sensor_data_logger script to /home/widha893/ros2_hil_quadrotor/install/sensor_data_logger/lib/sensor_data_logger
[4.123s] writing list of installed files to '/home/widha893/ros2_hil_quadrotor/build/sensor_data_logger/install.log'
[4.373s] Invoked command in '/home/widha893/ros2_hil_quadrotor/sensor_data_logger' returned '0': PYTHONPATH=/home/widha893/ros2_hil_quadrotor/build/sensor_data_logger/prefix_override:/usr/lib/python3/dist-packages/colcon_core/task/python/colcon_distutils_commands:/home/widha893/ros2_hil_quadrotor/install/sensor_data_logger/lib/python3.10/site-packages:${PYTHONPATH} /usr/bin/python3 -W ignore:setup.py install is deprecated -W ignore:easy_install command is deprecated setup.py egg_info --egg-base ../build/sensor_data_logger build --build-base /home/widha893/ros2_hil_quadrotor/build/sensor_data_logger/build install --record /home/widha893/ros2_hil_quadrotor/build/sensor_data_logger/install.log --single-version-externally-managed install_data
