[2.508s] Invoking command in '/home/widha893/ros2_hil_quadrotor/sensor_data_logger': PYTHONPATH=/home/widha893/ros2_hil_quadrotor/build/sensor_data_logger/prefix_override:/usr/lib/python3/dist-packages/colcon_core/task/python/colcon_distutils_commands:/home/widha893/ros2_hil_quadrotor/install/sensor_data_logger/lib/python3.10/site-packages:${PYTHONPATH} /usr/bin/python3 -W ignore:setup.py install is deprecated -W ignore:easy_install command is deprecated setup.py egg_info --egg-base ../build/sensor_data_logger build --build-base /home/widha893/ros2_hil_quadrotor/build/sensor_data_logger/build install --record /home/widha893/ros2_hil_quadrotor/build/sensor_data_logger/install.log --single-version-externally-managed install_data
[2.767s] running egg_info
[2.768s] writing ../build/sensor_data_logger/sensor_data_logger.egg-info/PKG-INFO
[2.770s] writing dependency_links to ../build/sensor_data_logger/sensor_data_logger.egg-info/dependency_links.txt
[2.771s] writing entry points to ../build/sensor_data_logger/sensor_data_logger.egg-info/entry_points.txt
[2.771s] writing requirements to ../build/sensor_data_logger/sensor_data_logger.egg-info/requires.txt
[2.771s] writing top-level names to ../build/sensor_data_logger/sensor_data_logger.egg-info/top_level.txt
[2.773s] reading manifest file '../build/sensor_data_logger/sensor_data_logger.egg-info/SOURCES.txt'
[2.774s] writing manifest file '../build/sensor_data_logger/sensor_data_logger.egg-info/SOURCES.txt'
[2.774s] running build
[2.774s] running build_py
[2.774s] copying sensor_data_logger/data_logger.py -> /home/widha893/ros2_hil_quadrotor/build/sensor_data_logger/build/lib/sensor_data_logger
[2.775s] copying sensor_data_logger/__init__.py -> /home/widha893/ros2_hil_quadrotor/build/sensor_data_logger/build/lib/sensor_data_logger
[2.775s] running install
[2.776s] running install_lib
[2.777s] copying /home/widha893/ros2_hil_quadrotor/build/sensor_data_logger/build/lib/sensor_data_logger/data_logger.py -> /home/widha893/ros2_hil_quadrotor/install/sensor_data_logger/lib/python3.10/site-packages/sensor_data_logger
[2.777s] copying /home/widha893/ros2_hil_quadrotor/build/sensor_data_logger/build/lib/sensor_data_logger/__init__.py -> /home/widha893/ros2_hil_quadrotor/install/sensor_data_logger/lib/python3.10/site-packages/sensor_data_logger
[2.778s] byte-compiling /home/widha893/ros2_hil_quadrotor/install/sensor_data_logger/lib/python3.10/site-packages/sensor_data_logger/data_logger.py to data_logger.cpython-310.pyc
[2.780s] byte-compiling /home/widha893/ros2_hil_quadrotor/install/sensor_data_logger/lib/python3.10/site-packages/sensor_data_logger/__init__.py to __init__.cpython-310.pyc
[2.780s] running install_data
[2.780s] copying resource/sensor_data_logger -> /home/widha893/ros2_hil_quadrotor/install/sensor_data_logger/share/ament_index/resource_index/packages
[2.781s] copying package.xml -> /home/widha893/ros2_hil_quadrotor/install/sensor_data_logger/share/sensor_data_logger
[2.781s] running install_egg_info
[2.783s] removing '/home/widha893/ros2_hil_quadrotor/install/sensor_data_logger/lib/python3.10/site-packages/sensor_data_logger-0.0.0-py3.10.egg-info' (and everything under it)
[2.785s] Copying ../build/sensor_data_logger/sensor_data_logger.egg-info to /home/widha893/ros2_hil_quadrotor/install/sensor_data_logger/lib/python3.10/site-packages/sensor_data_logger-0.0.0-py3.10.egg-info
[2.785s] running install_scripts
[2.813s] Installing sensor_data_logger script to /home/widha893/ros2_hil_quadrotor/install/sensor_data_logger/lib/sensor_data_logger
[2.813s] writing list of installed files to '/home/widha893/ros2_hil_quadrotor/build/sensor_data_logger/install.log'
[2.866s] Invoked command in '/home/widha893/ros2_hil_quadrotor/sensor_data_logger' returned '0': PYTHONPATH=/home/widha893/ros2_hil_quadrotor/build/sensor_data_logger/prefix_override:/usr/lib/python3/dist-packages/colcon_core/task/python/colcon_distutils_commands:/home/widha893/ros2_hil_quadrotor/install/sensor_data_logger/lib/python3.10/site-packages:${PYTHONPATH} /usr/bin/python3 -W ignore:setup.py install is deprecated -W ignore:easy_install command is deprecated setup.py egg_info --egg-base ../build/sensor_data_logger build --build-base /home/widha893/ros2_hil_quadrotor/build/sensor_data_logger/build install --record /home/widha893/ros2_hil_quadrotor/build/sensor_data_logger/install.log --single-version-externally-managed install_data
