[1.965s] Invoking command in '/home/widha893/ros2_hil_quadrotor/hitl': PYTHONPATH=/home/widha893/ros2_hil_quadrotor/build/hitl/prefix_override:/usr/lib/python3/dist-packages/colcon_core/task/python/colcon_distutils_commands:/home/widha893/ros2_hil_quadrotor/install/hitl/lib/python3.10/site-packages:${PYTHONPATH} /usr/bin/python3 -W ignore:setup.py install is deprecated setup.py egg_info --egg-base ../build/hitl build --build-base /home/widha893/ros2_hil_quadrotor/build/hitl/build install --record /home/widha893/ros2_hil_quadrotor/build/hitl/install.log --single-version-externally-managed install_data
[2.276s] running egg_info
[2.276s] writing ../build/hitl/hitl.egg-info/PKG-INFO
[2.276s] writing dependency_links to ../build/hitl/hitl.egg-info/dependency_links.txt
[2.277s] writing entry points to ../build/hitl/hitl.egg-info/entry_points.txt
[2.277s] writing requirements to ../build/hitl/hitl.egg-info/requires.txt
[2.277s] writing top-level names to ../build/hitl/hitl.egg-info/top_level.txt
[2.289s] reading manifest file '../build/hitl/hitl.egg-info/SOURCES.txt'
[2.290s] writing manifest file '../build/hitl/hitl.egg-info/SOURCES.txt'
[2.290s] running build
[2.290s] running build_py
[2.291s] copying hitl/communication.py -> /home/widha893/ros2_hil_quadrotor/build/hitl/build/lib/hitl
[2.291s] copying hitl/receiver.py -> /home/widha893/ros2_hil_quadrotor/build/hitl/build/lib/hitl
[2.291s] running install
[2.291s] running install_lib
[2.293s] copying /home/widha893/ros2_hil_quadrotor/build/hitl/build/lib/hitl/communication.py -> /home/widha893/ros2_hil_quadrotor/install/hitl/lib/python3.10/site-packages/hitl
[2.293s] copying /home/widha893/ros2_hil_quadrotor/build/hitl/build/lib/hitl/receiver.py -> /home/widha893/ros2_hil_quadrotor/install/hitl/lib/python3.10/site-packages/hitl
[2.294s] byte-compiling /home/widha893/ros2_hil_quadrotor/install/hitl/lib/python3.10/site-packages/hitl/communication.py to communication.cpython-310.pyc
[2.306s] byte-compiling /home/widha893/ros2_hil_quadrotor/install/hitl/lib/python3.10/site-packages/hitl/receiver.py to receiver.cpython-310.pyc
[2.307s] running install_data
[2.307s] running install_egg_info
[2.309s] removing '/home/widha893/ros2_hil_quadrotor/install/hitl/lib/python3.10/site-packages/hitl-0.0.0-py3.10.egg-info' (and everything under it)
[2.309s] Copying ../build/hitl/hitl.egg-info to /home/widha893/ros2_hil_quadrotor/install/hitl/lib/python3.10/site-packages/hitl-0.0.0-py3.10.egg-info
[2.310s] running install_scripts
[2.344s] Installing communication script to /home/widha893/ros2_hil_quadrotor/install/hitl/lib/hitl
[2.344s] Installing receiver script to /home/widha893/ros2_hil_quadrotor/install/hitl/lib/hitl
[2.345s] writing list of installed files to '/home/widha893/ros2_hil_quadrotor/build/hitl/install.log'
[2.432s] Invoked command in '/home/widha893/ros2_hil_quadrotor/hitl' returned '0': PYTHONPATH=/home/widha893/ros2_hil_quadrotor/build/hitl/prefix_override:/usr/lib/python3/dist-packages/colcon_core/task/python/colcon_distutils_commands:/home/widha893/ros2_hil_quadrotor/install/hitl/lib/python3.10/site-packages:${PYTHONPATH} /usr/bin/python3 -W ignore:setup.py install is deprecated setup.py egg_info --egg-base ../build/hitl build --build-base /home/widha893/ros2_hil_quadrotor/build/hitl/build install --record /home/widha893/ros2_hil_quadrotor/build/hitl/install.log --single-version-externally-managed install_data
