[1.553s] Invoking command in '/home/widha893/ros2_hil_quadrotor/hitl': PYTHONPATH=/home/widha893/ros2_hil_quadrotor/build/hitl/prefix_override:/usr/lib/python3/dist-packages/colcon_core/task/python/colcon_distutils_commands:/home/widha893/ros2_hil_quadrotor/install/hitl/lib/python3.10/site-packages:${PYTHONPATH} /usr/bin/python3 -W ignore:setup.py install is deprecated setup.py egg_info --egg-base ../build/hitl build --build-base /home/widha893/ros2_hil_quadrotor/build/hitl/build install --record /home/widha893/ros2_hil_quadrotor/build/hitl/install.log --single-version-externally-managed install_data
[1.841s] running egg_info
[1.841s] writing ../build/hitl/hitl.egg-info/PKG-INFO
[1.841s] writing dependency_links to ../build/hitl/hitl.egg-info/dependency_links.txt
[1.842s] writing entry points to ../build/hitl/hitl.egg-info/entry_points.txt
[1.842s] writing requirements to ../build/hitl/hitl.egg-info/requires.txt
[1.842s] writing top-level names to ../build/hitl/hitl.egg-info/top_level.txt
[1.844s] reading manifest file '../build/hitl/hitl.egg-info/SOURCES.txt'
[1.845s] writing manifest file '../build/hitl/hitl.egg-info/SOURCES.txt'
[1.845s] running build
[1.845s] running build_py
[1.846s] copying hitl/communication.py -> /home/widha893/ros2_hil_quadrotor/build/hitl/build/lib/hitl
[1.846s] copying hitl/receiver.py -> /home/widha893/ros2_hil_quadrotor/build/hitl/build/lib/hitl
[1.846s] running install
[1.847s] running install_lib
[1.848s] copying /home/widha893/ros2_hil_quadrotor/build/hitl/build/lib/hitl/communication.py -> /home/widha893/ros2_hil_quadrotor/install/hitl/lib/python3.10/site-packages/hitl
[1.848s] copying /home/widha893/ros2_hil_quadrotor/build/hitl/build/lib/hitl/receiver.py -> /home/widha893/ros2_hil_quadrotor/install/hitl/lib/python3.10/site-packages/hitl
[1.849s] byte-compiling /home/widha893/ros2_hil_quadrotor/install/hitl/lib/python3.10/site-packages/hitl/communication.py to communication.cpython-310.pyc
[1.850s] byte-compiling /home/widha893/ros2_hil_quadrotor/install/hitl/lib/python3.10/site-packages/hitl/receiver.py to receiver.cpython-310.pyc
[1.852s] running install_data
[1.852s] running install_egg_info
[1.854s] removing '/home/widha893/ros2_hil_quadrotor/install/hitl/lib/python3.10/site-packages/hitl-0.0.0-py3.10.egg-info' (and everything under it)
[1.854s] Copying ../build/hitl/hitl.egg-info to /home/widha893/ros2_hil_quadrotor/install/hitl/lib/python3.10/site-packages/hitl-0.0.0-py3.10.egg-info
[1.855s] running install_scripts
[1.877s] Installing communication script to /home/widha893/ros2_hil_quadrotor/install/hitl/lib/hitl
[1.877s] Installing receiver script to /home/widha893/ros2_hil_quadrotor/install/hitl/lib/hitl
[1.877s] writing list of installed files to '/home/widha893/ros2_hil_quadrotor/build/hitl/install.log'
[1.907s] Invoked command in '/home/widha893/ros2_hil_quadrotor/hitl' returned '0': PYTHONPATH=/home/widha893/ros2_hil_quadrotor/build/hitl/prefix_override:/usr/lib/python3/dist-packages/colcon_core/task/python/colcon_distutils_commands:/home/widha893/ros2_hil_quadrotor/install/hitl/lib/python3.10/site-packages:${PYTHONPATH} /usr/bin/python3 -W ignore:setup.py install is deprecated setup.py egg_info --egg-base ../build/hitl build --build-base /home/widha893/ros2_hil_quadrotor/build/hitl/build install --record /home/widha893/ros2_hil_quadrotor/build/hitl/install.log --single-version-externally-managed install_data
