[4.237s] Invoking command in '/home/widha893/ros2_hil_quadrotor/hitl': PYTHONPATH=/home/widha893/ros2_hil_quadrotor/build/hitl/prefix_override:/usr/lib/python3/dist-packages/colcon_core/task/python/colcon_distutils_commands:/home/widha893/ros2_hil_quadrotor/install/hitl/lib/python3.10/site-packages:${PYTHONPATH} /usr/bin/python3 -W ignore:setup.py install is deprecated setup.py egg_info --egg-base ../build/hitl build --build-base /home/widha893/ros2_hil_quadrotor/build/hitl/build install --record /home/widha893/ros2_hil_quadrotor/build/hitl/install.log --single-version-externally-managed install_data
[4.743s] running egg_info
[4.744s] writing ../build/hitl/hitl.egg-info/PKG-INFO
[4.768s] writing dependency_links to ../build/hitl/hitl.egg-info/dependency_links.txt
[4.769s] writing entry points to ../build/hitl/hitl.egg-info/entry_points.txt
[4.770s] writing requirements to ../build/hitl/hitl.egg-info/requires.txt
[4.770s] writing top-level names to ../build/hitl/hitl.egg-info/top_level.txt
[4.772s] reading manifest file '../build/hitl/hitl.egg-info/SOURCES.txt'
[4.795s] writing manifest file '../build/hitl/hitl.egg-info/SOURCES.txt'
[4.795s] running build
[4.795s] running build_py
[4.797s] running install
[4.797s] running install_lib
[4.815s] running install_data
[4.815s] running install_egg_info
[4.818s] removing '/home/widha893/ros2_hil_quadrotor/install/hitl/lib/python3.10/site-packages/hitl-0.0.0-py3.10.egg-info' (and everything under it)
[4.819s] Copying ../build/hitl/hitl.egg-info to /home/widha893/ros2_hil_quadrotor/install/hitl/lib/python3.10/site-packages/hitl-0.0.0-py3.10.egg-info
[4.861s] running install_scripts
[4.914s] Installing communication script to /home/widha893/ros2_hil_quadrotor/install/hitl/lib/hitl
[4.915s] Installing receiver script to /home/widha893/ros2_hil_quadrotor/install/hitl/lib/hitl
[4.929s] writing list of installed files to '/home/widha893/ros2_hil_quadrotor/build/hitl/install.log'
[5.196s] Invoked command in '/home/widha893/ros2_hil_quadrotor/hitl' returned '0': PYTHONPATH=/home/widha893/ros2_hil_quadrotor/build/hitl/prefix_override:/usr/lib/python3/dist-packages/colcon_core/task/python/colcon_distutils_commands:/home/widha893/ros2_hil_quadrotor/install/hitl/lib/python3.10/site-packages:${PYTHONPATH} /usr/bin/python3 -W ignore:setup.py install is deprecated setup.py egg_info --egg-base ../build/hitl build --build-base /home/widha893/ros2_hil_quadrotor/build/hitl/build install --record /home/widha893/ros2_hil_quadrotor/build/hitl/install.log --single-version-externally-managed install_data
