[1.507s] Invoking command in '/home/widha893/ros2_hil_quadrotor/hitl': PYTHONPATH=/home/widha893/ros2_hil_quadrotor/build/hitl/prefix_override:/usr/lib/python3/dist-packages/colcon_core/task/python/colcon_distutils_commands:/home/widha893/ros2_hil_quadrotor/install/hitl/lib/python3.10/site-packages:${PYTHONPATH} /usr/bin/python3 -W ignore:setup.py install is deprecated -W ignore:easy_install command is deprecated setup.py egg_info --egg-base ../build/hitl build --build-base /home/widha893/ros2_hil_quadrotor/build/hitl/build install --record /home/widha893/ros2_hil_quadrotor/build/hitl/install.log --single-version-externally-managed install_data
[1.935s] running egg_info
[1.937s] writing ../build/hitl/hitl.egg-info/PKG-INFO
[1.937s] writing dependency_links to ../build/hitl/hitl.egg-info/dependency_links.txt
[1.938s] writing entry points to ../build/hitl/hitl.egg-info/entry_points.txt
[1.938s] writing requirements to ../build/hitl/hitl.egg-info/requires.txt
[1.938s] writing top-level names to ../build/hitl/hitl.egg-info/top_level.txt
[1.943s] reading manifest file '../build/hitl/hitl.egg-info/SOURCES.txt'
[1.945s] writing manifest file '../build/hitl/hitl.egg-info/SOURCES.txt'
[1.945s] running build
[1.945s] running build_py
[1.945s] copying hitl/quadrotor_controller.py -> /home/widha893/ros2_hil_quadrotor/build/hitl/build/lib/hitl
[1.946s] running install
[1.947s] running install_lib
[1.949s] copying /home/widha893/ros2_hil_quadrotor/build/hitl/build/lib/hitl/quadrotor_controller.py -> /home/widha893/ros2_hil_quadrotor/install/hitl/lib/python3.10/site-packages/hitl
[1.953s] byte-compiling /home/widha893/ros2_hil_quadrotor/install/hitl/lib/python3.10/site-packages/hitl/quadrotor_controller.py to quadrotor_controller.cpython-310.pyc
[1.954s] running install_data
[1.955s] running install_egg_info
[1.959s] removing '/home/widha893/ros2_hil_quadrotor/install/hitl/lib/python3.10/site-packages/hitl-0.0.0-py3.10.egg-info' (and everything under it)
[1.961s] Copying ../build/hitl/hitl.egg-info to /home/widha893/ros2_hil_quadrotor/install/hitl/lib/python3.10/site-packages/hitl-0.0.0-py3.10.egg-info
[1.964s] running install_scripts
[2.002s] Installing communication script to /home/widha893/ros2_hil_quadrotor/install/hitl/lib/hitl
[2.002s] Installing controller script to /home/widha893/ros2_hil_quadrotor/install/hitl/lib/hitl
[2.002s] Installing data_analyzer script to /home/widha893/ros2_hil_quadrotor/install/hitl/lib/hitl
[2.003s] Installing hitl_node script to /home/widha893/ros2_hil_quadrotor/install/hitl/lib/hitl
[2.003s] Installing receiver script to /home/widha893/ros2_hil_quadrotor/install/hitl/lib/hitl
[2.003s] writing list of installed files to '/home/widha893/ros2_hil_quadrotor/build/hitl/install.log'
[2.061s] Invoked command in '/home/widha893/ros2_hil_quadrotor/hitl' returned '0': PYTHONPATH=/home/widha893/ros2_hil_quadrotor/build/hitl/prefix_override:/usr/lib/python3/dist-packages/colcon_core/task/python/colcon_distutils_commands:/home/widha893/ros2_hil_quadrotor/install/hitl/lib/python3.10/site-packages:${PYTHONPATH} /usr/bin/python3 -W ignore:setup.py install is deprecated -W ignore:easy_install command is deprecated setup.py egg_info --egg-base ../build/hitl build --build-base /home/widha893/ros2_hil_quadrotor/build/hitl/build install --record /home/widha893/ros2_hil_quadrotor/build/hitl/install.log --single-version-externally-managed install_data
