[9.484s] DEBUG:colcon:Command line arguments: ['/usr/bin/colcon', 'build']
[9.484s] DEBUG:colcon:Parsed command line arguments: Namespace(log_base=None, log_level=None, verb_name='build', build_base='build', install_base='install', merge_install=False, symlink_install=False, test_result_base=None, continue_on_error=False, executor='parallel', parallel_workers=8, event_handlers=None, ignore_user_meta=False, metas=['./colcon.meta'], base_paths=['.'], packages_ignore=None, packages_ignore_regex=None, paths=None, packages_up_to=None, packages_up_to_regex=None, packages_above=None, packages_above_and_dependencies=None, packages_above_depth=None, packages_select_by_dep=None, packages_skip_by_dep=None, packages_skip_up_to=None, packages_select_build_failed=False, packages_skip_build_finished=False, packages_select_test_failures=False, packages_skip_test_passed=False, packages_select=None, packages_skip=None, packages_select_regex=None, packages_skip_regex=None, packages_start=None, packages_end=None, allow_overriding=[], cmake_args=None, cmake_target=None, cmake_target_skip_unavailable=False, cmake_clean_cache=False, cmake_clean_first=False, cmake_force_configure=False, ament_cmake_args=None, catkin_cmake_args=None, catkin_skip_building_tests=False, verb_parser=<colcon_defaults.argument_parser.defaults.DefaultArgumentsDecorator object at 0x780c7302cd00>, verb_extension=<colcon_core.verb.build.BuildVerb object at 0x780c73125840>, main=<bound method BuildVerb.main of <colcon_core.verb.build.BuildVerb object at 0x780c73125840>>)
[29.184s] Level 1:colcon.colcon_core.package_discovery:discover_packages(colcon_meta) check parameters
[29.184s] Level 1:colcon.colcon_core.package_discovery:discover_packages(recursive) check parameters
[29.184s] Level 1:colcon.colcon_core.package_discovery:discover_packages(ignore) check parameters
[29.184s] Level 1:colcon.colcon_core.package_discovery:discover_packages(path) check parameters
[29.184s] Level 1:colcon.colcon_core.package_discovery:discover_packages(colcon_meta) discover
[29.184s] Level 1:colcon.colcon_core.package_discovery:discover_packages(recursive) discover
[29.185s] INFO:colcon.colcon_core.package_discovery:Crawling recursively for packages in '/home/widha893/ros2_hil_quadrotor'
[29.185s] Level 1:colcon.colcon_core.package_identification:_identify(.) by extensions ['ignore', 'ignore_ament_install']
[29.185s] Level 1:colcon.colcon_core.package_identification:_identify(.) by extension 'ignore'
[29.185s] Level 1:colcon.colcon_core.package_identification:_identify(.) by extension 'ignore_ament_install'
[29.185s] Level 1:colcon.colcon_core.package_identification:_identify(.) by extensions ['colcon_pkg']
[29.186s] Level 1:colcon.colcon_core.package_identification:_identify(.) by extension 'colcon_pkg'
[29.186s] Level 1:colcon.colcon_core.package_identification:_identify(.) by extensions ['colcon_meta']
[29.186s] Level 1:colcon.colcon_core.package_identification:_identify(.) by extension 'colcon_meta'
[29.186s] Level 1:colcon.colcon_core.package_identification:_identify(.) by extensions ['ros']
[29.186s] Level 1:colcon.colcon_core.package_identification:_identify(.) by extension 'ros'
[30.449s] Level 1:colcon.colcon_core.package_identification:_identify(.) by extensions ['cmake', 'python']
[30.449s] Level 1:colcon.colcon_core.package_identification:_identify(.) by extension 'cmake'
[30.450s] Level 1:colcon.colcon_core.package_identification:_identify(.) by extension 'python'
[30.450s] Level 1:colcon.colcon_core.package_identification:_identify(.) by extensions ['python_setup_py']
[30.450s] Level 1:colcon.colcon_core.package_identification:_identify(.) by extension 'python_setup_py'
[30.450s] Level 1:colcon.colcon_core.package_identification:_identify(Data_Logger) by extensions ['ignore', 'ignore_ament_install']
[30.450s] Level 1:colcon.colcon_core.package_identification:_identify(Data_Logger) by extension 'ignore'
[30.450s] Level 1:colcon.colcon_core.package_identification:_identify(Data_Logger) by extension 'ignore_ament_install'
[30.450s] Level 1:colcon.colcon_core.package_identification:_identify(Data_Logger) by extensions ['colcon_pkg']
[30.450s] Level 1:colcon.colcon_core.package_identification:_identify(Data_Logger) by extension 'colcon_pkg'
[30.451s] Level 1:colcon.colcon_core.package_identification:_identify(Data_Logger) by extensions ['colcon_meta']
[30.451s] Level 1:colcon.colcon_core.package_identification:_identify(Data_Logger) by extension 'colcon_meta'
[30.451s] Level 1:colcon.colcon_core.package_identification:_identify(Data_Logger) by extensions ['ros']
[30.451s] Level 1:colcon.colcon_core.package_identification:_identify(Data_Logger) by extension 'ros'
[30.451s] Level 1:colcon.colcon_core.package_identification:_identify(Data_Logger) by extensions ['cmake', 'python']
[30.451s] Level 1:colcon.colcon_core.package_identification:_identify(Data_Logger) by extension 'cmake'
[30.451s] Level 1:colcon.colcon_core.package_identification:_identify(Data_Logger) by extension 'python'
[30.451s] Level 1:colcon.colcon_core.package_identification:_identify(Data_Logger) by extensions ['python_setup_py']
[30.451s] Level 1:colcon.colcon_core.package_identification:_identify(Data_Logger) by extension 'python_setup_py'
[30.451s] Level 1:colcon.colcon_core.package_identification:_identify(Data_Logger/Good_Data) by extensions ['ignore', 'ignore_ament_install']
[30.451s] Level 1:colcon.colcon_core.package_identification:_identify(Data_Logger/Good_Data) by extension 'ignore'
[30.451s] Level 1:colcon.colcon_core.package_identification:_identify(Data_Logger/Good_Data) by extension 'ignore_ament_install'
[30.451s] Level 1:colcon.colcon_core.package_identification:_identify(Data_Logger/Good_Data) by extensions ['colcon_pkg']
[30.452s] Level 1:colcon.colcon_core.package_identification:_identify(Data_Logger/Good_Data) by extension 'colcon_pkg'
[30.452s] Level 1:colcon.colcon_core.package_identification:_identify(Data_Logger/Good_Data) by extensions ['colcon_meta']
[30.452s] Level 1:colcon.colcon_core.package_identification:_identify(Data_Logger/Good_Data) by extension 'colcon_meta'
[30.452s] Level 1:colcon.colcon_core.package_identification:_identify(Data_Logger/Good_Data) by extensions ['ros']
[30.452s] Level 1:colcon.colcon_core.package_identification:_identify(Data_Logger/Good_Data) by extension 'ros'
[30.452s] Level 1:colcon.colcon_core.package_identification:_identify(Data_Logger/Good_Data) by extensions ['cmake', 'python']
[30.452s] Level 1:colcon.colcon_core.package_identification:_identify(Data_Logger/Good_Data) by extension 'cmake'
[30.452s] Level 1:colcon.colcon_core.package_identification:_identify(Data_Logger/Good_Data) by extension 'python'
[30.452s] Level 1:colcon.colcon_core.package_identification:_identify(Data_Logger/Good_Data) by extensions ['python_setup_py']
[30.452s] Level 1:colcon.colcon_core.package_identification:_identify(Data_Logger/Good_Data) by extension 'python_setup_py'
[30.452s] Level 1:colcon.colcon_core.package_identification:_identify(build) by extensions ['ignore', 'ignore_ament_install']
[30.452s] Level 1:colcon.colcon_core.package_identification:_identify(build) by extension 'ignore'
[30.452s] Level 1:colcon.colcon_core.package_identification:_identify(build) ignored
[30.452s] Level 1:colcon.colcon_core.package_identification:_identify(hitl) by extensions ['ignore', 'ignore_ament_install']
[30.452s] Level 1:colcon.colcon_core.package_identification:_identify(hitl) by extension 'ignore'
[30.452s] Level 1:colcon.colcon_core.package_identification:_identify(hitl) by extension 'ignore_ament_install'
[30.452s] Level 1:colcon.colcon_core.package_identification:_identify(hitl) by extensions ['colcon_pkg']
[30.453s] Level 1:colcon.colcon_core.package_identification:_identify(hitl) by extension 'colcon_pkg'
[30.453s] Level 1:colcon.colcon_core.package_identification:_identify(hitl) by extensions ['colcon_meta']
[30.453s] Level 1:colcon.colcon_core.package_identification:_identify(hitl) by extension 'colcon_meta'
[30.453s] Level 1:colcon.colcon_core.package_identification:_identify(hitl) by extensions ['ros']
[30.453s] Level 1:colcon.colcon_core.package_identification:_identify(hitl) by extension 'ros'
[30.854s] DEBUG:colcon.colcon_core.package_identification:Package 'hitl' with type 'ros.ament_python' and name 'hitl'
[30.855s] Level 1:colcon.colcon_core.package_identification:_identify(imgs) by extensions ['ignore', 'ignore_ament_install']
[30.855s] Level 1:colcon.colcon_core.package_identification:_identify(imgs) by extension 'ignore'
[30.855s] Level 1:colcon.colcon_core.package_identification:_identify(imgs) by extension 'ignore_ament_install'
[30.855s] Level 1:colcon.colcon_core.package_identification:_identify(imgs) by extensions ['colcon_pkg']
[30.855s] Level 1:colcon.colcon_core.package_identification:_identify(imgs) by extension 'colcon_pkg'
[30.855s] Level 1:colcon.colcon_core.package_identification:_identify(imgs) by extensions ['colcon_meta']
[30.856s] Level 1:colcon.colcon_core.package_identification:_identify(imgs) by extension 'colcon_meta'
[30.856s] Level 1:colcon.colcon_core.package_identification:_identify(imgs) by extensions ['ros']
[30.856s] Level 1:colcon.colcon_core.package_identification:_identify(imgs) by extension 'ros'
[30.856s] Level 1:colcon.colcon_core.package_identification:_identify(imgs) by extensions ['cmake', 'python']
[30.856s] Level 1:colcon.colcon_core.package_identification:_identify(imgs) by extension 'cmake'
[30.856s] Level 1:colcon.colcon_core.package_identification:_identify(imgs) by extension 'python'
[30.856s] Level 1:colcon.colcon_core.package_identification:_identify(imgs) by extensions ['python_setup_py']
[30.856s] Level 1:colcon.colcon_core.package_identification:_identify(imgs) by extension 'python_setup_py'
[30.857s] Level 1:colcon.colcon_core.package_identification:_identify(install) by extensions ['ignore', 'ignore_ament_install']
[30.857s] Level 1:colcon.colcon_core.package_identification:_identify(install) by extension 'ignore'
[30.857s] Level 1:colcon.colcon_core.package_identification:_identify(install) ignored
[30.857s] Level 1:colcon.colcon_core.package_identification:_identify(log) by extensions ['ignore', 'ignore_ament_install']
[30.858s] Level 1:colcon.colcon_core.package_identification:_identify(log) by extension 'ignore'
[30.858s] Level 1:colcon.colcon_core.package_identification:_identify(log) ignored
[30.858s] Level 1:colcon.colcon_core.package_identification:_identify(sensor_data_logger) by extensions ['ignore', 'ignore_ament_install']
[30.858s] Level 1:colcon.colcon_core.package_identification:_identify(sensor_data_logger) by extension 'ignore'
[30.858s] Level 1:colcon.colcon_core.package_identification:_identify(sensor_data_logger) by extension 'ignore_ament_install'
[30.858s] Level 1:colcon.colcon_core.package_identification:_identify(sensor_data_logger) by extensions ['colcon_pkg']
[30.858s] Level 1:colcon.colcon_core.package_identification:_identify(sensor_data_logger) by extension 'colcon_pkg'
[30.858s] Level 1:colcon.colcon_core.package_identification:_identify(sensor_data_logger) by extensions ['colcon_meta']
[30.859s] Level 1:colcon.colcon_core.package_identification:_identify(sensor_data_logger) by extension 'colcon_meta'
[30.859s] Level 1:colcon.colcon_core.package_identification:_identify(sensor_data_logger) by extensions ['ros']
[30.859s] Level 1:colcon.colcon_core.package_identification:_identify(sensor_data_logger) by extension 'ros'
[30.861s] DEBUG:colcon.colcon_core.package_identification:Package 'sensor_data_logger' with type 'ros.ament_python' and name 'sensor_data_logger'
[30.861s] Level 1:colcon.colcon_core.package_identification:_identify(sjtu_drone_bringup) by extensions ['ignore', 'ignore_ament_install']
[30.861s] Level 1:colcon.colcon_core.package_identification:_identify(sjtu_drone_bringup) by extension 'ignore'
[30.861s] Level 1:colcon.colcon_core.package_identification:_identify(sjtu_drone_bringup) by extension 'ignore_ament_install'
[30.861s] Level 1:colcon.colcon_core.package_identification:_identify(sjtu_drone_bringup) by extensions ['colcon_pkg']
[30.861s] Level 1:colcon.colcon_core.package_identification:_identify(sjtu_drone_bringup) by extension 'colcon_pkg'
[30.862s] Level 1:colcon.colcon_core.package_identification:_identify(sjtu_drone_bringup) by extensions ['colcon_meta']
[30.862s] Level 1:colcon.colcon_core.package_identification:_identify(sjtu_drone_bringup) by extension 'colcon_meta'
[30.862s] Level 1:colcon.colcon_core.package_identification:_identify(sjtu_drone_bringup) by extensions ['ros']
[30.862s] Level 1:colcon.colcon_core.package_identification:_identify(sjtu_drone_bringup) by extension 'ros'
[30.864s] DEBUG:colcon.colcon_core.package_identification:Package 'sjtu_drone_bringup' with type 'ros.ament_python' and name 'sjtu_drone_bringup'
[30.865s] Level 1:colcon.colcon_core.package_identification:_identify(sjtu_drone_control) by extensions ['ignore', 'ignore_ament_install']
[30.865s] Level 1:colcon.colcon_core.package_identification:_identify(sjtu_drone_control) by extension 'ignore'
[30.865s] Level 1:colcon.colcon_core.package_identification:_identify(sjtu_drone_control) by extension 'ignore_ament_install'
[30.866s] Level 1:colcon.colcon_core.package_identification:_identify(sjtu_drone_control) by extensions ['colcon_pkg']
[30.866s] Level 1:colcon.colcon_core.package_identification:_identify(sjtu_drone_control) by extension 'colcon_pkg'
[30.866s] Level 1:colcon.colcon_core.package_identification:_identify(sjtu_drone_control) by extensions ['colcon_meta']
[30.866s] Level 1:colcon.colcon_core.package_identification:_identify(sjtu_drone_control) by extension 'colcon_meta'
[30.866s] Level 1:colcon.colcon_core.package_identification:_identify(sjtu_drone_control) by extensions ['ros']
[30.866s] Level 1:colcon.colcon_core.package_identification:_identify(sjtu_drone_control) by extension 'ros'
[30.867s] DEBUG:colcon.colcon_core.package_identification:Package 'sjtu_drone_control' with type 'ros.ament_python' and name 'sjtu_drone_control'
[30.868s] Level 1:colcon.colcon_core.package_identification:_identify(sjtu_drone_description) by extensions ['ignore', 'ignore_ament_install']
[30.868s] Level 1:colcon.colcon_core.package_identification:_identify(sjtu_drone_description) by extension 'ignore'
[30.868s] Level 1:colcon.colcon_core.package_identification:_identify(sjtu_drone_description) by extension 'ignore_ament_install'
[30.868s] Level 1:colcon.colcon_core.package_identification:_identify(sjtu_drone_description) by extensions ['colcon_pkg']
[30.868s] Level 1:colcon.colcon_core.package_identification:_identify(sjtu_drone_description) by extension 'colcon_pkg'
[30.868s] Level 1:colcon.colcon_core.package_identification:_identify(sjtu_drone_description) by extensions ['colcon_meta']
[30.868s] Level 1:colcon.colcon_core.package_identification:_identify(sjtu_drone_description) by extension 'colcon_meta'
[30.868s] Level 1:colcon.colcon_core.package_identification:_identify(sjtu_drone_description) by extensions ['ros']
[30.868s] Level 1:colcon.colcon_core.package_identification:_identify(sjtu_drone_description) by extension 'ros'
[30.869s] DEBUG:colcon.colcon_core.package_identification:Package 'sjtu_drone_description' with type 'ros.ament_cmake' and name 'sjtu_drone_description'
[30.869s] Level 1:colcon.colcon_core.package_discovery:discover_packages(recursive) using defaults
[30.869s] Level 1:colcon.colcon_core.package_discovery:discover_packages(ignore) discover
[30.869s] Level 1:colcon.colcon_core.package_discovery:discover_packages(ignore) using defaults
[30.869s] Level 1:colcon.colcon_core.package_discovery:discover_packages(path) discover
[30.869s] Level 1:colcon.colcon_core.package_discovery:discover_packages(path) using defaults
[33.416s] Level 1:colcon.colcon_core.package_discovery:discover_packages(prefix_path) check parameters
[33.416s] Level 1:colcon.colcon_core.package_discovery:discover_packages(prefix_path) discover
[33.425s] DEBUG:colcon.colcon_installed_package_information.package_discovery:Found 5 installed packages in /home/widha893/ros2_hil_quadrotor/install
[33.501s] DEBUG:colcon.colcon_installed_package_information.package_discovery:Found 284 installed packages in /opt/ros/humble
[33.505s] Level 1:colcon.colcon_core.package_discovery:discover_packages(prefix_path) using defaults
