[0.760s] Invoking command in '/home/widha893/ros2_hil_quadrotor/build/sjtu_drone_description': CMAKE_PREFIX_PATH=${CMAKE_PREFIX_PATH}:/home/widha893/ros2_hil_quadrotor/install:/home/widha893/ros2_hil_quadrotor/install/sjtu_drone_control:/home/widha893/ros2_hil_quadrotor/install/sjtu_drone_bringup:/opt/ros/humble /usr/bin/cmake --build /home/widha893/ros2_hil_quadrotor/build/sjtu_drone_description -- -j8 -l8
[0.801s] -- Found ament_cmake: 1.3.10 (/opt/ros/humble/share/ament_cmake/cmake)
[0.997s] -- Found ament_cmake_ros: 0.10.0 (/opt/ros/humble/share/ament_cmake_ros/cmake)
[1.002s] -- Found rclcpp: 16.0.10 (/opt/ros/humble/share/rclcpp/cmake)
[1.060s] -- Found rosidl_generator_c: 3.1.5 (/opt/ros/humble/share/rosidl_generator_c/cmake)
[1.066s] -- Found rosidl_adapter: 3.1.5 (/opt/ros/humble/share/rosidl_adapter/cmake)
[1.079s] -- Found rosidl_generator_cpp: 3.1.5 (/opt/ros/humble/share/rosidl_generator_cpp/cmake)
[1.101s] -- Using all available rosidl_typesupport_c: rosidl_typesupport_fastrtps_c;rosidl_typesupport_introspection_c
[1.131s] -- Using all available rosidl_typesupport_cpp: rosidl_typesupport_fastrtps_cpp;rosidl_typesupport_introspection_cpp
[1.204s] -- Found rmw_implementation_cmake: 6.1.2 (/opt/ros/humble/share/rmw_implementation_cmake/cmake)
[1.208s] -- Found rmw_fastrtps_cpp: 6.2.7 (/opt/ros/humble/share/rmw_fastrtps_cpp/cmake)
[1.361s] -- Using RMW implementation 'rmw_fastrtps_cpp' as default
[1.444s] -- Found gazebo_ros: 3.7.0 (/opt/ros/humble/share/gazebo_ros/cmake)
[1.639s] -- Found DART: /usr/include (Required is at least version "6.6") found components: dart 
[1.925s] -- Found Protobuf: /usr/lib/x86_64-linux-gnu/libprotobuf.so (found version "3.12.4") 
[1.943s] -- Looking for ignition-math6 -- found version 6.15.1
[1.977s] -- Searching for dependencies of ignition-math6
[1.982s] -- Looking for OGRE...
[2.002s] -- Found Ogre Ghadamon (1.9.0)
[2.015s] -- Looking for OGRE_Paging...
[2.015s] -- Found OGRE_Paging: optimized;/usr/lib/x86_64-linux-gnu/libOgrePaging.so;debug;/usr/lib/x86_64-linux-gnu/libOgrePaging.so
[2.015s] -- Looking for OGRE_Terrain...
[2.015s] -- Found OGRE_Terrain: optimized;/usr/lib/x86_64-linux-gnu/libOgreTerrain.so;debug;/usr/lib/x86_64-linux-gnu/libOgreTerrain.so
[2.015s] -- Looking for OGRE_Property...
[2.015s] -- Found OGRE_Property: optimized;/usr/lib/x86_64-linux-gnu/libOgreProperty.so;debug;/usr/lib/x86_64-linux-gnu/libOgreProperty.so
[2.015s] -- Looking for OGRE_RTShaderSystem...
[2.015s] -- Found OGRE_RTShaderSystem: optimized;/usr/lib/x86_64-linux-gnu/libOgreRTShaderSystem.so;debug;/usr/lib/x86_64-linux-gnu/libOgreRTShaderSystem.so
[2.016s] -- Looking for OGRE_Volume...
[2.016s] -- Found OGRE_Volume: optimized;/usr/lib/x86_64-linux-gnu/libOgreVolume.so;debug;/usr/lib/x86_64-linux-gnu/libOgreVolume.so
[2.016s] -- Looking for OGRE_Overlay...
[2.016s] -- Found OGRE_Overlay: optimized;/usr/lib/x86_64-linux-gnu/libOgreOverlay.so;debug;/usr/lib/x86_64-linux-gnu/libOgreOverlay.so
[2.113s] -- Looking for ignition-math6 -- found version 6.15.1
[2.194s] -- Looking for ignition-transport8 -- found version 8.2.1
[2.195s] -- Searching for dependencies of ignition-transport8
[2.219s] -- Found Protobuf: /usr/lib/x86_64-linux-gnu/libprotobuf.so (found suitable version "3.12.4", minimum required is "3") 
[2.229s] -- Config-file not installed for ZeroMQ -- checking for pkg-config
[2.234s] -- Checking for module 'libzmq >= 4'
[2.330s] --   Found libzmq , version 4.3.4
[2.397s] -- Checking for module 'uuid'
[2.434s] --   Found uuid, version 2.37.2
[2.482s] -- Looking for ignition-msgs5 -- found version 5.8.1
[2.482s] -- Searching for dependencies of ignition-msgs5
[2.500s] -- Looking for ignition-math6 -- found version 6.15.1
[2.504s] -- Checking for module 'tinyxml2'
[2.531s] --   Found tinyxml2, version 9.0.0
[2.582s] -- Looking for ignition-msgs5 -- found version 5.8.1
[2.583s] -- Looking for ignition-common3 -- found version 3.14.0
[2.584s] -- Searching for dependencies of ignition-common3
[2.585s] -- Looking for dlfcn.h - found
[2.585s] -- Looking for libdl - found
[2.629s] -- Searching for <ignition-common3> component [graphics]
[2.630s] -- Looking for ignition-common3-graphics -- found version 3.14.0
[2.632s] -- Searching for dependencies of ignition-common3-graphics
[2.633s] -- Looking for ignition-math6 -- found version 6.15.1
[2.636s] -- Looking for ignition-fuel_tools4 -- found version 4.4.0
[2.636s] -- Searching for dependencies of ignition-fuel_tools4
[2.725s] -- Checking for module 'jsoncpp'
[2.745s] --   Found jsoncpp, version 1.9.5
[2.790s] -- Checking for module 'libzip'
[2.802s] --   Found libzip, version 1.7.3
[2.837s] -- Looking for ignition-common3 -- found version 3.14.0
[2.837s] -- Looking for ignition-math6 -- found version 6.15.1
[2.837s] -- Looking for ignition-msgs5 -- found version 5.8.1
[2.851s] -- Gazebo version: 11.10
[2.852s] -- Found gazebo_plugins: 3.7.0 (/opt/ros/humble/share/gazebo_plugins/cmake)
[2.979s] -- Found sensor_msgs: 4.2.4 (/opt/ros/humble/share/sensor_msgs/cmake)
[3.003s] -- Found nav_msgs: 4.2.4 (/opt/ros/humble/share/nav_msgs/cmake)
[3.047s] -- Found tf2: 0.25.8 (/opt/ros/humble/share/tf2/cmake)
[3.079s] -- Found tf2_ros: 0.25.8 (/opt/ros/humble/share/tf2_ros/cmake)
[3.302s] -- Found tf2_geometry_msgs: 0.25.8 (/opt/ros/humble/share/tf2_geometry_msgs/cmake)
[3.353s] -- Found eigen3_cmake_module: 0.1.1 (/opt/ros/humble/share/eigen3_cmake_module/cmake)
[3.358s] -- Ensuring Eigen3 include directory is part of orocos-kdl CMake target
[3.391s] -- Found ament_lint_auto: 0.12.11 (/opt/ros/humble/share/ament_lint_auto/cmake)
[3.563s] -- Added test 'cppcheck' to perform static code analysis on C / C++ code
[3.565s] -- Configured cppcheck include dirs: /home/widha893/ros2_hil_quadrotor/sjtu_drone_description/include;$<BUILD_INTERFACE:/home/widha893/ros2_hil_quadrotor/sjtu_drone_description/include>
[3.565s] -- Configured cppcheck exclude dirs and/or files: 
[3.566s] -- Added test 'lint_cmake' to check CMake code style
[3.568s] -- Added test 'uncrustify' to check C / C++ code style
[3.568s] -- Configured uncrustify additional arguments: 
[3.569s] -- Added test 'xmllint' to check XML markup files
[3.661s] -- Configuring done
[4.347s] -- Generating done
[4.351s] -- Build files have been written to: /home/widha893/ros2_hil_quadrotor/build/sjtu_drone_description
[4.390s] [35m[1mConsolidate compiler generated dependencies of target plugin_drone[0m
[4.450s] [100%] Built target plugin_drone
[4.461s] Invoked command in '/home/widha893/ros2_hil_quadrotor/build/sjtu_drone_description' returned '0': CMAKE_PREFIX_PATH=${CMAKE_PREFIX_PATH}:/home/widha893/ros2_hil_quadrotor/install:/home/widha893/ros2_hil_quadrotor/install/sjtu_drone_control:/home/widha893/ros2_hil_quadrotor/install/sjtu_drone_bringup:/opt/ros/humble /usr/bin/cmake --build /home/widha893/ros2_hil_quadrotor/build/sjtu_drone_description -- -j8 -l8
[4.500s] Invoking command in '/home/widha893/ros2_hil_quadrotor/build/sjtu_drone_description': CMAKE_PREFIX_PATH=${CMAKE_PREFIX_PATH}:/home/widha893/ros2_hil_quadrotor/install:/home/widha893/ros2_hil_quadrotor/install/sjtu_drone_control:/home/widha893/ros2_hil_quadrotor/install/sjtu_drone_bringup:/opt/ros/humble /usr/bin/cmake --install /home/widha893/ros2_hil_quadrotor/build/sjtu_drone_description
[4.506s] -- Install configuration: ""
[4.506s] -- Up-to-date: /home/widha893/ros2_hil_quadrotor/install/sjtu_drone_description/include
[4.506s] -- Up-to-date: /home/widha893/ros2_hil_quadrotor/install/sjtu_drone_description/include/sjtu_drone_description
[4.506s] -- Up-to-date: /home/widha893/ros2_hil_quadrotor/install/sjtu_drone_description/include/sjtu_drone_description/plugin_drone.h
[4.506s] -- Up-to-date: /home/widha893/ros2_hil_quadrotor/install/sjtu_drone_description/include/sjtu_drone_description/pid_controller.h
[4.506s] -- Up-to-date: /home/widha893/ros2_hil_quadrotor/install/sjtu_drone_description/include/sjtu_drone_description/plugin_drone_private.h
[4.506s] -- Up-to-date: /home/widha893/ros2_hil_quadrotor/install/sjtu_drone_description/lib/libplugin_drone.so
[4.506s] -- Up-to-date: /home/widha893/ros2_hil_quadrotor/install/sjtu_drone_description/share/sjtu_drone_description/environment/library_path.sh
[4.507s] -- Installing: /home/widha893/ros2_hil_quadrotor/install/sjtu_drone_description/share/sjtu_drone_description/environment/library_path.dsv
[4.507s] -- Up-to-date: /home/widha893/ros2_hil_quadrotor/install/sjtu_drone_description/share/sjtu_drone_description/models
[4.507s] -- Up-to-date: /home/widha893/ros2_hil_quadrotor/install/sjtu_drone_description/share/sjtu_drone_description/models/sjtu_drone
[4.507s] -- Up-to-date: /home/widha893/ros2_hil_quadrotor/install/sjtu_drone_description/share/sjtu_drone_description/models/sjtu_drone/model.config
[4.507s] -- Up-to-date: /home/widha893/ros2_hil_quadrotor/install/sjtu_drone_description/share/sjtu_drone_description/models/sjtu_drone/quadrotor_4.stl
[4.507s] -- Up-to-date: /home/widha893/ros2_hil_quadrotor/install/sjtu_drone_description/share/sjtu_drone_description/models/sjtu_drone/quadrotor_4.dae
[4.507s] -- Up-to-date: /home/widha893/ros2_hil_quadrotor/install/sjtu_drone_description/share/sjtu_drone_description/models/sjtu_drone/sjtu_drone.sdf
[4.507s] -- Up-to-date: /home/widha893/ros2_hil_quadrotor/install/sjtu_drone_description/share/sjtu_drone_description/models/database.config
[4.507s] -- Up-to-date: /home/widha893/ros2_hil_quadrotor/install/sjtu_drone_description/share/sjtu_drone_description/urdf
[4.507s] -- Up-to-date: /home/widha893/ros2_hil_quadrotor/install/sjtu_drone_description/share/sjtu_drone_description/urdf/sjtu_drone.urdf
[4.507s] -- Up-to-date: /home/widha893/ros2_hil_quadrotor/install/sjtu_drone_description/share/sjtu_drone_description/urdf/sjtu_drone.urdf.xacro
[4.507s] -- Up-to-date: /home/widha893/ros2_hil_quadrotor/install/sjtu_drone_description/share/sjtu_drone_description/worlds
[4.507s] -- Up-to-date: /home/widha893/ros2_hil_quadrotor/install/sjtu_drone_description/share/sjtu_drone_description/worlds/empty.world
[4.507s] -- Up-to-date: /home/widha893/ros2_hil_quadrotor/install/sjtu_drone_description/share/sjtu_drone_description/worlds/playground.world
[4.507s] -- Up-to-date: /home/widha893/ros2_hil_quadrotor/install/sjtu_drone_description/share/ament_index/resource_index/package_run_dependencies/sjtu_drone_description
[4.508s] -- Installing: /home/widha893/ros2_hil_quadrotor/install/sjtu_drone_description/share/ament_index/resource_index/parent_prefix_path/sjtu_drone_description
[4.508s] -- Up-to-date: /home/widha893/ros2_hil_quadrotor/install/sjtu_drone_description/share/sjtu_drone_description/environment/ament_prefix_path.sh
[4.508s] -- Installing: /home/widha893/ros2_hil_quadrotor/install/sjtu_drone_description/share/sjtu_drone_description/environment/ament_prefix_path.dsv
[4.508s] -- Up-to-date: /home/widha893/ros2_hil_quadrotor/install/sjtu_drone_description/share/sjtu_drone_description/environment/path.sh
[4.508s] -- Installing: /home/widha893/ros2_hil_quadrotor/install/sjtu_drone_description/share/sjtu_drone_description/environment/path.dsv
[4.508s] -- Up-to-date: /home/widha893/ros2_hil_quadrotor/install/sjtu_drone_description/share/sjtu_drone_description/local_setup.bash
[4.508s] -- Up-to-date: /home/widha893/ros2_hil_quadrotor/install/sjtu_drone_description/share/sjtu_drone_description/local_setup.sh
[4.508s] -- Up-to-date: /home/widha893/ros2_hil_quadrotor/install/sjtu_drone_description/share/sjtu_drone_description/local_setup.zsh
[4.508s] -- Installing: /home/widha893/ros2_hil_quadrotor/install/sjtu_drone_description/share/sjtu_drone_description/local_setup.dsv
[4.508s] -- Installing: /home/widha893/ros2_hil_quadrotor/install/sjtu_drone_description/share/sjtu_drone_description/package.dsv
[4.508s] -- Up-to-date: /home/widha893/ros2_hil_quadrotor/install/sjtu_drone_description/share/ament_index/resource_index/packages/sjtu_drone_description
[4.508s] -- Up-to-date: /home/widha893/ros2_hil_quadrotor/install/sjtu_drone_description/share/sjtu_drone_description/cmake/export_sjtu_drone_descriptionExport.cmake
[4.508s] -- Up-to-date: /home/widha893/ros2_hil_quadrotor/install/sjtu_drone_description/share/sjtu_drone_description/cmake/export_sjtu_drone_descriptionExport-noconfig.cmake
[4.509s] -- Up-to-date: /home/widha893/ros2_hil_quadrotor/install/sjtu_drone_description/share/sjtu_drone_description/cmake/ament_cmake_export_include_directories-extras.cmake
[4.509s] -- Up-to-date: /home/widha893/ros2_hil_quadrotor/install/sjtu_drone_description/share/sjtu_drone_description/cmake/ament_cmake_export_libraries-extras.cmake
[4.509s] -- Up-to-date: /home/widha893/ros2_hil_quadrotor/install/sjtu_drone_description/share/sjtu_drone_description/cmake/ament_cmake_export_targets-extras.cmake
[4.509s] -- Up-to-date: /home/widha893/ros2_hil_quadrotor/install/sjtu_drone_description/share/sjtu_drone_description/cmake/sjtu_drone_descriptionConfig.cmake
[4.509s] -- Up-to-date: /home/widha893/ros2_hil_quadrotor/install/sjtu_drone_description/share/sjtu_drone_description/cmake/sjtu_drone_descriptionConfig-version.cmake
[4.510s] -- Up-to-date: /home/widha893/ros2_hil_quadrotor/install/sjtu_drone_description/share/sjtu_drone_description/package.xml
[4.512s] Invoked command in '/home/widha893/ros2_hil_quadrotor/build/sjtu_drone_description' returned '0': CMAKE_PREFIX_PATH=${CMAKE_PREFIX_PATH}:/home/widha893/ros2_hil_quadrotor/install:/home/widha893/ros2_hil_quadrotor/install/sjtu_drone_control:/home/widha893/ros2_hil_quadrotor/install/sjtu_drone_bringup:/opt/ros/humble /usr/bin/cmake --install /home/widha893/ros2_hil_quadrotor/build/sjtu_drone_description
