running egg_info
writing ../build/hitl/hitl.egg-info/PKG-INFO
writing dependency_links to ../build/hitl/hitl.egg-info/dependency_links.txt
writing entry points to ../build/hitl/hitl.egg-info/entry_points.txt
writing requirements to ../build/hitl/hitl.egg-info/requires.txt
writing top-level names to ../build/hitl/hitl.egg-info/top_level.txt
reading manifest file '../build/hitl/hitl.egg-info/SOURCES.txt'
writing manifest file '../build/hitl/hitl.egg-info/SOURCES.txt'
running build
running build_py
running install
running install_lib
running install_data
running install_egg_info
removing '/home/widha893/ros2_hil_quadrotor/install/hitl/lib/python3.10/site-packages/hitl-0.0.0-py3.10.egg-info' (and everything under it)
Copying ../build/hitl/hitl.egg-info to /home/widha893/ros2_hil_quadrotor/install/hitl/lib/python3.10/site-packages/hitl-0.0.0-py3.10.egg-info
running install_scripts
Installing communication script to /home/widha893/ros2_hil_quadrotor/install/hitl/lib/hitl
Installing receiver script to /home/widha893/ros2_hil_quadrotor/install/hitl/lib/hitl
writing list of installed files to '/home/widha893/ros2_hil_quadrotor/build/hitl/install.log'
