[3.795s] Invoking command in '/home/widha893/ros2_hil_quadrotor/hitl': PYTHONPATH=/home/widha893/ros2_hil_quadrotor/build/hitl/prefix_override:/usr/lib/python3/dist-packages/colcon_core/task/python/colcon_distutils_commands:/home/widha893/ros2_hil_quadrotor/install/hitl/lib/python3.10/site-packages:${PYTHONPATH} /usr/bin/python3 -W ignore:setup.py install is deprecated setup.py egg_info --egg-base ../build/hitl build --build-base /home/widha893/ros2_hil_quadrotor/build/hitl/build install --record /home/widha893/ros2_hil_quadrotor/build/hitl/install.log --single-version-externally-managed install_data
[4.050s] running egg_info
[4.050s] writing ../build/hitl/hitl.egg-info/PKG-INFO
[4.051s] writing dependency_links to ../build/hitl/hitl.egg-info/dependency_links.txt
[4.051s] writing entry points to ../build/hitl/hitl.egg-info/entry_points.txt
[4.051s] writing requirements to ../build/hitl/hitl.egg-info/requires.txt
[4.051s] writing top-level names to ../build/hitl/hitl.egg-info/top_level.txt
[4.059s] reading manifest file '../build/hitl/hitl.egg-info/SOURCES.txt'
[4.111s] writing manifest file '../build/hitl/hitl.egg-info/SOURCES.txt'
[4.111s] running build
[4.111s] running build_py
[4.112s] copying hitl/communication.py -> /home/widha893/ros2_hil_quadrotor/build/hitl/build/lib/hitl
[4.112s] copying hitl/hitl_control.py -> /home/widha893/ros2_hil_quadrotor/build/hitl/build/lib/hitl
[4.112s] running install
[4.113s] running install_lib
[4.114s] copying /home/widha893/ros2_hil_quadrotor/build/hitl/build/lib/hitl/communication.py -> /home/widha893/ros2_hil_quadrotor/install/hitl/lib/python3.10/site-packages/hitl
[4.115s] copying /home/widha893/ros2_hil_quadrotor/build/hitl/build/lib/hitl/hitl_control.py -> /home/widha893/ros2_hil_quadrotor/install/hitl/lib/python3.10/site-packages/hitl
[4.116s] byte-compiling /home/widha893/ros2_hil_quadrotor/install/hitl/lib/python3.10/site-packages/hitl/communication.py to communication.cpython-310.pyc
[4.118s] byte-compiling /home/widha893/ros2_hil_quadrotor/install/hitl/lib/python3.10/site-packages/hitl/hitl_control.py to hitl_control.cpython-310.pyc
[4.119s] running install_data
[4.119s] running install_egg_info
[4.121s] removing '/home/widha893/ros2_hil_quadrotor/install/hitl/lib/python3.10/site-packages/hitl-0.0.0-py3.10.egg-info' (and everything under it)
[4.122s] Copying ../build/hitl/hitl.egg-info to /home/widha893/ros2_hil_quadrotor/install/hitl/lib/python3.10/site-packages/hitl-0.0.0-py3.10.egg-info
[4.145s] running install_scripts
[4.186s] Installing communication script to /home/widha893/ros2_hil_quadrotor/install/hitl/lib/hitl
[4.186s] Installing receiver script to /home/widha893/ros2_hil_quadrotor/install/hitl/lib/hitl
[4.186s] writing list of installed files to '/home/widha893/ros2_hil_quadrotor/build/hitl/install.log'
[4.663s] Invoked command in '/home/widha893/ros2_hil_quadrotor/hitl' returned '0': PYTHONPATH=/home/widha893/ros2_hil_quadrotor/build/hitl/prefix_override:/usr/lib/python3/dist-packages/colcon_core/task/python/colcon_distutils_commands:/home/widha893/ros2_hil_quadrotor/install/hitl/lib/python3.10/site-packages:${PYTHONPATH} /usr/bin/python3 -W ignore:setup.py install is deprecated setup.py egg_info --egg-base ../build/hitl build --build-base /home/widha893/ros2_hil_quadrotor/build/hitl/build install --record /home/widha893/ros2_hil_quadrotor/build/hitl/install.log --single-version-externally-managed install_data
