[0.090s] DEBUG:colcon:Command line arguments: ['/usr/bin/colcon', 'build']
[0.090s] DEBUG:colcon:Parsed command line arguments: Namespace(log_base=None, log_level=None, verb_name='build', build_base='build', install_base='install', merge_install=False, symlink_install=False, test_result_base=None, continue_on_error=False, executor='parallel', parallel_workers=8, event_handlers=None, ignore_user_meta=False, metas=['./colcon.meta'], base_paths=['.'], packages_ignore=None, packages_ignore_regex=None, paths=None, packages_up_to=None, packages_up_to_regex=None, packages_above=None, packages_above_and_dependencies=None, packages_above_depth=None, packages_select_by_dep=None, packages_skip_by_dep=None, packages_skip_up_to=None, packages_select_build_failed=False, packages_skip_build_finished=False, packages_select_test_failures=False, packages_skip_test_passed=False, packages_select=None, packages_skip=None, packages_select_regex=None, packages_skip_regex=None, packages_start=None, packages_end=None, allow_overriding=[], cmake_args=None, cmake_target=None, cmake_target_skip_unavailable=False, cmake_clean_cache=False, cmake_clean_first=False, cmake_force_configure=False, ament_cmake_args=None, catkin_cmake_args=None, catkin_skip_building_tests=False, mixin_files=None, mixin=None, verb_parser=<colcon_mixin.mixin.mixin_argument.MixinArgumentDecorator object at 0x73c05555a020>, verb_extension=<colcon_core.verb.build.BuildVerb object at 0x73c05565f010>, main=<bound method BuildVerb.main of <colcon_core.verb.build.BuildVerb object at 0x73c05565f010>>, mixin_verb=('build',))
[0.221s] Level 1:colcon.colcon_core.package_discovery:discover_packages(colcon_meta) check parameters
[0.221s] Level 1:colcon.colcon_core.package_discovery:discover_packages(recursive) check parameters
[0.221s] Level 1:colcon.colcon_core.package_discovery:discover_packages(ignore) check parameters
[0.221s] Level 1:colcon.colcon_core.package_discovery:discover_packages(path) check parameters
[0.221s] Level 1:colcon.colcon_core.package_discovery:discover_packages(colcon_meta) discover
[0.221s] Level 1:colcon.colcon_core.package_discovery:discover_packages(recursive) discover
[0.221s] INFO:colcon.colcon_core.package_discovery:Crawling recursively for packages in '/home/widha893/ros2_hil_quadrotor'
[0.222s] Level 1:colcon.colcon_core.package_identification:_identify(.) by extensions ['ignore', 'ignore_ament_install']
[0.222s] Level 1:colcon.colcon_core.package_identification:_identify(.) by extension 'ignore'
[0.222s] Level 1:colcon.colcon_core.package_identification:_identify(.) by extension 'ignore_ament_install'
[0.222s] Level 1:colcon.colcon_core.package_identification:_identify(.) by extensions ['colcon_pkg']
[0.222s] Level 1:colcon.colcon_core.package_identification:_identify(.) by extension 'colcon_pkg'
[0.222s] Level 1:colcon.colcon_core.package_identification:_identify(.) by extensions ['colcon_meta']
[0.222s] Level 1:colcon.colcon_core.package_identification:_identify(.) by extension 'colcon_meta'
[0.222s] Level 1:colcon.colcon_core.package_identification:_identify(.) by extensions ['ros']
[0.222s] Level 1:colcon.colcon_core.package_identification:_identify(.) by extension 'ros'
[0.231s] Level 1:colcon.colcon_core.package_identification:_identify(.) by extensions ['cmake', 'python']
[0.231s] Level 1:colcon.colcon_core.package_identification:_identify(.) by extension 'cmake'
[0.231s] Level 1:colcon.colcon_core.package_identification:_identify(.) by extension 'python'
[0.231s] Level 1:colcon.colcon_core.package_identification:_identify(.) by extensions ['python_setup_py']
[0.231s] Level 1:colcon.colcon_core.package_identification:_identify(.) by extension 'python_setup_py'
[0.232s] Level 1:colcon.colcon_core.package_identification:_identify(Data_Logger) by extensions ['ignore', 'ignore_ament_install']
[0.232s] Level 1:colcon.colcon_core.package_identification:_identify(Data_Logger) by extension 'ignore'
[0.232s] Level 1:colcon.colcon_core.package_identification:_identify(Data_Logger) by extension 'ignore_ament_install'
[0.232s] Level 1:colcon.colcon_core.package_identification:_identify(Data_Logger) by extensions ['colcon_pkg']
[0.232s] Level 1:colcon.colcon_core.package_identification:_identify(Data_Logger) by extension 'colcon_pkg'
[0.232s] Level 1:colcon.colcon_core.package_identification:_identify(Data_Logger) by extensions ['colcon_meta']
[0.232s] Level 1:colcon.colcon_core.package_identification:_identify(Data_Logger) by extension 'colcon_meta'
[0.232s] Level 1:colcon.colcon_core.package_identification:_identify(Data_Logger) by extensions ['ros']
[0.232s] Level 1:colcon.colcon_core.package_identification:_identify(Data_Logger) by extension 'ros'
[0.232s] Level 1:colcon.colcon_core.package_identification:_identify(Data_Logger) by extensions ['cmake', 'python']
[0.232s] Level 1:colcon.colcon_core.package_identification:_identify(Data_Logger) by extension 'cmake'
[0.232s] Level 1:colcon.colcon_core.package_identification:_identify(Data_Logger) by extension 'python'
[0.232s] Level 1:colcon.colcon_core.package_identification:_identify(Data_Logger) by extensions ['python_setup_py']
[0.232s] Level 1:colcon.colcon_core.package_identification:_identify(Data_Logger) by extension 'python_setup_py'
[0.233s] Level 1:colcon.colcon_core.package_identification:_identify(Data_Logger/DataTerbang) by extensions ['ignore', 'ignore_ament_install']
[0.233s] Level 1:colcon.colcon_core.package_identification:_identify(Data_Logger/DataTerbang) by extension 'ignore'
[0.233s] Level 1:colcon.colcon_core.package_identification:_identify(Data_Logger/DataTerbang) by extension 'ignore_ament_install'
[0.233s] Level 1:colcon.colcon_core.package_identification:_identify(Data_Logger/DataTerbang) by extensions ['colcon_pkg']
[0.233s] Level 1:colcon.colcon_core.package_identification:_identify(Data_Logger/DataTerbang) by extension 'colcon_pkg'
[0.233s] Level 1:colcon.colcon_core.package_identification:_identify(Data_Logger/DataTerbang) by extensions ['colcon_meta']
[0.233s] Level 1:colcon.colcon_core.package_identification:_identify(Data_Logger/DataTerbang) by extension 'colcon_meta'
[0.233s] Level 1:colcon.colcon_core.package_identification:_identify(Data_Logger/DataTerbang) by extensions ['ros']
[0.233s] Level 1:colcon.colcon_core.package_identification:_identify(Data_Logger/DataTerbang) by extension 'ros'
[0.233s] Level 1:colcon.colcon_core.package_identification:_identify(Data_Logger/DataTerbang) by extensions ['cmake', 'python']
[0.233s] Level 1:colcon.colcon_core.package_identification:_identify(Data_Logger/DataTerbang) by extension 'cmake'
[0.233s] Level 1:colcon.colcon_core.package_identification:_identify(Data_Logger/DataTerbang) by extension 'python'
[0.233s] Level 1:colcon.colcon_core.package_identification:_identify(Data_Logger/DataTerbang) by extensions ['python_setup_py']
[0.233s] Level 1:colcon.colcon_core.package_identification:_identify(Data_Logger/DataTerbang) by extension 'python_setup_py'
[0.233s] Level 1:colcon.colcon_core.package_identification:_identify(Data_Logger/Data_plot) by extensions ['ignore', 'ignore_ament_install']
[0.234s] Level 1:colcon.colcon_core.package_identification:_identify(Data_Logger/Data_plot) by extension 'ignore'
[0.234s] Level 1:colcon.colcon_core.package_identification:_identify(Data_Logger/Data_plot) by extension 'ignore_ament_install'
[0.234s] Level 1:colcon.colcon_core.package_identification:_identify(Data_Logger/Data_plot) by extensions ['colcon_pkg']
[0.234s] Level 1:colcon.colcon_core.package_identification:_identify(Data_Logger/Data_plot) by extension 'colcon_pkg'
[0.234s] Level 1:colcon.colcon_core.package_identification:_identify(Data_Logger/Data_plot) by extensions ['colcon_meta']
[0.234s] Level 1:colcon.colcon_core.package_identification:_identify(Data_Logger/Data_plot) by extension 'colcon_meta'
[0.234s] Level 1:colcon.colcon_core.package_identification:_identify(Data_Logger/Data_plot) by extensions ['ros']
[0.234s] Level 1:colcon.colcon_core.package_identification:_identify(Data_Logger/Data_plot) by extension 'ros'
[0.234s] Level 1:colcon.colcon_core.package_identification:_identify(Data_Logger/Data_plot) by extensions ['cmake', 'python']
[0.234s] Level 1:colcon.colcon_core.package_identification:_identify(Data_Logger/Data_plot) by extension 'cmake'
[0.234s] Level 1:colcon.colcon_core.package_identification:_identify(Data_Logger/Data_plot) by extension 'python'
[0.234s] Level 1:colcon.colcon_core.package_identification:_identify(Data_Logger/Data_plot) by extensions ['python_setup_py']
[0.234s] Level 1:colcon.colcon_core.package_identification:_identify(Data_Logger/Data_plot) by extension 'python_setup_py'
[0.234s] Level 1:colcon.colcon_core.package_identification:_identify(Data_Logger/Data_plot/Pitch) by extensions ['ignore', 'ignore_ament_install']
[0.234s] Level 1:colcon.colcon_core.package_identification:_identify(Data_Logger/Data_plot/Pitch) by extension 'ignore'
[0.234s] Level 1:colcon.colcon_core.package_identification:_identify(Data_Logger/Data_plot/Pitch) by extension 'ignore_ament_install'
[0.235s] Level 1:colcon.colcon_core.package_identification:_identify(Data_Logger/Data_plot/Pitch) by extensions ['colcon_pkg']
[0.235s] Level 1:colcon.colcon_core.package_identification:_identify(Data_Logger/Data_plot/Pitch) by extension 'colcon_pkg'
[0.235s] Level 1:colcon.colcon_core.package_identification:_identify(Data_Logger/Data_plot/Pitch) by extensions ['colcon_meta']
[0.235s] Level 1:colcon.colcon_core.package_identification:_identify(Data_Logger/Data_plot/Pitch) by extension 'colcon_meta'
[0.235s] Level 1:colcon.colcon_core.package_identification:_identify(Data_Logger/Data_plot/Pitch) by extensions ['ros']
[0.235s] Level 1:colcon.colcon_core.package_identification:_identify(Data_Logger/Data_plot/Pitch) by extension 'ros'
[0.235s] Level 1:colcon.colcon_core.package_identification:_identify(Data_Logger/Data_plot/Pitch) by extensions ['cmake', 'python']
[0.235s] Level 1:colcon.colcon_core.package_identification:_identify(Data_Logger/Data_plot/Pitch) by extension 'cmake'
[0.235s] Level 1:colcon.colcon_core.package_identification:_identify(Data_Logger/Data_plot/Pitch) by extension 'python'
[0.235s] Level 1:colcon.colcon_core.package_identification:_identify(Data_Logger/Data_plot/Pitch) by extensions ['python_setup_py']
[0.235s] Level 1:colcon.colcon_core.package_identification:_identify(Data_Logger/Data_plot/Pitch) by extension 'python_setup_py'
[0.235s] Level 1:colcon.colcon_core.package_identification:_identify(Data_Logger/Data_plot/Roll) by extensions ['ignore', 'ignore_ament_install']
[0.235s] Level 1:colcon.colcon_core.package_identification:_identify(Data_Logger/Data_plot/Roll) by extension 'ignore'
[0.235s] Level 1:colcon.colcon_core.package_identification:_identify(Data_Logger/Data_plot/Roll) by extension 'ignore_ament_install'
[0.235s] Level 1:colcon.colcon_core.package_identification:_identify(Data_Logger/Data_plot/Roll) by extensions ['colcon_pkg']
[0.235s] Level 1:colcon.colcon_core.package_identification:_identify(Data_Logger/Data_plot/Roll) by extension 'colcon_pkg'
[0.236s] Level 1:colcon.colcon_core.package_identification:_identify(Data_Logger/Data_plot/Roll) by extensions ['colcon_meta']
[0.236s] Level 1:colcon.colcon_core.package_identification:_identify(Data_Logger/Data_plot/Roll) by extension 'colcon_meta'
[0.236s] Level 1:colcon.colcon_core.package_identification:_identify(Data_Logger/Data_plot/Roll) by extensions ['ros']
[0.236s] Level 1:colcon.colcon_core.package_identification:_identify(Data_Logger/Data_plot/Roll) by extension 'ros'
[0.236s] Level 1:colcon.colcon_core.package_identification:_identify(Data_Logger/Data_plot/Roll) by extensions ['cmake', 'python']
[0.236s] Level 1:colcon.colcon_core.package_identification:_identify(Data_Logger/Data_plot/Roll) by extension 'cmake'
[0.236s] Level 1:colcon.colcon_core.package_identification:_identify(Data_Logger/Data_plot/Roll) by extension 'python'
[0.236s] Level 1:colcon.colcon_core.package_identification:_identify(Data_Logger/Data_plot/Roll) by extensions ['python_setup_py']
[0.236s] Level 1:colcon.colcon_core.package_identification:_identify(Data_Logger/Data_plot/Roll) by extension 'python_setup_py'
[0.236s] Level 1:colcon.colcon_core.package_identification:_identify(Data_Logger/Good_Data) by extensions ['ignore', 'ignore_ament_install']
[0.236s] Level 1:colcon.colcon_core.package_identification:_identify(Data_Logger/Good_Data) by extension 'ignore'
[0.236s] Level 1:colcon.colcon_core.package_identification:_identify(Data_Logger/Good_Data) by extension 'ignore_ament_install'
[0.236s] Level 1:colcon.colcon_core.package_identification:_identify(Data_Logger/Good_Data) by extensions ['colcon_pkg']
[0.236s] Level 1:colcon.colcon_core.package_identification:_identify(Data_Logger/Good_Data) by extension 'colcon_pkg'
[0.236s] Level 1:colcon.colcon_core.package_identification:_identify(Data_Logger/Good_Data) by extensions ['colcon_meta']
[0.236s] Level 1:colcon.colcon_core.package_identification:_identify(Data_Logger/Good_Data) by extension 'colcon_meta'
[0.237s] Level 1:colcon.colcon_core.package_identification:_identify(Data_Logger/Good_Data) by extensions ['ros']
[0.237s] Level 1:colcon.colcon_core.package_identification:_identify(Data_Logger/Good_Data) by extension 'ros'
[0.237s] Level 1:colcon.colcon_core.package_identification:_identify(Data_Logger/Good_Data) by extensions ['cmake', 'python']
[0.237s] Level 1:colcon.colcon_core.package_identification:_identify(Data_Logger/Good_Data) by extension 'cmake'
[0.237s] Level 1:colcon.colcon_core.package_identification:_identify(Data_Logger/Good_Data) by extension 'python'
[0.237s] Level 1:colcon.colcon_core.package_identification:_identify(Data_Logger/Good_Data) by extensions ['python_setup_py']
[0.237s] Level 1:colcon.colcon_core.package_identification:_identify(Data_Logger/Good_Data) by extension 'python_setup_py'
[0.237s] Level 1:colcon.colcon_core.package_identification:_identify(build) by extensions ['ignore', 'ignore_ament_install']
[0.237s] Level 1:colcon.colcon_core.package_identification:_identify(build) by extension 'ignore'
[0.237s] Level 1:colcon.colcon_core.package_identification:_identify(build) ignored
[0.237s] Level 1:colcon.colcon_core.package_identification:_identify(hitl) by extensions ['ignore', 'ignore_ament_install']
[0.237s] Level 1:colcon.colcon_core.package_identification:_identify(hitl) by extension 'ignore'
[0.237s] Level 1:colcon.colcon_core.package_identification:_identify(hitl) by extension 'ignore_ament_install'
[0.237s] Level 1:colcon.colcon_core.package_identification:_identify(hitl) by extensions ['colcon_pkg']
[0.238s] Level 1:colcon.colcon_core.package_identification:_identify(hitl) by extension 'colcon_pkg'
[0.238s] Level 1:colcon.colcon_core.package_identification:_identify(hitl) by extensions ['colcon_meta']
[0.238s] Level 1:colcon.colcon_core.package_identification:_identify(hitl) by extension 'colcon_meta'
[0.238s] Level 1:colcon.colcon_core.package_identification:_identify(hitl) by extensions ['ros']
[0.238s] Level 1:colcon.colcon_core.package_identification:_identify(hitl) by extension 'ros'
[0.240s] DEBUG:colcon.colcon_core.package_identification:Package 'hitl' with type 'ros.ament_python' and name 'hitl'
[0.240s] Level 1:colcon.colcon_core.package_identification:_identify(imgs) by extensions ['ignore', 'ignore_ament_install']
[0.241s] Level 1:colcon.colcon_core.package_identification:_identify(imgs) by extension 'ignore'
[0.241s] Level 1:colcon.colcon_core.package_identification:_identify(imgs) by extension 'ignore_ament_install'
[0.241s] Level 1:colcon.colcon_core.package_identification:_identify(imgs) by extensions ['colcon_pkg']
[0.241s] Level 1:colcon.colcon_core.package_identification:_identify(imgs) by extension 'colcon_pkg'
[0.241s] Level 1:colcon.colcon_core.package_identification:_identify(imgs) by extensions ['colcon_meta']
[0.241s] Level 1:colcon.colcon_core.package_identification:_identify(imgs) by extension 'colcon_meta'
[0.241s] Level 1:colcon.colcon_core.package_identification:_identify(imgs) by extensions ['ros']
[0.241s] Level 1:colcon.colcon_core.package_identification:_identify(imgs) by extension 'ros'
[0.241s] Level 1:colcon.colcon_core.package_identification:_identify(imgs) by extensions ['cmake', 'python']
[0.241s] Level 1:colcon.colcon_core.package_identification:_identify(imgs) by extension 'cmake'
[0.241s] Level 1:colcon.colcon_core.package_identification:_identify(imgs) by extension 'python'
[0.241s] Level 1:colcon.colcon_core.package_identification:_identify(imgs) by extensions ['python_setup_py']
[0.241s] Level 1:colcon.colcon_core.package_identification:_identify(imgs) by extension 'python_setup_py'
[0.241s] Level 1:colcon.colcon_core.package_identification:_identify(install) by extensions ['ignore', 'ignore_ament_install']
[0.241s] Level 1:colcon.colcon_core.package_identification:_identify(install) by extension 'ignore'
[0.242s] Level 1:colcon.colcon_core.package_identification:_identify(install) ignored
[0.242s] Level 1:colcon.colcon_core.package_identification:_identify(log) by extensions ['ignore', 'ignore_ament_install']
[0.242s] Level 1:colcon.colcon_core.package_identification:_identify(log) by extension 'ignore'
[0.242s] Level 1:colcon.colcon_core.package_identification:_identify(log) ignored
[0.242s] Level 1:colcon.colcon_core.package_identification:_identify(sensor_data_logger) by extensions ['ignore', 'ignore_ament_install']
[0.242s] Level 1:colcon.colcon_core.package_identification:_identify(sensor_data_logger) by extension 'ignore'
[0.242s] Level 1:colcon.colcon_core.package_identification:_identify(sensor_data_logger) by extension 'ignore_ament_install'
[0.242s] Level 1:colcon.colcon_core.package_identification:_identify(sensor_data_logger) by extensions ['colcon_pkg']
[0.242s] Level 1:colcon.colcon_core.package_identification:_identify(sensor_data_logger) by extension 'colcon_pkg'
[0.242s] Level 1:colcon.colcon_core.package_identification:_identify(sensor_data_logger) by extensions ['colcon_meta']
[0.242s] Level 1:colcon.colcon_core.package_identification:_identify(sensor_data_logger) by extension 'colcon_meta'
[0.242s] Level 1:colcon.colcon_core.package_identification:_identify(sensor_data_logger) by extensions ['ros']
[0.242s] Level 1:colcon.colcon_core.package_identification:_identify(sensor_data_logger) by extension 'ros'
[0.243s] DEBUG:colcon.colcon_core.package_identification:Package 'sensor_data_logger' with type 'ros.ament_python' and name 'sensor_data_logger'
[0.243s] Level 1:colcon.colcon_core.package_identification:_identify(sjtu_drone_bringup) by extensions ['ignore', 'ignore_ament_install']
[0.243s] Level 1:colcon.colcon_core.package_identification:_identify(sjtu_drone_bringup) by extension 'ignore'
[0.244s] Level 1:colcon.colcon_core.package_identification:_identify(sjtu_drone_bringup) by extension 'ignore_ament_install'
[0.244s] Level 1:colcon.colcon_core.package_identification:_identify(sjtu_drone_bringup) by extensions ['colcon_pkg']
[0.244s] Level 1:colcon.colcon_core.package_identification:_identify(sjtu_drone_bringup) by extension 'colcon_pkg'
[0.244s] Level 1:colcon.colcon_core.package_identification:_identify(sjtu_drone_bringup) by extensions ['colcon_meta']
[0.244s] Level 1:colcon.colcon_core.package_identification:_identify(sjtu_drone_bringup) by extension 'colcon_meta'
[0.244s] Level 1:colcon.colcon_core.package_identification:_identify(sjtu_drone_bringup) by extensions ['ros']
[0.244s] Level 1:colcon.colcon_core.package_identification:_identify(sjtu_drone_bringup) by extension 'ros'
[0.245s] DEBUG:colcon.colcon_core.package_identification:Package 'sjtu_drone_bringup' with type 'ros.ament_python' and name 'sjtu_drone_bringup'
[0.245s] Level 1:colcon.colcon_core.package_identification:_identify(sjtu_drone_control) by extensions ['ignore', 'ignore_ament_install']
[0.245s] Level 1:colcon.colcon_core.package_identification:_identify(sjtu_drone_control) by extension 'ignore'
[0.245s] Level 1:colcon.colcon_core.package_identification:_identify(sjtu_drone_control) by extension 'ignore_ament_install'
[0.245s] Level 1:colcon.colcon_core.package_identification:_identify(sjtu_drone_control) by extensions ['colcon_pkg']
[0.245s] Level 1:colcon.colcon_core.package_identification:_identify(sjtu_drone_control) by extension 'colcon_pkg'
[0.245s] Level 1:colcon.colcon_core.package_identification:_identify(sjtu_drone_control) by extensions ['colcon_meta']
[0.245s] Level 1:colcon.colcon_core.package_identification:_identify(sjtu_drone_control) by extension 'colcon_meta'
[0.245s] Level 1:colcon.colcon_core.package_identification:_identify(sjtu_drone_control) by extensions ['ros']
[0.245s] Level 1:colcon.colcon_core.package_identification:_identify(sjtu_drone_control) by extension 'ros'
[0.246s] DEBUG:colcon.colcon_core.package_identification:Package 'sjtu_drone_control' with type 'ros.ament_python' and name 'sjtu_drone_control'
[0.246s] Level 1:colcon.colcon_core.package_identification:_identify(sjtu_drone_description) by extensions ['ignore', 'ignore_ament_install']
[0.247s] Level 1:colcon.colcon_core.package_identification:_identify(sjtu_drone_description) by extension 'ignore'
[0.247s] Level 1:colcon.colcon_core.package_identification:_identify(sjtu_drone_description) by extension 'ignore_ament_install'
[0.247s] Level 1:colcon.colcon_core.package_identification:_identify(sjtu_drone_description) by extensions ['colcon_pkg']
[0.247s] Level 1:colcon.colcon_core.package_identification:_identify(sjtu_drone_description) by extension 'colcon_pkg'
[0.247s] Level 1:colcon.colcon_core.package_identification:_identify(sjtu_drone_description) by extensions ['colcon_meta']
[0.247s] Level 1:colcon.colcon_core.package_identification:_identify(sjtu_drone_description) by extension 'colcon_meta'
[0.247s] Level 1:colcon.colcon_core.package_identification:_identify(sjtu_drone_description) by extensions ['ros']
[0.247s] Level 1:colcon.colcon_core.package_identification:_identify(sjtu_drone_description) by extension 'ros'
[0.248s] DEBUG:colcon.colcon_core.package_identification:Package 'sjtu_drone_description' with type 'ros.ament_cmake' and name 'sjtu_drone_description'
[0.248s] Level 1:colcon.colcon_core.package_discovery:discover_packages(recursive) using defaults
[0.248s] Level 1:colcon.colcon_core.package_discovery:discover_packages(ignore) discover
[0.248s] Level 1:colcon.colcon_core.package_discovery:discover_packages(ignore) using defaults
[0.248s] Level 1:colcon.colcon_core.package_discovery:discover_packages(path) discover
[0.248s] Level 1:colcon.colcon_core.package_discovery:discover_packages(path) using defaults
[0.275s] Level 1:colcon.colcon_core.package_discovery:discover_packages(prefix_path) check parameters
[0.275s] Level 1:colcon.colcon_core.package_discovery:discover_packages(prefix_path) discover
[0.276s] DEBUG:colcon.colcon_installed_package_information.package_discovery:Found 5 installed packages in /home/widha893/ros2_hil_quadrotor/install
[0.277s] DEBUG:colcon.colcon_installed_package_information.package_discovery:Found 282 installed packages in /opt/ros/humble
[0.278s] Level 1:colcon.colcon_core.package_discovery:discover_packages(prefix_path) using defaults
[0.310s] Level 5:colcon.colcon_core.verb:set package 'hitl' build argument 'cmake_args' from command line to 'None'
[0.310s] Level 5:colcon.colcon_core.verb:set package 'hitl' build argument 'cmake_target' from command line to 'None'
[0.310s] Level 5:colcon.colcon_core.verb:set package 'hitl' build argument 'cmake_target_skip_unavailable' from command line to 'False'
[0.310s] Level 5:colcon.colcon_core.verb:set package 'hitl' build argument 'cmake_clean_cache' from command line to 'False'
[0.310s] Level 5:colcon.colcon_core.verb:set package 'hitl' build argument 'cmake_clean_first' from command line to 'False'
[0.310s] Level 5:colcon.colcon_core.verb:set package 'hitl' build argument 'cmake_force_configure' from command line to 'False'
[0.310s] Level 5:colcon.colcon_core.verb:set package 'hitl' build argument 'ament_cmake_args' from command line to 'None'
[0.310s] Level 5:colcon.colcon_core.verb:set package 'hitl' build argument 'catkin_cmake_args' from command line to 'None'
[0.310s] Level 5:colcon.colcon_core.verb:set package 'hitl' build argument 'catkin_skip_building_tests' from command line to 'False'
[0.310s] DEBUG:colcon.colcon_core.verb:Building package 'hitl' with the following arguments: {'ament_cmake_args': None, 'build_base': '/home/widha893/ros2_hil_quadrotor/build/hitl', 'catkin_cmake_args': None, 'catkin_skip_building_tests': False, 'cmake_args': None, 'cmake_clean_cache': False, 'cmake_clean_first': False, 'cmake_force_configure': False, 'cmake_target': None, 'cmake_target_skip_unavailable': False, 'install_base': '/home/widha893/ros2_hil_quadrotor/install/hitl', 'merge_install': False, 'path': '/home/widha893/ros2_hil_quadrotor/hitl', 'symlink_install': False, 'test_result_base': None}
[0.310s] Level 5:colcon.colcon_core.verb:set package 'sensor_data_logger' build argument 'cmake_args' from command line to 'None'
[0.310s] Level 5:colcon.colcon_core.verb:set package 'sensor_data_logger' build argument 'cmake_target' from command line to 'None'
[0.310s] Level 5:colcon.colcon_core.verb:set package 'sensor_data_logger' build argument 'cmake_target_skip_unavailable' from command line to 'False'
[0.310s] Level 5:colcon.colcon_core.verb:set package 'sensor_data_logger' build argument 'cmake_clean_cache' from command line to 'False'
[0.310s] Level 5:colcon.colcon_core.verb:set package 'sensor_data_logger' build argument 'cmake_clean_first' from command line to 'False'
[0.310s] Level 5:colcon.colcon_core.verb:set package 'sensor_data_logger' build argument 'cmake_force_configure' from command line to 'False'
[0.310s] Level 5:colcon.colcon_core.verb:set package 'sensor_data_logger' build argument 'ament_cmake_args' from command line to 'None'
[0.311s] Level 5:colcon.colcon_core.verb:set package 'sensor_data_logger' build argument 'catkin_cmake_args' from command line to 'None'
[0.311s] Level 5:colcon.colcon_core.verb:set package 'sensor_data_logger' build argument 'catkin_skip_building_tests' from command line to 'False'
[0.311s] DEBUG:colcon.colcon_core.verb:Building package 'sensor_data_logger' with the following arguments: {'ament_cmake_args': None, 'build_base': '/home/widha893/ros2_hil_quadrotor/build/sensor_data_logger', 'catkin_cmake_args': None, 'catkin_skip_building_tests': False, 'cmake_args': None, 'cmake_clean_cache': False, 'cmake_clean_first': False, 'cmake_force_configure': False, 'cmake_target': None, 'cmake_target_skip_unavailable': False, 'install_base': '/home/widha893/ros2_hil_quadrotor/install/sensor_data_logger', 'merge_install': False, 'path': '/home/widha893/ros2_hil_quadrotor/sensor_data_logger', 'symlink_install': False, 'test_result_base': None}
[0.311s] Level 5:colcon.colcon_core.verb:set package 'sjtu_drone_bringup' build argument 'cmake_args' from command line to 'None'
[0.311s] Level 5:colcon.colcon_core.verb:set package 'sjtu_drone_bringup' build argument 'cmake_target' from command line to 'None'
[0.311s] Level 5:colcon.colcon_core.verb:set package 'sjtu_drone_bringup' build argument 'cmake_target_skip_unavailable' from command line to 'False'
[0.311s] Level 5:colcon.colcon_core.verb:set package 'sjtu_drone_bringup' build argument 'cmake_clean_cache' from command line to 'False'
[0.311s] Level 5:colcon.colcon_core.verb:set package 'sjtu_drone_bringup' build argument 'cmake_clean_first' from command line to 'False'
[0.311s] Level 5:colcon.colcon_core.verb:set package 'sjtu_drone_bringup' build argument 'cmake_force_configure' from command line to 'False'
[0.311s] Level 5:colcon.colcon_core.verb:set package 'sjtu_drone_bringup' build argument 'ament_cmake_args' from command line to 'None'
[0.311s] Level 5:colcon.colcon_core.verb:set package 'sjtu_drone_bringup' build argument 'catkin_cmake_args' from command line to 'None'
[0.311s] Level 5:colcon.colcon_core.verb:set package 'sjtu_drone_bringup' build argument 'catkin_skip_building_tests' from command line to 'False'
[0.311s] DEBUG:colcon.colcon_core.verb:Building package 'sjtu_drone_bringup' with the following arguments: {'ament_cmake_args': None, 'build_base': '/home/widha893/ros2_hil_quadrotor/build/sjtu_drone_bringup', 'catkin_cmake_args': None, 'catkin_skip_building_tests': False, 'cmake_args': None, 'cmake_clean_cache': False, 'cmake_clean_first': False, 'cmake_force_configure': False, 'cmake_target': None, 'cmake_target_skip_unavailable': False, 'install_base': '/home/widha893/ros2_hil_quadrotor/install/sjtu_drone_bringup', 'merge_install': False, 'path': '/home/widha893/ros2_hil_quadrotor/sjtu_drone_bringup', 'symlink_install': False, 'test_result_base': None}
[0.312s] Level 5:colcon.colcon_core.verb:set package 'sjtu_drone_control' build argument 'cmake_args' from command line to 'None'
[0.312s] Level 5:colcon.colcon_core.verb:set package 'sjtu_drone_control' build argument 'cmake_target' from command line to 'None'
[0.312s] Level 5:colcon.colcon_core.verb:set package 'sjtu_drone_control' build argument 'cmake_target_skip_unavailable' from command line to 'False'
[0.312s] Level 5:colcon.colcon_core.verb:set package 'sjtu_drone_control' build argument 'cmake_clean_cache' from command line to 'False'
[0.312s] Level 5:colcon.colcon_core.verb:set package 'sjtu_drone_control' build argument 'cmake_clean_first' from command line to 'False'
[0.312s] Level 5:colcon.colcon_core.verb:set package 'sjtu_drone_control' build argument 'cmake_force_configure' from command line to 'False'
[0.312s] Level 5:colcon.colcon_core.verb:set package 'sjtu_drone_control' build argument 'ament_cmake_args' from command line to 'None'
[0.312s] Level 5:colcon.colcon_core.verb:set package 'sjtu_drone_control' build argument 'catkin_cmake_args' from command line to 'None'
[0.312s] Level 5:colcon.colcon_core.verb:set package 'sjtu_drone_control' build argument 'catkin_skip_building_tests' from command line to 'False'
[0.312s] DEBUG:colcon.colcon_core.verb:Building package 'sjtu_drone_control' with the following arguments: {'ament_cmake_args': None, 'build_base': '/home/widha893/ros2_hil_quadrotor/build/sjtu_drone_control', 'catkin_cmake_args': None, 'catkin_skip_building_tests': False, 'cmake_args': None, 'cmake_clean_cache': False, 'cmake_clean_first': False, 'cmake_force_configure': False, 'cmake_target': None, 'cmake_target_skip_unavailable': False, 'install_base': '/home/widha893/ros2_hil_quadrotor/install/sjtu_drone_control', 'merge_install': False, 'path': '/home/widha893/ros2_hil_quadrotor/sjtu_drone_control', 'symlink_install': False, 'test_result_base': None}
[0.312s] Level 5:colcon.colcon_core.verb:set package 'sjtu_drone_description' build argument 'cmake_args' from command line to 'None'
[0.312s] Level 5:colcon.colcon_core.verb:set package 'sjtu_drone_description' build argument 'cmake_target' from command line to 'None'
[0.312s] Level 5:colcon.colcon_core.verb:set package 'sjtu_drone_description' build argument 'cmake_target_skip_unavailable' from command line to 'False'
[0.312s] Level 5:colcon.colcon_core.verb:set package 'sjtu_drone_description' build argument 'cmake_clean_cache' from command line to 'False'
[0.312s] Level 5:colcon.colcon_core.verb:set package 'sjtu_drone_description' build argument 'cmake_clean_first' from command line to 'False'
[0.312s] Level 5:colcon.colcon_core.verb:set package 'sjtu_drone_description' build argument 'cmake_force_configure' from command line to 'False'
[0.312s] Level 5:colcon.colcon_core.verb:set package 'sjtu_drone_description' build argument 'ament_cmake_args' from command line to 'None'
[0.312s] Level 5:colcon.colcon_core.verb:set package 'sjtu_drone_description' build argument 'catkin_cmake_args' from command line to 'None'
[0.312s] Level 5:colcon.colcon_core.verb:set package 'sjtu_drone_description' build argument 'catkin_skip_building_tests' from command line to 'False'
[0.313s] DEBUG:colcon.colcon_core.verb:Building package 'sjtu_drone_description' with the following arguments: {'ament_cmake_args': None, 'build_base': '/home/widha893/ros2_hil_quadrotor/build/sjtu_drone_description', 'catkin_cmake_args': None, 'catkin_skip_building_tests': False, 'cmake_args': None, 'cmake_clean_cache': False, 'cmake_clean_first': False, 'cmake_force_configure': False, 'cmake_target': None, 'cmake_target_skip_unavailable': False, 'install_base': '/home/widha893/ros2_hil_quadrotor/install/sjtu_drone_description', 'merge_install': False, 'path': '/home/widha893/ros2_hil_quadrotor/sjtu_drone_description', 'symlink_install': False, 'test_result_base': None}
[0.313s] INFO:colcon.colcon_core.executor:Executing jobs using 'parallel' executor
[0.314s] DEBUG:colcon.colcon_parallel_executor.executor.parallel:run_until_complete
[0.314s] INFO:colcon.colcon_ros.task.ament_python.build:Building ROS package in '/home/widha893/ros2_hil_quadrotor/hitl' with build type 'ament_python'
[0.314s] Level 1:colcon.colcon_core.shell:create_environment_hook('hitl', 'ament_prefix_path')
[0.316s] INFO:colcon.colcon_core.plugin_system:Skipping extension 'colcon_core.shell.bat': Not used on non-Windows systems
[0.316s] INFO:colcon.colcon_core.shell:Creating environment hook '/home/widha893/ros2_hil_quadrotor/install/hitl/share/hitl/hook/ament_prefix_path.ps1'
[0.317s] INFO:colcon.colcon_core.shell:Creating environment descriptor '/home/widha893/ros2_hil_quadrotor/install/hitl/share/hitl/hook/ament_prefix_path.dsv'
[0.317s] INFO:colcon.colcon_core.shell:Creating environment hook '/home/widha893/ros2_hil_quadrotor/install/hitl/share/hitl/hook/ament_prefix_path.sh'
[0.318s] INFO:colcon.colcon_core.shell:Skip shell extension 'powershell' for command environment: Not usable outside of PowerShell
[0.318s] DEBUG:colcon.colcon_core.shell:Skip shell extension 'dsv' for command environment
[0.321s] INFO:colcon.colcon_ros.task.ament_python.build:Building ROS package in '/home/widha893/ros2_hil_quadrotor/sensor_data_logger' with build type 'ament_python'
[0.321s] Level 1:colcon.colcon_core.shell:create_environment_hook('sensor_data_logger', 'ament_prefix_path')
[0.322s] INFO:colcon.colcon_core.shell:Creating environment hook '/home/widha893/ros2_hil_quadrotor/install/sensor_data_logger/share/sensor_data_logger/hook/ament_prefix_path.ps1'
[0.322s] INFO:colcon.colcon_core.shell:Creating environment descriptor '/home/widha893/ros2_hil_quadrotor/install/sensor_data_logger/share/sensor_data_logger/hook/ament_prefix_path.dsv'
[0.323s] INFO:colcon.colcon_core.shell:Creating environment hook '/home/widha893/ros2_hil_quadrotor/install/sensor_data_logger/share/sensor_data_logger/hook/ament_prefix_path.sh'
[0.324s] INFO:colcon.colcon_core.shell:Skip shell extension 'powershell' for command environment: Not usable outside of PowerShell
[0.324s] DEBUG:colcon.colcon_core.shell:Skip shell extension 'dsv' for command environment
[0.327s] INFO:colcon.colcon_ros.task.ament_python.build:Building ROS package in '/home/widha893/ros2_hil_quadrotor/sjtu_drone_bringup' with build type 'ament_python'
[0.327s] Level 1:colcon.colcon_core.shell:create_environment_hook('sjtu_drone_bringup', 'ament_prefix_path')
[0.327s] INFO:colcon.colcon_core.shell:Creating environment hook '/home/widha893/ros2_hil_quadrotor/install/sjtu_drone_bringup/share/sjtu_drone_bringup/hook/ament_prefix_path.ps1'
[0.328s] INFO:colcon.colcon_core.shell:Creating environment descriptor '/home/widha893/ros2_hil_quadrotor/install/sjtu_drone_bringup/share/sjtu_drone_bringup/hook/ament_prefix_path.dsv'
[0.329s] INFO:colcon.colcon_core.shell:Creating environment hook '/home/widha893/ros2_hil_quadrotor/install/sjtu_drone_bringup/share/sjtu_drone_bringup/hook/ament_prefix_path.sh'
[0.330s] INFO:colcon.colcon_core.shell:Skip shell extension 'powershell' for command environment: Not usable outside of PowerShell
[0.330s] DEBUG:colcon.colcon_core.shell:Skip shell extension 'dsv' for command environment
[0.333s] INFO:colcon.colcon_ros.task.ament_python.build:Building ROS package in '/home/widha893/ros2_hil_quadrotor/sjtu_drone_control' with build type 'ament_python'
[0.333s] Level 1:colcon.colcon_core.shell:create_environment_hook('sjtu_drone_control', 'ament_prefix_path')
[0.334s] INFO:colcon.colcon_core.shell:Creating environment hook '/home/widha893/ros2_hil_quadrotor/install/sjtu_drone_control/share/sjtu_drone_control/hook/ament_prefix_path.ps1'
[0.334s] INFO:colcon.colcon_core.shell:Creating environment descriptor '/home/widha893/ros2_hil_quadrotor/install/sjtu_drone_control/share/sjtu_drone_control/hook/ament_prefix_path.dsv'
[0.335s] INFO:colcon.colcon_core.shell:Creating environment hook '/home/widha893/ros2_hil_quadrotor/install/sjtu_drone_control/share/sjtu_drone_control/hook/ament_prefix_path.sh'
[0.336s] INFO:colcon.colcon_core.shell:Skip shell extension 'powershell' for command environment: Not usable outside of PowerShell
[0.336s] DEBUG:colcon.colcon_core.shell:Skip shell extension 'dsv' for command environment
[0.338s] INFO:colcon.colcon_ros.task.ament_cmake.build:Building ROS package in '/home/widha893/ros2_hil_quadrotor/sjtu_drone_description' with build type 'ament_cmake'
[0.338s] INFO:colcon.colcon_cmake.task.cmake.build:Building CMake package in '/home/widha893/ros2_hil_quadrotor/sjtu_drone_description'
[0.339s] INFO:colcon.colcon_core.shell:Skip shell extension 'powershell' for command environment: Not usable outside of PowerShell
[0.339s] DEBUG:colcon.colcon_core.shell:Skip shell extension 'dsv' for command environment
[0.566s] INFO:colcon.colcon_core.task.python.build:Building Python package in '/home/widha893/ros2_hil_quadrotor/hitl'
[0.566s] INFO:colcon.colcon_core.shell:Skip shell extension 'powershell' for command environment: Not usable outside of PowerShell
[0.566s] DEBUG:colcon.colcon_core.shell:Skip shell extension 'dsv' for command environment
[0.817s] INFO:colcon.colcon_core.task.python.build:Building Python package in '/home/widha893/ros2_hil_quadrotor/sensor_data_logger'
[0.817s] INFO:colcon.colcon_core.shell:Skip shell extension 'powershell' for command environment: Not usable outside of PowerShell
[0.817s] DEBUG:colcon.colcon_core.shell:Skip shell extension 'dsv' for command environment
[1.048s] INFO:colcon.colcon_core.task.python.build:Building Python package in '/home/widha893/ros2_hil_quadrotor/sjtu_drone_bringup'
[1.049s] INFO:colcon.colcon_core.shell:Skip shell extension 'powershell' for command environment: Not usable outside of PowerShell
[1.049s] DEBUG:colcon.colcon_core.shell:Skip shell extension 'dsv' for command environment
[1.270s] INFO:colcon.colcon_core.task.python.build:Building Python package in '/home/widha893/ros2_hil_quadrotor/sjtu_drone_control'
[1.271s] INFO:colcon.colcon_core.shell:Skip shell extension 'powershell' for command environment: Not usable outside of PowerShell
[1.271s] DEBUG:colcon.colcon_core.shell:Skip shell extension 'dsv' for command environment
[1.278s] DEBUG:colcon.colcon_core.event_handler.log_command:Invoking command in '/home/widha893/ros2_hil_quadrotor/build/sjtu_drone_description': CMAKE_PREFIX_PATH=${CMAKE_PREFIX_PATH}:/home/widha893/ros2_hil_quadrotor/install/sjtu_drone_control:/home/widha893/ros2_hil_quadrotor/install/sjtu_drone_bringup:/home/widha893/ros2_hil_quadrotor/install/sensor_data_logger:/home/widha893/ros2_hil_quadrotor/install/hitl:/opt/ros/humble /usr/bin/cmake --build /home/widha893/ros2_hil_quadrotor/build/sjtu_drone_description -- -j8 -l8
[1.419s] DEBUG:colcon.colcon_core.event_handler.log_command:Invoked command in '/home/widha893/ros2_hil_quadrotor/build/sjtu_drone_description' returned '0': CMAKE_PREFIX_PATH=${CMAKE_PREFIX_PATH}:/home/widha893/ros2_hil_quadrotor/install/sjtu_drone_control:/home/widha893/ros2_hil_quadrotor/install/sjtu_drone_bringup:/home/widha893/ros2_hil_quadrotor/install/sensor_data_logger:/home/widha893/ros2_hil_quadrotor/install/hitl:/opt/ros/humble /usr/bin/cmake --build /home/widha893/ros2_hil_quadrotor/build/sjtu_drone_description -- -j8 -l8
[1.434s] DEBUG:colcon.colcon_core.event_handler.log_command:Invoking command in '/home/widha893/ros2_hil_quadrotor/build/sjtu_drone_description': CMAKE_PREFIX_PATH=${CMAKE_PREFIX_PATH}:/home/widha893/ros2_hil_quadrotor/install/sjtu_drone_control:/home/widha893/ros2_hil_quadrotor/install/sjtu_drone_bringup:/home/widha893/ros2_hil_quadrotor/install/sensor_data_logger:/home/widha893/ros2_hil_quadrotor/install/hitl:/opt/ros/humble /usr/bin/cmake --install /home/widha893/ros2_hil_quadrotor/build/sjtu_drone_description
[1.515s] Level 1:colcon.colcon_core.environment:create_environment_scripts_only(sjtu_drone_description)
[1.531s] Level 1:colcon.colcon_core.environment:checking '/home/widha893/ros2_hil_quadrotor/install/sjtu_drone_description' for CMake module files
[1.533s] Level 1:colcon.colcon_core.environment:checking '/home/widha893/ros2_hil_quadrotor/install/sjtu_drone_description' for CMake config files
[1.550s] Level 1:colcon.colcon_core.shell:create_environment_hook('sjtu_drone_description', 'cmake_prefix_path')
[1.554s] INFO:colcon.colcon_core.shell:Creating environment hook '/home/widha893/ros2_hil_quadrotor/install/sjtu_drone_description/share/sjtu_drone_description/hook/cmake_prefix_path.ps1'
[1.556s] INFO:colcon.colcon_core.shell:Creating environment descriptor '/home/widha893/ros2_hil_quadrotor/install/sjtu_drone_description/share/sjtu_drone_description/hook/cmake_prefix_path.dsv'
[1.558s] INFO:colcon.colcon_core.shell:Creating environment hook '/home/widha893/ros2_hil_quadrotor/install/sjtu_drone_description/share/sjtu_drone_description/hook/cmake_prefix_path.sh'
[1.561s] Level 1:colcon.colcon_core.environment:checking '/home/widha893/ros2_hil_quadrotor/install/sjtu_drone_description/lib'
[1.562s] Level 1:colcon.colcon_core.shell:create_environment_hook('sjtu_drone_description', 'ld_library_path_lib')
[1.563s] INFO:colcon.colcon_core.shell:Creating environment hook '/home/widha893/ros2_hil_quadrotor/install/sjtu_drone_description/share/sjtu_drone_description/hook/ld_library_path_lib.ps1'
[1.569s] INFO:colcon.colcon_core.shell:Creating environment descriptor '/home/widha893/ros2_hil_quadrotor/install/sjtu_drone_description/share/sjtu_drone_description/hook/ld_library_path_lib.dsv'
[1.571s] INFO:colcon.colcon_core.shell:Creating environment hook '/home/widha893/ros2_hil_quadrotor/install/sjtu_drone_description/share/sjtu_drone_description/hook/ld_library_path_lib.sh'
[1.582s] Level 1:colcon.colcon_core.environment:checking '/home/widha893/ros2_hil_quadrotor/install/sjtu_drone_description/bin'
[1.583s] Level 1:colcon.colcon_core.environment:checking '/home/widha893/ros2_hil_quadrotor/install/sjtu_drone_description/lib/pkgconfig/sjtu_drone_description.pc'
[1.583s] Level 1:colcon.colcon_core.environment:checking '/home/widha893/ros2_hil_quadrotor/install/sjtu_drone_description/lib/python3.10/site-packages'
[1.584s] Level 1:colcon.colcon_core.environment:checking '/home/widha893/ros2_hil_quadrotor/install/sjtu_drone_description/bin'
[1.584s] INFO:colcon.colcon_core.shell:Creating package script '/home/widha893/ros2_hil_quadrotor/install/sjtu_drone_description/share/sjtu_drone_description/package.ps1'
[1.591s] INFO:colcon.colcon_core.shell:Creating package descriptor '/home/widha893/ros2_hil_quadrotor/install/sjtu_drone_description/share/sjtu_drone_description/package.dsv'
[1.592s] INFO:colcon.colcon_core.shell:Creating package script '/home/widha893/ros2_hil_quadrotor/install/sjtu_drone_description/share/sjtu_drone_description/package.sh'
[1.597s] INFO:colcon.colcon_core.shell:Creating package script '/home/widha893/ros2_hil_quadrotor/install/sjtu_drone_description/share/sjtu_drone_description/package.bash'
[1.599s] INFO:colcon.colcon_core.shell:Creating package script '/home/widha893/ros2_hil_quadrotor/install/sjtu_drone_description/share/sjtu_drone_description/package.zsh'
[1.605s] Level 1:colcon.colcon_core.environment:create_file_with_runtime_dependencies(/home/widha893/ros2_hil_quadrotor/install/sjtu_drone_description/share/colcon-core/packages/sjtu_drone_description)
[1.606s] Level 1:colcon.colcon_core.environment:create_environment_scripts_only(sjtu_drone_description)
[1.607s] Level 1:colcon.colcon_core.environment:checking '/home/widha893/ros2_hil_quadrotor/install/sjtu_drone_description' for CMake module files
[1.608s] Level 1:colcon.colcon_core.environment:checking '/home/widha893/ros2_hil_quadrotor/install/sjtu_drone_description' for CMake config files
[1.612s] Level 1:colcon.colcon_core.shell:create_environment_hook('sjtu_drone_description', 'cmake_prefix_path')
[1.612s] INFO:colcon.colcon_core.shell:Creating environment hook '/home/widha893/ros2_hil_quadrotor/install/sjtu_drone_description/share/sjtu_drone_description/hook/cmake_prefix_path.ps1'
[1.614s] INFO:colcon.colcon_core.shell:Creating environment descriptor '/home/widha893/ros2_hil_quadrotor/install/sjtu_drone_description/share/sjtu_drone_description/hook/cmake_prefix_path.dsv'
[1.614s] INFO:colcon.colcon_core.shell:Creating environment hook '/home/widha893/ros2_hil_quadrotor/install/sjtu_drone_description/share/sjtu_drone_description/hook/cmake_prefix_path.sh'
[1.619s] Level 1:colcon.colcon_core.environment:checking '/home/widha893/ros2_hil_quadrotor/install/sjtu_drone_description/lib'
[1.619s] Level 1:colcon.colcon_core.shell:create_environment_hook('sjtu_drone_description', 'ld_library_path_lib')
[1.620s] INFO:colcon.colcon_core.shell:Creating environment hook '/home/widha893/ros2_hil_quadrotor/install/sjtu_drone_description/share/sjtu_drone_description/hook/ld_library_path_lib.ps1'
[1.621s] INFO:colcon.colcon_core.shell:Creating environment descriptor '/home/widha893/ros2_hil_quadrotor/install/sjtu_drone_description/share/sjtu_drone_description/hook/ld_library_path_lib.dsv'
[1.622s] INFO:colcon.colcon_core.shell:Creating environment hook '/home/widha893/ros2_hil_quadrotor/install/sjtu_drone_description/share/sjtu_drone_description/hook/ld_library_path_lib.sh'
[1.624s] Level 1:colcon.colcon_core.environment:checking '/home/widha893/ros2_hil_quadrotor/install/sjtu_drone_description/bin'
[1.624s] Level 1:colcon.colcon_core.environment:checking '/home/widha893/ros2_hil_quadrotor/install/sjtu_drone_description/lib/pkgconfig/sjtu_drone_description.pc'
[1.625s] Level 1:colcon.colcon_core.environment:checking '/home/widha893/ros2_hil_quadrotor/install/sjtu_drone_description/lib/python3.10/site-packages'
[1.625s] Level 1:colcon.colcon_core.environment:checking '/home/widha893/ros2_hil_quadrotor/install/sjtu_drone_description/bin'
[1.626s] INFO:colcon.colcon_core.shell:Creating package script '/home/widha893/ros2_hil_quadrotor/install/sjtu_drone_description/share/sjtu_drone_description/package.ps1'
[1.628s] INFO:colcon.colcon_core.shell:Creating package descriptor '/home/widha893/ros2_hil_quadrotor/install/sjtu_drone_description/share/sjtu_drone_description/package.dsv'
[1.630s] INFO:colcon.colcon_core.shell:Creating package script '/home/widha893/ros2_hil_quadrotor/install/sjtu_drone_description/share/sjtu_drone_description/package.sh'
[1.635s] DEBUG:colcon.colcon_core.event_handler.log_command:Invoked command in '/home/widha893/ros2_hil_quadrotor/build/sjtu_drone_description' returned '0': CMAKE_PREFIX_PATH=${CMAKE_PREFIX_PATH}:/home/widha893/ros2_hil_quadrotor/install/sjtu_drone_control:/home/widha893/ros2_hil_quadrotor/install/sjtu_drone_bringup:/home/widha893/ros2_hil_quadrotor/install/sensor_data_logger:/home/widha893/ros2_hil_quadrotor/install/hitl:/opt/ros/humble /usr/bin/cmake --install /home/widha893/ros2_hil_quadrotor/build/sjtu_drone_description
[1.636s] INFO:colcon.colcon_core.shell:Creating package script '/home/widha893/ros2_hil_quadrotor/install/sjtu_drone_description/share/sjtu_drone_description/package.bash'
[1.636s] INFO:colcon.colcon_core.shell:Creating package script '/home/widha893/ros2_hil_quadrotor/install/sjtu_drone_description/share/sjtu_drone_description/package.zsh'
[1.637s] Level 1:colcon.colcon_core.environment:create_file_with_runtime_dependencies(/home/widha893/ros2_hil_quadrotor/install/sjtu_drone_description/share/colcon-core/packages/sjtu_drone_description)
[1.850s] DEBUG:colcon.colcon_core.event_handler.log_command:Invoking command in '/home/widha893/ros2_hil_quadrotor/sjtu_drone_bringup': PYTHONPATH=/home/widha893/ros2_hil_quadrotor/build/sjtu_drone_bringup/prefix_override:/usr/lib/python3/dist-packages/colcon_core/task/python/colcon_distutils_commands:/home/widha893/ros2_hil_quadrotor/install/sjtu_drone_bringup/lib/python3.10/site-packages:${PYTHONPATH} /usr/bin/python3 -W ignore:setup.py install is deprecated -W ignore:easy_install command is deprecated setup.py egg_info --egg-base ../build/sjtu_drone_bringup build --build-base /home/widha893/ros2_hil_quadrotor/build/sjtu_drone_bringup/build install --record /home/widha893/ros2_hil_quadrotor/build/sjtu_drone_bringup/install.log --single-version-externally-managed install_data
[1.992s] DEBUG:colcon.colcon_core.event_handler.log_command:Invoking command in '/home/widha893/ros2_hil_quadrotor/sjtu_drone_control': PYTHONPATH=/home/widha893/ros2_hil_quadrotor/build/sjtu_drone_control/prefix_override:/usr/lib/python3/dist-packages/colcon_core/task/python/colcon_distutils_commands:/home/widha893/ros2_hil_quadrotor/install/sjtu_drone_control/lib/python3.10/site-packages:${PYTHONPATH} /usr/bin/python3 -W ignore:setup.py install is deprecated -W ignore:easy_install command is deprecated setup.py egg_info --egg-base ../build/sjtu_drone_control build --build-base /home/widha893/ros2_hil_quadrotor/build/sjtu_drone_control/build install --record /home/widha893/ros2_hil_quadrotor/build/sjtu_drone_control/install.log --single-version-externally-managed install_data
[2.018s] DEBUG:colcon.colcon_core.event_handler.log_command:Invoking command in '/home/widha893/ros2_hil_quadrotor/hitl': PYTHONPATH=/home/widha893/ros2_hil_quadrotor/build/hitl/prefix_override:/usr/lib/python3/dist-packages/colcon_core/task/python/colcon_distutils_commands:/home/widha893/ros2_hil_quadrotor/install/hitl/lib/python3.10/site-packages:${PYTHONPATH} /usr/bin/python3 -W ignore:setup.py install is deprecated -W ignore:easy_install command is deprecated setup.py egg_info --egg-base ../build/hitl build --build-base /home/widha893/ros2_hil_quadrotor/build/hitl/build install --record /home/widha893/ros2_hil_quadrotor/build/hitl/install.log --single-version-externally-managed install_data
[2.026s] DEBUG:colcon.colcon_core.event_handler.log_command:Invoking command in '/home/widha893/ros2_hil_quadrotor/sensor_data_logger': PYTHONPATH=/home/widha893/ros2_hil_quadrotor/build/sensor_data_logger/prefix_override:/usr/lib/python3/dist-packages/colcon_core/task/python/colcon_distutils_commands:/home/widha893/ros2_hil_quadrotor/install/sensor_data_logger/lib/python3.10/site-packages:${PYTHONPATH} /usr/bin/python3 -W ignore:setup.py install is deprecated -W ignore:easy_install command is deprecated setup.py egg_info --egg-base ../build/sensor_data_logger build --build-base /home/widha893/ros2_hil_quadrotor/build/sensor_data_logger/build install --record /home/widha893/ros2_hil_quadrotor/build/sensor_data_logger/install.log --single-version-externally-managed install_data
[2.609s] Level 1:colcon.colcon_core.environment:checking '/home/widha893/ros2_hil_quadrotor/install/sjtu_drone_bringup' for CMake module files
[2.611s] Level 1:colcon.colcon_core.environment:checking '/home/widha893/ros2_hil_quadrotor/install/sjtu_drone_bringup' for CMake config files
[2.612s] Level 1:colcon.colcon_core.environment:checking '/home/widha893/ros2_hil_quadrotor/install/sjtu_drone_bringup/lib'
[2.609s] DEBUG:colcon.colcon_core.event_handler.log_command:Invoked command in '/home/widha893/ros2_hil_quadrotor/sjtu_drone_bringup' returned '0': PYTHONPATH=/home/widha893/ros2_hil_quadrotor/build/sjtu_drone_bringup/prefix_override:/usr/lib/python3/dist-packages/colcon_core/task/python/colcon_distutils_commands:/home/widha893/ros2_hil_quadrotor/install/sjtu_drone_bringup/lib/python3.10/site-packages:${PYTHONPATH} /usr/bin/python3 -W ignore:setup.py install is deprecated -W ignore:easy_install command is deprecated setup.py egg_info --egg-base ../build/sjtu_drone_bringup build --build-base /home/widha893/ros2_hil_quadrotor/build/sjtu_drone_bringup/build install --record /home/widha893/ros2_hil_quadrotor/build/sjtu_drone_bringup/install.log --single-version-externally-managed install_data
[2.612s] Level 1:colcon.colcon_core.environment:checking '/home/widha893/ros2_hil_quadrotor/install/sjtu_drone_bringup/bin'
[2.613s] Level 1:colcon.colcon_core.environment:checking '/home/widha893/ros2_hil_quadrotor/install/sjtu_drone_bringup/lib/pkgconfig/sjtu_drone_bringup.pc'
[2.613s] Level 1:colcon.colcon_core.environment:checking '/home/widha893/ros2_hil_quadrotor/install/sjtu_drone_bringup/lib/python3.10/site-packages'
[2.614s] Level 1:colcon.colcon_core.shell:create_environment_hook('sjtu_drone_bringup', 'pythonpath')
[2.614s] INFO:colcon.colcon_core.shell:Creating environment hook '/home/widha893/ros2_hil_quadrotor/install/sjtu_drone_bringup/share/sjtu_drone_bringup/hook/pythonpath.ps1'
[2.616s] INFO:colcon.colcon_core.shell:Creating environment descriptor '/home/widha893/ros2_hil_quadrotor/install/sjtu_drone_bringup/share/sjtu_drone_bringup/hook/pythonpath.dsv'
[2.617s] INFO:colcon.colcon_core.shell:Creating environment hook '/home/widha893/ros2_hil_quadrotor/install/sjtu_drone_bringup/share/sjtu_drone_bringup/hook/pythonpath.sh'
[2.619s] Level 1:colcon.colcon_core.environment:checking '/home/widha893/ros2_hil_quadrotor/install/sjtu_drone_bringup/bin'
[2.619s] Level 1:colcon.colcon_core.environment:create_environment_scripts_only(sjtu_drone_bringup)
[2.620s] INFO:colcon.colcon_core.shell:Creating package script '/home/widha893/ros2_hil_quadrotor/install/sjtu_drone_bringup/share/sjtu_drone_bringup/package.ps1'
[2.621s] INFO:colcon.colcon_core.shell:Creating package descriptor '/home/widha893/ros2_hil_quadrotor/install/sjtu_drone_bringup/share/sjtu_drone_bringup/package.dsv'
[2.622s] INFO:colcon.colcon_core.shell:Creating package script '/home/widha893/ros2_hil_quadrotor/install/sjtu_drone_bringup/share/sjtu_drone_bringup/package.sh'
[2.624s] INFO:colcon.colcon_core.shell:Creating package script '/home/widha893/ros2_hil_quadrotor/install/sjtu_drone_bringup/share/sjtu_drone_bringup/package.bash'
[2.625s] INFO:colcon.colcon_core.shell:Creating package script '/home/widha893/ros2_hil_quadrotor/install/sjtu_drone_bringup/share/sjtu_drone_bringup/package.zsh'
[2.626s] Level 1:colcon.colcon_core.environment:create_file_with_runtime_dependencies(/home/widha893/ros2_hil_quadrotor/install/sjtu_drone_bringup/share/colcon-core/packages/sjtu_drone_bringup)
[2.644s] Level 1:colcon.colcon_core.environment:checking '/home/widha893/ros2_hil_quadrotor/install/sjtu_drone_control' for CMake module files
[2.646s] DEBUG:colcon.colcon_core.event_handler.log_command:Invoked command in '/home/widha893/ros2_hil_quadrotor/sjtu_drone_control' returned '0': PYTHONPATH=/home/widha893/ros2_hil_quadrotor/build/sjtu_drone_control/prefix_override:/usr/lib/python3/dist-packages/colcon_core/task/python/colcon_distutils_commands:/home/widha893/ros2_hil_quadrotor/install/sjtu_drone_control/lib/python3.10/site-packages:${PYTHONPATH} /usr/bin/python3 -W ignore:setup.py install is deprecated -W ignore:easy_install command is deprecated setup.py egg_info --egg-base ../build/sjtu_drone_control build --build-base /home/widha893/ros2_hil_quadrotor/build/sjtu_drone_control/build install --record /home/widha893/ros2_hil_quadrotor/build/sjtu_drone_control/install.log --single-version-externally-managed install_data
[2.647s] Level 1:colcon.colcon_core.environment:checking '/home/widha893/ros2_hil_quadrotor/install/sjtu_drone_control' for CMake config files
[2.648s] Level 1:colcon.colcon_core.environment:checking '/home/widha893/ros2_hil_quadrotor/install/sjtu_drone_control/lib'
[2.649s] Level 1:colcon.colcon_core.environment:checking '/home/widha893/ros2_hil_quadrotor/install/sjtu_drone_control/bin'
[2.649s] Level 1:colcon.colcon_core.environment:checking '/home/widha893/ros2_hil_quadrotor/install/sjtu_drone_control/lib/pkgconfig/sjtu_drone_control.pc'
[2.649s] Level 1:colcon.colcon_core.environment:checking '/home/widha893/ros2_hil_quadrotor/install/sjtu_drone_control/lib/python3.10/site-packages'
[2.650s] Level 1:colcon.colcon_core.shell:create_environment_hook('sjtu_drone_control', 'pythonpath')
[2.650s] INFO:colcon.colcon_core.shell:Creating environment hook '/home/widha893/ros2_hil_quadrotor/install/sjtu_drone_control/share/sjtu_drone_control/hook/pythonpath.ps1'
[2.652s] INFO:colcon.colcon_core.shell:Creating environment descriptor '/home/widha893/ros2_hil_quadrotor/install/sjtu_drone_control/share/sjtu_drone_control/hook/pythonpath.dsv'
[2.654s] INFO:colcon.colcon_core.shell:Creating environment hook '/home/widha893/ros2_hil_quadrotor/install/sjtu_drone_control/share/sjtu_drone_control/hook/pythonpath.sh'
[2.657s] Level 1:colcon.colcon_core.environment:checking '/home/widha893/ros2_hil_quadrotor/install/sjtu_drone_control/bin'
[2.657s] Level 1:colcon.colcon_core.environment:create_environment_scripts_only(sjtu_drone_control)
[2.658s] INFO:colcon.colcon_core.shell:Creating package script '/home/widha893/ros2_hil_quadrotor/install/sjtu_drone_control/share/sjtu_drone_control/package.ps1'
[2.660s] INFO:colcon.colcon_core.shell:Creating package descriptor '/home/widha893/ros2_hil_quadrotor/install/sjtu_drone_control/share/sjtu_drone_control/package.dsv'
[2.661s] INFO:colcon.colcon_core.shell:Creating package script '/home/widha893/ros2_hil_quadrotor/install/sjtu_drone_control/share/sjtu_drone_control/package.sh'
[2.663s] INFO:colcon.colcon_core.shell:Creating package script '/home/widha893/ros2_hil_quadrotor/install/sjtu_drone_control/share/sjtu_drone_control/package.bash'
[2.665s] INFO:colcon.colcon_core.shell:Creating package script '/home/widha893/ros2_hil_quadrotor/install/sjtu_drone_control/share/sjtu_drone_control/package.zsh'
[2.666s] Level 1:colcon.colcon_core.environment:create_file_with_runtime_dependencies(/home/widha893/ros2_hil_quadrotor/install/sjtu_drone_control/share/colcon-core/packages/sjtu_drone_control)
[2.705s] Level 1:colcon.colcon_core.environment:checking '/home/widha893/ros2_hil_quadrotor/install/hitl' for CMake module files
[2.706s] DEBUG:colcon.colcon_core.event_handler.log_command:Invoked command in '/home/widha893/ros2_hil_quadrotor/hitl' returned '0': PYTHONPATH=/home/widha893/ros2_hil_quadrotor/build/hitl/prefix_override:/usr/lib/python3/dist-packages/colcon_core/task/python/colcon_distutils_commands:/home/widha893/ros2_hil_quadrotor/install/hitl/lib/python3.10/site-packages:${PYTHONPATH} /usr/bin/python3 -W ignore:setup.py install is deprecated -W ignore:easy_install command is deprecated setup.py egg_info --egg-base ../build/hitl build --build-base /home/widha893/ros2_hil_quadrotor/build/hitl/build install --record /home/widha893/ros2_hil_quadrotor/build/hitl/install.log --single-version-externally-managed install_data
[2.706s] Level 1:colcon.colcon_core.environment:checking '/home/widha893/ros2_hil_quadrotor/install/hitl' for CMake config files
[2.708s] Level 1:colcon.colcon_core.environment:checking '/home/widha893/ros2_hil_quadrotor/install/hitl/lib'
[2.708s] Level 1:colcon.colcon_core.environment:checking '/home/widha893/ros2_hil_quadrotor/install/hitl/bin'
[2.708s] Level 1:colcon.colcon_core.environment:checking '/home/widha893/ros2_hil_quadrotor/install/hitl/lib/pkgconfig/hitl.pc'
[2.709s] Level 1:colcon.colcon_core.environment:checking '/home/widha893/ros2_hil_quadrotor/install/hitl/lib/python3.10/site-packages'
[2.709s] Level 1:colcon.colcon_core.shell:create_environment_hook('hitl', 'pythonpath')
[2.709s] INFO:colcon.colcon_core.shell:Creating environment hook '/home/widha893/ros2_hil_quadrotor/install/hitl/share/hitl/hook/pythonpath.ps1'
[2.710s] INFO:colcon.colcon_core.shell:Creating environment descriptor '/home/widha893/ros2_hil_quadrotor/install/hitl/share/hitl/hook/pythonpath.dsv'
[2.711s] INFO:colcon.colcon_core.shell:Creating environment hook '/home/widha893/ros2_hil_quadrotor/install/hitl/share/hitl/hook/pythonpath.sh'
[2.712s] Level 1:colcon.colcon_core.environment:checking '/home/widha893/ros2_hil_quadrotor/install/hitl/bin'
[2.712s] Level 1:colcon.colcon_core.environment:create_environment_scripts_only(hitl)
[2.713s] INFO:colcon.colcon_core.shell:Creating package script '/home/widha893/ros2_hil_quadrotor/install/hitl/share/hitl/package.ps1'
[2.714s] INFO:colcon.colcon_core.shell:Creating package descriptor '/home/widha893/ros2_hil_quadrotor/install/hitl/share/hitl/package.dsv'
[2.716s] INFO:colcon.colcon_core.shell:Creating package script '/home/widha893/ros2_hil_quadrotor/install/hitl/share/hitl/package.sh'
[2.717s] INFO:colcon.colcon_core.shell:Creating package script '/home/widha893/ros2_hil_quadrotor/install/hitl/share/hitl/package.bash'
[2.718s] INFO:colcon.colcon_core.shell:Creating package script '/home/widha893/ros2_hil_quadrotor/install/hitl/share/hitl/package.zsh'
[2.719s] Level 1:colcon.colcon_core.environment:create_file_with_runtime_dependencies(/home/widha893/ros2_hil_quadrotor/install/hitl/share/colcon-core/packages/hitl)
[2.786s] Level 1:colcon.colcon_core.environment:checking '/home/widha893/ros2_hil_quadrotor/install/sensor_data_logger' for CMake module files
[2.787s] Level 1:colcon.colcon_core.environment:checking '/home/widha893/ros2_hil_quadrotor/install/sensor_data_logger' for CMake config files
[2.788s] DEBUG:colcon.colcon_core.event_handler.log_command:Invoked command in '/home/widha893/ros2_hil_quadrotor/sensor_data_logger' returned '0': PYTHONPATH=/home/widha893/ros2_hil_quadrotor/build/sensor_data_logger/prefix_override:/usr/lib/python3/dist-packages/colcon_core/task/python/colcon_distutils_commands:/home/widha893/ros2_hil_quadrotor/install/sensor_data_logger/lib/python3.10/site-packages:${PYTHONPATH} /usr/bin/python3 -W ignore:setup.py install is deprecated -W ignore:easy_install command is deprecated setup.py egg_info --egg-base ../build/sensor_data_logger build --build-base /home/widha893/ros2_hil_quadrotor/build/sensor_data_logger/build install --record /home/widha893/ros2_hil_quadrotor/build/sensor_data_logger/install.log --single-version-externally-managed install_data
[2.791s] Level 1:colcon.colcon_core.environment:checking '/home/widha893/ros2_hil_quadrotor/install/sensor_data_logger/lib'
[2.792s] Level 1:colcon.colcon_core.environment:checking '/home/widha893/ros2_hil_quadrotor/install/sensor_data_logger/bin'
[2.792s] Level 1:colcon.colcon_core.environment:checking '/home/widha893/ros2_hil_quadrotor/install/sensor_data_logger/lib/pkgconfig/sensor_data_logger.pc'
[2.792s] Level 1:colcon.colcon_core.environment:checking '/home/widha893/ros2_hil_quadrotor/install/sensor_data_logger/lib/python3.10/site-packages'
[2.793s] Level 1:colcon.colcon_core.shell:create_environment_hook('sensor_data_logger', 'pythonpath')
[2.793s] INFO:colcon.colcon_core.shell:Creating environment hook '/home/widha893/ros2_hil_quadrotor/install/sensor_data_logger/share/sensor_data_logger/hook/pythonpath.ps1'
[2.794s] INFO:colcon.colcon_core.shell:Creating environment descriptor '/home/widha893/ros2_hil_quadrotor/install/sensor_data_logger/share/sensor_data_logger/hook/pythonpath.dsv'
[2.795s] INFO:colcon.colcon_core.shell:Creating environment hook '/home/widha893/ros2_hil_quadrotor/install/sensor_data_logger/share/sensor_data_logger/hook/pythonpath.sh'
[2.797s] Level 1:colcon.colcon_core.environment:checking '/home/widha893/ros2_hil_quadrotor/install/sensor_data_logger/bin'
[2.799s] Level 1:colcon.colcon_core.environment:create_environment_scripts_only(sensor_data_logger)
[2.800s] INFO:colcon.colcon_core.shell:Creating package script '/home/widha893/ros2_hil_quadrotor/install/sensor_data_logger/share/sensor_data_logger/package.ps1'
[2.801s] INFO:colcon.colcon_core.shell:Creating package descriptor '/home/widha893/ros2_hil_quadrotor/install/sensor_data_logger/share/sensor_data_logger/package.dsv'
[2.805s] INFO:colcon.colcon_core.shell:Creating package script '/home/widha893/ros2_hil_quadrotor/install/sensor_data_logger/share/sensor_data_logger/package.sh'
[2.806s] INFO:colcon.colcon_core.shell:Creating package script '/home/widha893/ros2_hil_quadrotor/install/sensor_data_logger/share/sensor_data_logger/package.bash'
[2.807s] INFO:colcon.colcon_core.shell:Creating package script '/home/widha893/ros2_hil_quadrotor/install/sensor_data_logger/share/sensor_data_logger/package.zsh'
[2.809s] Level 1:colcon.colcon_core.environment:create_file_with_runtime_dependencies(/home/widha893/ros2_hil_quadrotor/install/sensor_data_logger/share/colcon-core/packages/sensor_data_logger)
[2.809s] DEBUG:colcon.colcon_parallel_executor.executor.parallel:closing loop
[2.810s] DEBUG:colcon.colcon_parallel_executor.executor.parallel:loop closed
[2.810s] DEBUG:colcon.colcon_parallel_executor.executor.parallel:run_until_complete finished with '0'
[2.812s] DEBUG:colcon.colcon_core.event_reactor:joining thread
[2.828s] INFO:colcon.colcon_core.plugin_system:Skipping extension 'colcon_notification.desktop_notification.terminal_notifier': Not used on non-Darwin systems
[2.828s] INFO:colcon.colcon_core.plugin_system:Skipping extension 'colcon_notification.desktop_notification.win32': Not used on non-Windows systems
[2.829s] INFO:colcon.colcon_notification.desktop_notification:Sending desktop notification using 'notify2'
[2.860s] DEBUG:colcon.colcon_core.event_reactor:joined thread
[2.861s] INFO:colcon.colcon_core.shell:Creating prefix script '/home/widha893/ros2_hil_quadrotor/install/local_setup.ps1'
[2.863s] INFO:colcon.colcon_core.shell:Creating prefix util module '/home/widha893/ros2_hil_quadrotor/install/_local_setup_util_ps1.py'
[2.868s] INFO:colcon.colcon_core.shell:Creating prefix chain script '/home/widha893/ros2_hil_quadrotor/install/setup.ps1'
[2.870s] INFO:colcon.colcon_core.shell:Creating prefix script '/home/widha893/ros2_hil_quadrotor/install/local_setup.sh'
[2.871s] INFO:colcon.colcon_core.shell:Creating prefix util module '/home/widha893/ros2_hil_quadrotor/install/_local_setup_util_sh.py'
[2.873s] INFO:colcon.colcon_core.shell:Creating prefix chain script '/home/widha893/ros2_hil_quadrotor/install/setup.sh'
[2.875s] INFO:colcon.colcon_core.shell:Creating prefix script '/home/widha893/ros2_hil_quadrotor/install/local_setup.bash'
[2.877s] INFO:colcon.colcon_core.shell:Creating prefix chain script '/home/widha893/ros2_hil_quadrotor/install/setup.bash'
[2.880s] INFO:colcon.colcon_core.shell:Creating prefix script '/home/widha893/ros2_hil_quadrotor/install/local_setup.zsh'
[2.881s] INFO:colcon.colcon_core.shell:Creating prefix chain script '/home/widha893/ros2_hil_quadrotor/install/setup.zsh'
