[1.704s] Invoking command in '/home/widha893/ros2_hil_quadrotor/sjtu_drone_bringup': PYTHONPATH=/home/widha893/ros2_hil_quadrotor/build/sjtu_drone_bringup/prefix_override:/usr/lib/python3/dist-packages/colcon_core/task/python/colcon_distutils_commands:/home/widha893/ros2_hil_quadrotor/install/sjtu_drone_bringup/lib/python3.10/site-packages:${PYTHONPATH} /usr/bin/python3 -W ignore:setup.py install is deprecated setup.py egg_info --egg-base ../build/sjtu_drone_bringup build --build-base /home/widha893/ros2_hil_quadrotor/build/sjtu_drone_bringup/build install --record /home/widha893/ros2_hil_quadrotor/build/sjtu_drone_bringup/install.log --single-version-externally-managed install_data
[2.130s] running egg_info
[2.133s] writing ../build/sjtu_drone_bringup/sjtu_drone_bringup.egg-info/PKG-INFO
[2.135s] writing dependency_links to ../build/sjtu_drone_bringup/sjtu_drone_bringup.egg-info/dependency_links.txt
[2.136s] writing entry points to ../build/sjtu_drone_bringup/sjtu_drone_bringup.egg-info/entry_points.txt
[2.137s] writing requirements to ../build/sjtu_drone_bringup/sjtu_drone_bringup.egg-info/requires.txt
[2.137s] writing top-level names to ../build/sjtu_drone_bringup/sjtu_drone_bringup.egg-info/top_level.txt
[2.138s] reading manifest file '../build/sjtu_drone_bringup/sjtu_drone_bringup.egg-info/SOURCES.txt'
[2.139s] writing manifest file '../build/sjtu_drone_bringup/sjtu_drone_bringup.egg-info/SOURCES.txt'
[2.140s] running build
[2.140s] running build_py
[2.141s] running install
[2.141s] running install_lib
[2.143s] running install_data
[2.145s] running install_egg_info
[2.151s] removing '/home/widha893/ros2_hil_quadrotor/install/sjtu_drone_bringup/lib/python3.10/site-packages/sjtu_drone_bringup-0.0.0-py3.10.egg-info' (and everything under it)
[2.151s] Copying ../build/sjtu_drone_bringup/sjtu_drone_bringup.egg-info to /home/widha893/ros2_hil_quadrotor/install/sjtu_drone_bringup/lib/python3.10/site-packages/sjtu_drone_bringup-0.0.0-py3.10.egg-info
[2.152s] running install_scripts
[2.180s] Installing spawn_drone script to /home/widha893/ros2_hil_quadrotor/install/sjtu_drone_bringup/lib/sjtu_drone_bringup
[2.180s] writing list of installed files to '/home/widha893/ros2_hil_quadrotor/build/sjtu_drone_bringup/install.log'
[2.240s] Invoked command in '/home/widha893/ros2_hil_quadrotor/sjtu_drone_bringup' returned '0': PYTHONPATH=/home/widha893/ros2_hil_quadrotor/build/sjtu_drone_bringup/prefix_override:/usr/lib/python3/dist-packages/colcon_core/task/python/colcon_distutils_commands:/home/widha893/ros2_hil_quadrotor/install/sjtu_drone_bringup/lib/python3.10/site-packages:${PYTHONPATH} /usr/bin/python3 -W ignore:setup.py install is deprecated setup.py egg_info --egg-base ../build/sjtu_drone_bringup build --build-base /home/widha893/ros2_hil_quadrotor/build/sjtu_drone_bringup/build install --record /home/widha893/ros2_hil_quadrotor/build/sjtu_drone_bringup/install.log --single-version-externally-managed install_data
