[3.403s] Invoking command in '/home/widha893/ros2_hil_quadrotor/hitl': PYTHONPATH=/home/widha893/ros2_hil_quadrotor/build/hitl/prefix_override:/usr/lib/python3/dist-packages/colcon_core/task/python/colcon_distutils_commands:/home/widha893/ros2_hil_quadrotor/install/hitl/lib/python3.10/site-packages:${PYTHONPATH} /usr/bin/python3 -W ignore:setup.py install is deprecated setup.py egg_info --egg-base ../build/hitl build --build-base /home/widha893/ros2_hil_quadrotor/build/hitl/build install --record /home/widha893/ros2_hil_quadrotor/build/hitl/install.log --single-version-externally-managed install_data
[3.705s] running egg_info
[3.706s] writing ../build/hitl/hitl.egg-info/PKG-INFO
[3.706s] writing dependency_links to ../build/hitl/hitl.egg-info/dependency_links.txt
[3.706s] writing entry points to ../build/hitl/hitl.egg-info/entry_points.txt
[3.706s] writing requirements to ../build/hitl/hitl.egg-info/requires.txt
[3.707s] writing top-level names to ../build/hitl/hitl.egg-info/top_level.txt
[3.710s] reading manifest file '../build/hitl/hitl.egg-info/SOURCES.txt'
[3.711s] writing manifest file '../build/hitl/hitl.egg-info/SOURCES.txt'
[3.711s] running build
[3.712s] running build_py
[3.712s] copying hitl/communication.py -> /home/widha893/ros2_hil_quadrotor/build/hitl/build/lib/hitl
[4.079s] running install
[4.080s] running install_lib
[4.082s] copying /home/widha893/ros2_hil_quadrotor/build/hitl/build/lib/hitl/communication.py -> /home/widha893/ros2_hil_quadrotor/install/hitl/lib/python3.10/site-packages/hitl
[4.084s] byte-compiling /home/widha893/ros2_hil_quadrotor/install/hitl/lib/python3.10/site-packages/hitl/communication.py to communication.cpython-310.pyc
[4.088s] running install_data
[4.089s] running install_egg_info
[4.092s] removing '/home/widha893/ros2_hil_quadrotor/install/hitl/lib/python3.10/site-packages/hitl-0.0.0-py3.10.egg-info' (and everything under it)
[4.093s] Copying ../build/hitl/hitl.egg-info to /home/widha893/ros2_hil_quadrotor/install/hitl/lib/python3.10/site-packages/hitl-0.0.0-py3.10.egg-info
[4.120s] running install_scripts
[4.158s] Installing communication script to /home/widha893/ros2_hil_quadrotor/install/hitl/lib/hitl
[4.158s] Installing receiver script to /home/widha893/ros2_hil_quadrotor/install/hitl/lib/hitl
[4.158s] writing list of installed files to '/home/widha893/ros2_hil_quadrotor/build/hitl/install.log'
[4.904s] Invoked command in '/home/widha893/ros2_hil_quadrotor/hitl' returned '0': PYTHONPATH=/home/widha893/ros2_hil_quadrotor/build/hitl/prefix_override:/usr/lib/python3/dist-packages/colcon_core/task/python/colcon_distutils_commands:/home/widha893/ros2_hil_quadrotor/install/hitl/lib/python3.10/site-packages:${PYTHONPATH} /usr/bin/python3 -W ignore:setup.py install is deprecated setup.py egg_info --egg-base ../build/hitl build --build-base /home/widha893/ros2_hil_quadrotor/build/hitl/build install --record /home/widha893/ros2_hil_quadrotor/build/hitl/install.log --single-version-externally-managed install_data
