[2.025s] Invoking command in '/home/widha893/ros2_hil_quadrotor/sjtu_drone_bringup': PYTHONPATH=/home/widha893/ros2_hil_quadrotor/build/sjtu_drone_bringup/prefix_override:/usr/lib/python3/dist-packages/colcon_core/task/python/colcon_distutils_commands:/home/widha893/ros2_hil_quadrotor/install/sjtu_drone_bringup/lib/python3.10/site-packages:${PYTHONPATH} /usr/bin/python3 -W ignore:setup.py install is deprecated setup.py egg_info --egg-base ../build/sjtu_drone_bringup build --build-base /home/widha893/ros2_hil_quadrotor/build/sjtu_drone_bringup/build install --record /home/widha893/ros2_hil_quadrotor/build/sjtu_drone_bringup/install.log --single-version-externally-managed install_data
[2.486s] running egg_info
[2.487s] writing ../build/sjtu_drone_bringup/sjtu_drone_bringup.egg-info/PKG-INFO
[2.495s] writing dependency_links to ../build/sjtu_drone_bringup/sjtu_drone_bringup.egg-info/dependency_links.txt
[2.495s] writing entry points to ../build/sjtu_drone_bringup/sjtu_drone_bringup.egg-info/entry_points.txt
[2.525s] writing requirements to ../build/sjtu_drone_bringup/sjtu_drone_bringup.egg-info/requires.txt
[2.525s] writing top-level names to ../build/sjtu_drone_bringup/sjtu_drone_bringup.egg-info/top_level.txt
[2.531s] reading manifest file '../build/sjtu_drone_bringup/sjtu_drone_bringup.egg-info/SOURCES.txt'
[2.534s] writing manifest file '../build/sjtu_drone_bringup/sjtu_drone_bringup.egg-info/SOURCES.txt'
[2.546s] running build
[2.546s] running build_py
[2.548s] running install
[2.548s] running install_lib
[2.551s] running install_data
[2.556s] running install_egg_info
[2.557s] removing '/home/widha893/ros2_hil_quadrotor/install/sjtu_drone_bringup/lib/python3.10/site-packages/sjtu_drone_bringup-0.0.0-py3.10.egg-info' (and everything under it)
[2.560s] Copying ../build/sjtu_drone_bringup/sjtu_drone_bringup.egg-info to /home/widha893/ros2_hil_quadrotor/install/sjtu_drone_bringup/lib/python3.10/site-packages/sjtu_drone_bringup-0.0.0-py3.10.egg-info
[2.561s] running install_scripts
[2.614s] Installing spawn_drone script to /home/widha893/ros2_hil_quadrotor/install/sjtu_drone_bringup/lib/sjtu_drone_bringup
[2.665s] writing list of installed files to '/home/widha893/ros2_hil_quadrotor/build/sjtu_drone_bringup/install.log'
[2.769s] Invoked command in '/home/widha893/ros2_hil_quadrotor/sjtu_drone_bringup' returned '0': PYTHONPATH=/home/widha893/ros2_hil_quadrotor/build/sjtu_drone_bringup/prefix_override:/usr/lib/python3/dist-packages/colcon_core/task/python/colcon_distutils_commands:/home/widha893/ros2_hil_quadrotor/install/sjtu_drone_bringup/lib/python3.10/site-packages:${PYTHONPATH} /usr/bin/python3 -W ignore:setup.py install is deprecated setup.py egg_info --egg-base ../build/sjtu_drone_bringup build --build-base /home/widha893/ros2_hil_quadrotor/build/sjtu_drone_bringup/build install --record /home/widha893/ros2_hil_quadrotor/build/sjtu_drone_bringup/install.log --single-version-externally-managed install_data
