[3.646s] Invoking command in '/home/widha893/ros2_hil_quadrotor/hitl': PYTHONPATH=/home/widha893/ros2_hil_quadrotor/build/hitl/prefix_override:/usr/lib/python3/dist-packages/colcon_core/task/python/colcon_distutils_commands:/home/widha893/ros2_hil_quadrotor/install/hitl/lib/python3.10/site-packages:${PYTHONPATH} /usr/bin/python3 -W ignore:setup.py install is deprecated setup.py egg_info --egg-base ../build/hitl build --build-base /home/widha893/ros2_hil_quadrotor/build/hitl/build install --record /home/widha893/ros2_hil_quadrotor/build/hitl/install.log --single-version-externally-managed install_data
[3.923s] running egg_info
[3.924s] writing ../build/hitl/hitl.egg-info/PKG-INFO
[3.924s] writing dependency_links to ../build/hitl/hitl.egg-info/dependency_links.txt
[3.924s] writing entry points to ../build/hitl/hitl.egg-info/entry_points.txt
[3.924s] writing requirements to ../build/hitl/hitl.egg-info/requires.txt
[3.935s] writing top-level names to ../build/hitl/hitl.egg-info/top_level.txt
[3.937s] reading manifest file '../build/hitl/hitl.egg-info/SOURCES.txt'
[3.956s] writing manifest file '../build/hitl/hitl.egg-info/SOURCES.txt'
[3.956s] running build
[3.956s] running build_py
[3.956s] running install
[3.957s] running install_lib
[3.958s] running install_data
[3.958s] running install_egg_info
[3.960s] removing '/home/widha893/ros2_hil_quadrotor/install/hitl/lib/python3.10/site-packages/hitl-0.0.0-py3.10.egg-info' (and everything under it)
[3.960s] Copying ../build/hitl/hitl.egg-info to /home/widha893/ros2_hil_quadrotor/install/hitl/lib/python3.10/site-packages/hitl-0.0.0-py3.10.egg-info
[3.972s] running install_scripts
[3.999s] Installing communication script to /home/widha893/ros2_hil_quadrotor/install/hitl/lib/hitl
[4.000s] Installing receiver script to /home/widha893/ros2_hil_quadrotor/install/hitl/lib/hitl
[4.000s] writing list of installed files to '/home/widha893/ros2_hil_quadrotor/build/hitl/install.log'
[4.120s] Invoked command in '/home/widha893/ros2_hil_quadrotor/hitl' returned '0': PYTHONPATH=/home/widha893/ros2_hil_quadrotor/build/hitl/prefix_override:/usr/lib/python3/dist-packages/colcon_core/task/python/colcon_distutils_commands:/home/widha893/ros2_hil_quadrotor/install/hitl/lib/python3.10/site-packages:${PYTHONPATH} /usr/bin/python3 -W ignore:setup.py install is deprecated setup.py egg_info --egg-base ../build/hitl build --build-base /home/widha893/ros2_hil_quadrotor/build/hitl/build install --record /home/widha893/ros2_hil_quadrotor/build/hitl/install.log --single-version-externally-managed install_data
