[7.991s] Invoking command in '/home/widha893/ros2_hil_quadrotor/hitl': PYTHONPATH=/home/widha893/ros2_hil_quadrotor/build/hitl/prefix_override:/usr/lib/python3/dist-packages/colcon_core/task/python/colcon_distutils_commands:/home/widha893/ros2_hil_quadrotor/install/hitl/lib/python3.10/site-packages:${PYTHONPATH} /usr/bin/python3 -W ignore:setup.py install is deprecated setup.py egg_info --egg-base ../build/hitl build --build-base /home/widha893/ros2_hil_quadrotor/build/hitl/build install --record /home/widha893/ros2_hil_quadrotor/build/hitl/install.log --single-version-externally-managed install_data
[8.396s] running egg_info
[8.397s] writing ../build/hitl/hitl.egg-info/PKG-INFO
[8.441s] writing dependency_links to ../build/hitl/hitl.egg-info/dependency_links.txt
[8.441s] writing entry points to ../build/hitl/hitl.egg-info/entry_points.txt
[8.441s] writing requirements to ../build/hitl/hitl.egg-info/requires.txt
[8.441s] writing top-level names to ../build/hitl/hitl.egg-info/top_level.txt
[8.445s] reading manifest file '../build/hitl/hitl.egg-info/SOURCES.txt'
[8.582s] writing manifest file '../build/hitl/hitl.egg-info/SOURCES.txt'
[8.582s] running build
[8.583s] running build_py
[8.814s] running install
[8.815s] running install_lib
[8.818s] running install_data
[9.056s] running install_egg_info
[9.061s] removing '/home/widha893/ros2_hil_quadrotor/install/hitl/lib/python3.10/site-packages/hitl-0.0.0-py3.10.egg-info' (and everything under it)
[9.062s] Copying ../build/hitl/hitl.egg-info to /home/widha893/ros2_hil_quadrotor/install/hitl/lib/python3.10/site-packages/hitl-0.0.0-py3.10.egg-info
[9.144s] running install_scripts
[9.186s] Installing communication script to /home/widha893/ros2_hil_quadrotor/install/hitl/lib/hitl
[9.564s] Installing receiver script to /home/widha893/ros2_hil_quadrotor/install/hitl/lib/hitl
[9.565s] writing list of installed files to '/home/widha893/ros2_hil_quadrotor/build/hitl/install.log'
[10.767s] Invoked command in '/home/widha893/ros2_hil_quadrotor/hitl' returned '0': PYTHONPATH=/home/widha893/ros2_hil_quadrotor/build/hitl/prefix_override:/usr/lib/python3/dist-packages/colcon_core/task/python/colcon_distutils_commands:/home/widha893/ros2_hil_quadrotor/install/hitl/lib/python3.10/site-packages:${PYTHONPATH} /usr/bin/python3 -W ignore:setup.py install is deprecated setup.py egg_info --egg-base ../build/hitl build --build-base /home/widha893/ros2_hil_quadrotor/build/hitl/build install --record /home/widha893/ros2_hil_quadrotor/build/hitl/install.log --single-version-externally-managed install_data
