[1.293s] Invoking command in '/home/widha893/ros2_hil_quadrotor/sjtu_drone_bringup': PYTHONPATH=/home/widha893/ros2_hil_quadrotor/build/sjtu_drone_bringup/prefix_override:/usr/lib/python3/dist-packages/colcon_core/task/python/colcon_distutils_commands:/home/widha893/ros2_hil_quadrotor/install/sjtu_drone_bringup/lib/python3.10/site-packages:${PYTHONPATH} /usr/bin/python3 -W ignore:setup.py install is deprecated -W ignore:easy_install command is deprecated setup.py egg_info --egg-base ../build/sjtu_drone_bringup build --build-base /home/widha893/ros2_hil_quadrotor/build/sjtu_drone_bringup/build install --record /home/widha893/ros2_hil_quadrotor/build/sjtu_drone_bringup/install.log --single-version-externally-managed install_data
[1.562s] running egg_info
[1.563s] writing ../build/sjtu_drone_bringup/sjtu_drone_bringup.egg-info/PKG-INFO
[1.564s] writing dependency_links to ../build/sjtu_drone_bringup/sjtu_drone_bringup.egg-info/dependency_links.txt
[1.564s] writing entry points to ../build/sjtu_drone_bringup/sjtu_drone_bringup.egg-info/entry_points.txt
[1.564s] writing requirements to ../build/sjtu_drone_bringup/sjtu_drone_bringup.egg-info/requires.txt
[1.564s] writing top-level names to ../build/sjtu_drone_bringup/sjtu_drone_bringup.egg-info/top_level.txt
[1.567s] reading manifest file '../build/sjtu_drone_bringup/sjtu_drone_bringup.egg-info/SOURCES.txt'
[1.568s] writing manifest file '../build/sjtu_drone_bringup/sjtu_drone_bringup.egg-info/SOURCES.txt'
[1.568s] running build
[1.568s] running build_py
[1.568s] running install
[1.569s] running install_lib
[1.571s] running install_data
[1.572s] running install_egg_info
[1.574s] removing '/home/widha893/ros2_hil_quadrotor/install/sjtu_drone_bringup/lib/python3.10/site-packages/sjtu_drone_bringup-0.0.0-py3.10.egg-info' (and everything under it)
[1.574s] Copying ../build/sjtu_drone_bringup/sjtu_drone_bringup.egg-info to /home/widha893/ros2_hil_quadrotor/install/sjtu_drone_bringup/lib/python3.10/site-packages/sjtu_drone_bringup-0.0.0-py3.10.egg-info
[1.575s] running install_scripts
[1.603s] Installing spawn_drone script to /home/widha893/ros2_hil_quadrotor/install/sjtu_drone_bringup/lib/sjtu_drone_bringup
[1.603s] writing list of installed files to '/home/widha893/ros2_hil_quadrotor/build/sjtu_drone_bringup/install.log'
[1.653s] Invoked command in '/home/widha893/ros2_hil_quadrotor/sjtu_drone_bringup' returned '0': PYTHONPATH=/home/widha893/ros2_hil_quadrotor/build/sjtu_drone_bringup/prefix_override:/usr/lib/python3/dist-packages/colcon_core/task/python/colcon_distutils_commands:/home/widha893/ros2_hil_quadrotor/install/sjtu_drone_bringup/lib/python3.10/site-packages:${PYTHONPATH} /usr/bin/python3 -W ignore:setup.py install is deprecated -W ignore:easy_install command is deprecated setup.py egg_info --egg-base ../build/sjtu_drone_bringup build --build-base /home/widha893/ros2_hil_quadrotor/build/sjtu_drone_bringup/build install --record /home/widha893/ros2_hil_quadrotor/build/sjtu_drone_bringup/install.log --single-version-externally-managed install_data
