[1.452s] Invoking command in '/home/widha893/ros2_hil_quadrotor/hitl': PYTHONPATH=/home/widha893/ros2_hil_quadrotor/build/hitl/prefix_override:/usr/lib/python3/dist-packages/colcon_core/task/python/colcon_distutils_commands:/home/widha893/ros2_hil_quadrotor/install/hitl/lib/python3.10/site-packages:${PYTHONPATH} /usr/bin/python3 -W ignore:setup.py install is deprecated setup.py egg_info --egg-base ../build/hitl build --build-base /home/widha893/ros2_hil_quadrotor/build/hitl/build install --record /home/widha893/ros2_hil_quadrotor/build/hitl/install.log --single-version-externally-managed install_data
[1.750s] running egg_info
[1.751s] writing ../build/hitl/hitl.egg-info/PKG-INFO
[1.751s] writing dependency_links to ../build/hitl/hitl.egg-info/dependency_links.txt
[1.753s] writing entry points to ../build/hitl/hitl.egg-info/entry_points.txt
[1.753s] writing requirements to ../build/hitl/hitl.egg-info/requires.txt
[1.753s] writing top-level names to ../build/hitl/hitl.egg-info/top_level.txt
[1.755s] reading manifest file '../build/hitl/hitl.egg-info/SOURCES.txt'
[1.756s] writing manifest file '../build/hitl/hitl.egg-info/SOURCES.txt'
[1.756s] running build
[1.756s] running build_py
[1.757s] copying hitl/hitl_node.py -> /home/widha893/ros2_hil_quadrotor/build/hitl/build/lib/hitl
[1.757s] running install
[1.758s] running install_lib
[1.760s] copying /home/widha893/ros2_hil_quadrotor/build/hitl/build/lib/hitl/hitl_node.py -> /home/widha893/ros2_hil_quadrotor/install/hitl/lib/python3.10/site-packages/hitl
[1.760s] byte-compiling /home/widha893/ros2_hil_quadrotor/install/hitl/lib/python3.10/site-packages/hitl/hitl_node.py to hitl_node.cpython-310.pyc
[1.765s] running install_data
[1.765s] running install_egg_info
[1.767s] removing '/home/widha893/ros2_hil_quadrotor/install/hitl/lib/python3.10/site-packages/hitl-0.0.0-py3.10.egg-info' (and everything under it)
[1.767s] Copying ../build/hitl/hitl.egg-info to /home/widha893/ros2_hil_quadrotor/install/hitl/lib/python3.10/site-packages/hitl-0.0.0-py3.10.egg-info
[1.767s] running install_scripts
[1.799s] Installing communication script to /home/widha893/ros2_hil_quadrotor/install/hitl/lib/hitl
[1.800s] Installing hitl_node script to /home/widha893/ros2_hil_quadrotor/install/hitl/lib/hitl
[1.800s] Installing receiver script to /home/widha893/ros2_hil_quadrotor/install/hitl/lib/hitl
[1.800s] writing list of installed files to '/home/widha893/ros2_hil_quadrotor/build/hitl/install.log'
[1.863s] Invoked command in '/home/widha893/ros2_hil_quadrotor/hitl' returned '0': PYTHONPATH=/home/widha893/ros2_hil_quadrotor/build/hitl/prefix_override:/usr/lib/python3/dist-packages/colcon_core/task/python/colcon_distutils_commands:/home/widha893/ros2_hil_quadrotor/install/hitl/lib/python3.10/site-packages:${PYTHONPATH} /usr/bin/python3 -W ignore:setup.py install is deprecated setup.py egg_info --egg-base ../build/hitl build --build-base /home/widha893/ros2_hil_quadrotor/build/hitl/build install --record /home/widha893/ros2_hil_quadrotor/build/hitl/install.log --single-version-externally-managed install_data
