[1.076s] Invoking command in '/home/widha893/ros2_hil_quadrotor/build/sjtu_drone_bringup': PYTHONPATH=/home/widha893/ros2_hil_quadrotor/build/sjtu_drone_bringup/prefix_override:/usr/lib/python3/dist-packages/colcon_core/task/python/colcon_distutils_commands:/home/widha893/ros2_hil_quadrotor/install/sjtu_drone_bringup/lib/python3.10/site-packages:${PYTHONPATH} /usr/bin/python3 -W ignore:setup.py install is deprecated setup.py develop --uninstall --editable --build-directory /home/widha893/ros2_hil_quadrotor/build/sjtu_drone_bringup/build
[1.350s] running develop
[1.504s] Removing /home/widha893/ros2_hil_quadrotor/install/sjtu_drone_bringup/lib/python3.10/site-packages/sjtu-drone-bringup.egg-link (link to .)
[1.556s] Invoked command in '/home/widha893/ros2_hil_quadrotor/build/sjtu_drone_bringup' returned '0': PYTHONPATH=/home/widha893/ros2_hil_quadrotor/build/sjtu_drone_bringup/prefix_override:/usr/lib/python3/dist-packages/colcon_core/task/python/colcon_distutils_commands:/home/widha893/ros2_hil_quadrotor/install/sjtu_drone_bringup/lib/python3.10/site-packages:${PYTHONPATH} /usr/bin/python3 -W ignore:setup.py install is deprecated setup.py develop --uninstall --editable --build-directory /home/widha893/ros2_hil_quadrotor/build/sjtu_drone_bringup/build
[1.557s] Invoking command in '/home/widha893/ros2_hil_quadrotor/sjtu_drone_bringup': PYTHONPATH=/home/widha893/ros2_hil_quadrotor/build/sjtu_drone_bringup/prefix_override:/usr/lib/python3/dist-packages/colcon_core/task/python/colcon_distutils_commands:/home/widha893/ros2_hil_quadrotor/install/sjtu_drone_bringup/lib/python3.10/site-packages:${PYTHONPATH} /usr/bin/python3 -W ignore:setup.py install is deprecated setup.py egg_info --egg-base ../build/sjtu_drone_bringup build --build-base /home/widha893/ros2_hil_quadrotor/build/sjtu_drone_bringup/build install --record /home/widha893/ros2_hil_quadrotor/build/sjtu_drone_bringup/install.log --single-version-externally-managed install_data --force
[1.795s] running egg_info
[1.796s] writing ../build/sjtu_drone_bringup/sjtu_drone_bringup.egg-info/PKG-INFO
[1.796s] writing dependency_links to ../build/sjtu_drone_bringup/sjtu_drone_bringup.egg-info/dependency_links.txt
[1.796s] writing entry points to ../build/sjtu_drone_bringup/sjtu_drone_bringup.egg-info/entry_points.txt
[1.796s] writing requirements to ../build/sjtu_drone_bringup/sjtu_drone_bringup.egg-info/requires.txt
[1.796s] writing top-level names to ../build/sjtu_drone_bringup/sjtu_drone_bringup.egg-info/top_level.txt
[1.798s] reading manifest file '../build/sjtu_drone_bringup/sjtu_drone_bringup.egg-info/SOURCES.txt'
[1.799s] writing manifest file '../build/sjtu_drone_bringup/sjtu_drone_bringup.egg-info/SOURCES.txt'
[1.799s] running build
[1.799s] running build_py
[1.799s] running install
[1.799s] running install_lib
[1.800s] creating /home/widha893/ros2_hil_quadrotor/install/sjtu_drone_bringup/lib/python3.10/site-packages/sjtu_drone_bringup
[1.800s] copying /home/widha893/ros2_hil_quadrotor/build/sjtu_drone_bringup/build/lib/sjtu_drone_bringup/spawn_drone.py -> /home/widha893/ros2_hil_quadrotor/install/sjtu_drone_bringup/lib/python3.10/site-packages/sjtu_drone_bringup
[1.800s] copying /home/widha893/ros2_hil_quadrotor/build/sjtu_drone_bringup/build/lib/sjtu_drone_bringup/__init__.py -> /home/widha893/ros2_hil_quadrotor/install/sjtu_drone_bringup/lib/python3.10/site-packages/sjtu_drone_bringup
[1.801s] byte-compiling /home/widha893/ros2_hil_quadrotor/install/sjtu_drone_bringup/lib/python3.10/site-packages/sjtu_drone_bringup/spawn_drone.py to spawn_drone.cpython-310.pyc
[1.801s] byte-compiling /home/widha893/ros2_hil_quadrotor/install/sjtu_drone_bringup/lib/python3.10/site-packages/sjtu_drone_bringup/__init__.py to __init__.cpython-310.pyc
[1.801s] running install_data
[1.802s] copying resource/sjtu_drone_bringup -> /home/widha893/ros2_hil_quadrotor/install/sjtu_drone_bringup/share/ament_index/resource_index/packages
[1.802s] copying package.xml -> /home/widha893/ros2_hil_quadrotor/install/sjtu_drone_bringup/share/sjtu_drone_bringup
[1.802s] copying launch/sjtu_drone_gazebo.launch.py -> /home/widha893/ros2_hil_quadrotor/install/sjtu_drone_bringup/share/sjtu_drone_bringup/launch
[1.802s] copying launch/sjtu_drone_bringup.launch.py -> /home/widha893/ros2_hil_quadrotor/install/sjtu_drone_bringup/share/sjtu_drone_bringup/launch
[1.802s] copying rviz/rviz.rviz -> /home/widha893/ros2_hil_quadrotor/install/sjtu_drone_bringup/share/sjtu_drone_bringup/rviz
[1.802s] copying config/drone.yaml -> /home/widha893/ros2_hil_quadrotor/install/sjtu_drone_bringup/share/sjtu_drone_bringup/config
[1.802s] running install_egg_info
[1.804s] Copying ../build/sjtu_drone_bringup/sjtu_drone_bringup.egg-info to /home/widha893/ros2_hil_quadrotor/install/sjtu_drone_bringup/lib/python3.10/site-packages/sjtu_drone_bringup-0.0.0-py3.10.egg-info
[1.805s] running install_scripts
[1.824s] Installing spawn_drone script to /home/widha893/ros2_hil_quadrotor/install/sjtu_drone_bringup/lib/sjtu_drone_bringup
[1.824s] writing list of installed files to '/home/widha893/ros2_hil_quadrotor/build/sjtu_drone_bringup/install.log'
[1.863s] Invoked command in '/home/widha893/ros2_hil_quadrotor/sjtu_drone_bringup' returned '0': PYTHONPATH=/home/widha893/ros2_hil_quadrotor/build/sjtu_drone_bringup/prefix_override:/usr/lib/python3/dist-packages/colcon_core/task/python/colcon_distutils_commands:/home/widha893/ros2_hil_quadrotor/install/sjtu_drone_bringup/lib/python3.10/site-packages:${PYTHONPATH} /usr/bin/python3 -W ignore:setup.py install is deprecated setup.py egg_info --egg-base ../build/sjtu_drone_bringup build --build-base /home/widha893/ros2_hil_quadrotor/build/sjtu_drone_bringup/build install --record /home/widha893/ros2_hil_quadrotor/build/sjtu_drone_bringup/install.log --single-version-externally-managed install_data --force
