[1.813s] Invoking command in '/home/widha893/ros2_hil_quadrotor/hitl': PYTHONPATH=/home/widha893/ros2_hil_quadrotor/build/hitl/prefix_override:/usr/lib/python3/dist-packages/colcon_core/task/python/colcon_distutils_commands:/home/widha893/ros2_hil_quadrotor/install/hitl/lib/python3.10/site-packages:${PYTHONPATH} /usr/bin/python3 -W ignore:setup.py install is deprecated setup.py egg_info --egg-base ../build/hitl build --build-base /home/widha893/ros2_hil_quadrotor/build/hitl/build install --record /home/widha893/ros2_hil_quadrotor/build/hitl/install.log --single-version-externally-managed install_data
[2.328s] running egg_info
[2.330s] writing ../build/hitl/hitl.egg-info/PKG-INFO
[2.331s] writing dependency_links to ../build/hitl/hitl.egg-info/dependency_links.txt
[2.335s] writing entry points to ../build/hitl/hitl.egg-info/entry_points.txt
[2.335s] writing requirements to ../build/hitl/hitl.egg-info/requires.txt
[2.336s] writing top-level names to ../build/hitl/hitl.egg-info/top_level.txt
[2.338s] reading manifest file '../build/hitl/hitl.egg-info/SOURCES.txt'
[2.338s] writing manifest file '../build/hitl/hitl.egg-info/SOURCES.txt'
[2.340s] running build
[2.340s] running build_py
[2.341s] running install
[2.346s] running install_lib
[2.355s] running install_data
[2.355s] running install_egg_info
[2.362s] removing '/home/widha893/ros2_hil_quadrotor/install/hitl/lib/python3.10/site-packages/hitl-0.0.0-py3.10.egg-info' (and everything under it)
[2.363s] Copying ../build/hitl/hitl.egg-info to /home/widha893/ros2_hil_quadrotor/install/hitl/lib/python3.10/site-packages/hitl-0.0.0-py3.10.egg-info
[2.366s] running install_scripts
[2.407s] Installing communication script to /home/widha893/ros2_hil_quadrotor/install/hitl/lib/hitl
[2.409s] Installing hitl_node script to /home/widha893/ros2_hil_quadrotor/install/hitl/lib/hitl
[2.409s] Installing receiver script to /home/widha893/ros2_hil_quadrotor/install/hitl/lib/hitl
[2.409s] writing list of installed files to '/home/widha893/ros2_hil_quadrotor/build/hitl/install.log'
[2.493s] Invoked command in '/home/widha893/ros2_hil_quadrotor/hitl' returned '0': PYTHONPATH=/home/widha893/ros2_hil_quadrotor/build/hitl/prefix_override:/usr/lib/python3/dist-packages/colcon_core/task/python/colcon_distutils_commands:/home/widha893/ros2_hil_quadrotor/install/hitl/lib/python3.10/site-packages:${PYTHONPATH} /usr/bin/python3 -W ignore:setup.py install is deprecated setup.py egg_info --egg-base ../build/hitl build --build-base /home/widha893/ros2_hil_quadrotor/build/hitl/build install --record /home/widha893/ros2_hil_quadrotor/build/hitl/install.log --single-version-externally-managed install_data
