[2.355s] Invoking command in '/home/widha893/ros2_hil_quadrotor/hitl': PYTHONPATH=/home/widha893/ros2_hil_quadrotor/build/hitl/prefix_override:/usr/lib/python3/dist-packages/colcon_core/task/python/colcon_distutils_commands:/home/widha893/ros2_hil_quadrotor/install/hitl/lib/python3.10/site-packages:${PYTHONPATH} /usr/bin/python3 -W ignore:setup.py install is deprecated setup.py egg_info --egg-base ../build/hitl build --build-base /home/widha893/ros2_hil_quadrotor/build/hitl/build install --record /home/widha893/ros2_hil_quadrotor/build/hitl/install.log --single-version-externally-managed install_data
[2.870s] running egg_info
[2.871s] writing ../build/hitl/hitl.egg-info/PKG-INFO
[2.872s] writing dependency_links to ../build/hitl/hitl.egg-info/dependency_links.txt
[2.872s] writing entry points to ../build/hitl/hitl.egg-info/entry_points.txt
[2.872s] writing requirements to ../build/hitl/hitl.egg-info/requires.txt
[2.873s] writing top-level names to ../build/hitl/hitl.egg-info/top_level.txt
[2.877s] reading manifest file '../build/hitl/hitl.egg-info/SOURCES.txt'
[2.880s] writing manifest file '../build/hitl/hitl.egg-info/SOURCES.txt'
[2.880s] running build
[2.880s] running build_py
[2.881s] running install
[2.882s] running install_lib
[2.885s] running install_data
[2.886s] running install_egg_info
[2.890s] removing '/home/widha893/ros2_hil_quadrotor/install/hitl/lib/python3.10/site-packages/hitl-0.0.0-py3.10.egg-info' (and everything under it)
[2.890s] Copying ../build/hitl/hitl.egg-info to /home/widha893/ros2_hil_quadrotor/install/hitl/lib/python3.10/site-packages/hitl-0.0.0-py3.10.egg-info
[2.893s] running install_scripts
[2.942s] Installing communication script to /home/widha893/ros2_hil_quadrotor/install/hitl/lib/hitl
[2.943s] writing list of installed files to '/home/widha893/ros2_hil_quadrotor/build/hitl/install.log'
[3.017s] Invoked command in '/home/widha893/ros2_hil_quadrotor/hitl' returned '0': PYTHONPATH=/home/widha893/ros2_hil_quadrotor/build/hitl/prefix_override:/usr/lib/python3/dist-packages/colcon_core/task/python/colcon_distutils_commands:/home/widha893/ros2_hil_quadrotor/install/hitl/lib/python3.10/site-packages:${PYTHONPATH} /usr/bin/python3 -W ignore:setup.py install is deprecated setup.py egg_info --egg-base ../build/hitl build --build-base /home/widha893/ros2_hil_quadrotor/build/hitl/build install --record /home/widha893/ros2_hil_quadrotor/build/hitl/install.log --single-version-externally-managed install_data
