[1.719s] Invoking command in '/home/widha893/ros2_hil_quadrotor/sjtu_drone_control': PYTHONPATH=/home/widha893/ros2_hil_quadrotor/build/sjtu_drone_control/prefix_override:/usr/lib/python3/dist-packages/colcon_core/task/python/colcon_distutils_commands:/home/widha893/ros2_hil_quadrotor/install/sjtu_drone_control/lib/python3.10/site-packages:${PYTHONPATH} /usr/bin/python3 -W ignore:setup.py install is deprecated -W ignore:easy_install command is deprecated setup.py egg_info --egg-base ../build/sjtu_drone_control build --build-base /home/widha893/ros2_hil_quadrotor/build/sjtu_drone_control/build install --record /home/widha893/ros2_hil_quadrotor/build/sjtu_drone_control/install.log --single-version-externally-managed install_data
[2.320s] running egg_info
[2.320s] writing ../build/sjtu_drone_control/sjtu_drone_control.egg-info/PKG-INFO
[2.320s] writing dependency_links to ../build/sjtu_drone_control/sjtu_drone_control.egg-info/dependency_links.txt
[2.320s] writing entry points to ../build/sjtu_drone_control/sjtu_drone_control.egg-info/entry_points.txt
[2.321s] writing requirements to ../build/sjtu_drone_control/sjtu_drone_control.egg-info/requires.txt
[2.323s] writing top-level names to ../build/sjtu_drone_control/sjtu_drone_control.egg-info/top_level.txt
[2.330s] reading manifest file '../build/sjtu_drone_control/sjtu_drone_control.egg-info/SOURCES.txt'
[2.331s] writing manifest file '../build/sjtu_drone_control/sjtu_drone_control.egg-info/SOURCES.txt'
[2.333s] running build
[2.334s] running build_py
[2.334s] running install
[2.334s] running install_lib
[2.341s] running install_data
[2.341s] running install_egg_info
[2.347s] removing '/home/widha893/ros2_hil_quadrotor/install/sjtu_drone_control/lib/python3.10/site-packages/sjtu_drone_control-0.0.0-py3.10.egg-info' (and everything under it)
[2.350s] Copying ../build/sjtu_drone_control/sjtu_drone_control.egg-info to /home/widha893/ros2_hil_quadrotor/install/sjtu_drone_control/lib/python3.10/site-packages/sjtu_drone_control-0.0.0-py3.10.egg-info
[2.353s] running install_scripts
[2.416s] Installing drone_position_control script to /home/widha893/ros2_hil_quadrotor/install/sjtu_drone_control/lib/sjtu_drone_control
[2.417s] Installing open_loop_control script to /home/widha893/ros2_hil_quadrotor/install/sjtu_drone_control/lib/sjtu_drone_control
[2.418s] Installing teleop script to /home/widha893/ros2_hil_quadrotor/install/sjtu_drone_control/lib/sjtu_drone_control
[2.418s] Installing teleop_joystick script to /home/widha893/ros2_hil_quadrotor/install/sjtu_drone_control/lib/sjtu_drone_control
[2.420s] writing list of installed files to '/home/widha893/ros2_hil_quadrotor/build/sjtu_drone_control/install.log'
[2.505s] Invoked command in '/home/widha893/ros2_hil_quadrotor/sjtu_drone_control' returned '0': PYTHONPATH=/home/widha893/ros2_hil_quadrotor/build/sjtu_drone_control/prefix_override:/usr/lib/python3/dist-packages/colcon_core/task/python/colcon_distutils_commands:/home/widha893/ros2_hil_quadrotor/install/sjtu_drone_control/lib/python3.10/site-packages:${PYTHONPATH} /usr/bin/python3 -W ignore:setup.py install is deprecated -W ignore:easy_install command is deprecated setup.py egg_info --egg-base ../build/sjtu_drone_control build --build-base /home/widha893/ros2_hil_quadrotor/build/sjtu_drone_control/build install --record /home/widha893/ros2_hil_quadrotor/build/sjtu_drone_control/install.log --single-version-externally-managed install_data
