[5.019s] Invoking command in '/home/widha893/ros2_hil_quadrotor/sjtu_drone_control': PYTHONPATH=/home/widha893/ros2_hil_quadrotor/build/sjtu_drone_control/prefix_override:/usr/lib/python3/dist-packages/colcon_core/task/python/colcon_distutils_commands:/home/widha893/ros2_hil_quadrotor/install/sjtu_drone_control/lib/python3.10/site-packages:${PYTHONPATH} /usr/bin/python3 -W ignore:setup.py install is deprecated -W ignore:easy_install command is deprecated setup.py egg_info --egg-base ../build/sjtu_drone_control build --build-base /home/widha893/ros2_hil_quadrotor/build/sjtu_drone_control/build install --record /home/widha893/ros2_hil_quadrotor/build/sjtu_drone_control/install.log --single-version-externally-managed install_data
[5.309s] running egg_info
[5.310s] writing ../build/sjtu_drone_control/sjtu_drone_control.egg-info/PKG-INFO
[5.403s] writing dependency_links to ../build/sjtu_drone_control/sjtu_drone_control.egg-info/dependency_links.txt
[5.403s] writing entry points to ../build/sjtu_drone_control/sjtu_drone_control.egg-info/entry_points.txt
[5.403s] writing requirements to ../build/sjtu_drone_control/sjtu_drone_control.egg-info/requires.txt
[5.404s] writing top-level names to ../build/sjtu_drone_control/sjtu_drone_control.egg-info/top_level.txt
[5.408s] reading manifest file '../build/sjtu_drone_control/sjtu_drone_control.egg-info/SOURCES.txt'
[5.411s] writing manifest file '../build/sjtu_drone_control/sjtu_drone_control.egg-info/SOURCES.txt'
[5.411s] running build
[5.411s] running build_py
[5.412s] running install
[5.413s] running install_lib
[5.416s] running install_data
[5.416s] running install_egg_info
[5.420s] removing '/home/widha893/ros2_hil_quadrotor/install/sjtu_drone_control/lib/python3.10/site-packages/sjtu_drone_control-0.0.0-py3.10.egg-info' (and everything under it)
[5.421s] Copying ../build/sjtu_drone_control/sjtu_drone_control.egg-info to /home/widha893/ros2_hil_quadrotor/install/sjtu_drone_control/lib/python3.10/site-packages/sjtu_drone_control-0.0.0-py3.10.egg-info
[5.422s] running install_scripts
[5.451s] Installing drone_position_control script to /home/widha893/ros2_hil_quadrotor/install/sjtu_drone_control/lib/sjtu_drone_control
[5.451s] Installing open_loop_control script to /home/widha893/ros2_hil_quadrotor/install/sjtu_drone_control/lib/sjtu_drone_control
[5.451s] Installing teleop script to /home/widha893/ros2_hil_quadrotor/install/sjtu_drone_control/lib/sjtu_drone_control
[5.451s] Installing teleop_joystick script to /home/widha893/ros2_hil_quadrotor/install/sjtu_drone_control/lib/sjtu_drone_control
[5.452s] writing list of installed files to '/home/widha893/ros2_hil_quadrotor/build/sjtu_drone_control/install.log'
[6.755s] Invoked command in '/home/widha893/ros2_hil_quadrotor/sjtu_drone_control' returned '0': PYTHONPATH=/home/widha893/ros2_hil_quadrotor/build/sjtu_drone_control/prefix_override:/usr/lib/python3/dist-packages/colcon_core/task/python/colcon_distutils_commands:/home/widha893/ros2_hil_quadrotor/install/sjtu_drone_control/lib/python3.10/site-packages:${PYTHONPATH} /usr/bin/python3 -W ignore:setup.py install is deprecated -W ignore:easy_install command is deprecated setup.py egg_info --egg-base ../build/sjtu_drone_control build --build-base /home/widha893/ros2_hil_quadrotor/build/sjtu_drone_control/build install --record /home/widha893/ros2_hil_quadrotor/build/sjtu_drone_control/install.log --single-version-externally-managed install_data
