[2.923s] Invoking command in '/home/widha893/ros2_hil_quadrotor/sjtu_drone_control': PYTHONPATH=/home/widha893/ros2_hil_quadrotor/build/sjtu_drone_control/prefix_override:/usr/lib/python3/dist-packages/colcon_core/task/python/colcon_distutils_commands:/home/widha893/ros2_hil_quadrotor/install/sjtu_drone_control/lib/python3.10/site-packages:${PYTHONPATH} /usr/bin/python3 -W ignore:setup.py install is deprecated -W ignore:easy_install command is deprecated setup.py egg_info --egg-base ../build/sjtu_drone_control build --build-base /home/widha893/ros2_hil_quadrotor/build/sjtu_drone_control/build install --record /home/widha893/ros2_hil_quadrotor/build/sjtu_drone_control/install.log --single-version-externally-managed install_data
[3.305s] running egg_info
[3.306s] creating ../build/sjtu_drone_control/sjtu_drone_control.egg-info
[3.307s] writing ../build/sjtu_drone_control/sjtu_drone_control.egg-info/PKG-INFO
[3.308s] writing dependency_links to ../build/sjtu_drone_control/sjtu_drone_control.egg-info/dependency_links.txt
[3.308s] writing entry points to ../build/sjtu_drone_control/sjtu_drone_control.egg-info/entry_points.txt
[3.308s] writing requirements to ../build/sjtu_drone_control/sjtu_drone_control.egg-info/requires.txt
[3.308s] writing top-level names to ../build/sjtu_drone_control/sjtu_drone_control.egg-info/top_level.txt
[3.310s] writing manifest file '../build/sjtu_drone_control/sjtu_drone_control.egg-info/SOURCES.txt'
[3.311s] reading manifest file '../build/sjtu_drone_control/sjtu_drone_control.egg-info/SOURCES.txt'
[3.312s] writing manifest file '../build/sjtu_drone_control/sjtu_drone_control.egg-info/SOURCES.txt'
[3.312s] running build
[3.312s] running build_py
[3.312s] creating /home/widha893/ros2_hil_quadrotor/build/sjtu_drone_control/build
[3.312s] creating /home/widha893/ros2_hil_quadrotor/build/sjtu_drone_control/build/lib
[3.312s] creating /home/widha893/ros2_hil_quadrotor/build/sjtu_drone_control/build/lib/sjtu_drone_control
[3.312s] copying sjtu_drone_control/drone_position_control.py -> /home/widha893/ros2_hil_quadrotor/build/sjtu_drone_control/build/lib/sjtu_drone_control
[3.313s] copying sjtu_drone_control/teleop.py -> /home/widha893/ros2_hil_quadrotor/build/sjtu_drone_control/build/lib/sjtu_drone_control
[3.313s] copying sjtu_drone_control/__init__.py -> /home/widha893/ros2_hil_quadrotor/build/sjtu_drone_control/build/lib/sjtu_drone_control
[3.313s] copying sjtu_drone_control/open_loop_control.py -> /home/widha893/ros2_hil_quadrotor/build/sjtu_drone_control/build/lib/sjtu_drone_control
[3.313s] copying sjtu_drone_control/teleop_joystick.py -> /home/widha893/ros2_hil_quadrotor/build/sjtu_drone_control/build/lib/sjtu_drone_control
[3.313s] running install
[3.314s] running install_lib
[3.315s] creating /home/widha893/ros2_hil_quadrotor/install/sjtu_drone_control/lib/python3.10/site-packages/sjtu_drone_control
[3.316s] copying /home/widha893/ros2_hil_quadrotor/build/sjtu_drone_control/build/lib/sjtu_drone_control/drone_position_control.py -> /home/widha893/ros2_hil_quadrotor/install/sjtu_drone_control/lib/python3.10/site-packages/sjtu_drone_control
[3.316s] copying /home/widha893/ros2_hil_quadrotor/build/sjtu_drone_control/build/lib/sjtu_drone_control/teleop.py -> /home/widha893/ros2_hil_quadrotor/install/sjtu_drone_control/lib/python3.10/site-packages/sjtu_drone_control
[3.316s] copying /home/widha893/ros2_hil_quadrotor/build/sjtu_drone_control/build/lib/sjtu_drone_control/__init__.py -> /home/widha893/ros2_hil_quadrotor/install/sjtu_drone_control/lib/python3.10/site-packages/sjtu_drone_control
[3.316s] copying /home/widha893/ros2_hil_quadrotor/build/sjtu_drone_control/build/lib/sjtu_drone_control/open_loop_control.py -> /home/widha893/ros2_hil_quadrotor/install/sjtu_drone_control/lib/python3.10/site-packages/sjtu_drone_control
[3.316s] copying /home/widha893/ros2_hil_quadrotor/build/sjtu_drone_control/build/lib/sjtu_drone_control/teleop_joystick.py -> /home/widha893/ros2_hil_quadrotor/install/sjtu_drone_control/lib/python3.10/site-packages/sjtu_drone_control
[3.317s] byte-compiling /home/widha893/ros2_hil_quadrotor/install/sjtu_drone_control/lib/python3.10/site-packages/sjtu_drone_control/drone_position_control.py to drone_position_control.cpython-310.pyc
[3.318s] byte-compiling /home/widha893/ros2_hil_quadrotor/install/sjtu_drone_control/lib/python3.10/site-packages/sjtu_drone_control/teleop.py to teleop.cpython-310.pyc
[3.319s] byte-compiling /home/widha893/ros2_hil_quadrotor/install/sjtu_drone_control/lib/python3.10/site-packages/sjtu_drone_control/__init__.py to __init__.cpython-310.pyc
[3.320s] byte-compiling /home/widha893/ros2_hil_quadrotor/install/sjtu_drone_control/lib/python3.10/site-packages/sjtu_drone_control/open_loop_control.py to open_loop_control.cpython-310.pyc
[3.323s] byte-compiling /home/widha893/ros2_hil_quadrotor/install/sjtu_drone_control/lib/python3.10/site-packages/sjtu_drone_control/teleop_joystick.py to teleop_joystick.cpython-310.pyc
[3.324s] running install_data
[3.324s] creating /home/widha893/ros2_hil_quadrotor/install/sjtu_drone_control/share/ament_index
[3.325s] creating /home/widha893/ros2_hil_quadrotor/install/sjtu_drone_control/share/ament_index/resource_index
[3.325s] creating /home/widha893/ros2_hil_quadrotor/install/sjtu_drone_control/share/ament_index/resource_index/packages
[3.326s] copying resource/sjtu_drone_control -> /home/widha893/ros2_hil_quadrotor/install/sjtu_drone_control/share/ament_index/resource_index/packages
[3.326s] copying package.xml -> /home/widha893/ros2_hil_quadrotor/install/sjtu_drone_control/share/sjtu_drone_control
[3.326s] running install_egg_info
[3.328s] Copying ../build/sjtu_drone_control/sjtu_drone_control.egg-info to /home/widha893/ros2_hil_quadrotor/install/sjtu_drone_control/lib/python3.10/site-packages/sjtu_drone_control-0.0.0-py3.10.egg-info
[3.329s] running install_scripts
[3.357s] Installing drone_position_control script to /home/widha893/ros2_hil_quadrotor/install/sjtu_drone_control/lib/sjtu_drone_control
[3.357s] Installing open_loop_control script to /home/widha893/ros2_hil_quadrotor/install/sjtu_drone_control/lib/sjtu_drone_control
[3.357s] Installing teleop script to /home/widha893/ros2_hil_quadrotor/install/sjtu_drone_control/lib/sjtu_drone_control
[3.357s] Installing teleop_joystick script to /home/widha893/ros2_hil_quadrotor/install/sjtu_drone_control/lib/sjtu_drone_control
[3.358s] writing list of installed files to '/home/widha893/ros2_hil_quadrotor/build/sjtu_drone_control/install.log'
[3.573s] Invoked command in '/home/widha893/ros2_hil_quadrotor/sjtu_drone_control' returned '0': PYTHONPATH=/home/widha893/ros2_hil_quadrotor/build/sjtu_drone_control/prefix_override:/usr/lib/python3/dist-packages/colcon_core/task/python/colcon_distutils_commands:/home/widha893/ros2_hil_quadrotor/install/sjtu_drone_control/lib/python3.10/site-packages:${PYTHONPATH} /usr/bin/python3 -W ignore:setup.py install is deprecated -W ignore:easy_install command is deprecated setup.py egg_info --egg-base ../build/sjtu_drone_control build --build-base /home/widha893/ros2_hil_quadrotor/build/sjtu_drone_control/build install --record /home/widha893/ros2_hil_quadrotor/build/sjtu_drone_control/install.log --single-version-externally-managed install_data
