[2.465s] Invoking command in '/home/widha893/ros2_hil_quadrotor/hitl': PYTHONPATH=/home/widha893/ros2_hil_quadrotor/build/hitl/prefix_override:/usr/lib/python3/dist-packages/colcon_core/task/python/colcon_distutils_commands:/home/widha893/ros2_hil_quadrotor/install/hitl/lib/python3.10/site-packages:${PYTHONPATH} /usr/bin/python3 -W ignore:setup.py install is deprecated -W ignore:easy_install command is deprecated setup.py egg_info --egg-base ../build/hitl build --build-base /home/widha893/ros2_hil_quadrotor/build/hitl/build install --record /home/widha893/ros2_hil_quadrotor/build/hitl/install.log --single-version-externally-managed install_data
[2.748s] running egg_info
[2.748s] writing ../build/hitl/hitl.egg-info/PKG-INFO
[2.749s] writing dependency_links to ../build/hitl/hitl.egg-info/dependency_links.txt
[2.749s] writing entry points to ../build/hitl/hitl.egg-info/entry_points.txt
[2.749s] writing requirements to ../build/hitl/hitl.egg-info/requires.txt
[2.749s] writing top-level names to ../build/hitl/hitl.egg-info/top_level.txt
[2.751s] reading manifest file '../build/hitl/hitl.egg-info/SOURCES.txt'
[2.779s] writing manifest file '../build/hitl/hitl.egg-info/SOURCES.txt'
[2.779s] running build
[2.779s] running build_py
[2.779s] copying hitl/data_plotter.py -> /home/widha893/ros2_hil_quadrotor/build/hitl/build/lib/hitl
[2.780s] copying hitl/data_analyzer.py -> /home/widha893/ros2_hil_quadrotor/build/hitl/build/lib/hitl
[2.780s] running install
[2.780s] running install_lib
[2.781s] copying /home/widha893/ros2_hil_quadrotor/build/hitl/build/lib/hitl/data_plotter.py -> /home/widha893/ros2_hil_quadrotor/install/hitl/lib/python3.10/site-packages/hitl
[2.783s] copying /home/widha893/ros2_hil_quadrotor/build/hitl/build/lib/hitl/data_analyzer.py -> /home/widha893/ros2_hil_quadrotor/install/hitl/lib/python3.10/site-packages/hitl
[2.784s] byte-compiling /home/widha893/ros2_hil_quadrotor/install/hitl/lib/python3.10/site-packages/hitl/data_plotter.py to data_plotter.cpython-310.pyc
[2.784s] byte-compiling /home/widha893/ros2_hil_quadrotor/install/hitl/lib/python3.10/site-packages/hitl/data_analyzer.py to data_analyzer.cpython-310.pyc
[2.785s] running install_data
[2.786s] running install_egg_info
[2.788s] removing '/home/widha893/ros2_hil_quadrotor/install/hitl/lib/python3.10/site-packages/hitl-0.0.0-py3.10.egg-info' (and everything under it)
[2.788s] Copying ../build/hitl/hitl.egg-info to /home/widha893/ros2_hil_quadrotor/install/hitl/lib/python3.10/site-packages/hitl-0.0.0-py3.10.egg-info
[2.789s] running install_scripts
[2.812s] Installing communication script to /home/widha893/ros2_hil_quadrotor/install/hitl/lib/hitl
[2.812s] Installing controller script to /home/widha893/ros2_hil_quadrotor/install/hitl/lib/hitl
[2.812s] Installing data_analyzer script to /home/widha893/ros2_hil_quadrotor/install/hitl/lib/hitl
[2.812s] Installing hitl_node script to /home/widha893/ros2_hil_quadrotor/install/hitl/lib/hitl
[2.812s] Installing receiver script to /home/widha893/ros2_hil_quadrotor/install/hitl/lib/hitl
[2.813s] writing list of installed files to '/home/widha893/ros2_hil_quadrotor/build/hitl/install.log'
[2.862s] Invoked command in '/home/widha893/ros2_hil_quadrotor/hitl' returned '0': PYTHONPATH=/home/widha893/ros2_hil_quadrotor/build/hitl/prefix_override:/usr/lib/python3/dist-packages/colcon_core/task/python/colcon_distutils_commands:/home/widha893/ros2_hil_quadrotor/install/hitl/lib/python3.10/site-packages:${PYTHONPATH} /usr/bin/python3 -W ignore:setup.py install is deprecated -W ignore:easy_install command is deprecated setup.py egg_info --egg-base ../build/hitl build --build-base /home/widha893/ros2_hil_quadrotor/build/hitl/build install --record /home/widha893/ros2_hil_quadrotor/build/hitl/install.log --single-version-externally-managed install_data
