[5.601s] Invoking command in '/home/widha893/ros2_hil_quadrotor/hitl': PYTHONPATH=/home/widha893/ros2_hil_quadrotor/build/hitl/prefix_override:/usr/lib/python3/dist-packages/colcon_core/task/python/colcon_distutils_commands:/home/widha893/ros2_hil_quadrotor/install/hitl/lib/python3.10/site-packages:${PYTHONPATH} /usr/bin/python3 -W ignore:setup.py install is deprecated setup.py egg_info --egg-base ../build/hitl build --build-base /home/widha893/ros2_hil_quadrotor/build/hitl/build install --record /home/widha893/ros2_hil_quadrotor/build/hitl/install.log --single-version-externally-managed install_data
[6.114s] running egg_info
[6.115s] writing ../build/hitl/hitl.egg-info/PKG-INFO
[6.144s] writing dependency_links to ../build/hitl/hitl.egg-info/dependency_links.txt
[6.144s] writing entry points to ../build/hitl/hitl.egg-info/entry_points.txt
[6.144s] writing requirements to ../build/hitl/hitl.egg-info/requires.txt
[6.145s] writing top-level names to ../build/hitl/hitl.egg-info/top_level.txt
[6.149s] reading manifest file '../build/hitl/hitl.egg-info/SOURCES.txt'
[6.151s] writing manifest file '../build/hitl/hitl.egg-info/SOURCES.txt'
[6.151s] running build
[6.152s] running build_py
[6.152s] running install
[6.153s] running install_lib
[6.157s] running install_data
[6.158s] running install_egg_info
[6.161s] removing '/home/widha893/ros2_hil_quadrotor/install/hitl/lib/python3.10/site-packages/hitl-0.0.0-py3.10.egg-info' (and everything under it)
[6.162s] Copying ../build/hitl/hitl.egg-info to /home/widha893/ros2_hil_quadrotor/install/hitl/lib/python3.10/site-packages/hitl-0.0.0-py3.10.egg-info
[6.164s] running install_scripts
[6.198s] Installing communication script to /home/widha893/ros2_hil_quadrotor/install/hitl/lib/hitl
[6.199s] writing list of installed files to '/home/widha893/ros2_hil_quadrotor/build/hitl/install.log'
[6.563s] Invoked command in '/home/widha893/ros2_hil_quadrotor/hitl' returned '0': PYTHONPATH=/home/widha893/ros2_hil_quadrotor/build/hitl/prefix_override:/usr/lib/python3/dist-packages/colcon_core/task/python/colcon_distutils_commands:/home/widha893/ros2_hil_quadrotor/install/hitl/lib/python3.10/site-packages:${PYTHONPATH} /usr/bin/python3 -W ignore:setup.py install is deprecated setup.py egg_info --egg-base ../build/hitl build --build-base /home/widha893/ros2_hil_quadrotor/build/hitl/build install --record /home/widha893/ros2_hil_quadrotor/build/hitl/install.log --single-version-externally-managed install_data
