[35m[1mConsolidate compiler generated dependencies of target plugin_drone[0m
[ 25%] [32mBuilding CXX object CMakeFiles/plugin_drone.dir/src/plugin_drone_private.cpp.o[0m
[ 50%] [32m[1mLinking CXX shared library /home/widha893/ros2_hil_quadrotor/sjtu_drone_description/plugins/libplugin_drone.so[0m
[100%] Built target plugin_drone
-- Install configuration: ""
-- Installing: /home/widha893/ros2_hil_quadrotor/install/sjtu_drone_description/include
-- Installing: /home/widha893/ros2_hil_quadrotor/install/sjtu_drone_description/include/sjtu_drone_description
-- Installing: /home/widha893/ros2_hil_quadrotor/install/sjtu_drone_description/include/sjtu_drone_description/pb_decode.h
-- Installing: /home/widha893/ros2_hil_quadrotor/install/sjtu_drone_description/include/sjtu_drone_description/pb_common.c
-- Installing: /home/widha893/ros2_hil_quadrotor/install/sjtu_drone_description/include/sjtu_drone_description/plugin_drone.h
-- Installing: /home/widha893/ros2_hil_quadrotor/install/sjtu_drone_description/include/sjtu_drone_description/pid_controller.h
-- Installing: /home/widha893/ros2_hil_quadrotor/install/sjtu_drone_description/include/sjtu_drone_description/messages.pb.h
-- Installing: /home/widha893/ros2_hil_quadrotor/install/sjtu_drone_description/include/sjtu_drone_description/pb.h
-- Installing: /home/widha893/ros2_hil_quadrotor/install/sjtu_drone_description/include/sjtu_drone_description/messages.pb.c
-- Installing: /home/widha893/ros2_hil_quadrotor/install/sjtu_drone_description/include/sjtu_drone_description/pb_encode.h
-- Installing: /home/widha893/ros2_hil_quadrotor/install/sjtu_drone_description/include/sjtu_drone_description/pb_common.h
-- Installing: /home/widha893/ros2_hil_quadrotor/install/sjtu_drone_description/include/sjtu_drone_description/pb_decode.c
-- Installing: /home/widha893/ros2_hil_quadrotor/install/sjtu_drone_description/include/sjtu_drone_description/plugin_drone_private.h
-- Installing: /home/widha893/ros2_hil_quadrotor/install/sjtu_drone_description/include/sjtu_drone_description/pb_encode.c
-- Installing: /home/widha893/ros2_hil_quadrotor/install/sjtu_drone_description/lib/libplugin_drone.so
-- Set runtime path of "/home/widha893/ros2_hil_quadrotor/install/sjtu_drone_description/lib/libplugin_drone.so" to ""
-- Installing: /home/widha893/ros2_hil_quadrotor/install/sjtu_drone_description/share/sjtu_drone_description/environment/library_path.sh
-- Installing: /home/widha893/ros2_hil_quadrotor/install/sjtu_drone_description/share/sjtu_drone_description/environment/library_path.dsv
-- Installing: /home/widha893/ros2_hil_quadrotor/install/sjtu_drone_description/share/sjtu_drone_description/models
-- Installing: /home/widha893/ros2_hil_quadrotor/install/sjtu_drone_description/share/sjtu_drone_description/models/sjtu_drone
-- Installing: /home/widha893/ros2_hil_quadrotor/install/sjtu_drone_description/share/sjtu_drone_description/models/sjtu_drone/model.config
-- Installing: /home/widha893/ros2_hil_quadrotor/install/sjtu_drone_description/share/sjtu_drone_description/models/sjtu_drone/quadrotor_4.stl
-- Installing: /home/widha893/ros2_hil_quadrotor/install/sjtu_drone_description/share/sjtu_drone_description/models/sjtu_drone/quadrotor_4.dae
-- Installing: /home/widha893/ros2_hil_quadrotor/install/sjtu_drone_description/share/sjtu_drone_description/models/sjtu_drone/sjtu_drone.sdf
-- Installing: /home/widha893/ros2_hil_quadrotor/install/sjtu_drone_description/share/sjtu_drone_description/models/database.config
-- Installing: /home/widha893/ros2_hil_quadrotor/install/sjtu_drone_description/share/sjtu_drone_description/urdf
-- Installing: /home/widha893/ros2_hil_quadrotor/install/sjtu_drone_description/share/sjtu_drone_description/urdf/build
-- Installing: /home/widha893/ros2_hil_quadrotor/install/sjtu_drone_description/share/sjtu_drone_description/urdf/build/COLCON_IGNORE
-- Installing: /home/widha893/ros2_hil_quadrotor/install/sjtu_drone_description/share/sjtu_drone_description/urdf/build/.built_by
-- Installing: /home/widha893/ros2_hil_quadrotor/install/sjtu_drone_description/share/sjtu_drone_description/urdf/install
-- Installing: /home/widha893/ros2_hil_quadrotor/install/sjtu_drone_description/share/sjtu_drone_description/urdf/install/local_setup.zsh
-- Installing: /home/widha893/ros2_hil_quadrotor/install/sjtu_drone_description/share/sjtu_drone_description/urdf/install/setup.bash
-- Installing: /home/widha893/ros2_hil_quadrotor/install/sjtu_drone_description/share/sjtu_drone_description/urdf/install/_local_setup_util_sh.py
-- Installing: /home/widha893/ros2_hil_quadrotor/install/sjtu_drone_description/share/sjtu_drone_description/urdf/install/local_setup.ps1
-- Installing: /home/widha893/ros2_hil_quadrotor/install/sjtu_drone_description/share/sjtu_drone_description/urdf/install/local_setup.sh
-- Installing: /home/widha893/ros2_hil_quadrotor/install/sjtu_drone_description/share/sjtu_drone_description/urdf/install/setup.sh
-- Installing: /home/widha893/ros2_hil_quadrotor/install/sjtu_drone_description/share/sjtu_drone_description/urdf/install/local_setup.bash
-- Installing: /home/widha893/ros2_hil_quadrotor/install/sjtu_drone_description/share/sjtu_drone_description/urdf/install/.colcon_install_layout
-- Installing: /home/widha893/ros2_hil_quadrotor/install/sjtu_drone_description/share/sjtu_drone_description/urdf/install/COLCON_IGNORE
-- Installing: /home/widha893/ros2_hil_quadrotor/install/sjtu_drone_description/share/sjtu_drone_description/urdf/install/_local_setup_util_ps1.py
-- Installing: /home/widha893/ros2_hil_quadrotor/install/sjtu_drone_description/share/sjtu_drone_description/urdf/install/setup.zsh
-- Installing: /home/widha893/ros2_hil_quadrotor/install/sjtu_drone_description/share/sjtu_drone_description/urdf/install/setup.ps1
-- Installing: /home/widha893/ros2_hil_quadrotor/install/sjtu_drone_description/share/sjtu_drone_description/urdf/sjtu_drone.urdf
-- Installing: /home/widha893/ros2_hil_quadrotor/install/sjtu_drone_description/share/sjtu_drone_description/urdf/log
-- Installing: /home/widha893/ros2_hil_quadrotor/install/sjtu_drone_description/share/sjtu_drone_description/urdf/log/COLCON_IGNORE
-- Installing: /home/widha893/ros2_hil_quadrotor/install/sjtu_drone_description/share/sjtu_drone_description/urdf/log/build_2024-11-15_22-20-31
-- Installing: /home/widha893/ros2_hil_quadrotor/install/sjtu_drone_description/share/sjtu_drone_description/urdf/log/build_2024-11-15_22-20-31/logger_all.log
-- Installing: /home/widha893/ros2_hil_quadrotor/install/sjtu_drone_description/share/sjtu_drone_description/urdf/log/build_2024-11-15_22-20-31/events.log
-- Installing: /home/widha893/ros2_hil_quadrotor/install/sjtu_drone_description/share/sjtu_drone_description/urdf/log/latest_build
-- Installing: /home/widha893/ros2_hil_quadrotor/install/sjtu_drone_description/share/sjtu_drone_description/urdf/log/latest
-- Installing: /home/widha893/ros2_hil_quadrotor/install/sjtu_drone_description/share/sjtu_drone_description/urdf/sjtu_drone.urdf.xacro
-- Installing: /home/widha893/ros2_hil_quadrotor/install/sjtu_drone_description/share/sjtu_drone_description/worlds
-- Installing: /home/widha893/ros2_hil_quadrotor/install/sjtu_drone_description/share/sjtu_drone_description/worlds/empty.world
-- Installing: /home/widha893/ros2_hil_quadrotor/install/sjtu_drone_description/share/sjtu_drone_description/worlds/playground.world
-- Installing: /home/widha893/ros2_hil_quadrotor/install/sjtu_drone_description/share/ament_index/resource_index/package_run_dependencies/sjtu_drone_description
-- Installing: /home/widha893/ros2_hil_quadrotor/install/sjtu_drone_description/share/ament_index/resource_index/parent_prefix_path/sjtu_drone_description
-- Installing: /home/widha893/ros2_hil_quadrotor/install/sjtu_drone_description/share/sjtu_drone_description/environment/ament_prefix_path.sh
-- Installing: /home/widha893/ros2_hil_quadrotor/install/sjtu_drone_description/share/sjtu_drone_description/environment/ament_prefix_path.dsv
-- Installing: /home/widha893/ros2_hil_quadrotor/install/sjtu_drone_description/share/sjtu_drone_description/environment/path.sh
-- Installing: /home/widha893/ros2_hil_quadrotor/install/sjtu_drone_description/share/sjtu_drone_description/environment/path.dsv
-- Installing: /home/widha893/ros2_hil_quadrotor/install/sjtu_drone_description/share/sjtu_drone_description/local_setup.bash
-- Installing: /home/widha893/ros2_hil_quadrotor/install/sjtu_drone_description/share/sjtu_drone_description/local_setup.sh
-- Installing: /home/widha893/ros2_hil_quadrotor/install/sjtu_drone_description/share/sjtu_drone_description/local_setup.zsh
-- Installing: /home/widha893/ros2_hil_quadrotor/install/sjtu_drone_description/share/sjtu_drone_description/local_setup.dsv
-- Installing: /home/widha893/ros2_hil_quadrotor/install/sjtu_drone_description/share/sjtu_drone_description/package.dsv
-- Installing: /home/widha893/ros2_hil_quadrotor/install/sjtu_drone_description/share/ament_index/resource_index/packages/sjtu_drone_description
-- Installing: /home/widha893/ros2_hil_quadrotor/install/sjtu_drone_description/share/sjtu_drone_description/cmake/export_sjtu_drone_descriptionExport.cmake
-- Installing: /home/widha893/ros2_hil_quadrotor/install/sjtu_drone_description/share/sjtu_drone_description/cmake/export_sjtu_drone_descriptionExport-noconfig.cmake
-- Installing: /home/widha893/ros2_hil_quadrotor/install/sjtu_drone_description/share/sjtu_drone_description/cmake/ament_cmake_export_include_directories-extras.cmake
-- Installing: /home/widha893/ros2_hil_quadrotor/install/sjtu_drone_description/share/sjtu_drone_description/cmake/ament_cmake_export_libraries-extras.cmake
-- Installing: /home/widha893/ros2_hil_quadrotor/install/sjtu_drone_description/share/sjtu_drone_description/cmake/ament_cmake_export_targets-extras.cmake
-- Installing: /home/widha893/ros2_hil_quadrotor/install/sjtu_drone_description/share/sjtu_drone_description/cmake/sjtu_drone_descriptionConfig.cmake
-- Installing: /home/widha893/ros2_hil_quadrotor/install/sjtu_drone_description/share/sjtu_drone_description/cmake/sjtu_drone_descriptionConfig-version.cmake
-- Installing: /home/widha893/ros2_hil_quadrotor/install/sjtu_drone_description/share/sjtu_drone_description/package.xml
