[0.106s] DEBUG:colcon:Command line arguments: ['/usr/bin/colcon', 'build']
[0.106s] DEBUG:colcon:Parsed command line arguments: Namespace(log_base=None, log_level=None, verb_name='build', build_base='build', install_base='install', merge_install=False, symlink_install=False, test_result_base=None, continue_on_error=False, executor='parallel', parallel_workers=8, event_handlers=None, ignore_user_meta=False, metas=['./colcon.meta'], base_paths=['.'], packages_ignore=None, packages_ignore_regex=None, paths=None, packages_up_to=None, packages_up_to_regex=None, packages_above=None, packages_above_and_dependencies=None, packages_above_depth=None, packages_select_by_dep=None, packages_skip_by_dep=None, packages_skip_up_to=None, packages_select_build_failed=False, packages_skip_build_finished=False, packages_select_test_failures=False, packages_skip_test_passed=False, packages_select=None, packages_skip=None, packages_select_regex=None, packages_skip_regex=None, packages_start=None, packages_end=None, allow_overriding=[], cmake_args=None, cmake_target=None, cmake_target_skip_unavailable=False, cmake_clean_cache=False, cmake_clean_first=False, cmake_force_configure=False, ament_cmake_args=None, catkin_cmake_args=None, catkin_skip_building_tests=False, verb_parser=<colcon_defaults.argument_parser.defaults.DefaultArgumentsDecorator object at 0x7e58c9944d00>, verb_extension=<colcon_core.verb.build.BuildVerb object at 0x7e58c9a39840>, main=<bound method BuildVerb.main of <colcon_core.verb.build.BuildVerb object at 0x7e58c9a39840>>)
[0.312s] Level 1:colcon.colcon_core.package_discovery:discover_packages(colcon_meta) check parameters
[0.312s] Level 1:colcon.colcon_core.package_discovery:discover_packages(recursive) check parameters
[0.312s] Level 1:colcon.colcon_core.package_discovery:discover_packages(ignore) check parameters
[0.312s] Level 1:colcon.colcon_core.package_discovery:discover_packages(path) check parameters
[0.312s] Level 1:colcon.colcon_core.package_discovery:discover_packages(colcon_meta) discover
[0.313s] Level 1:colcon.colcon_core.package_discovery:discover_packages(recursive) discover
[0.313s] INFO:colcon.colcon_core.package_discovery:Crawling recursively for packages in '/home/widha893/ros2_hil_quadrotor'
[0.313s] Level 1:colcon.colcon_core.package_identification:_identify(.) by extensions ['ignore', 'ignore_ament_install']
[0.313s] Level 1:colcon.colcon_core.package_identification:_identify(.) by extension 'ignore'
[0.313s] Level 1:colcon.colcon_core.package_identification:_identify(.) by extension 'ignore_ament_install'
[0.313s] Level 1:colcon.colcon_core.package_identification:_identify(.) by extensions ['colcon_pkg']
[0.313s] Level 1:colcon.colcon_core.package_identification:_identify(.) by extension 'colcon_pkg'
[0.313s] Level 1:colcon.colcon_core.package_identification:_identify(.) by extensions ['colcon_meta']
[0.313s] Level 1:colcon.colcon_core.package_identification:_identify(.) by extension 'colcon_meta'
[0.313s] Level 1:colcon.colcon_core.package_identification:_identify(.) by extensions ['ros']
[0.313s] Level 1:colcon.colcon_core.package_identification:_identify(.) by extension 'ros'
[0.335s] Level 1:colcon.colcon_core.package_identification:_identify(.) by extensions ['cmake', 'python']
[0.335s] Level 1:colcon.colcon_core.package_identification:_identify(.) by extension 'cmake'
[0.335s] Level 1:colcon.colcon_core.package_identification:_identify(.) by extension 'python'
[0.335s] Level 1:colcon.colcon_core.package_identification:_identify(.) by extensions ['python_setup_py']
[0.335s] Level 1:colcon.colcon_core.package_identification:_identify(.) by extension 'python_setup_py'
[0.335s] Level 1:colcon.colcon_core.package_identification:_identify(Data_Logger) by extensions ['ignore', 'ignore_ament_install']
[0.335s] Level 1:colcon.colcon_core.package_identification:_identify(Data_Logger) by extension 'ignore'
[0.335s] Level 1:colcon.colcon_core.package_identification:_identify(Data_Logger) by extension 'ignore_ament_install'
[0.335s] Level 1:colcon.colcon_core.package_identification:_identify(Data_Logger) by extensions ['colcon_pkg']
[0.335s] Level 1:colcon.colcon_core.package_identification:_identify(Data_Logger) by extension 'colcon_pkg'
[0.335s] Level 1:colcon.colcon_core.package_identification:_identify(Data_Logger) by extensions ['colcon_meta']
[0.335s] Level 1:colcon.colcon_core.package_identification:_identify(Data_Logger) by extension 'colcon_meta'
[0.336s] Level 1:colcon.colcon_core.package_identification:_identify(Data_Logger) by extensions ['ros']
[0.336s] Level 1:colcon.colcon_core.package_identification:_identify(Data_Logger) by extension 'ros'
[0.336s] Level 1:colcon.colcon_core.package_identification:_identify(Data_Logger) by extensions ['cmake', 'python']
[0.336s] Level 1:colcon.colcon_core.package_identification:_identify(Data_Logger) by extension 'cmake'
[0.336s] Level 1:colcon.colcon_core.package_identification:_identify(Data_Logger) by extension 'python'
[0.336s] Level 1:colcon.colcon_core.package_identification:_identify(Data_Logger) by extensions ['python_setup_py']
[0.336s] Level 1:colcon.colcon_core.package_identification:_identify(Data_Logger) by extension 'python_setup_py'
[0.336s] Level 1:colcon.colcon_core.package_identification:_identify(Data_Logger/Good_Data) by extensions ['ignore', 'ignore_ament_install']
[0.336s] Level 1:colcon.colcon_core.package_identification:_identify(Data_Logger/Good_Data) by extension 'ignore'
[0.336s] Level 1:colcon.colcon_core.package_identification:_identify(Data_Logger/Good_Data) by extension 'ignore_ament_install'
[0.336s] Level 1:colcon.colcon_core.package_identification:_identify(Data_Logger/Good_Data) by extensions ['colcon_pkg']
[0.336s] Level 1:colcon.colcon_core.package_identification:_identify(Data_Logger/Good_Data) by extension 'colcon_pkg'
[0.336s] Level 1:colcon.colcon_core.package_identification:_identify(Data_Logger/Good_Data) by extensions ['colcon_meta']
[0.336s] Level 1:colcon.colcon_core.package_identification:_identify(Data_Logger/Good_Data) by extension 'colcon_meta'
[0.336s] Level 1:colcon.colcon_core.package_identification:_identify(Data_Logger/Good_Data) by extensions ['ros']
[0.336s] Level 1:colcon.colcon_core.package_identification:_identify(Data_Logger/Good_Data) by extension 'ros'
[0.336s] Level 1:colcon.colcon_core.package_identification:_identify(Data_Logger/Good_Data) by extensions ['cmake', 'python']
[0.336s] Level 1:colcon.colcon_core.package_identification:_identify(Data_Logger/Good_Data) by extension 'cmake'
[0.336s] Level 1:colcon.colcon_core.package_identification:_identify(Data_Logger/Good_Data) by extension 'python'
[0.336s] Level 1:colcon.colcon_core.package_identification:_identify(Data_Logger/Good_Data) by extensions ['python_setup_py']
[0.337s] Level 1:colcon.colcon_core.package_identification:_identify(Data_Logger/Good_Data) by extension 'python_setup_py'
[0.337s] Level 1:colcon.colcon_core.package_identification:_identify(build) by extensions ['ignore', 'ignore_ament_install']
[0.337s] Level 1:colcon.colcon_core.package_identification:_identify(build) by extension 'ignore'
[0.337s] Level 1:colcon.colcon_core.package_identification:_identify(build) ignored
[0.337s] Level 1:colcon.colcon_core.package_identification:_identify(hitl) by extensions ['ignore', 'ignore_ament_install']
[0.337s] Level 1:colcon.colcon_core.package_identification:_identify(hitl) by extension 'ignore'
[0.337s] Level 1:colcon.colcon_core.package_identification:_identify(hitl) by extension 'ignore_ament_install'
[0.337s] Level 1:colcon.colcon_core.package_identification:_identify(hitl) by extensions ['colcon_pkg']
[0.337s] Level 1:colcon.colcon_core.package_identification:_identify(hitl) by extension 'colcon_pkg'
[0.337s] Level 1:colcon.colcon_core.package_identification:_identify(hitl) by extensions ['colcon_meta']
[0.337s] Level 1:colcon.colcon_core.package_identification:_identify(hitl) by extension 'colcon_meta'
[0.337s] Level 1:colcon.colcon_core.package_identification:_identify(hitl) by extensions ['ros']
[0.337s] Level 1:colcon.colcon_core.package_identification:_identify(hitl) by extension 'ros'
[0.341s] DEBUG:colcon.colcon_core.package_identification:Package 'hitl' with type 'ros.ament_python' and name 'hitl'
[0.341s] Level 1:colcon.colcon_core.package_identification:_identify(imgs) by extensions ['ignore', 'ignore_ament_install']
[0.341s] Level 1:colcon.colcon_core.package_identification:_identify(imgs) by extension 'ignore'
[0.341s] Level 1:colcon.colcon_core.package_identification:_identify(imgs) by extension 'ignore_ament_install'
[0.341s] Level 1:colcon.colcon_core.package_identification:_identify(imgs) by extensions ['colcon_pkg']
[0.341s] Level 1:colcon.colcon_core.package_identification:_identify(imgs) by extension 'colcon_pkg'
[0.341s] Level 1:colcon.colcon_core.package_identification:_identify(imgs) by extensions ['colcon_meta']
[0.341s] Level 1:colcon.colcon_core.package_identification:_identify(imgs) by extension 'colcon_meta'
[0.341s] Level 1:colcon.colcon_core.package_identification:_identify(imgs) by extensions ['ros']
[0.341s] Level 1:colcon.colcon_core.package_identification:_identify(imgs) by extension 'ros'
[0.342s] Level 1:colcon.colcon_core.package_identification:_identify(imgs) by extensions ['cmake', 'python']
[0.342s] Level 1:colcon.colcon_core.package_identification:_identify(imgs) by extension 'cmake'
[0.342s] Level 1:colcon.colcon_core.package_identification:_identify(imgs) by extension 'python'
[0.342s] Level 1:colcon.colcon_core.package_identification:_identify(imgs) by extensions ['python_setup_py']
[0.342s] Level 1:colcon.colcon_core.package_identification:_identify(imgs) by extension 'python_setup_py'
[0.342s] Level 1:colcon.colcon_core.package_identification:_identify(install) by extensions ['ignore', 'ignore_ament_install']
[0.342s] Level 1:colcon.colcon_core.package_identification:_identify(install) by extension 'ignore'
[0.342s] Level 1:colcon.colcon_core.package_identification:_identify(install) ignored
[0.342s] Level 1:colcon.colcon_core.package_identification:_identify(log) by extensions ['ignore', 'ignore_ament_install']
[0.342s] Level 1:colcon.colcon_core.package_identification:_identify(log) by extension 'ignore'
[0.343s] Level 1:colcon.colcon_core.package_identification:_identify(log) ignored
[0.343s] Level 1:colcon.colcon_core.package_identification:_identify(sensor_data_logger) by extensions ['ignore', 'ignore_ament_install']
[0.343s] Level 1:colcon.colcon_core.package_identification:_identify(sensor_data_logger) by extension 'ignore'
[0.343s] Level 1:colcon.colcon_core.package_identification:_identify(sensor_data_logger) by extension 'ignore_ament_install'
[0.343s] Level 1:colcon.colcon_core.package_identification:_identify(sensor_data_logger) by extensions ['colcon_pkg']
[0.343s] Level 1:colcon.colcon_core.package_identification:_identify(sensor_data_logger) by extension 'colcon_pkg'
[0.343s] Level 1:colcon.colcon_core.package_identification:_identify(sensor_data_logger) by extensions ['colcon_meta']
[0.343s] Level 1:colcon.colcon_core.package_identification:_identify(sensor_data_logger) by extension 'colcon_meta'
[0.343s] Level 1:colcon.colcon_core.package_identification:_identify(sensor_data_logger) by extensions ['ros']
[0.343s] Level 1:colcon.colcon_core.package_identification:_identify(sensor_data_logger) by extension 'ros'
[0.344s] DEBUG:colcon.colcon_core.package_identification:Package 'sensor_data_logger' with type 'ros.ament_python' and name 'sensor_data_logger'
[0.345s] Level 1:colcon.colcon_core.package_identification:_identify(sjtu_drone_bringup) by extensions ['ignore', 'ignore_ament_install']
[0.345s] Level 1:colcon.colcon_core.package_identification:_identify(sjtu_drone_bringup) by extension 'ignore'
[0.345s] Level 1:colcon.colcon_core.package_identification:_identify(sjtu_drone_bringup) by extension 'ignore_ament_install'
[0.345s] Level 1:colcon.colcon_core.package_identification:_identify(sjtu_drone_bringup) by extensions ['colcon_pkg']
[0.345s] Level 1:colcon.colcon_core.package_identification:_identify(sjtu_drone_bringup) by extension 'colcon_pkg'
[0.345s] Level 1:colcon.colcon_core.package_identification:_identify(sjtu_drone_bringup) by extensions ['colcon_meta']
[0.345s] Level 1:colcon.colcon_core.package_identification:_identify(sjtu_drone_bringup) by extension 'colcon_meta'
[0.345s] Level 1:colcon.colcon_core.package_identification:_identify(sjtu_drone_bringup) by extensions ['ros']
[0.345s] Level 1:colcon.colcon_core.package_identification:_identify(sjtu_drone_bringup) by extension 'ros'
[0.347s] DEBUG:colcon.colcon_core.package_identification:Package 'sjtu_drone_bringup' with type 'ros.ament_python' and name 'sjtu_drone_bringup'
[0.347s] Level 1:colcon.colcon_core.package_identification:_identify(sjtu_drone_control) by extensions ['ignore', 'ignore_ament_install']
[0.347s] Level 1:colcon.colcon_core.package_identification:_identify(sjtu_drone_control) by extension 'ignore'
[0.347s] Level 1:colcon.colcon_core.package_identification:_identify(sjtu_drone_control) by extension 'ignore_ament_install'
[0.347s] Level 1:colcon.colcon_core.package_identification:_identify(sjtu_drone_control) by extensions ['colcon_pkg']
[0.347s] Level 1:colcon.colcon_core.package_identification:_identify(sjtu_drone_control) by extension 'colcon_pkg'
[0.347s] Level 1:colcon.colcon_core.package_identification:_identify(sjtu_drone_control) by extensions ['colcon_meta']
[0.347s] Level 1:colcon.colcon_core.package_identification:_identify(sjtu_drone_control) by extension 'colcon_meta'
[0.347s] Level 1:colcon.colcon_core.package_identification:_identify(sjtu_drone_control) by extensions ['ros']
[0.347s] Level 1:colcon.colcon_core.package_identification:_identify(sjtu_drone_control) by extension 'ros'
[0.348s] DEBUG:colcon.colcon_core.package_identification:Package 'sjtu_drone_control' with type 'ros.ament_python' and name 'sjtu_drone_control'
[0.348s] Level 1:colcon.colcon_core.package_identification:_identify(sjtu_drone_description) by extensions ['ignore', 'ignore_ament_install']
[0.348s] Level 1:colcon.colcon_core.package_identification:_identify(sjtu_drone_description) by extension 'ignore'
[0.349s] Level 1:colcon.colcon_core.package_identification:_identify(sjtu_drone_description) by extension 'ignore_ament_install'
[0.349s] Level 1:colcon.colcon_core.package_identification:_identify(sjtu_drone_description) by extensions ['colcon_pkg']
[0.349s] Level 1:colcon.colcon_core.package_identification:_identify(sjtu_drone_description) by extension 'colcon_pkg'
[0.349s] Level 1:colcon.colcon_core.package_identification:_identify(sjtu_drone_description) by extensions ['colcon_meta']
[0.349s] Level 1:colcon.colcon_core.package_identification:_identify(sjtu_drone_description) by extension 'colcon_meta'
[0.349s] Level 1:colcon.colcon_core.package_identification:_identify(sjtu_drone_description) by extensions ['ros']
[0.349s] Level 1:colcon.colcon_core.package_identification:_identify(sjtu_drone_description) by extension 'ros'
[0.350s] DEBUG:colcon.colcon_core.package_identification:Package 'sjtu_drone_description' with type 'ros.ament_cmake' and name 'sjtu_drone_description'
[0.350s] Level 1:colcon.colcon_core.package_discovery:discover_packages(recursive) using defaults
[0.350s] Level 1:colcon.colcon_core.package_discovery:discover_packages(ignore) discover
[0.350s] Level 1:colcon.colcon_core.package_discovery:discover_packages(ignore) using defaults
[0.350s] Level 1:colcon.colcon_core.package_discovery:discover_packages(path) discover
[0.350s] Level 1:colcon.colcon_core.package_discovery:discover_packages(path) using defaults
[0.388s] Level 1:colcon.colcon_core.package_discovery:discover_packages(prefix_path) check parameters
[0.388s] Level 1:colcon.colcon_core.package_discovery:discover_packages(prefix_path) discover
[0.390s] DEBUG:colcon.colcon_installed_package_information.package_discovery:Found 5 installed packages in /home/widha893/ros2_hil_quadrotor/install
[0.392s] DEBUG:colcon.colcon_installed_package_information.package_discovery:Found 284 installed packages in /opt/ros/humble
[0.394s] Level 1:colcon.colcon_core.package_discovery:discover_packages(prefix_path) using defaults
[0.451s] Level 5:colcon.colcon_core.verb:set package 'hitl' build argument 'cmake_args' from command line to 'None'
[0.451s] Level 5:colcon.colcon_core.verb:set package 'hitl' build argument 'cmake_target' from command line to 'None'
[0.451s] Level 5:colcon.colcon_core.verb:set package 'hitl' build argument 'cmake_target_skip_unavailable' from command line to 'False'
[0.451s] Level 5:colcon.colcon_core.verb:set package 'hitl' build argument 'cmake_clean_cache' from command line to 'False'
[0.451s] Level 5:colcon.colcon_core.verb:set package 'hitl' build argument 'cmake_clean_first' from command line to 'False'
[0.451s] Level 5:colcon.colcon_core.verb:set package 'hitl' build argument 'cmake_force_configure' from command line to 'False'
[0.451s] Level 5:colcon.colcon_core.verb:set package 'hitl' build argument 'ament_cmake_args' from command line to 'None'
[0.451s] Level 5:colcon.colcon_core.verb:set package 'hitl' build argument 'catkin_cmake_args' from command line to 'None'
[0.451s] Level 5:colcon.colcon_core.verb:set package 'hitl' build argument 'catkin_skip_building_tests' from command line to 'False'
[0.451s] DEBUG:colcon.colcon_core.verb:Building package 'hitl' with the following arguments: {'ament_cmake_args': None, 'build_base': '/home/widha893/ros2_hil_quadrotor/build/hitl', 'catkin_cmake_args': None, 'catkin_skip_building_tests': False, 'cmake_args': None, 'cmake_clean_cache': False, 'cmake_clean_first': False, 'cmake_force_configure': False, 'cmake_target': None, 'cmake_target_skip_unavailable': False, 'install_base': '/home/widha893/ros2_hil_quadrotor/install/hitl', 'merge_install': False, 'path': '/home/widha893/ros2_hil_quadrotor/hitl', 'symlink_install': False, 'test_result_base': None}
[0.452s] Level 5:colcon.colcon_core.verb:set package 'sensor_data_logger' build argument 'cmake_args' from command line to 'None'
[0.452s] Level 5:colcon.colcon_core.verb:set package 'sensor_data_logger' build argument 'cmake_target' from command line to 'None'
[0.452s] Level 5:colcon.colcon_core.verb:set package 'sensor_data_logger' build argument 'cmake_target_skip_unavailable' from command line to 'False'
[0.452s] Level 5:colcon.colcon_core.verb:set package 'sensor_data_logger' build argument 'cmake_clean_cache' from command line to 'False'
[0.452s] Level 5:colcon.colcon_core.verb:set package 'sensor_data_logger' build argument 'cmake_clean_first' from command line to 'False'
[0.452s] Level 5:colcon.colcon_core.verb:set package 'sensor_data_logger' build argument 'cmake_force_configure' from command line to 'False'
[0.452s] Level 5:colcon.colcon_core.verb:set package 'sensor_data_logger' build argument 'ament_cmake_args' from command line to 'None'
[0.452s] Level 5:colcon.colcon_core.verb:set package 'sensor_data_logger' build argument 'catkin_cmake_args' from command line to 'None'
[0.452s] Level 5:colcon.colcon_core.verb:set package 'sensor_data_logger' build argument 'catkin_skip_building_tests' from command line to 'False'
[0.452s] DEBUG:colcon.colcon_core.verb:Building package 'sensor_data_logger' with the following arguments: {'ament_cmake_args': None, 'build_base': '/home/widha893/ros2_hil_quadrotor/build/sensor_data_logger', 'catkin_cmake_args': None, 'catkin_skip_building_tests': False, 'cmake_args': None, 'cmake_clean_cache': False, 'cmake_clean_first': False, 'cmake_force_configure': False, 'cmake_target': None, 'cmake_target_skip_unavailable': False, 'install_base': '/home/widha893/ros2_hil_quadrotor/install/sensor_data_logger', 'merge_install': False, 'path': '/home/widha893/ros2_hil_quadrotor/sensor_data_logger', 'symlink_install': False, 'test_result_base': None}
[0.453s] Level 5:colcon.colcon_core.verb:set package 'sjtu_drone_bringup' build argument 'cmake_args' from command line to 'None'
[0.453s] Level 5:colcon.colcon_core.verb:set package 'sjtu_drone_bringup' build argument 'cmake_target' from command line to 'None'
[0.453s] Level 5:colcon.colcon_core.verb:set package 'sjtu_drone_bringup' build argument 'cmake_target_skip_unavailable' from command line to 'False'
[0.453s] Level 5:colcon.colcon_core.verb:set package 'sjtu_drone_bringup' build argument 'cmake_clean_cache' from command line to 'False'
[0.453s] Level 5:colcon.colcon_core.verb:set package 'sjtu_drone_bringup' build argument 'cmake_clean_first' from command line to 'False'
[0.453s] Level 5:colcon.colcon_core.verb:set package 'sjtu_drone_bringup' build argument 'cmake_force_configure' from command line to 'False'
[0.453s] Level 5:colcon.colcon_core.verb:set package 'sjtu_drone_bringup' build argument 'ament_cmake_args' from command line to 'None'
[0.453s] Level 5:colcon.colcon_core.verb:set package 'sjtu_drone_bringup' build argument 'catkin_cmake_args' from command line to 'None'
[0.453s] Level 5:colcon.colcon_core.verb:set package 'sjtu_drone_bringup' build argument 'catkin_skip_building_tests' from command line to 'False'
[0.453s] DEBUG:colcon.colcon_core.verb:Building package 'sjtu_drone_bringup' with the following arguments: {'ament_cmake_args': None, 'build_base': '/home/widha893/ros2_hil_quadrotor/build/sjtu_drone_bringup', 'catkin_cmake_args': None, 'catkin_skip_building_tests': False, 'cmake_args': None, 'cmake_clean_cache': False, 'cmake_clean_first': False, 'cmake_force_configure': False, 'cmake_target': None, 'cmake_target_skip_unavailable': False, 'install_base': '/home/widha893/ros2_hil_quadrotor/install/sjtu_drone_bringup', 'merge_install': False, 'path': '/home/widha893/ros2_hil_quadrotor/sjtu_drone_bringup', 'symlink_install': False, 'test_result_base': None}
[0.454s] Level 5:colcon.colcon_core.verb:set package 'sjtu_drone_control' build argument 'cmake_args' from command line to 'None'
[0.454s] Level 5:colcon.colcon_core.verb:set package 'sjtu_drone_control' build argument 'cmake_target' from command line to 'None'
[0.454s] Level 5:colcon.colcon_core.verb:set package 'sjtu_drone_control' build argument 'cmake_target_skip_unavailable' from command line to 'False'
[0.454s] Level 5:colcon.colcon_core.verb:set package 'sjtu_drone_control' build argument 'cmake_clean_cache' from command line to 'False'
[0.454s] Level 5:colcon.colcon_core.verb:set package 'sjtu_drone_control' build argument 'cmake_clean_first' from command line to 'False'
[0.454s] Level 5:colcon.colcon_core.verb:set package 'sjtu_drone_control' build argument 'cmake_force_configure' from command line to 'False'
[0.454s] Level 5:colcon.colcon_core.verb:set package 'sjtu_drone_control' build argument 'ament_cmake_args' from command line to 'None'
[0.454s] Level 5:colcon.colcon_core.verb:set package 'sjtu_drone_control' build argument 'catkin_cmake_args' from command line to 'None'
[0.454s] Level 5:colcon.colcon_core.verb:set package 'sjtu_drone_control' build argument 'catkin_skip_building_tests' from command line to 'False'
[0.454s] DEBUG:colcon.colcon_core.verb:Building package 'sjtu_drone_control' with the following arguments: {'ament_cmake_args': None, 'build_base': '/home/widha893/ros2_hil_quadrotor/build/sjtu_drone_control', 'catkin_cmake_args': None, 'catkin_skip_building_tests': False, 'cmake_args': None, 'cmake_clean_cache': False, 'cmake_clean_first': False, 'cmake_force_configure': False, 'cmake_target': None, 'cmake_target_skip_unavailable': False, 'install_base': '/home/widha893/ros2_hil_quadrotor/install/sjtu_drone_control', 'merge_install': False, 'path': '/home/widha893/ros2_hil_quadrotor/sjtu_drone_control', 'symlink_install': False, 'test_result_base': None}
[0.455s] Level 5:colcon.colcon_core.verb:set package 'sjtu_drone_description' build argument 'cmake_args' from command line to 'None'
[0.455s] Level 5:colcon.colcon_core.verb:set package 'sjtu_drone_description' build argument 'cmake_target' from command line to 'None'
[0.455s] Level 5:colcon.colcon_core.verb:set package 'sjtu_drone_description' build argument 'cmake_target_skip_unavailable' from command line to 'False'
[0.455s] Level 5:colcon.colcon_core.verb:set package 'sjtu_drone_description' build argument 'cmake_clean_cache' from command line to 'False'
[0.455s] Level 5:colcon.colcon_core.verb:set package 'sjtu_drone_description' build argument 'cmake_clean_first' from command line to 'False'
[0.455s] Level 5:colcon.colcon_core.verb:set package 'sjtu_drone_description' build argument 'cmake_force_configure' from command line to 'False'
[0.455s] Level 5:colcon.colcon_core.verb:set package 'sjtu_drone_description' build argument 'ament_cmake_args' from command line to 'None'
[0.455s] Level 5:colcon.colcon_core.verb:set package 'sjtu_drone_description' build argument 'catkin_cmake_args' from command line to 'None'
[0.455s] Level 5:colcon.colcon_core.verb:set package 'sjtu_drone_description' build argument 'catkin_skip_building_tests' from command line to 'False'
[0.455s] DEBUG:colcon.colcon_core.verb:Building package 'sjtu_drone_description' with the following arguments: {'ament_cmake_args': None, 'build_base': '/home/widha893/ros2_hil_quadrotor/build/sjtu_drone_description', 'catkin_cmake_args': None, 'catkin_skip_building_tests': False, 'cmake_args': None, 'cmake_clean_cache': False, 'cmake_clean_first': False, 'cmake_force_configure': False, 'cmake_target': None, 'cmake_target_skip_unavailable': False, 'install_base': '/home/widha893/ros2_hil_quadrotor/install/sjtu_drone_description', 'merge_install': False, 'path': '/home/widha893/ros2_hil_quadrotor/sjtu_drone_description', 'symlink_install': False, 'test_result_base': None}
[0.455s] INFO:colcon.colcon_core.executor:Executing jobs using 'parallel' executor
[0.456s] DEBUG:colcon.colcon_parallel_executor.executor.parallel:run_until_complete
[0.457s] INFO:colcon.colcon_ros.task.ament_python.build:Building ROS package in '/home/widha893/ros2_hil_quadrotor/hitl' with build type 'ament_python'
[0.457s] Level 1:colcon.colcon_core.shell:create_environment_hook('hitl', 'ament_prefix_path')
[0.459s] INFO:colcon.colcon_core.plugin_system:Skipping extension 'colcon_core.shell.bat': Not used on non-Windows systems
[0.459s] INFO:colcon.colcon_core.shell:Creating environment hook '/home/widha893/ros2_hil_quadrotor/install/hitl/share/hitl/hook/ament_prefix_path.ps1'
[0.460s] INFO:colcon.colcon_core.shell:Creating environment descriptor '/home/widha893/ros2_hil_quadrotor/install/hitl/share/hitl/hook/ament_prefix_path.dsv'
[0.461s] INFO:colcon.colcon_core.shell:Creating environment hook '/home/widha893/ros2_hil_quadrotor/install/hitl/share/hitl/hook/ament_prefix_path.sh'
[0.463s] INFO:colcon.colcon_core.shell:Skip shell extension 'powershell' for command environment: Not usable outside of PowerShell
[0.463s] DEBUG:colcon.colcon_core.shell:Skip shell extension 'dsv' for command environment
[0.467s] INFO:colcon.colcon_ros.task.ament_python.build:Building ROS package in '/home/widha893/ros2_hil_quadrotor/sensor_data_logger' with build type 'ament_python'
[0.467s] Level 1:colcon.colcon_core.shell:create_environment_hook('sensor_data_logger', 'ament_prefix_path')
[0.468s] INFO:colcon.colcon_core.shell:Creating environment hook '/home/widha893/ros2_hil_quadrotor/install/sensor_data_logger/share/sensor_data_logger/hook/ament_prefix_path.ps1'
[0.469s] INFO:colcon.colcon_core.shell:Creating environment descriptor '/home/widha893/ros2_hil_quadrotor/install/sensor_data_logger/share/sensor_data_logger/hook/ament_prefix_path.dsv'
[0.470s] INFO:colcon.colcon_core.shell:Creating environment hook '/home/widha893/ros2_hil_quadrotor/install/sensor_data_logger/share/sensor_data_logger/hook/ament_prefix_path.sh'
[0.472s] INFO:colcon.colcon_core.shell:Skip shell extension 'powershell' for command environment: Not usable outside of PowerShell
[0.472s] DEBUG:colcon.colcon_core.shell:Skip shell extension 'dsv' for command environment
[0.475s] INFO:colcon.colcon_ros.task.ament_python.build:Building ROS package in '/home/widha893/ros2_hil_quadrotor/sjtu_drone_bringup' with build type 'ament_python'
[0.476s] Level 1:colcon.colcon_core.shell:create_environment_hook('sjtu_drone_bringup', 'ament_prefix_path')
[0.476s] INFO:colcon.colcon_core.shell:Creating environment hook '/home/widha893/ros2_hil_quadrotor/install/sjtu_drone_bringup/share/sjtu_drone_bringup/hook/ament_prefix_path.ps1'
[0.478s] INFO:colcon.colcon_core.shell:Creating environment descriptor '/home/widha893/ros2_hil_quadrotor/install/sjtu_drone_bringup/share/sjtu_drone_bringup/hook/ament_prefix_path.dsv'
[0.479s] INFO:colcon.colcon_core.shell:Creating environment hook '/home/widha893/ros2_hil_quadrotor/install/sjtu_drone_bringup/share/sjtu_drone_bringup/hook/ament_prefix_path.sh'
[0.480s] INFO:colcon.colcon_core.shell:Skip shell extension 'powershell' for command environment: Not usable outside of PowerShell
[0.480s] DEBUG:colcon.colcon_core.shell:Skip shell extension 'dsv' for command environment
[0.485s] INFO:colcon.colcon_ros.task.ament_python.build:Building ROS package in '/home/widha893/ros2_hil_quadrotor/sjtu_drone_control' with build type 'ament_python'
[0.485s] Level 1:colcon.colcon_core.shell:create_environment_hook('sjtu_drone_control', 'ament_prefix_path')
[0.485s] INFO:colcon.colcon_core.shell:Creating environment hook '/home/widha893/ros2_hil_quadrotor/install/sjtu_drone_control/share/sjtu_drone_control/hook/ament_prefix_path.ps1'
[0.487s] INFO:colcon.colcon_core.shell:Creating environment descriptor '/home/widha893/ros2_hil_quadrotor/install/sjtu_drone_control/share/sjtu_drone_control/hook/ament_prefix_path.dsv'
[0.488s] INFO:colcon.colcon_core.shell:Creating environment hook '/home/widha893/ros2_hil_quadrotor/install/sjtu_drone_control/share/sjtu_drone_control/hook/ament_prefix_path.sh'
[0.488s] INFO:colcon.colcon_core.shell:Skip shell extension 'powershell' for command environment: Not usable outside of PowerShell
[0.489s] DEBUG:colcon.colcon_core.shell:Skip shell extension 'dsv' for command environment
[0.493s] INFO:colcon.colcon_ros.task.ament_cmake.build:Building ROS package in '/home/widha893/ros2_hil_quadrotor/sjtu_drone_description' with build type 'ament_cmake'
[0.493s] INFO:colcon.colcon_cmake.task.cmake.build:Building CMake package in '/home/widha893/ros2_hil_quadrotor/sjtu_drone_description'
[0.494s] INFO:colcon.colcon_core.shell:Skip shell extension 'powershell' for command environment: Not usable outside of PowerShell
[0.494s] DEBUG:colcon.colcon_core.shell:Skip shell extension 'dsv' for command environment
[0.845s] INFO:colcon.colcon_core.task.python.build:Building Python package in '/home/widha893/ros2_hil_quadrotor/hitl'
[0.846s] INFO:colcon.colcon_core.shell:Skip shell extension 'powershell' for command environment: Not usable outside of PowerShell
[0.846s] DEBUG:colcon.colcon_core.shell:Skip shell extension 'dsv' for command environment
[1.276s] INFO:colcon.colcon_core.task.python.build:Building Python package in '/home/widha893/ros2_hil_quadrotor/sensor_data_logger'
[1.276s] INFO:colcon.colcon_core.shell:Skip shell extension 'powershell' for command environment: Not usable outside of PowerShell
[1.276s] DEBUG:colcon.colcon_core.shell:Skip shell extension 'dsv' for command environment
[1.651s] INFO:colcon.colcon_core.task.python.build:Building Python package in '/home/widha893/ros2_hil_quadrotor/sjtu_drone_bringup'
[1.652s] INFO:colcon.colcon_core.shell:Skip shell extension 'powershell' for command environment: Not usable outside of PowerShell
[1.652s] DEBUG:colcon.colcon_core.shell:Skip shell extension 'dsv' for command environment
[1.968s] INFO:colcon.colcon_core.task.python.build:Building Python package in '/home/widha893/ros2_hil_quadrotor/sjtu_drone_control'
[1.968s] INFO:colcon.colcon_core.shell:Skip shell extension 'powershell' for command environment: Not usable outside of PowerShell
[1.968s] DEBUG:colcon.colcon_core.shell:Skip shell extension 'dsv' for command environment
[1.977s] DEBUG:colcon.colcon_core.event_handler.log_command:Invoking command in '/home/widha893/ros2_hil_quadrotor/build/sjtu_drone_description': CMAKE_PREFIX_PATH=${CMAKE_PREFIX_PATH}:/home/widha893/ros2_hil_quadrotor/install:/home/widha893/ros2_hil_quadrotor/install/sjtu_drone_control:/home/widha893/ros2_hil_quadrotor/install/sjtu_drone_bringup:/home/widha893/ros2_hil_quadrotor/install/sensor_data_logger:/home/widha893/ros2_hil_quadrotor/install/hitl:/opt/ros/humble: /usr/bin/cmake --build /home/widha893/ros2_hil_quadrotor/build/sjtu_drone_description -- -j8 -l8
[2.778s] DEBUG:colcon.colcon_core.event_handler.log_command:Invoking command in '/home/widha893/ros2_hil_quadrotor/sensor_data_logger': PYTHONPATH=/home/widha893/ros2_hil_quadrotor/build/sensor_data_logger/prefix_override:/usr/lib/python3/dist-packages/colcon_core/task/python/colcon_distutils_commands:/home/widha893/ros2_hil_quadrotor/install/sensor_data_logger/lib/python3.10/site-packages:${PYTHONPATH} /usr/bin/python3 -W ignore:setup.py install is deprecated setup.py egg_info --egg-base ../build/sensor_data_logger build --build-base /home/widha893/ros2_hil_quadrotor/build/sensor_data_logger/build install --record /home/widha893/ros2_hil_quadrotor/build/sensor_data_logger/install.log --single-version-externally-managed install_data
[2.816s] DEBUG:colcon.colcon_core.event_handler.log_command:Invoking command in '/home/widha893/ros2_hil_quadrotor/hitl': PYTHONPATH=/home/widha893/ros2_hil_quadrotor/build/hitl/prefix_override:/usr/lib/python3/dist-packages/colcon_core/task/python/colcon_distutils_commands:/home/widha893/ros2_hil_quadrotor/install/hitl/lib/python3.10/site-packages:${PYTHONPATH} /usr/bin/python3 -W ignore:setup.py install is deprecated setup.py egg_info --egg-base ../build/hitl build --build-base /home/widha893/ros2_hil_quadrotor/build/hitl/build install --record /home/widha893/ros2_hil_quadrotor/build/hitl/install.log --single-version-externally-managed install_data
[3.084s] DEBUG:colcon.colcon_core.event_handler.log_command:Invoking command in '/home/widha893/ros2_hil_quadrotor/sjtu_drone_control': PYTHONPATH=/home/widha893/ros2_hil_quadrotor/build/sjtu_drone_control/prefix_override:/usr/lib/python3/dist-packages/colcon_core/task/python/colcon_distutils_commands:/home/widha893/ros2_hil_quadrotor/install/sjtu_drone_control/lib/python3.10/site-packages:${PYTHONPATH} /usr/bin/python3 -W ignore:setup.py install is deprecated setup.py egg_info --egg-base ../build/sjtu_drone_control build --build-base /home/widha893/ros2_hil_quadrotor/build/sjtu_drone_control/build install --record /home/widha893/ros2_hil_quadrotor/build/sjtu_drone_control/install.log --single-version-externally-managed install_data
[3.087s] DEBUG:colcon.colcon_core.event_handler.log_command:Invoking command in '/home/widha893/ros2_hil_quadrotor/sjtu_drone_bringup': PYTHONPATH=/home/widha893/ros2_hil_quadrotor/build/sjtu_drone_bringup/prefix_override:/usr/lib/python3/dist-packages/colcon_core/task/python/colcon_distutils_commands:/home/widha893/ros2_hil_quadrotor/install/sjtu_drone_bringup/lib/python3.10/site-packages:${PYTHONPATH} /usr/bin/python3 -W ignore:setup.py install is deprecated setup.py egg_info --egg-base ../build/sjtu_drone_bringup build --build-base /home/widha893/ros2_hil_quadrotor/build/sjtu_drone_bringup/build install --record /home/widha893/ros2_hil_quadrotor/build/sjtu_drone_bringup/install.log --single-version-externally-managed install_data
[3.558s] DEBUG:colcon.colcon_core.event_handler.log_command:Invoked command in '/home/widha893/ros2_hil_quadrotor/sensor_data_logger' returned '0': PYTHONPATH=/home/widha893/ros2_hil_quadrotor/build/sensor_data_logger/prefix_override:/usr/lib/python3/dist-packages/colcon_core/task/python/colcon_distutils_commands:/home/widha893/ros2_hil_quadrotor/install/sensor_data_logger/lib/python3.10/site-packages:${PYTHONPATH} /usr/bin/python3 -W ignore:setup.py install is deprecated setup.py egg_info --egg-base ../build/sensor_data_logger build --build-base /home/widha893/ros2_hil_quadrotor/build/sensor_data_logger/build install --record /home/widha893/ros2_hil_quadrotor/build/sensor_data_logger/install.log --single-version-externally-managed install_data
[3.565s] Level 1:colcon.colcon_core.environment:checking '/home/widha893/ros2_hil_quadrotor/install/sensor_data_logger' for CMake module files
[3.566s] Level 1:colcon.colcon_core.environment:checking '/home/widha893/ros2_hil_quadrotor/install/sensor_data_logger' for CMake config files
[3.568s] Level 1:colcon.colcon_core.environment:checking '/home/widha893/ros2_hil_quadrotor/install/sensor_data_logger/lib'
[3.570s] Level 1:colcon.colcon_core.environment:checking '/home/widha893/ros2_hil_quadrotor/install/sensor_data_logger/bin'
[3.570s] Level 1:colcon.colcon_core.environment:checking '/home/widha893/ros2_hil_quadrotor/install/sensor_data_logger/lib/pkgconfig/sensor_data_logger.pc'
[3.571s] Level 1:colcon.colcon_core.environment:checking '/home/widha893/ros2_hil_quadrotor/install/sensor_data_logger/lib/python3.10/site-packages'
[3.572s] Level 1:colcon.colcon_core.shell:create_environment_hook('sensor_data_logger', 'pythonpath')
[3.572s] INFO:colcon.colcon_core.shell:Creating environment hook '/home/widha893/ros2_hil_quadrotor/install/sensor_data_logger/share/sensor_data_logger/hook/pythonpath.ps1'
[3.574s] INFO:colcon.colcon_core.shell:Creating environment descriptor '/home/widha893/ros2_hil_quadrotor/install/sensor_data_logger/share/sensor_data_logger/hook/pythonpath.dsv'
[3.575s] INFO:colcon.colcon_core.shell:Creating environment hook '/home/widha893/ros2_hil_quadrotor/install/sensor_data_logger/share/sensor_data_logger/hook/pythonpath.sh'
[3.577s] Level 1:colcon.colcon_core.environment:checking '/home/widha893/ros2_hil_quadrotor/install/sensor_data_logger/bin'
[3.577s] Level 1:colcon.colcon_core.environment:create_environment_scripts_only(sensor_data_logger)
[3.578s] INFO:colcon.colcon_core.shell:Creating package script '/home/widha893/ros2_hil_quadrotor/install/sensor_data_logger/share/sensor_data_logger/package.ps1'
[3.581s] INFO:colcon.colcon_core.shell:Creating package descriptor '/home/widha893/ros2_hil_quadrotor/install/sensor_data_logger/share/sensor_data_logger/package.dsv'
[3.585s] INFO:colcon.colcon_core.shell:Creating package script '/home/widha893/ros2_hil_quadrotor/install/sensor_data_logger/share/sensor_data_logger/package.sh'
[3.589s] INFO:colcon.colcon_core.shell:Creating package script '/home/widha893/ros2_hil_quadrotor/install/sensor_data_logger/share/sensor_data_logger/package.bash'
[3.595s] INFO:colcon.colcon_core.shell:Creating package script '/home/widha893/ros2_hil_quadrotor/install/sensor_data_logger/share/sensor_data_logger/package.zsh'
[3.604s] Level 1:colcon.colcon_core.environment:create_file_with_runtime_dependencies(/home/widha893/ros2_hil_quadrotor/install/sensor_data_logger/share/colcon-core/packages/sensor_data_logger)
[3.769s] Level 1:colcon.colcon_core.environment:checking '/home/widha893/ros2_hil_quadrotor/install/hitl' for CMake module files
[3.771s] DEBUG:colcon.colcon_core.event_handler.log_command:Invoked command in '/home/widha893/ros2_hil_quadrotor/hitl' returned '0': PYTHONPATH=/home/widha893/ros2_hil_quadrotor/build/hitl/prefix_override:/usr/lib/python3/dist-packages/colcon_core/task/python/colcon_distutils_commands:/home/widha893/ros2_hil_quadrotor/install/hitl/lib/python3.10/site-packages:${PYTHONPATH} /usr/bin/python3 -W ignore:setup.py install is deprecated setup.py egg_info --egg-base ../build/hitl build --build-base /home/widha893/ros2_hil_quadrotor/build/hitl/build install --record /home/widha893/ros2_hil_quadrotor/build/hitl/install.log --single-version-externally-managed install_data
[3.772s] Level 1:colcon.colcon_core.environment:checking '/home/widha893/ros2_hil_quadrotor/install/hitl' for CMake config files
[3.773s] Level 1:colcon.colcon_core.environment:checking '/home/widha893/ros2_hil_quadrotor/install/hitl/lib'
[3.773s] Level 1:colcon.colcon_core.environment:checking '/home/widha893/ros2_hil_quadrotor/install/hitl/bin'
[3.773s] Level 1:colcon.colcon_core.environment:checking '/home/widha893/ros2_hil_quadrotor/install/hitl/lib/pkgconfig/hitl.pc'
[3.774s] Level 1:colcon.colcon_core.environment:checking '/home/widha893/ros2_hil_quadrotor/install/hitl/lib/python3.10/site-packages'
[3.774s] Level 1:colcon.colcon_core.shell:create_environment_hook('hitl', 'pythonpath')
[3.774s] INFO:colcon.colcon_core.shell:Creating environment hook '/home/widha893/ros2_hil_quadrotor/install/hitl/share/hitl/hook/pythonpath.ps1'
[3.777s] INFO:colcon.colcon_core.shell:Creating environment descriptor '/home/widha893/ros2_hil_quadrotor/install/hitl/share/hitl/hook/pythonpath.dsv'
[3.778s] INFO:colcon.colcon_core.shell:Creating environment hook '/home/widha893/ros2_hil_quadrotor/install/hitl/share/hitl/hook/pythonpath.sh'
[3.779s] Level 1:colcon.colcon_core.environment:checking '/home/widha893/ros2_hil_quadrotor/install/hitl/bin'
[3.779s] Level 1:colcon.colcon_core.environment:create_environment_scripts_only(hitl)
[3.780s] INFO:colcon.colcon_core.shell:Creating package script '/home/widha893/ros2_hil_quadrotor/install/hitl/share/hitl/package.ps1'
[3.781s] INFO:colcon.colcon_core.shell:Creating package descriptor '/home/widha893/ros2_hil_quadrotor/install/hitl/share/hitl/package.dsv'
[3.781s] INFO:colcon.colcon_core.shell:Creating package script '/home/widha893/ros2_hil_quadrotor/install/hitl/share/hitl/package.sh'
[3.782s] INFO:colcon.colcon_core.shell:Creating package script '/home/widha893/ros2_hil_quadrotor/install/hitl/share/hitl/package.bash'
[3.783s] INFO:colcon.colcon_core.shell:Creating package script '/home/widha893/ros2_hil_quadrotor/install/hitl/share/hitl/package.zsh'
[3.783s] Level 1:colcon.colcon_core.environment:create_file_with_runtime_dependencies(/home/widha893/ros2_hil_quadrotor/install/hitl/share/colcon-core/packages/hitl)
[3.820s] Level 1:colcon.colcon_core.environment:checking '/home/widha893/ros2_hil_quadrotor/install/sjtu_drone_bringup' for CMake module files
[3.821s] DEBUG:colcon.colcon_core.event_handler.log_command:Invoked command in '/home/widha893/ros2_hil_quadrotor/sjtu_drone_bringup' returned '0': PYTHONPATH=/home/widha893/ros2_hil_quadrotor/build/sjtu_drone_bringup/prefix_override:/usr/lib/python3/dist-packages/colcon_core/task/python/colcon_distutils_commands:/home/widha893/ros2_hil_quadrotor/install/sjtu_drone_bringup/lib/python3.10/site-packages:${PYTHONPATH} /usr/bin/python3 -W ignore:setup.py install is deprecated setup.py egg_info --egg-base ../build/sjtu_drone_bringup build --build-base /home/widha893/ros2_hil_quadrotor/build/sjtu_drone_bringup/build install --record /home/widha893/ros2_hil_quadrotor/build/sjtu_drone_bringup/install.log --single-version-externally-managed install_data
[3.821s] Level 1:colcon.colcon_core.environment:checking '/home/widha893/ros2_hil_quadrotor/install/sjtu_drone_bringup' for CMake config files
[3.822s] Level 1:colcon.colcon_core.environment:checking '/home/widha893/ros2_hil_quadrotor/install/sjtu_drone_bringup/lib'
[3.822s] Level 1:colcon.colcon_core.environment:checking '/home/widha893/ros2_hil_quadrotor/install/sjtu_drone_bringup/bin'
[3.822s] Level 1:colcon.colcon_core.environment:checking '/home/widha893/ros2_hil_quadrotor/install/sjtu_drone_bringup/lib/pkgconfig/sjtu_drone_bringup.pc'
[3.823s] Level 1:colcon.colcon_core.environment:checking '/home/widha893/ros2_hil_quadrotor/install/sjtu_drone_bringup/lib/python3.10/site-packages'
[3.823s] Level 1:colcon.colcon_core.shell:create_environment_hook('sjtu_drone_bringup', 'pythonpath')
[3.823s] INFO:colcon.colcon_core.shell:Creating environment hook '/home/widha893/ros2_hil_quadrotor/install/sjtu_drone_bringup/share/sjtu_drone_bringup/hook/pythonpath.ps1'
[3.824s] INFO:colcon.colcon_core.shell:Creating environment descriptor '/home/widha893/ros2_hil_quadrotor/install/sjtu_drone_bringup/share/sjtu_drone_bringup/hook/pythonpath.dsv'
[3.824s] INFO:colcon.colcon_core.shell:Creating environment hook '/home/widha893/ros2_hil_quadrotor/install/sjtu_drone_bringup/share/sjtu_drone_bringup/hook/pythonpath.sh'
[3.825s] Level 1:colcon.colcon_core.environment:checking '/home/widha893/ros2_hil_quadrotor/install/sjtu_drone_bringup/bin'
[3.825s] Level 1:colcon.colcon_core.environment:create_environment_scripts_only(sjtu_drone_bringup)
[3.826s] INFO:colcon.colcon_core.shell:Creating package script '/home/widha893/ros2_hil_quadrotor/install/sjtu_drone_bringup/share/sjtu_drone_bringup/package.ps1'
[3.827s] INFO:colcon.colcon_core.shell:Creating package descriptor '/home/widha893/ros2_hil_quadrotor/install/sjtu_drone_bringup/share/sjtu_drone_bringup/package.dsv'
[3.827s] INFO:colcon.colcon_core.shell:Creating package script '/home/widha893/ros2_hil_quadrotor/install/sjtu_drone_bringup/share/sjtu_drone_bringup/package.sh'
[3.828s] INFO:colcon.colcon_core.shell:Creating package script '/home/widha893/ros2_hil_quadrotor/install/sjtu_drone_bringup/share/sjtu_drone_bringup/package.bash'
[3.828s] INFO:colcon.colcon_core.shell:Creating package script '/home/widha893/ros2_hil_quadrotor/install/sjtu_drone_bringup/share/sjtu_drone_bringup/package.zsh'
[3.829s] Level 1:colcon.colcon_core.environment:create_file_with_runtime_dependencies(/home/widha893/ros2_hil_quadrotor/install/sjtu_drone_bringup/share/colcon-core/packages/sjtu_drone_bringup)
[3.881s] Level 1:colcon.colcon_core.environment:checking '/home/widha893/ros2_hil_quadrotor/install/sjtu_drone_control' for CMake module files
[3.882s] DEBUG:colcon.colcon_core.event_handler.log_command:Invoked command in '/home/widha893/ros2_hil_quadrotor/sjtu_drone_control' returned '0': PYTHONPATH=/home/widha893/ros2_hil_quadrotor/build/sjtu_drone_control/prefix_override:/usr/lib/python3/dist-packages/colcon_core/task/python/colcon_distutils_commands:/home/widha893/ros2_hil_quadrotor/install/sjtu_drone_control/lib/python3.10/site-packages:${PYTHONPATH} /usr/bin/python3 -W ignore:setup.py install is deprecated setup.py egg_info --egg-base ../build/sjtu_drone_control build --build-base /home/widha893/ros2_hil_quadrotor/build/sjtu_drone_control/build install --record /home/widha893/ros2_hil_quadrotor/build/sjtu_drone_control/install.log --single-version-externally-managed install_data
[3.883s] Level 1:colcon.colcon_core.environment:checking '/home/widha893/ros2_hil_quadrotor/install/sjtu_drone_control' for CMake config files
[3.884s] Level 1:colcon.colcon_core.environment:checking '/home/widha893/ros2_hil_quadrotor/install/sjtu_drone_control/lib'
[3.884s] Level 1:colcon.colcon_core.environment:checking '/home/widha893/ros2_hil_quadrotor/install/sjtu_drone_control/bin'
[3.884s] Level 1:colcon.colcon_core.environment:checking '/home/widha893/ros2_hil_quadrotor/install/sjtu_drone_control/lib/pkgconfig/sjtu_drone_control.pc'
[3.885s] Level 1:colcon.colcon_core.environment:checking '/home/widha893/ros2_hil_quadrotor/install/sjtu_drone_control/lib/python3.10/site-packages'
[3.885s] Level 1:colcon.colcon_core.shell:create_environment_hook('sjtu_drone_control', 'pythonpath')
[3.885s] INFO:colcon.colcon_core.shell:Creating environment hook '/home/widha893/ros2_hil_quadrotor/install/sjtu_drone_control/share/sjtu_drone_control/hook/pythonpath.ps1'
[3.886s] INFO:colcon.colcon_core.shell:Creating environment descriptor '/home/widha893/ros2_hil_quadrotor/install/sjtu_drone_control/share/sjtu_drone_control/hook/pythonpath.dsv'
[3.886s] INFO:colcon.colcon_core.shell:Creating environment hook '/home/widha893/ros2_hil_quadrotor/install/sjtu_drone_control/share/sjtu_drone_control/hook/pythonpath.sh'
[3.888s] Level 1:colcon.colcon_core.environment:checking '/home/widha893/ros2_hil_quadrotor/install/sjtu_drone_control/bin'
[3.888s] Level 1:colcon.colcon_core.environment:create_environment_scripts_only(sjtu_drone_control)
[3.888s] INFO:colcon.colcon_core.shell:Creating package script '/home/widha893/ros2_hil_quadrotor/install/sjtu_drone_control/share/sjtu_drone_control/package.ps1'
[3.889s] INFO:colcon.colcon_core.shell:Creating package descriptor '/home/widha893/ros2_hil_quadrotor/install/sjtu_drone_control/share/sjtu_drone_control/package.dsv'
[3.890s] INFO:colcon.colcon_core.shell:Creating package script '/home/widha893/ros2_hil_quadrotor/install/sjtu_drone_control/share/sjtu_drone_control/package.sh'
[3.890s] INFO:colcon.colcon_core.shell:Creating package script '/home/widha893/ros2_hil_quadrotor/install/sjtu_drone_control/share/sjtu_drone_control/package.bash'
[3.891s] INFO:colcon.colcon_core.shell:Creating package script '/home/widha893/ros2_hil_quadrotor/install/sjtu_drone_control/share/sjtu_drone_control/package.zsh'
[3.892s] Level 1:colcon.colcon_core.environment:create_file_with_runtime_dependencies(/home/widha893/ros2_hil_quadrotor/install/sjtu_drone_control/share/colcon-core/packages/sjtu_drone_control)
[65.028s] DEBUG:colcon.colcon_core.event_handler.log_command:Invoked command in '/home/widha893/ros2_hil_quadrotor/build/sjtu_drone_description' returned '0': CMAKE_PREFIX_PATH=${CMAKE_PREFIX_PATH}:/home/widha893/ros2_hil_quadrotor/install:/home/widha893/ros2_hil_quadrotor/install/sjtu_drone_control:/home/widha893/ros2_hil_quadrotor/install/sjtu_drone_bringup:/home/widha893/ros2_hil_quadrotor/install/sensor_data_logger:/home/widha893/ros2_hil_quadrotor/install/hitl:/opt/ros/humble: /usr/bin/cmake --build /home/widha893/ros2_hil_quadrotor/build/sjtu_drone_description -- -j8 -l8
[65.124s] DEBUG:colcon.colcon_core.event_handler.log_command:Invoking command in '/home/widha893/ros2_hil_quadrotor/build/sjtu_drone_description': CMAKE_PREFIX_PATH=${CMAKE_PREFIX_PATH}:/home/widha893/ros2_hil_quadrotor/install:/home/widha893/ros2_hil_quadrotor/install/sjtu_drone_control:/home/widha893/ros2_hil_quadrotor/install/sjtu_drone_bringup:/home/widha893/ros2_hil_quadrotor/install/sensor_data_logger:/home/widha893/ros2_hil_quadrotor/install/hitl:/opt/ros/humble: /usr/bin/cmake --install /home/widha893/ros2_hil_quadrotor/build/sjtu_drone_description
[65.910s] Level 1:colcon.colcon_core.environment:create_environment_scripts_only(sjtu_drone_description)
[65.911s] Level 1:colcon.colcon_core.environment:checking '/home/widha893/ros2_hil_quadrotor/install/sjtu_drone_description' for CMake module files
[65.911s] DEBUG:colcon.colcon_core.event_handler.log_command:Invoked command in '/home/widha893/ros2_hil_quadrotor/build/sjtu_drone_description' returned '0': CMAKE_PREFIX_PATH=${CMAKE_PREFIX_PATH}:/home/widha893/ros2_hil_quadrotor/install:/home/widha893/ros2_hil_quadrotor/install/sjtu_drone_control:/home/widha893/ros2_hil_quadrotor/install/sjtu_drone_bringup:/home/widha893/ros2_hil_quadrotor/install/sensor_data_logger:/home/widha893/ros2_hil_quadrotor/install/hitl:/opt/ros/humble: /usr/bin/cmake --install /home/widha893/ros2_hil_quadrotor/build/sjtu_drone_description
[65.981s] Level 1:colcon.colcon_core.environment:checking '/home/widha893/ros2_hil_quadrotor/install/sjtu_drone_description' for CMake config files
[66.181s] Level 1:colcon.colcon_core.shell:create_environment_hook('sjtu_drone_description', 'cmake_prefix_path')
[66.181s] INFO:colcon.colcon_core.shell:Creating environment hook '/home/widha893/ros2_hil_quadrotor/install/sjtu_drone_description/share/sjtu_drone_description/hook/cmake_prefix_path.ps1'
[66.296s] INFO:colcon.colcon_core.shell:Creating environment descriptor '/home/widha893/ros2_hil_quadrotor/install/sjtu_drone_description/share/sjtu_drone_description/hook/cmake_prefix_path.dsv'
[66.365s] INFO:colcon.colcon_core.shell:Creating environment hook '/home/widha893/ros2_hil_quadrotor/install/sjtu_drone_description/share/sjtu_drone_description/hook/cmake_prefix_path.sh'
[66.398s] Level 1:colcon.colcon_core.environment:checking '/home/widha893/ros2_hil_quadrotor/install/sjtu_drone_description/lib'
[66.398s] Level 1:colcon.colcon_core.shell:create_environment_hook('sjtu_drone_description', 'ld_library_path_lib')
[66.399s] INFO:colcon.colcon_core.shell:Creating environment hook '/home/widha893/ros2_hil_quadrotor/install/sjtu_drone_description/share/sjtu_drone_description/hook/ld_library_path_lib.ps1'
[66.400s] INFO:colcon.colcon_core.shell:Creating environment descriptor '/home/widha893/ros2_hil_quadrotor/install/sjtu_drone_description/share/sjtu_drone_description/hook/ld_library_path_lib.dsv'
[66.401s] INFO:colcon.colcon_core.shell:Creating environment hook '/home/widha893/ros2_hil_quadrotor/install/sjtu_drone_description/share/sjtu_drone_description/hook/ld_library_path_lib.sh'
[66.401s] Level 1:colcon.colcon_core.environment:checking '/home/widha893/ros2_hil_quadrotor/install/sjtu_drone_description/bin'
[66.401s] Level 1:colcon.colcon_core.environment:checking '/home/widha893/ros2_hil_quadrotor/install/sjtu_drone_description/lib/pkgconfig/sjtu_drone_description.pc'
[66.402s] Level 1:colcon.colcon_core.environment:checking '/home/widha893/ros2_hil_quadrotor/install/sjtu_drone_description/lib/python3.10/site-packages'
[66.402s] Level 1:colcon.colcon_core.environment:checking '/home/widha893/ros2_hil_quadrotor/install/sjtu_drone_description/bin'
[66.403s] INFO:colcon.colcon_core.shell:Creating package script '/home/widha893/ros2_hil_quadrotor/install/sjtu_drone_description/share/sjtu_drone_description/package.ps1'
[66.426s] INFO:colcon.colcon_core.shell:Creating package descriptor '/home/widha893/ros2_hil_quadrotor/install/sjtu_drone_description/share/sjtu_drone_description/package.dsv'
[66.465s] INFO:colcon.colcon_core.shell:Creating package script '/home/widha893/ros2_hil_quadrotor/install/sjtu_drone_description/share/sjtu_drone_description/package.sh'
[66.511s] INFO:colcon.colcon_core.shell:Creating package script '/home/widha893/ros2_hil_quadrotor/install/sjtu_drone_description/share/sjtu_drone_description/package.bash'
[66.527s] INFO:colcon.colcon_core.shell:Creating package script '/home/widha893/ros2_hil_quadrotor/install/sjtu_drone_description/share/sjtu_drone_description/package.zsh'
[66.556s] Level 1:colcon.colcon_core.environment:create_file_with_runtime_dependencies(/home/widha893/ros2_hil_quadrotor/install/sjtu_drone_description/share/colcon-core/packages/sjtu_drone_description)
[66.612s] Level 1:colcon.colcon_core.environment:create_environment_scripts_only(sjtu_drone_description)
[66.613s] Level 1:colcon.colcon_core.environment:checking '/home/widha893/ros2_hil_quadrotor/install/sjtu_drone_description' for CMake module files
[66.614s] Level 1:colcon.colcon_core.environment:checking '/home/widha893/ros2_hil_quadrotor/install/sjtu_drone_description' for CMake config files
[66.615s] Level 1:colcon.colcon_core.shell:create_environment_hook('sjtu_drone_description', 'cmake_prefix_path')
[66.615s] INFO:colcon.colcon_core.shell:Creating environment hook '/home/widha893/ros2_hil_quadrotor/install/sjtu_drone_description/share/sjtu_drone_description/hook/cmake_prefix_path.ps1'
[66.616s] INFO:colcon.colcon_core.shell:Creating environment descriptor '/home/widha893/ros2_hil_quadrotor/install/sjtu_drone_description/share/sjtu_drone_description/hook/cmake_prefix_path.dsv'
[66.616s] INFO:colcon.colcon_core.shell:Creating environment hook '/home/widha893/ros2_hil_quadrotor/install/sjtu_drone_description/share/sjtu_drone_description/hook/cmake_prefix_path.sh'
[66.617s] Level 1:colcon.colcon_core.environment:checking '/home/widha893/ros2_hil_quadrotor/install/sjtu_drone_description/lib'
[66.617s] Level 1:colcon.colcon_core.shell:create_environment_hook('sjtu_drone_description', 'ld_library_path_lib')
[66.618s] INFO:colcon.colcon_core.shell:Creating environment hook '/home/widha893/ros2_hil_quadrotor/install/sjtu_drone_description/share/sjtu_drone_description/hook/ld_library_path_lib.ps1'
[66.619s] INFO:colcon.colcon_core.shell:Creating environment descriptor '/home/widha893/ros2_hil_quadrotor/install/sjtu_drone_description/share/sjtu_drone_description/hook/ld_library_path_lib.dsv'
[66.619s] INFO:colcon.colcon_core.shell:Creating environment hook '/home/widha893/ros2_hil_quadrotor/install/sjtu_drone_description/share/sjtu_drone_description/hook/ld_library_path_lib.sh'
[66.620s] Level 1:colcon.colcon_core.environment:checking '/home/widha893/ros2_hil_quadrotor/install/sjtu_drone_description/bin'
[66.620s] Level 1:colcon.colcon_core.environment:checking '/home/widha893/ros2_hil_quadrotor/install/sjtu_drone_description/lib/pkgconfig/sjtu_drone_description.pc'
[66.620s] Level 1:colcon.colcon_core.environment:checking '/home/widha893/ros2_hil_quadrotor/install/sjtu_drone_description/lib/python3.10/site-packages'
[66.620s] Level 1:colcon.colcon_core.environment:checking '/home/widha893/ros2_hil_quadrotor/install/sjtu_drone_description/bin'
[66.621s] INFO:colcon.colcon_core.shell:Creating package script '/home/widha893/ros2_hil_quadrotor/install/sjtu_drone_description/share/sjtu_drone_description/package.ps1'
[66.622s] INFO:colcon.colcon_core.shell:Creating package descriptor '/home/widha893/ros2_hil_quadrotor/install/sjtu_drone_description/share/sjtu_drone_description/package.dsv'
[66.623s] INFO:colcon.colcon_core.shell:Creating package script '/home/widha893/ros2_hil_quadrotor/install/sjtu_drone_description/share/sjtu_drone_description/package.sh'
[66.623s] INFO:colcon.colcon_core.shell:Creating package script '/home/widha893/ros2_hil_quadrotor/install/sjtu_drone_description/share/sjtu_drone_description/package.bash'
[66.624s] INFO:colcon.colcon_core.shell:Creating package script '/home/widha893/ros2_hil_quadrotor/install/sjtu_drone_description/share/sjtu_drone_description/package.zsh'
[66.625s] Level 1:colcon.colcon_core.environment:create_file_with_runtime_dependencies(/home/widha893/ros2_hil_quadrotor/install/sjtu_drone_description/share/colcon-core/packages/sjtu_drone_description)
[66.625s] DEBUG:colcon.colcon_parallel_executor.executor.parallel:closing loop
[66.625s] DEBUG:colcon.colcon_parallel_executor.executor.parallel:loop closed
[66.626s] DEBUG:colcon.colcon_parallel_executor.executor.parallel:run_until_complete finished with '0'
[66.626s] DEBUG:colcon.colcon_core.event_reactor:joining thread
[66.860s] INFO:colcon.colcon_core.plugin_system:Skipping extension 'colcon_notification.desktop_notification.terminal_notifier': Not used on non-Darwin systems
[66.860s] INFO:colcon.colcon_core.plugin_system:Skipping extension 'colcon_notification.desktop_notification.win32': Not used on non-Windows systems
[66.860s] INFO:colcon.colcon_notification.desktop_notification:Sending desktop notification using 'notify2'
[67.130s] DEBUG:colcon.colcon_core.event_reactor:joined thread
[67.131s] INFO:colcon.colcon_core.shell:Creating prefix script '/home/widha893/ros2_hil_quadrotor/install/local_setup.ps1'
[67.149s] INFO:colcon.colcon_core.shell:Creating prefix util module '/home/widha893/ros2_hil_quadrotor/install/_local_setup_util_ps1.py'
[67.178s] INFO:colcon.colcon_core.shell:Creating prefix chain script '/home/widha893/ros2_hil_quadrotor/install/setup.ps1'
[67.287s] INFO:colcon.colcon_core.shell:Creating prefix script '/home/widha893/ros2_hil_quadrotor/install/local_setup.sh'
[67.299s] INFO:colcon.colcon_core.shell:Creating prefix util module '/home/widha893/ros2_hil_quadrotor/install/_local_setup_util_sh.py'
[67.301s] INFO:colcon.colcon_core.shell:Creating prefix chain script '/home/widha893/ros2_hil_quadrotor/install/setup.sh'
[67.325s] INFO:colcon.colcon_core.shell:Creating prefix script '/home/widha893/ros2_hil_quadrotor/install/local_setup.bash'
[67.347s] INFO:colcon.colcon_core.shell:Creating prefix chain script '/home/widha893/ros2_hil_quadrotor/install/setup.bash'
[67.360s] INFO:colcon.colcon_core.shell:Creating prefix script '/home/widha893/ros2_hil_quadrotor/install/local_setup.zsh'
[67.376s] INFO:colcon.colcon_core.shell:Creating prefix chain script '/home/widha893/ros2_hil_quadrotor/install/setup.zsh'
