[0.100s] DEBUG:colcon:Command line arguments: ['/usr/bin/colcon', 'build']
[0.100s] DEBUG:colcon:Parsed command line arguments: Namespace(log_base=None, log_level=None, verb_name='build', build_base='build', install_base='install', merge_install=False, symlink_install=False, test_result_base=None, continue_on_error=False, executor='parallel', parallel_workers=8, event_handlers=None, ignore_user_meta=False, metas=['./colcon.meta'], base_paths=['.'], packages_ignore=None, packages_ignore_regex=None, paths=None, packages_up_to=None, packages_up_to_regex=None, packages_above=None, packages_above_and_dependencies=None, packages_above_depth=None, packages_select_by_dep=None, packages_skip_by_dep=None, packages_skip_up_to=None, packages_select_build_failed=False, packages_skip_build_finished=False, packages_select_test_failures=False, packages_skip_test_passed=False, packages_select=None, packages_skip=None, packages_select_regex=None, packages_skip_regex=None, packages_start=None, packages_end=None, allow_overriding=[], cmake_args=None, cmake_target=None, cmake_target_skip_unavailable=False, cmake_clean_cache=False, cmake_clean_first=False, cmake_force_configure=False, ament_cmake_args=None, catkin_cmake_args=None, catkin_skip_building_tests=False, mixin_files=None, mixin=None, verb_parser=<colcon_mixin.mixin.mixin_argument.MixinArgumentDecorator object at 0x7616e5b125f0>, verb_extension=<colcon_core.verb.build.BuildVerb object at 0x7616e5c0b5e0>, main=<bound method BuildVerb.main of <colcon_core.verb.build.BuildVerb object at 0x7616e5c0b5e0>>, mixin_verb=('build',))
[0.259s] Level 1:colcon.colcon_core.package_discovery:discover_packages(colcon_meta) check parameters
[0.259s] Level 1:colcon.colcon_core.package_discovery:discover_packages(recursive) check parameters
[0.259s] Level 1:colcon.colcon_core.package_discovery:discover_packages(ignore) check parameters
[0.259s] Level 1:colcon.colcon_core.package_discovery:discover_packages(path) check parameters
[0.259s] Level 1:colcon.colcon_core.package_discovery:discover_packages(colcon_meta) discover
[0.259s] Level 1:colcon.colcon_core.package_discovery:discover_packages(recursive) discover
[0.259s] INFO:colcon.colcon_core.package_discovery:Crawling recursively for packages in '/home/widha893/ros2_hil_quadrotor'
[0.259s] Level 1:colcon.colcon_core.package_identification:_identify(.) by extensions ['ignore', 'ignore_ament_install']
[0.259s] Level 1:colcon.colcon_core.package_identification:_identify(.) by extension 'ignore'
[0.259s] Level 1:colcon.colcon_core.package_identification:_identify(.) by extension 'ignore_ament_install'
[0.260s] Level 1:colcon.colcon_core.package_identification:_identify(.) by extensions ['colcon_pkg']
[0.260s] Level 1:colcon.colcon_core.package_identification:_identify(.) by extension 'colcon_pkg'
[0.260s] Level 1:colcon.colcon_core.package_identification:_identify(.) by extensions ['colcon_meta']
[0.260s] Level 1:colcon.colcon_core.package_identification:_identify(.) by extension 'colcon_meta'
[0.260s] Level 1:colcon.colcon_core.package_identification:_identify(.) by extensions ['ros']
[0.260s] Level 1:colcon.colcon_core.package_identification:_identify(.) by extension 'ros'
[0.268s] Level 1:colcon.colcon_core.package_identification:_identify(.) by extensions ['cmake', 'python']
[0.268s] Level 1:colcon.colcon_core.package_identification:_identify(.) by extension 'cmake'
[0.268s] Level 1:colcon.colcon_core.package_identification:_identify(.) by extension 'python'
[0.268s] Level 1:colcon.colcon_core.package_identification:_identify(.) by extensions ['python_setup_py']
[0.268s] Level 1:colcon.colcon_core.package_identification:_identify(.) by extension 'python_setup_py'
[0.268s] Level 1:colcon.colcon_core.package_identification:_identify(Data_Logger) by extensions ['ignore', 'ignore_ament_install']
[0.269s] Level 1:colcon.colcon_core.package_identification:_identify(Data_Logger) by extension 'ignore'
[0.269s] Level 1:colcon.colcon_core.package_identification:_identify(Data_Logger) by extension 'ignore_ament_install'
[0.269s] Level 1:colcon.colcon_core.package_identification:_identify(Data_Logger) by extensions ['colcon_pkg']
[0.269s] Level 1:colcon.colcon_core.package_identification:_identify(Data_Logger) by extension 'colcon_pkg'
[0.269s] Level 1:colcon.colcon_core.package_identification:_identify(Data_Logger) by extensions ['colcon_meta']
[0.269s] Level 1:colcon.colcon_core.package_identification:_identify(Data_Logger) by extension 'colcon_meta'
[0.269s] Level 1:colcon.colcon_core.package_identification:_identify(Data_Logger) by extensions ['ros']
[0.269s] Level 1:colcon.colcon_core.package_identification:_identify(Data_Logger) by extension 'ros'
[0.269s] Level 1:colcon.colcon_core.package_identification:_identify(Data_Logger) by extensions ['cmake', 'python']
[0.269s] Level 1:colcon.colcon_core.package_identification:_identify(Data_Logger) by extension 'cmake'
[0.269s] Level 1:colcon.colcon_core.package_identification:_identify(Data_Logger) by extension 'python'
[0.269s] Level 1:colcon.colcon_core.package_identification:_identify(Data_Logger) by extensions ['python_setup_py']
[0.269s] Level 1:colcon.colcon_core.package_identification:_identify(Data_Logger) by extension 'python_setup_py'
[0.269s] Level 1:colcon.colcon_core.package_identification:_identify(Data_Logger/Data_plot) by extensions ['ignore', 'ignore_ament_install']
[0.269s] Level 1:colcon.colcon_core.package_identification:_identify(Data_Logger/Data_plot) by extension 'ignore'
[0.269s] Level 1:colcon.colcon_core.package_identification:_identify(Data_Logger/Data_plot) by extension 'ignore_ament_install'
[0.269s] Level 1:colcon.colcon_core.package_identification:_identify(Data_Logger/Data_plot) by extensions ['colcon_pkg']
[0.269s] Level 1:colcon.colcon_core.package_identification:_identify(Data_Logger/Data_plot) by extension 'colcon_pkg'
[0.269s] Level 1:colcon.colcon_core.package_identification:_identify(Data_Logger/Data_plot) by extensions ['colcon_meta']
[0.269s] Level 1:colcon.colcon_core.package_identification:_identify(Data_Logger/Data_plot) by extension 'colcon_meta'
[0.269s] Level 1:colcon.colcon_core.package_identification:_identify(Data_Logger/Data_plot) by extensions ['ros']
[0.269s] Level 1:colcon.colcon_core.package_identification:_identify(Data_Logger/Data_plot) by extension 'ros'
[0.269s] Level 1:colcon.colcon_core.package_identification:_identify(Data_Logger/Data_plot) by extensions ['cmake', 'python']
[0.269s] Level 1:colcon.colcon_core.package_identification:_identify(Data_Logger/Data_plot) by extension 'cmake'
[0.270s] Level 1:colcon.colcon_core.package_identification:_identify(Data_Logger/Data_plot) by extension 'python'
[0.270s] Level 1:colcon.colcon_core.package_identification:_identify(Data_Logger/Data_plot) by extensions ['python_setup_py']
[0.270s] Level 1:colcon.colcon_core.package_identification:_identify(Data_Logger/Data_plot) by extension 'python_setup_py'
[0.270s] Level 1:colcon.colcon_core.package_identification:_identify(Data_Logger/Data_plot/Pitch) by extensions ['ignore', 'ignore_ament_install']
[0.270s] Level 1:colcon.colcon_core.package_identification:_identify(Data_Logger/Data_plot/Pitch) by extension 'ignore'
[0.270s] Level 1:colcon.colcon_core.package_identification:_identify(Data_Logger/Data_plot/Pitch) by extension 'ignore_ament_install'
[0.270s] Level 1:colcon.colcon_core.package_identification:_identify(Data_Logger/Data_plot/Pitch) by extensions ['colcon_pkg']
[0.270s] Level 1:colcon.colcon_core.package_identification:_identify(Data_Logger/Data_plot/Pitch) by extension 'colcon_pkg'
[0.270s] Level 1:colcon.colcon_core.package_identification:_identify(Data_Logger/Data_plot/Pitch) by extensions ['colcon_meta']
[0.270s] Level 1:colcon.colcon_core.package_identification:_identify(Data_Logger/Data_plot/Pitch) by extension 'colcon_meta'
[0.270s] Level 1:colcon.colcon_core.package_identification:_identify(Data_Logger/Data_plot/Pitch) by extensions ['ros']
[0.270s] Level 1:colcon.colcon_core.package_identification:_identify(Data_Logger/Data_plot/Pitch) by extension 'ros'
[0.270s] Level 1:colcon.colcon_core.package_identification:_identify(Data_Logger/Data_plot/Pitch) by extensions ['cmake', 'python']
[0.270s] Level 1:colcon.colcon_core.package_identification:_identify(Data_Logger/Data_plot/Pitch) by extension 'cmake'
[0.270s] Level 1:colcon.colcon_core.package_identification:_identify(Data_Logger/Data_plot/Pitch) by extension 'python'
[0.270s] Level 1:colcon.colcon_core.package_identification:_identify(Data_Logger/Data_plot/Pitch) by extensions ['python_setup_py']
[0.270s] Level 1:colcon.colcon_core.package_identification:_identify(Data_Logger/Data_plot/Pitch) by extension 'python_setup_py'
[0.270s] Level 1:colcon.colcon_core.package_identification:_identify(Data_Logger/Data_plot/Roll) by extensions ['ignore', 'ignore_ament_install']
[0.270s] Level 1:colcon.colcon_core.package_identification:_identify(Data_Logger/Data_plot/Roll) by extension 'ignore'
[0.270s] Level 1:colcon.colcon_core.package_identification:_identify(Data_Logger/Data_plot/Roll) by extension 'ignore_ament_install'
[0.270s] Level 1:colcon.colcon_core.package_identification:_identify(Data_Logger/Data_plot/Roll) by extensions ['colcon_pkg']
[0.270s] Level 1:colcon.colcon_core.package_identification:_identify(Data_Logger/Data_plot/Roll) by extension 'colcon_pkg'
[0.270s] Level 1:colcon.colcon_core.package_identification:_identify(Data_Logger/Data_plot/Roll) by extensions ['colcon_meta']
[0.270s] Level 1:colcon.colcon_core.package_identification:_identify(Data_Logger/Data_plot/Roll) by extension 'colcon_meta'
[0.271s] Level 1:colcon.colcon_core.package_identification:_identify(Data_Logger/Data_plot/Roll) by extensions ['ros']
[0.271s] Level 1:colcon.colcon_core.package_identification:_identify(Data_Logger/Data_plot/Roll) by extension 'ros'
[0.271s] Level 1:colcon.colcon_core.package_identification:_identify(Data_Logger/Data_plot/Roll) by extensions ['cmake', 'python']
[0.271s] Level 1:colcon.colcon_core.package_identification:_identify(Data_Logger/Data_plot/Roll) by extension 'cmake'
[0.271s] Level 1:colcon.colcon_core.package_identification:_identify(Data_Logger/Data_plot/Roll) by extension 'python'
[0.271s] Level 1:colcon.colcon_core.package_identification:_identify(Data_Logger/Data_plot/Roll) by extensions ['python_setup_py']
[0.271s] Level 1:colcon.colcon_core.package_identification:_identify(Data_Logger/Data_plot/Roll) by extension 'python_setup_py'
[0.271s] Level 1:colcon.colcon_core.package_identification:_identify(Data_Logger/Good_Data) by extensions ['ignore', 'ignore_ament_install']
[0.271s] Level 1:colcon.colcon_core.package_identification:_identify(Data_Logger/Good_Data) by extension 'ignore'
[0.271s] Level 1:colcon.colcon_core.package_identification:_identify(Data_Logger/Good_Data) by extension 'ignore_ament_install'
[0.271s] Level 1:colcon.colcon_core.package_identification:_identify(Data_Logger/Good_Data) by extensions ['colcon_pkg']
[0.271s] Level 1:colcon.colcon_core.package_identification:_identify(Data_Logger/Good_Data) by extension 'colcon_pkg'
[0.271s] Level 1:colcon.colcon_core.package_identification:_identify(Data_Logger/Good_Data) by extensions ['colcon_meta']
[0.271s] Level 1:colcon.colcon_core.package_identification:_identify(Data_Logger/Good_Data) by extension 'colcon_meta'
[0.271s] Level 1:colcon.colcon_core.package_identification:_identify(Data_Logger/Good_Data) by extensions ['ros']
[0.271s] Level 1:colcon.colcon_core.package_identification:_identify(Data_Logger/Good_Data) by extension 'ros'
[0.271s] Level 1:colcon.colcon_core.package_identification:_identify(Data_Logger/Good_Data) by extensions ['cmake', 'python']
[0.271s] Level 1:colcon.colcon_core.package_identification:_identify(Data_Logger/Good_Data) by extension 'cmake'
[0.271s] Level 1:colcon.colcon_core.package_identification:_identify(Data_Logger/Good_Data) by extension 'python'
[0.271s] Level 1:colcon.colcon_core.package_identification:_identify(Data_Logger/Good_Data) by extensions ['python_setup_py']
[0.271s] Level 1:colcon.colcon_core.package_identification:_identify(Data_Logger/Good_Data) by extension 'python_setup_py'
[0.271s] Level 1:colcon.colcon_core.package_identification:_identify(build) by extensions ['ignore', 'ignore_ament_install']
[0.271s] Level 1:colcon.colcon_core.package_identification:_identify(build) by extension 'ignore'
[0.271s] Level 1:colcon.colcon_core.package_identification:_identify(build) ignored
[0.272s] Level 1:colcon.colcon_core.package_identification:_identify(hitl) by extensions ['ignore', 'ignore_ament_install']
[0.272s] Level 1:colcon.colcon_core.package_identification:_identify(hitl) by extension 'ignore'
[0.272s] Level 1:colcon.colcon_core.package_identification:_identify(hitl) by extension 'ignore_ament_install'
[0.272s] Level 1:colcon.colcon_core.package_identification:_identify(hitl) by extensions ['colcon_pkg']
[0.272s] Level 1:colcon.colcon_core.package_identification:_identify(hitl) by extension 'colcon_pkg'
[0.272s] Level 1:colcon.colcon_core.package_identification:_identify(hitl) by extensions ['colcon_meta']
[0.272s] Level 1:colcon.colcon_core.package_identification:_identify(hitl) by extension 'colcon_meta'
[0.272s] Level 1:colcon.colcon_core.package_identification:_identify(hitl) by extensions ['ros']
[0.272s] Level 1:colcon.colcon_core.package_identification:_identify(hitl) by extension 'ros'
[0.274s] DEBUG:colcon.colcon_core.package_identification:Package 'hitl' with type 'ros.ament_python' and name 'hitl'
[0.274s] Level 1:colcon.colcon_core.package_identification:_identify(imgs) by extensions ['ignore', 'ignore_ament_install']
[0.274s] Level 1:colcon.colcon_core.package_identification:_identify(imgs) by extension 'ignore'
[0.274s] Level 1:colcon.colcon_core.package_identification:_identify(imgs) by extension 'ignore_ament_install'
[0.274s] Level 1:colcon.colcon_core.package_identification:_identify(imgs) by extensions ['colcon_pkg']
[0.274s] Level 1:colcon.colcon_core.package_identification:_identify(imgs) by extension 'colcon_pkg'
[0.274s] Level 1:colcon.colcon_core.package_identification:_identify(imgs) by extensions ['colcon_meta']
[0.275s] Level 1:colcon.colcon_core.package_identification:_identify(imgs) by extension 'colcon_meta'
[0.275s] Level 1:colcon.colcon_core.package_identification:_identify(imgs) by extensions ['ros']
[0.275s] Level 1:colcon.colcon_core.package_identification:_identify(imgs) by extension 'ros'
[0.275s] Level 1:colcon.colcon_core.package_identification:_identify(imgs) by extensions ['cmake', 'python']
[0.275s] Level 1:colcon.colcon_core.package_identification:_identify(imgs) by extension 'cmake'
[0.275s] Level 1:colcon.colcon_core.package_identification:_identify(imgs) by extension 'python'
[0.275s] Level 1:colcon.colcon_core.package_identification:_identify(imgs) by extensions ['python_setup_py']
[0.275s] Level 1:colcon.colcon_core.package_identification:_identify(imgs) by extension 'python_setup_py'
[0.275s] Level 1:colcon.colcon_core.package_identification:_identify(install) by extensions ['ignore', 'ignore_ament_install']
[0.275s] Level 1:colcon.colcon_core.package_identification:_identify(install) by extension 'ignore'
[0.275s] Level 1:colcon.colcon_core.package_identification:_identify(install) ignored
[0.275s] Level 1:colcon.colcon_core.package_identification:_identify(log) by extensions ['ignore', 'ignore_ament_install']
[0.275s] Level 1:colcon.colcon_core.package_identification:_identify(log) by extension 'ignore'
[0.275s] Level 1:colcon.colcon_core.package_identification:_identify(log) ignored
[0.275s] Level 1:colcon.colcon_core.package_identification:_identify(sensor_data_logger) by extensions ['ignore', 'ignore_ament_install']
[0.275s] Level 1:colcon.colcon_core.package_identification:_identify(sensor_data_logger) by extension 'ignore'
[0.275s] Level 1:colcon.colcon_core.package_identification:_identify(sensor_data_logger) by extension 'ignore_ament_install'
[0.276s] Level 1:colcon.colcon_core.package_identification:_identify(sensor_data_logger) by extensions ['colcon_pkg']
[0.276s] Level 1:colcon.colcon_core.package_identification:_identify(sensor_data_logger) by extension 'colcon_pkg'
[0.276s] Level 1:colcon.colcon_core.package_identification:_identify(sensor_data_logger) by extensions ['colcon_meta']
[0.276s] Level 1:colcon.colcon_core.package_identification:_identify(sensor_data_logger) by extension 'colcon_meta'
[0.276s] Level 1:colcon.colcon_core.package_identification:_identify(sensor_data_logger) by extensions ['ros']
[0.276s] Level 1:colcon.colcon_core.package_identification:_identify(sensor_data_logger) by extension 'ros'
[0.276s] DEBUG:colcon.colcon_core.package_identification:Package 'sensor_data_logger' with type 'ros.ament_python' and name 'sensor_data_logger'
[0.276s] Level 1:colcon.colcon_core.package_identification:_identify(sjtu_drone_bringup) by extensions ['ignore', 'ignore_ament_install']
[0.276s] Level 1:colcon.colcon_core.package_identification:_identify(sjtu_drone_bringup) by extension 'ignore'
[0.276s] Level 1:colcon.colcon_core.package_identification:_identify(sjtu_drone_bringup) by extension 'ignore_ament_install'
[0.277s] Level 1:colcon.colcon_core.package_identification:_identify(sjtu_drone_bringup) by extensions ['colcon_pkg']
[0.277s] Level 1:colcon.colcon_core.package_identification:_identify(sjtu_drone_bringup) by extension 'colcon_pkg'
[0.277s] Level 1:colcon.colcon_core.package_identification:_identify(sjtu_drone_bringup) by extensions ['colcon_meta']
[0.277s] Level 1:colcon.colcon_core.package_identification:_identify(sjtu_drone_bringup) by extension 'colcon_meta'
[0.277s] Level 1:colcon.colcon_core.package_identification:_identify(sjtu_drone_bringup) by extensions ['ros']
[0.277s] Level 1:colcon.colcon_core.package_identification:_identify(sjtu_drone_bringup) by extension 'ros'
[0.277s] DEBUG:colcon.colcon_core.package_identification:Package 'sjtu_drone_bringup' with type 'ros.ament_python' and name 'sjtu_drone_bringup'
[0.278s] Level 1:colcon.colcon_core.package_identification:_identify(sjtu_drone_control) by extensions ['ignore', 'ignore_ament_install']
[0.278s] Level 1:colcon.colcon_core.package_identification:_identify(sjtu_drone_control) by extension 'ignore'
[0.278s] Level 1:colcon.colcon_core.package_identification:_identify(sjtu_drone_control) by extension 'ignore_ament_install'
[0.278s] Level 1:colcon.colcon_core.package_identification:_identify(sjtu_drone_control) by extensions ['colcon_pkg']
[0.278s] Level 1:colcon.colcon_core.package_identification:_identify(sjtu_drone_control) by extension 'colcon_pkg'
[0.278s] Level 1:colcon.colcon_core.package_identification:_identify(sjtu_drone_control) by extensions ['colcon_meta']
[0.278s] Level 1:colcon.colcon_core.package_identification:_identify(sjtu_drone_control) by extension 'colcon_meta'
[0.278s] Level 1:colcon.colcon_core.package_identification:_identify(sjtu_drone_control) by extensions ['ros']
[0.278s] Level 1:colcon.colcon_core.package_identification:_identify(sjtu_drone_control) by extension 'ros'
[0.278s] DEBUG:colcon.colcon_core.package_identification:Package 'sjtu_drone_control' with type 'ros.ament_python' and name 'sjtu_drone_control'
[0.278s] Level 1:colcon.colcon_core.package_identification:_identify(sjtu_drone_description) by extensions ['ignore', 'ignore_ament_install']
[0.279s] Level 1:colcon.colcon_core.package_identification:_identify(sjtu_drone_description) by extension 'ignore'
[0.279s] Level 1:colcon.colcon_core.package_identification:_identify(sjtu_drone_description) by extension 'ignore_ament_install'
[0.279s] Level 1:colcon.colcon_core.package_identification:_identify(sjtu_drone_description) by extensions ['colcon_pkg']
[0.279s] Level 1:colcon.colcon_core.package_identification:_identify(sjtu_drone_description) by extension 'colcon_pkg'
[0.279s] Level 1:colcon.colcon_core.package_identification:_identify(sjtu_drone_description) by extensions ['colcon_meta']
[0.279s] Level 1:colcon.colcon_core.package_identification:_identify(sjtu_drone_description) by extension 'colcon_meta'
[0.279s] Level 1:colcon.colcon_core.package_identification:_identify(sjtu_drone_description) by extensions ['ros']
[0.279s] Level 1:colcon.colcon_core.package_identification:_identify(sjtu_drone_description) by extension 'ros'
[0.279s] DEBUG:colcon.colcon_core.package_identification:Package 'sjtu_drone_description' with type 'ros.ament_cmake' and name 'sjtu_drone_description'
[0.280s] Level 1:colcon.colcon_core.package_discovery:discover_packages(recursive) using defaults
[0.280s] Level 1:colcon.colcon_core.package_discovery:discover_packages(ignore) discover
[0.280s] Level 1:colcon.colcon_core.package_discovery:discover_packages(ignore) using defaults
[0.280s] Level 1:colcon.colcon_core.package_discovery:discover_packages(path) discover
[0.280s] Level 1:colcon.colcon_core.package_discovery:discover_packages(path) using defaults
[0.372s] Level 1:colcon.colcon_core.package_discovery:discover_packages(prefix_path) check parameters
[0.372s] Level 1:colcon.colcon_core.package_discovery:discover_packages(prefix_path) discover
[0.373s] DEBUG:colcon.colcon_installed_package_information.package_discovery:Found 5 installed packages in /home/widha893/ros2_hil_quadrotor/install
[0.374s] DEBUG:colcon.colcon_installed_package_information.package_discovery:Found 282 installed packages in /opt/ros/humble
[0.375s] Level 1:colcon.colcon_core.package_discovery:discover_packages(prefix_path) using defaults
[0.404s] Level 5:colcon.colcon_core.verb:set package 'hitl' build argument 'cmake_args' from command line to 'None'
[0.404s] Level 5:colcon.colcon_core.verb:set package 'hitl' build argument 'cmake_target' from command line to 'None'
[0.404s] Level 5:colcon.colcon_core.verb:set package 'hitl' build argument 'cmake_target_skip_unavailable' from command line to 'False'
[0.404s] Level 5:colcon.colcon_core.verb:set package 'hitl' build argument 'cmake_clean_cache' from command line to 'False'
[0.404s] Level 5:colcon.colcon_core.verb:set package 'hitl' build argument 'cmake_clean_first' from command line to 'False'
[0.404s] Level 5:colcon.colcon_core.verb:set package 'hitl' build argument 'cmake_force_configure' from command line to 'False'
[0.404s] Level 5:colcon.colcon_core.verb:set package 'hitl' build argument 'ament_cmake_args' from command line to 'None'
[0.404s] Level 5:colcon.colcon_core.verb:set package 'hitl' build argument 'catkin_cmake_args' from command line to 'None'
[0.404s] Level 5:colcon.colcon_core.verb:set package 'hitl' build argument 'catkin_skip_building_tests' from command line to 'False'
[0.404s] DEBUG:colcon.colcon_core.verb:Building package 'hitl' with the following arguments: {'ament_cmake_args': None, 'build_base': '/home/widha893/ros2_hil_quadrotor/build/hitl', 'catkin_cmake_args': None, 'catkin_skip_building_tests': False, 'cmake_args': None, 'cmake_clean_cache': False, 'cmake_clean_first': False, 'cmake_force_configure': False, 'cmake_target': None, 'cmake_target_skip_unavailable': False, 'install_base': '/home/widha893/ros2_hil_quadrotor/install/hitl', 'merge_install': False, 'path': '/home/widha893/ros2_hil_quadrotor/hitl', 'symlink_install': False, 'test_result_base': None}
[0.404s] Level 5:colcon.colcon_core.verb:set package 'sensor_data_logger' build argument 'cmake_args' from command line to 'None'
[0.404s] Level 5:colcon.colcon_core.verb:set package 'sensor_data_logger' build argument 'cmake_target' from command line to 'None'
[0.404s] Level 5:colcon.colcon_core.verb:set package 'sensor_data_logger' build argument 'cmake_target_skip_unavailable' from command line to 'False'
[0.404s] Level 5:colcon.colcon_core.verb:set package 'sensor_data_logger' build argument 'cmake_clean_cache' from command line to 'False'
[0.404s] Level 5:colcon.colcon_core.verb:set package 'sensor_data_logger' build argument 'cmake_clean_first' from command line to 'False'
[0.404s] Level 5:colcon.colcon_core.verb:set package 'sensor_data_logger' build argument 'cmake_force_configure' from command line to 'False'
[0.405s] Level 5:colcon.colcon_core.verb:set package 'sensor_data_logger' build argument 'ament_cmake_args' from command line to 'None'
[0.405s] Level 5:colcon.colcon_core.verb:set package 'sensor_data_logger' build argument 'catkin_cmake_args' from command line to 'None'
[0.405s] Level 5:colcon.colcon_core.verb:set package 'sensor_data_logger' build argument 'catkin_skip_building_tests' from command line to 'False'
[0.405s] DEBUG:colcon.colcon_core.verb:Building package 'sensor_data_logger' with the following arguments: {'ament_cmake_args': None, 'build_base': '/home/widha893/ros2_hil_quadrotor/build/sensor_data_logger', 'catkin_cmake_args': None, 'catkin_skip_building_tests': False, 'cmake_args': None, 'cmake_clean_cache': False, 'cmake_clean_first': False, 'cmake_force_configure': False, 'cmake_target': None, 'cmake_target_skip_unavailable': False, 'install_base': '/home/widha893/ros2_hil_quadrotor/install/sensor_data_logger', 'merge_install': False, 'path': '/home/widha893/ros2_hil_quadrotor/sensor_data_logger', 'symlink_install': False, 'test_result_base': None}
[0.405s] Level 5:colcon.colcon_core.verb:set package 'sjtu_drone_bringup' build argument 'cmake_args' from command line to 'None'
[0.405s] Level 5:colcon.colcon_core.verb:set package 'sjtu_drone_bringup' build argument 'cmake_target' from command line to 'None'
[0.405s] Level 5:colcon.colcon_core.verb:set package 'sjtu_drone_bringup' build argument 'cmake_target_skip_unavailable' from command line to 'False'
[0.405s] Level 5:colcon.colcon_core.verb:set package 'sjtu_drone_bringup' build argument 'cmake_clean_cache' from command line to 'False'
[0.405s] Level 5:colcon.colcon_core.verb:set package 'sjtu_drone_bringup' build argument 'cmake_clean_first' from command line to 'False'
[0.405s] Level 5:colcon.colcon_core.verb:set package 'sjtu_drone_bringup' build argument 'cmake_force_configure' from command line to 'False'
[0.405s] Level 5:colcon.colcon_core.verb:set package 'sjtu_drone_bringup' build argument 'ament_cmake_args' from command line to 'None'
[0.405s] Level 5:colcon.colcon_core.verb:set package 'sjtu_drone_bringup' build argument 'catkin_cmake_args' from command line to 'None'
[0.405s] Level 5:colcon.colcon_core.verb:set package 'sjtu_drone_bringup' build argument 'catkin_skip_building_tests' from command line to 'False'
[0.405s] DEBUG:colcon.colcon_core.verb:Building package 'sjtu_drone_bringup' with the following arguments: {'ament_cmake_args': None, 'build_base': '/home/widha893/ros2_hil_quadrotor/build/sjtu_drone_bringup', 'catkin_cmake_args': None, 'catkin_skip_building_tests': False, 'cmake_args': None, 'cmake_clean_cache': False, 'cmake_clean_first': False, 'cmake_force_configure': False, 'cmake_target': None, 'cmake_target_skip_unavailable': False, 'install_base': '/home/widha893/ros2_hil_quadrotor/install/sjtu_drone_bringup', 'merge_install': False, 'path': '/home/widha893/ros2_hil_quadrotor/sjtu_drone_bringup', 'symlink_install': False, 'test_result_base': None}
[0.405s] Level 5:colcon.colcon_core.verb:set package 'sjtu_drone_control' build argument 'cmake_args' from command line to 'None'
[0.405s] Level 5:colcon.colcon_core.verb:set package 'sjtu_drone_control' build argument 'cmake_target' from command line to 'None'
[0.405s] Level 5:colcon.colcon_core.verb:set package 'sjtu_drone_control' build argument 'cmake_target_skip_unavailable' from command line to 'False'
[0.405s] Level 5:colcon.colcon_core.verb:set package 'sjtu_drone_control' build argument 'cmake_clean_cache' from command line to 'False'
[0.405s] Level 5:colcon.colcon_core.verb:set package 'sjtu_drone_control' build argument 'cmake_clean_first' from command line to 'False'
[0.405s] Level 5:colcon.colcon_core.verb:set package 'sjtu_drone_control' build argument 'cmake_force_configure' from command line to 'False'
[0.405s] Level 5:colcon.colcon_core.verb:set package 'sjtu_drone_control' build argument 'ament_cmake_args' from command line to 'None'
[0.405s] Level 5:colcon.colcon_core.verb:set package 'sjtu_drone_control' build argument 'catkin_cmake_args' from command line to 'None'
[0.405s] Level 5:colcon.colcon_core.verb:set package 'sjtu_drone_control' build argument 'catkin_skip_building_tests' from command line to 'False'
[0.405s] DEBUG:colcon.colcon_core.verb:Building package 'sjtu_drone_control' with the following arguments: {'ament_cmake_args': None, 'build_base': '/home/widha893/ros2_hil_quadrotor/build/sjtu_drone_control', 'catkin_cmake_args': None, 'catkin_skip_building_tests': False, 'cmake_args': None, 'cmake_clean_cache': False, 'cmake_clean_first': False, 'cmake_force_configure': False, 'cmake_target': None, 'cmake_target_skip_unavailable': False, 'install_base': '/home/widha893/ros2_hil_quadrotor/install/sjtu_drone_control', 'merge_install': False, 'path': '/home/widha893/ros2_hil_quadrotor/sjtu_drone_control', 'symlink_install': False, 'test_result_base': None}
[0.406s] Level 5:colcon.colcon_core.verb:set package 'sjtu_drone_description' build argument 'cmake_args' from command line to 'None'
[0.406s] Level 5:colcon.colcon_core.verb:set package 'sjtu_drone_description' build argument 'cmake_target' from command line to 'None'
[0.406s] Level 5:colcon.colcon_core.verb:set package 'sjtu_drone_description' build argument 'cmake_target_skip_unavailable' from command line to 'False'
[0.406s] Level 5:colcon.colcon_core.verb:set package 'sjtu_drone_description' build argument 'cmake_clean_cache' from command line to 'False'
[0.406s] Level 5:colcon.colcon_core.verb:set package 'sjtu_drone_description' build argument 'cmake_clean_first' from command line to 'False'
[0.406s] Level 5:colcon.colcon_core.verb:set package 'sjtu_drone_description' build argument 'cmake_force_configure' from command line to 'False'
[0.406s] Level 5:colcon.colcon_core.verb:set package 'sjtu_drone_description' build argument 'ament_cmake_args' from command line to 'None'
[0.406s] Level 5:colcon.colcon_core.verb:set package 'sjtu_drone_description' build argument 'catkin_cmake_args' from command line to 'None'
[0.406s] Level 5:colcon.colcon_core.verb:set package 'sjtu_drone_description' build argument 'catkin_skip_building_tests' from command line to 'False'
[0.406s] DEBUG:colcon.colcon_core.verb:Building package 'sjtu_drone_description' with the following arguments: {'ament_cmake_args': None, 'build_base': '/home/widha893/ros2_hil_quadrotor/build/sjtu_drone_description', 'catkin_cmake_args': None, 'catkin_skip_building_tests': False, 'cmake_args': None, 'cmake_clean_cache': False, 'cmake_clean_first': False, 'cmake_force_configure': False, 'cmake_target': None, 'cmake_target_skip_unavailable': False, 'install_base': '/home/widha893/ros2_hil_quadrotor/install/sjtu_drone_description', 'merge_install': False, 'path': '/home/widha893/ros2_hil_quadrotor/sjtu_drone_description', 'symlink_install': False, 'test_result_base': None}
[0.406s] INFO:colcon.colcon_core.executor:Executing jobs using 'parallel' executor
[0.407s] DEBUG:colcon.colcon_parallel_executor.executor.parallel:run_until_complete
[0.408s] INFO:colcon.colcon_ros.task.ament_python.build:Building ROS package in '/home/widha893/ros2_hil_quadrotor/hitl' with build type 'ament_python'
[0.408s] Level 1:colcon.colcon_core.shell:create_environment_hook('hitl', 'ament_prefix_path')
[0.410s] INFO:colcon.colcon_core.plugin_system:Skipping extension 'colcon_core.shell.bat': Not used on non-Windows systems
[0.410s] INFO:colcon.colcon_core.shell:Creating environment hook '/home/widha893/ros2_hil_quadrotor/install/hitl/share/hitl/hook/ament_prefix_path.ps1'
[0.411s] INFO:colcon.colcon_core.shell:Creating environment descriptor '/home/widha893/ros2_hil_quadrotor/install/hitl/share/hitl/hook/ament_prefix_path.dsv'
[0.411s] INFO:colcon.colcon_core.shell:Creating environment hook '/home/widha893/ros2_hil_quadrotor/install/hitl/share/hitl/hook/ament_prefix_path.sh'
[0.412s] INFO:colcon.colcon_core.shell:Skip shell extension 'powershell' for command environment: Not usable outside of PowerShell
[0.412s] DEBUG:colcon.colcon_core.shell:Skip shell extension 'dsv' for command environment
[0.415s] INFO:colcon.colcon_ros.task.ament_python.build:Building ROS package in '/home/widha893/ros2_hil_quadrotor/sensor_data_logger' with build type 'ament_python'
[0.415s] Level 1:colcon.colcon_core.shell:create_environment_hook('sensor_data_logger', 'ament_prefix_path')
[0.415s] INFO:colcon.colcon_core.shell:Creating environment hook '/home/widha893/ros2_hil_quadrotor/install/sensor_data_logger/share/sensor_data_logger/hook/ament_prefix_path.ps1'
[0.416s] INFO:colcon.colcon_core.shell:Creating environment descriptor '/home/widha893/ros2_hil_quadrotor/install/sensor_data_logger/share/sensor_data_logger/hook/ament_prefix_path.dsv'
[0.416s] INFO:colcon.colcon_core.shell:Creating environment hook '/home/widha893/ros2_hil_quadrotor/install/sensor_data_logger/share/sensor_data_logger/hook/ament_prefix_path.sh'
[0.417s] INFO:colcon.colcon_core.shell:Skip shell extension 'powershell' for command environment: Not usable outside of PowerShell
[0.417s] DEBUG:colcon.colcon_core.shell:Skip shell extension 'dsv' for command environment
[0.419s] INFO:colcon.colcon_ros.task.ament_python.build:Building ROS package in '/home/widha893/ros2_hil_quadrotor/sjtu_drone_bringup' with build type 'ament_python'
[0.420s] Level 1:colcon.colcon_core.shell:create_environment_hook('sjtu_drone_bringup', 'ament_prefix_path')
[0.420s] INFO:colcon.colcon_core.shell:Creating environment hook '/home/widha893/ros2_hil_quadrotor/install/sjtu_drone_bringup/share/sjtu_drone_bringup/hook/ament_prefix_path.ps1'
[0.421s] INFO:colcon.colcon_core.shell:Creating environment descriptor '/home/widha893/ros2_hil_quadrotor/install/sjtu_drone_bringup/share/sjtu_drone_bringup/hook/ament_prefix_path.dsv'
[0.421s] INFO:colcon.colcon_core.shell:Creating environment hook '/home/widha893/ros2_hil_quadrotor/install/sjtu_drone_bringup/share/sjtu_drone_bringup/hook/ament_prefix_path.sh'
[0.422s] INFO:colcon.colcon_core.shell:Skip shell extension 'powershell' for command environment: Not usable outside of PowerShell
[0.422s] DEBUG:colcon.colcon_core.shell:Skip shell extension 'dsv' for command environment
[0.425s] INFO:colcon.colcon_ros.task.ament_python.build:Building ROS package in '/home/widha893/ros2_hil_quadrotor/sjtu_drone_control' with build type 'ament_python'
[0.425s] Level 1:colcon.colcon_core.shell:create_environment_hook('sjtu_drone_control', 'ament_prefix_path')
[0.425s] INFO:colcon.colcon_core.shell:Creating environment hook '/home/widha893/ros2_hil_quadrotor/install/sjtu_drone_control/share/sjtu_drone_control/hook/ament_prefix_path.ps1'
[0.426s] INFO:colcon.colcon_core.shell:Creating environment descriptor '/home/widha893/ros2_hil_quadrotor/install/sjtu_drone_control/share/sjtu_drone_control/hook/ament_prefix_path.dsv'
[0.426s] INFO:colcon.colcon_core.shell:Creating environment hook '/home/widha893/ros2_hil_quadrotor/install/sjtu_drone_control/share/sjtu_drone_control/hook/ament_prefix_path.sh'
[0.427s] INFO:colcon.colcon_core.shell:Skip shell extension 'powershell' for command environment: Not usable outside of PowerShell
[0.427s] DEBUG:colcon.colcon_core.shell:Skip shell extension 'dsv' for command environment
[0.430s] INFO:colcon.colcon_ros.task.ament_cmake.build:Building ROS package in '/home/widha893/ros2_hil_quadrotor/sjtu_drone_description' with build type 'ament_cmake'
[0.430s] INFO:colcon.colcon_cmake.task.cmake.build:Building CMake package in '/home/widha893/ros2_hil_quadrotor/sjtu_drone_description'
[0.430s] INFO:colcon.colcon_core.shell:Skip shell extension 'powershell' for command environment: Not usable outside of PowerShell
[0.430s] DEBUG:colcon.colcon_core.shell:Skip shell extension 'dsv' for command environment
[0.671s] INFO:colcon.colcon_core.task.python.build:Building Python package in '/home/widha893/ros2_hil_quadrotor/hitl'
[0.671s] INFO:colcon.colcon_core.shell:Skip shell extension 'powershell' for command environment: Not usable outside of PowerShell
[0.671s] DEBUG:colcon.colcon_core.shell:Skip shell extension 'dsv' for command environment
[0.892s] INFO:colcon.colcon_core.task.python.build:Building Python package in '/home/widha893/ros2_hil_quadrotor/sensor_data_logger'
[0.892s] INFO:colcon.colcon_core.shell:Skip shell extension 'powershell' for command environment: Not usable outside of PowerShell
[0.892s] DEBUG:colcon.colcon_core.shell:Skip shell extension 'dsv' for command environment
[1.104s] INFO:colcon.colcon_core.task.python.build:Building Python package in '/home/widha893/ros2_hil_quadrotor/sjtu_drone_bringup'
[1.105s] INFO:colcon.colcon_core.shell:Skip shell extension 'powershell' for command environment: Not usable outside of PowerShell
[1.105s] DEBUG:colcon.colcon_core.shell:Skip shell extension 'dsv' for command environment
[1.317s] INFO:colcon.colcon_core.task.python.build:Building Python package in '/home/widha893/ros2_hil_quadrotor/sjtu_drone_control'
[1.317s] INFO:colcon.colcon_core.shell:Skip shell extension 'powershell' for command environment: Not usable outside of PowerShell
[1.318s] DEBUG:colcon.colcon_core.shell:Skip shell extension 'dsv' for command environment
[1.325s] DEBUG:colcon.colcon_core.event_handler.log_command:Invoking command in '/home/widha893/ros2_hil_quadrotor/build/sjtu_drone_description': CMAKE_PREFIX_PATH=${CMAKE_PREFIX_PATH}:/home/widha893/ros2_hil_quadrotor/install/sjtu_drone_control:/home/widha893/ros2_hil_quadrotor/install/sjtu_drone_bringup:/home/widha893/ros2_hil_quadrotor/install/sensor_data_logger:/home/widha893/ros2_hil_quadrotor/install/hitl:/opt/ros/humble /usr/bin/cmake --build /home/widha893/ros2_hil_quadrotor/build/sjtu_drone_description -- -j8 -l8
[1.699s] DEBUG:colcon.colcon_core.event_handler.log_command:Invoking command in '/home/widha893/ros2_hil_quadrotor/hitl': PYTHONPATH=/home/widha893/ros2_hil_quadrotor/build/hitl/prefix_override:/usr/lib/python3/dist-packages/colcon_core/task/python/colcon_distutils_commands:/home/widha893/ros2_hil_quadrotor/install/hitl/lib/python3.10/site-packages:${PYTHONPATH} /usr/bin/python3 -W ignore:setup.py install is deprecated -W ignore:easy_install command is deprecated setup.py egg_info --egg-base ../build/hitl build --build-base /home/widha893/ros2_hil_quadrotor/build/hitl/build install --record /home/widha893/ros2_hil_quadrotor/build/hitl/install.log --single-version-externally-managed install_data
[1.703s] DEBUG:colcon.colcon_core.event_handler.log_command:Invoking command in '/home/widha893/ros2_hil_quadrotor/sjtu_drone_bringup': PYTHONPATH=/home/widha893/ros2_hil_quadrotor/build/sjtu_drone_bringup/prefix_override:/usr/lib/python3/dist-packages/colcon_core/task/python/colcon_distutils_commands:/home/widha893/ros2_hil_quadrotor/install/sjtu_drone_bringup/lib/python3.10/site-packages:${PYTHONPATH} /usr/bin/python3 -W ignore:setup.py install is deprecated -W ignore:easy_install command is deprecated setup.py egg_info --egg-base ../build/sjtu_drone_bringup build --build-base /home/widha893/ros2_hil_quadrotor/build/sjtu_drone_bringup/build install --record /home/widha893/ros2_hil_quadrotor/build/sjtu_drone_bringup/install.log --single-version-externally-managed install_data
[1.708s] DEBUG:colcon.colcon_core.event_handler.log_command:Invoking command in '/home/widha893/ros2_hil_quadrotor/sensor_data_logger': PYTHONPATH=/home/widha893/ros2_hil_quadrotor/build/sensor_data_logger/prefix_override:/usr/lib/python3/dist-packages/colcon_core/task/python/colcon_distutils_commands:/home/widha893/ros2_hil_quadrotor/install/sensor_data_logger/lib/python3.10/site-packages:${PYTHONPATH} /usr/bin/python3 -W ignore:setup.py install is deprecated -W ignore:easy_install command is deprecated setup.py egg_info --egg-base ../build/sensor_data_logger build --build-base /home/widha893/ros2_hil_quadrotor/build/sensor_data_logger/build install --record /home/widha893/ros2_hil_quadrotor/build/sensor_data_logger/install.log --single-version-externally-managed install_data
[1.711s] DEBUG:colcon.colcon_core.event_handler.log_command:Invoking command in '/home/widha893/ros2_hil_quadrotor/sjtu_drone_control': PYTHONPATH=/home/widha893/ros2_hil_quadrotor/build/sjtu_drone_control/prefix_override:/usr/lib/python3/dist-packages/colcon_core/task/python/colcon_distutils_commands:/home/widha893/ros2_hil_quadrotor/install/sjtu_drone_control/lib/python3.10/site-packages:${PYTHONPATH} /usr/bin/python3 -W ignore:setup.py install is deprecated -W ignore:easy_install command is deprecated setup.py egg_info --egg-base ../build/sjtu_drone_control build --build-base /home/widha893/ros2_hil_quadrotor/build/sjtu_drone_control/build install --record /home/widha893/ros2_hil_quadrotor/build/sjtu_drone_control/install.log --single-version-externally-managed install_data
[1.733s] DEBUG:colcon.colcon_core.event_handler.log_command:Invoked command in '/home/widha893/ros2_hil_quadrotor/build/sjtu_drone_description' returned '0': CMAKE_PREFIX_PATH=${CMAKE_PREFIX_PATH}:/home/widha893/ros2_hil_quadrotor/install/sjtu_drone_control:/home/widha893/ros2_hil_quadrotor/install/sjtu_drone_bringup:/home/widha893/ros2_hil_quadrotor/install/sensor_data_logger:/home/widha893/ros2_hil_quadrotor/install/hitl:/opt/ros/humble /usr/bin/cmake --build /home/widha893/ros2_hil_quadrotor/build/sjtu_drone_description -- -j8 -l8
[1.744s] DEBUG:colcon.colcon_core.event_handler.log_command:Invoking command in '/home/widha893/ros2_hil_quadrotor/build/sjtu_drone_description': CMAKE_PREFIX_PATH=${CMAKE_PREFIX_PATH}:/home/widha893/ros2_hil_quadrotor/install/sjtu_drone_control:/home/widha893/ros2_hil_quadrotor/install/sjtu_drone_bringup:/home/widha893/ros2_hil_quadrotor/install/sensor_data_logger:/home/widha893/ros2_hil_quadrotor/install/hitl:/opt/ros/humble /usr/bin/cmake --install /home/widha893/ros2_hil_quadrotor/build/sjtu_drone_description
[1.792s] Level 1:colcon.colcon_core.environment:create_environment_scripts_only(sjtu_drone_description)
[1.802s] Level 1:colcon.colcon_core.environment:checking '/home/widha893/ros2_hil_quadrotor/install/sjtu_drone_description' for CMake module files
[1.805s] Level 1:colcon.colcon_core.environment:checking '/home/widha893/ros2_hil_quadrotor/install/sjtu_drone_description' for CMake config files
[1.814s] Level 1:colcon.colcon_core.shell:create_environment_hook('sjtu_drone_description', 'cmake_prefix_path')
[1.814s] INFO:colcon.colcon_core.shell:Creating environment hook '/home/widha893/ros2_hil_quadrotor/install/sjtu_drone_description/share/sjtu_drone_description/hook/cmake_prefix_path.ps1'
[1.816s] INFO:colcon.colcon_core.shell:Creating environment descriptor '/home/widha893/ros2_hil_quadrotor/install/sjtu_drone_description/share/sjtu_drone_description/hook/cmake_prefix_path.dsv'
[1.819s] INFO:colcon.colcon_core.shell:Creating environment hook '/home/widha893/ros2_hil_quadrotor/install/sjtu_drone_description/share/sjtu_drone_description/hook/cmake_prefix_path.sh'
[1.822s] Level 1:colcon.colcon_core.environment:checking '/home/widha893/ros2_hil_quadrotor/install/sjtu_drone_description/lib'
[1.823s] Level 1:colcon.colcon_core.shell:create_environment_hook('sjtu_drone_description', 'ld_library_path_lib')
[1.824s] INFO:colcon.colcon_core.shell:Creating environment hook '/home/widha893/ros2_hil_quadrotor/install/sjtu_drone_description/share/sjtu_drone_description/hook/ld_library_path_lib.ps1'
[1.825s] INFO:colcon.colcon_core.shell:Creating environment descriptor '/home/widha893/ros2_hil_quadrotor/install/sjtu_drone_description/share/sjtu_drone_description/hook/ld_library_path_lib.dsv'
[1.826s] INFO:colcon.colcon_core.shell:Creating environment hook '/home/widha893/ros2_hil_quadrotor/install/sjtu_drone_description/share/sjtu_drone_description/hook/ld_library_path_lib.sh'
[1.826s] Level 1:colcon.colcon_core.environment:checking '/home/widha893/ros2_hil_quadrotor/install/sjtu_drone_description/bin'
[1.827s] Level 1:colcon.colcon_core.environment:checking '/home/widha893/ros2_hil_quadrotor/install/sjtu_drone_description/lib/pkgconfig/sjtu_drone_description.pc'
[1.827s] Level 1:colcon.colcon_core.environment:checking '/home/widha893/ros2_hil_quadrotor/install/sjtu_drone_description/lib/python3.10/site-packages'
[1.827s] Level 1:colcon.colcon_core.environment:checking '/home/widha893/ros2_hil_quadrotor/install/sjtu_drone_description/bin'
[1.828s] INFO:colcon.colcon_core.shell:Creating package script '/home/widha893/ros2_hil_quadrotor/install/sjtu_drone_description/share/sjtu_drone_description/package.ps1'
[1.830s] INFO:colcon.colcon_core.shell:Creating package descriptor '/home/widha893/ros2_hil_quadrotor/install/sjtu_drone_description/share/sjtu_drone_description/package.dsv'
[1.832s] INFO:colcon.colcon_core.shell:Creating package script '/home/widha893/ros2_hil_quadrotor/install/sjtu_drone_description/share/sjtu_drone_description/package.sh'
[1.836s] INFO:colcon.colcon_core.shell:Creating package script '/home/widha893/ros2_hil_quadrotor/install/sjtu_drone_description/share/sjtu_drone_description/package.bash'
[1.838s] INFO:colcon.colcon_core.shell:Creating package script '/home/widha893/ros2_hil_quadrotor/install/sjtu_drone_description/share/sjtu_drone_description/package.zsh'
[1.840s] Level 1:colcon.colcon_core.environment:create_file_with_runtime_dependencies(/home/widha893/ros2_hil_quadrotor/install/sjtu_drone_description/share/colcon-core/packages/sjtu_drone_description)
[1.844s] Level 1:colcon.colcon_core.environment:create_environment_scripts_only(sjtu_drone_description)
[1.845s] Level 1:colcon.colcon_core.environment:checking '/home/widha893/ros2_hil_quadrotor/install/sjtu_drone_description' for CMake module files
[1.847s] Level 1:colcon.colcon_core.environment:checking '/home/widha893/ros2_hil_quadrotor/install/sjtu_drone_description' for CMake config files
[1.852s] Level 1:colcon.colcon_core.shell:create_environment_hook('sjtu_drone_description', 'cmake_prefix_path')
[1.852s] INFO:colcon.colcon_core.shell:Creating environment hook '/home/widha893/ros2_hil_quadrotor/install/sjtu_drone_description/share/sjtu_drone_description/hook/cmake_prefix_path.ps1'
[1.854s] INFO:colcon.colcon_core.shell:Creating environment descriptor '/home/widha893/ros2_hil_quadrotor/install/sjtu_drone_description/share/sjtu_drone_description/hook/cmake_prefix_path.dsv'
[1.857s] INFO:colcon.colcon_core.shell:Creating environment hook '/home/widha893/ros2_hil_quadrotor/install/sjtu_drone_description/share/sjtu_drone_description/hook/cmake_prefix_path.sh'
[1.859s] Level 1:colcon.colcon_core.environment:checking '/home/widha893/ros2_hil_quadrotor/install/sjtu_drone_description/lib'
[1.859s] Level 1:colcon.colcon_core.shell:create_environment_hook('sjtu_drone_description', 'ld_library_path_lib')
[1.860s] INFO:colcon.colcon_core.shell:Creating environment hook '/home/widha893/ros2_hil_quadrotor/install/sjtu_drone_description/share/sjtu_drone_description/hook/ld_library_path_lib.ps1'
[1.861s] INFO:colcon.colcon_core.shell:Creating environment descriptor '/home/widha893/ros2_hil_quadrotor/install/sjtu_drone_description/share/sjtu_drone_description/hook/ld_library_path_lib.dsv'
[1.863s] INFO:colcon.colcon_core.shell:Creating environment hook '/home/widha893/ros2_hil_quadrotor/install/sjtu_drone_description/share/sjtu_drone_description/hook/ld_library_path_lib.sh'
[1.865s] Level 1:colcon.colcon_core.environment:checking '/home/widha893/ros2_hil_quadrotor/install/sjtu_drone_description/bin'
[1.865s] Level 1:colcon.colcon_core.environment:checking '/home/widha893/ros2_hil_quadrotor/install/sjtu_drone_description/lib/pkgconfig/sjtu_drone_description.pc'
[1.865s] Level 1:colcon.colcon_core.environment:checking '/home/widha893/ros2_hil_quadrotor/install/sjtu_drone_description/lib/python3.10/site-packages'
[1.866s] Level 1:colcon.colcon_core.environment:checking '/home/widha893/ros2_hil_quadrotor/install/sjtu_drone_description/bin'
[1.866s] INFO:colcon.colcon_core.shell:Creating package script '/home/widha893/ros2_hil_quadrotor/install/sjtu_drone_description/share/sjtu_drone_description/package.ps1'
[1.867s] INFO:colcon.colcon_core.shell:Creating package descriptor '/home/widha893/ros2_hil_quadrotor/install/sjtu_drone_description/share/sjtu_drone_description/package.dsv'
[1.868s] INFO:colcon.colcon_core.shell:Creating package script '/home/widha893/ros2_hil_quadrotor/install/sjtu_drone_description/share/sjtu_drone_description/package.sh'
[1.869s] INFO:colcon.colcon_core.shell:Creating package script '/home/widha893/ros2_hil_quadrotor/install/sjtu_drone_description/share/sjtu_drone_description/package.bash'
[1.870s] INFO:colcon.colcon_core.shell:Creating package script '/home/widha893/ros2_hil_quadrotor/install/sjtu_drone_description/share/sjtu_drone_description/package.zsh'
[1.870s] Level 1:colcon.colcon_core.environment:create_file_with_runtime_dependencies(/home/widha893/ros2_hil_quadrotor/install/sjtu_drone_description/share/colcon-core/packages/sjtu_drone_description)
[1.896s] DEBUG:colcon.colcon_core.event_handler.log_command:Invoked command in '/home/widha893/ros2_hil_quadrotor/build/sjtu_drone_description' returned '0': CMAKE_PREFIX_PATH=${CMAKE_PREFIX_PATH}:/home/widha893/ros2_hil_quadrotor/install/sjtu_drone_control:/home/widha893/ros2_hil_quadrotor/install/sjtu_drone_bringup:/home/widha893/ros2_hil_quadrotor/install/sensor_data_logger:/home/widha893/ros2_hil_quadrotor/install/hitl:/opt/ros/humble /usr/bin/cmake --install /home/widha893/ros2_hil_quadrotor/build/sjtu_drone_description
[2.140s] Level 1:colcon.colcon_core.environment:checking '/home/widha893/ros2_hil_quadrotor/install/sensor_data_logger' for CMake module files
[2.140s] Level 1:colcon.colcon_core.environment:checking '/home/widha893/ros2_hil_quadrotor/install/sensor_data_logger' for CMake config files
[2.142s] DEBUG:colcon.colcon_core.event_handler.log_command:Invoked command in '/home/widha893/ros2_hil_quadrotor/sensor_data_logger' returned '0': PYTHONPATH=/home/widha893/ros2_hil_quadrotor/build/sensor_data_logger/prefix_override:/usr/lib/python3/dist-packages/colcon_core/task/python/colcon_distutils_commands:/home/widha893/ros2_hil_quadrotor/install/sensor_data_logger/lib/python3.10/site-packages:${PYTHONPATH} /usr/bin/python3 -W ignore:setup.py install is deprecated -W ignore:easy_install command is deprecated setup.py egg_info --egg-base ../build/sensor_data_logger build --build-base /home/widha893/ros2_hil_quadrotor/build/sensor_data_logger/build install --record /home/widha893/ros2_hil_quadrotor/build/sensor_data_logger/install.log --single-version-externally-managed install_data
[2.144s] Level 1:colcon.colcon_core.environment:checking '/home/widha893/ros2_hil_quadrotor/install/sensor_data_logger/lib'
[2.144s] Level 1:colcon.colcon_core.environment:checking '/home/widha893/ros2_hil_quadrotor/install/sensor_data_logger/bin'
[2.145s] Level 1:colcon.colcon_core.environment:checking '/home/widha893/ros2_hil_quadrotor/install/sensor_data_logger/lib/pkgconfig/sensor_data_logger.pc'
[2.145s] Level 1:colcon.colcon_core.environment:checking '/home/widha893/ros2_hil_quadrotor/install/sensor_data_logger/lib/python3.10/site-packages'
[2.145s] Level 1:colcon.colcon_core.shell:create_environment_hook('sensor_data_logger', 'pythonpath')
[2.146s] INFO:colcon.colcon_core.shell:Creating environment hook '/home/widha893/ros2_hil_quadrotor/install/sensor_data_logger/share/sensor_data_logger/hook/pythonpath.ps1'
[2.147s] INFO:colcon.colcon_core.shell:Creating environment descriptor '/home/widha893/ros2_hil_quadrotor/install/sensor_data_logger/share/sensor_data_logger/hook/pythonpath.dsv'
[2.153s] INFO:colcon.colcon_core.shell:Creating environment hook '/home/widha893/ros2_hil_quadrotor/install/sensor_data_logger/share/sensor_data_logger/hook/pythonpath.sh'
[2.154s] Level 1:colcon.colcon_core.environment:checking '/home/widha893/ros2_hil_quadrotor/install/sensor_data_logger/bin'
[2.154s] Level 1:colcon.colcon_core.environment:create_environment_scripts_only(sensor_data_logger)
[2.154s] INFO:colcon.colcon_core.shell:Creating package script '/home/widha893/ros2_hil_quadrotor/install/sensor_data_logger/share/sensor_data_logger/package.ps1'
[2.156s] INFO:colcon.colcon_core.shell:Creating package descriptor '/home/widha893/ros2_hil_quadrotor/install/sensor_data_logger/share/sensor_data_logger/package.dsv'
[2.157s] INFO:colcon.colcon_core.shell:Creating package script '/home/widha893/ros2_hil_quadrotor/install/sensor_data_logger/share/sensor_data_logger/package.sh'
[2.158s] INFO:colcon.colcon_core.shell:Creating package script '/home/widha893/ros2_hil_quadrotor/install/sensor_data_logger/share/sensor_data_logger/package.bash'
[2.159s] INFO:colcon.colcon_core.shell:Creating package script '/home/widha893/ros2_hil_quadrotor/install/sensor_data_logger/share/sensor_data_logger/package.zsh'
[2.160s] Level 1:colcon.colcon_core.environment:create_file_with_runtime_dependencies(/home/widha893/ros2_hil_quadrotor/install/sensor_data_logger/share/colcon-core/packages/sensor_data_logger)
[2.213s] Level 1:colcon.colcon_core.environment:checking '/home/widha893/ros2_hil_quadrotor/install/sjtu_drone_control' for CMake module files
[2.214s] Level 1:colcon.colcon_core.environment:checking '/home/widha893/ros2_hil_quadrotor/install/sjtu_drone_control' for CMake config files
[2.215s] Level 1:colcon.colcon_core.environment:checking '/home/widha893/ros2_hil_quadrotor/install/sjtu_drone_control/lib'
[2.215s] Level 1:colcon.colcon_core.environment:checking '/home/widha893/ros2_hil_quadrotor/install/sjtu_drone_control/bin'
[2.215s] Level 1:colcon.colcon_core.environment:checking '/home/widha893/ros2_hil_quadrotor/install/sjtu_drone_control/lib/pkgconfig/sjtu_drone_control.pc'
[2.216s] Level 1:colcon.colcon_core.environment:checking '/home/widha893/ros2_hil_quadrotor/install/sjtu_drone_control/lib/python3.10/site-packages'
[2.216s] Level 1:colcon.colcon_core.shell:create_environment_hook('sjtu_drone_control', 'pythonpath')
[2.216s] INFO:colcon.colcon_core.shell:Creating environment hook '/home/widha893/ros2_hil_quadrotor/install/sjtu_drone_control/share/sjtu_drone_control/hook/pythonpath.ps1'
[2.217s] DEBUG:colcon.colcon_core.event_handler.log_command:Invoked command in '/home/widha893/ros2_hil_quadrotor/sjtu_drone_control' returned '0': PYTHONPATH=/home/widha893/ros2_hil_quadrotor/build/sjtu_drone_control/prefix_override:/usr/lib/python3/dist-packages/colcon_core/task/python/colcon_distutils_commands:/home/widha893/ros2_hil_quadrotor/install/sjtu_drone_control/lib/python3.10/site-packages:${PYTHONPATH} /usr/bin/python3 -W ignore:setup.py install is deprecated -W ignore:easy_install command is deprecated setup.py egg_info --egg-base ../build/sjtu_drone_control build --build-base /home/widha893/ros2_hil_quadrotor/build/sjtu_drone_control/build install --record /home/widha893/ros2_hil_quadrotor/build/sjtu_drone_control/install.log --single-version-externally-managed install_data
[2.218s] INFO:colcon.colcon_core.shell:Creating environment descriptor '/home/widha893/ros2_hil_quadrotor/install/sjtu_drone_control/share/sjtu_drone_control/hook/pythonpath.dsv'
[2.219s] INFO:colcon.colcon_core.shell:Creating environment hook '/home/widha893/ros2_hil_quadrotor/install/sjtu_drone_control/share/sjtu_drone_control/hook/pythonpath.sh'
[2.221s] Level 1:colcon.colcon_core.environment:checking '/home/widha893/ros2_hil_quadrotor/install/sjtu_drone_control/bin'
[2.221s] Level 1:colcon.colcon_core.environment:create_environment_scripts_only(sjtu_drone_control)
[2.222s] INFO:colcon.colcon_core.shell:Creating package script '/home/widha893/ros2_hil_quadrotor/install/sjtu_drone_control/share/sjtu_drone_control/package.ps1'
[2.223s] INFO:colcon.colcon_core.shell:Creating package descriptor '/home/widha893/ros2_hil_quadrotor/install/sjtu_drone_control/share/sjtu_drone_control/package.dsv'
[2.224s] INFO:colcon.colcon_core.shell:Creating package script '/home/widha893/ros2_hil_quadrotor/install/sjtu_drone_control/share/sjtu_drone_control/package.sh'
[2.225s] INFO:colcon.colcon_core.shell:Creating package script '/home/widha893/ros2_hil_quadrotor/install/sjtu_drone_control/share/sjtu_drone_control/package.bash'
[2.226s] INFO:colcon.colcon_core.shell:Creating package script '/home/widha893/ros2_hil_quadrotor/install/sjtu_drone_control/share/sjtu_drone_control/package.zsh'
[2.227s] Level 1:colcon.colcon_core.environment:create_file_with_runtime_dependencies(/home/widha893/ros2_hil_quadrotor/install/sjtu_drone_control/share/colcon-core/packages/sjtu_drone_control)
[2.248s] Level 1:colcon.colcon_core.environment:checking '/home/widha893/ros2_hil_quadrotor/install/hitl' for CMake module files
[2.249s] DEBUG:colcon.colcon_core.event_handler.log_command:Invoked command in '/home/widha893/ros2_hil_quadrotor/hitl' returned '0': PYTHONPATH=/home/widha893/ros2_hil_quadrotor/build/hitl/prefix_override:/usr/lib/python3/dist-packages/colcon_core/task/python/colcon_distutils_commands:/home/widha893/ros2_hil_quadrotor/install/hitl/lib/python3.10/site-packages:${PYTHONPATH} /usr/bin/python3 -W ignore:setup.py install is deprecated -W ignore:easy_install command is deprecated setup.py egg_info --egg-base ../build/hitl build --build-base /home/widha893/ros2_hil_quadrotor/build/hitl/build install --record /home/widha893/ros2_hil_quadrotor/build/hitl/install.log --single-version-externally-managed install_data
[2.250s] Level 1:colcon.colcon_core.environment:checking '/home/widha893/ros2_hil_quadrotor/install/hitl' for CMake config files
[2.250s] Level 1:colcon.colcon_core.environment:checking '/home/widha893/ros2_hil_quadrotor/install/hitl/lib'
[2.251s] Level 1:colcon.colcon_core.environment:checking '/home/widha893/ros2_hil_quadrotor/install/hitl/bin'
[2.251s] Level 1:colcon.colcon_core.environment:checking '/home/widha893/ros2_hil_quadrotor/install/hitl/lib/pkgconfig/hitl.pc'
[2.251s] Level 1:colcon.colcon_core.environment:checking '/home/widha893/ros2_hil_quadrotor/install/hitl/lib/python3.10/site-packages'
[2.251s] Level 1:colcon.colcon_core.shell:create_environment_hook('hitl', 'pythonpath')
[2.252s] INFO:colcon.colcon_core.shell:Creating environment hook '/home/widha893/ros2_hil_quadrotor/install/hitl/share/hitl/hook/pythonpath.ps1'
[2.252s] INFO:colcon.colcon_core.shell:Creating environment descriptor '/home/widha893/ros2_hil_quadrotor/install/hitl/share/hitl/hook/pythonpath.dsv'
[2.253s] INFO:colcon.colcon_core.shell:Creating environment hook '/home/widha893/ros2_hil_quadrotor/install/hitl/share/hitl/hook/pythonpath.sh'
[2.253s] Level 1:colcon.colcon_core.environment:checking '/home/widha893/ros2_hil_quadrotor/install/hitl/bin'
[2.253s] Level 1:colcon.colcon_core.environment:create_environment_scripts_only(hitl)
[2.254s] INFO:colcon.colcon_core.shell:Creating package script '/home/widha893/ros2_hil_quadrotor/install/hitl/share/hitl/package.ps1'
[2.254s] INFO:colcon.colcon_core.shell:Creating package descriptor '/home/widha893/ros2_hil_quadrotor/install/hitl/share/hitl/package.dsv'
[2.255s] INFO:colcon.colcon_core.shell:Creating package script '/home/widha893/ros2_hil_quadrotor/install/hitl/share/hitl/package.sh'
[2.255s] INFO:colcon.colcon_core.shell:Creating package script '/home/widha893/ros2_hil_quadrotor/install/hitl/share/hitl/package.bash'
[2.256s] INFO:colcon.colcon_core.shell:Creating package script '/home/widha893/ros2_hil_quadrotor/install/hitl/share/hitl/package.zsh'
[2.256s] Level 1:colcon.colcon_core.environment:create_file_with_runtime_dependencies(/home/widha893/ros2_hil_quadrotor/install/hitl/share/colcon-core/packages/hitl)
[2.258s] Level 1:colcon.colcon_core.environment:checking '/home/widha893/ros2_hil_quadrotor/install/sjtu_drone_bringup' for CMake module files
[2.258s] Level 1:colcon.colcon_core.environment:checking '/home/widha893/ros2_hil_quadrotor/install/sjtu_drone_bringup' for CMake config files
[2.259s] DEBUG:colcon.colcon_core.event_handler.log_command:Invoked command in '/home/widha893/ros2_hil_quadrotor/sjtu_drone_bringup' returned '0': PYTHONPATH=/home/widha893/ros2_hil_quadrotor/build/sjtu_drone_bringup/prefix_override:/usr/lib/python3/dist-packages/colcon_core/task/python/colcon_distutils_commands:/home/widha893/ros2_hil_quadrotor/install/sjtu_drone_bringup/lib/python3.10/site-packages:${PYTHONPATH} /usr/bin/python3 -W ignore:setup.py install is deprecated -W ignore:easy_install command is deprecated setup.py egg_info --egg-base ../build/sjtu_drone_bringup build --build-base /home/widha893/ros2_hil_quadrotor/build/sjtu_drone_bringup/build install --record /home/widha893/ros2_hil_quadrotor/build/sjtu_drone_bringup/install.log --single-version-externally-managed install_data
[2.259s] Level 1:colcon.colcon_core.environment:checking '/home/widha893/ros2_hil_quadrotor/install/sjtu_drone_bringup/lib'
[2.260s] Level 1:colcon.colcon_core.environment:checking '/home/widha893/ros2_hil_quadrotor/install/sjtu_drone_bringup/bin'
[2.260s] Level 1:colcon.colcon_core.environment:checking '/home/widha893/ros2_hil_quadrotor/install/sjtu_drone_bringup/lib/pkgconfig/sjtu_drone_bringup.pc'
[2.260s] Level 1:colcon.colcon_core.environment:checking '/home/widha893/ros2_hil_quadrotor/install/sjtu_drone_bringup/lib/python3.10/site-packages'
[2.260s] Level 1:colcon.colcon_core.shell:create_environment_hook('sjtu_drone_bringup', 'pythonpath')
[2.260s] INFO:colcon.colcon_core.shell:Creating environment hook '/home/widha893/ros2_hil_quadrotor/install/sjtu_drone_bringup/share/sjtu_drone_bringup/hook/pythonpath.ps1'
[2.261s] INFO:colcon.colcon_core.shell:Creating environment descriptor '/home/widha893/ros2_hil_quadrotor/install/sjtu_drone_bringup/share/sjtu_drone_bringup/hook/pythonpath.dsv'
[2.262s] INFO:colcon.colcon_core.shell:Creating environment hook '/home/widha893/ros2_hil_quadrotor/install/sjtu_drone_bringup/share/sjtu_drone_bringup/hook/pythonpath.sh'
[2.263s] Level 1:colcon.colcon_core.environment:checking '/home/widha893/ros2_hil_quadrotor/install/sjtu_drone_bringup/bin'
[2.263s] Level 1:colcon.colcon_core.environment:create_environment_scripts_only(sjtu_drone_bringup)
[2.263s] INFO:colcon.colcon_core.shell:Creating package script '/home/widha893/ros2_hil_quadrotor/install/sjtu_drone_bringup/share/sjtu_drone_bringup/package.ps1'
[2.264s] INFO:colcon.colcon_core.shell:Creating package descriptor '/home/widha893/ros2_hil_quadrotor/install/sjtu_drone_bringup/share/sjtu_drone_bringup/package.dsv'
[2.265s] INFO:colcon.colcon_core.shell:Creating package script '/home/widha893/ros2_hil_quadrotor/install/sjtu_drone_bringup/share/sjtu_drone_bringup/package.sh'
[2.266s] INFO:colcon.colcon_core.shell:Creating package script '/home/widha893/ros2_hil_quadrotor/install/sjtu_drone_bringup/share/sjtu_drone_bringup/package.bash'
[2.267s] INFO:colcon.colcon_core.shell:Creating package script '/home/widha893/ros2_hil_quadrotor/install/sjtu_drone_bringup/share/sjtu_drone_bringup/package.zsh'
[2.268s] Level 1:colcon.colcon_core.environment:create_file_with_runtime_dependencies(/home/widha893/ros2_hil_quadrotor/install/sjtu_drone_bringup/share/colcon-core/packages/sjtu_drone_bringup)
[2.268s] DEBUG:colcon.colcon_parallel_executor.executor.parallel:closing loop
[2.268s] DEBUG:colcon.colcon_parallel_executor.executor.parallel:loop closed
[2.269s] DEBUG:colcon.colcon_parallel_executor.executor.parallel:run_until_complete finished with '0'
[2.269s] DEBUG:colcon.colcon_core.event_reactor:joining thread
[2.280s] INFO:colcon.colcon_core.plugin_system:Skipping extension 'colcon_notification.desktop_notification.terminal_notifier': Not used on non-Darwin systems
[2.280s] INFO:colcon.colcon_core.plugin_system:Skipping extension 'colcon_notification.desktop_notification.win32': Not used on non-Windows systems
[2.280s] INFO:colcon.colcon_notification.desktop_notification:Sending desktop notification using 'notify2'
[2.296s] DEBUG:colcon.colcon_core.event_reactor:joined thread
[2.297s] INFO:colcon.colcon_core.shell:Creating prefix script '/home/widha893/ros2_hil_quadrotor/install/local_setup.ps1'
[2.298s] INFO:colcon.colcon_core.shell:Creating prefix util module '/home/widha893/ros2_hil_quadrotor/install/_local_setup_util_ps1.py'
[2.301s] INFO:colcon.colcon_core.shell:Creating prefix chain script '/home/widha893/ros2_hil_quadrotor/install/setup.ps1'
[2.303s] INFO:colcon.colcon_core.shell:Creating prefix script '/home/widha893/ros2_hil_quadrotor/install/local_setup.sh'
[2.304s] INFO:colcon.colcon_core.shell:Creating prefix util module '/home/widha893/ros2_hil_quadrotor/install/_local_setup_util_sh.py'
[2.305s] INFO:colcon.colcon_core.shell:Creating prefix chain script '/home/widha893/ros2_hil_quadrotor/install/setup.sh'
[2.307s] INFO:colcon.colcon_core.shell:Creating prefix script '/home/widha893/ros2_hil_quadrotor/install/local_setup.bash'
[2.308s] INFO:colcon.colcon_core.shell:Creating prefix chain script '/home/widha893/ros2_hil_quadrotor/install/setup.bash'
[2.310s] INFO:colcon.colcon_core.shell:Creating prefix script '/home/widha893/ros2_hil_quadrotor/install/local_setup.zsh'
[2.311s] INFO:colcon.colcon_core.shell:Creating prefix chain script '/home/widha893/ros2_hil_quadrotor/install/setup.zsh'
