[0.210s] DEBUG:colcon:Command line arguments: ['/usr/bin/colcon', 'build']
[0.210s] DEBUG:colcon:Parsed command line arguments: Namespace(log_base=None, log_level=None, verb_name='build', build_base='build', install_base='install', merge_install=False, symlink_install=False, test_result_base=None, continue_on_error=False, executor='parallel', parallel_workers=8, event_handlers=None, ignore_user_meta=False, metas=['./colcon.meta'], base_paths=['.'], packages_ignore=None, packages_ignore_regex=None, paths=None, packages_up_to=None, packages_up_to_regex=None, packages_above=None, packages_above_and_dependencies=None, packages_above_depth=None, packages_select_by_dep=None, packages_skip_by_dep=None, packages_skip_up_to=None, packages_select_build_failed=False, packages_skip_build_finished=False, packages_select_test_failures=False, packages_skip_test_passed=False, packages_select=None, packages_skip=None, packages_select_regex=None, packages_skip_regex=None, packages_start=None, packages_end=None, allow_overriding=[], cmake_args=None, cmake_target=None, cmake_target_skip_unavailable=False, cmake_clean_cache=False, cmake_clean_first=False, cmake_force_configure=False, ament_cmake_args=None, catkin_cmake_args=None, catkin_skip_building_tests=False, mixin_files=None, mixin=None, verb_parser=<colcon_mixin.mixin.mixin_argument.MixinArgumentDecorator object at 0x721450712590>, verb_extension=<colcon_core.verb.build.BuildVerb object at 0x72145080f580>, main=<bound method BuildVerb.main of <colcon_core.verb.build.BuildVerb object at 0x72145080f580>>, mixin_verb=('build',))
[0.446s] Level 1:colcon.colcon_core.package_discovery:discover_packages(colcon_meta) check parameters
[0.446s] Level 1:colcon.colcon_core.package_discovery:discover_packages(recursive) check parameters
[0.446s] Level 1:colcon.colcon_core.package_discovery:discover_packages(ignore) check parameters
[0.446s] Level 1:colcon.colcon_core.package_discovery:discover_packages(path) check parameters
[0.446s] Level 1:colcon.colcon_core.package_discovery:discover_packages(colcon_meta) discover
[0.446s] Level 1:colcon.colcon_core.package_discovery:discover_packages(recursive) discover
[0.447s] INFO:colcon.colcon_core.package_discovery:Crawling recursively for packages in '/home/widha893/ros2_hil_quadrotor'
[0.447s] Level 1:colcon.colcon_core.package_identification:_identify(.) by extensions ['ignore', 'ignore_ament_install']
[0.447s] Level 1:colcon.colcon_core.package_identification:_identify(.) by extension 'ignore'
[0.447s] Level 1:colcon.colcon_core.package_identification:_identify(.) by extension 'ignore_ament_install'
[0.447s] Level 1:colcon.colcon_core.package_identification:_identify(.) by extensions ['colcon_pkg']
[0.447s] Level 1:colcon.colcon_core.package_identification:_identify(.) by extension 'colcon_pkg'
[0.447s] Level 1:colcon.colcon_core.package_identification:_identify(.) by extensions ['colcon_meta']
[0.447s] Level 1:colcon.colcon_core.package_identification:_identify(.) by extension 'colcon_meta'
[0.448s] Level 1:colcon.colcon_core.package_identification:_identify(.) by extensions ['ros']
[0.448s] Level 1:colcon.colcon_core.package_identification:_identify(.) by extension 'ros'
[0.463s] Level 1:colcon.colcon_core.package_identification:_identify(.) by extensions ['cmake', 'python']
[0.463s] Level 1:colcon.colcon_core.package_identification:_identify(.) by extension 'cmake'
[0.463s] Level 1:colcon.colcon_core.package_identification:_identify(.) by extension 'python'
[0.463s] Level 1:colcon.colcon_core.package_identification:_identify(.) by extensions ['python_setup_py']
[0.464s] Level 1:colcon.colcon_core.package_identification:_identify(.) by extension 'python_setup_py'
[0.464s] Level 1:colcon.colcon_core.package_identification:_identify(Data_Logger) by extensions ['ignore', 'ignore_ament_install']
[0.464s] Level 1:colcon.colcon_core.package_identification:_identify(Data_Logger) by extension 'ignore'
[0.464s] Level 1:colcon.colcon_core.package_identification:_identify(Data_Logger) by extension 'ignore_ament_install'
[0.465s] Level 1:colcon.colcon_core.package_identification:_identify(Data_Logger) by extensions ['colcon_pkg']
[0.465s] Level 1:colcon.colcon_core.package_identification:_identify(Data_Logger) by extension 'colcon_pkg'
[0.465s] Level 1:colcon.colcon_core.package_identification:_identify(Data_Logger) by extensions ['colcon_meta']
[0.465s] Level 1:colcon.colcon_core.package_identification:_identify(Data_Logger) by extension 'colcon_meta'
[0.465s] Level 1:colcon.colcon_core.package_identification:_identify(Data_Logger) by extensions ['ros']
[0.465s] Level 1:colcon.colcon_core.package_identification:_identify(Data_Logger) by extension 'ros'
[0.465s] Level 1:colcon.colcon_core.package_identification:_identify(Data_Logger) by extensions ['cmake', 'python']
[0.465s] Level 1:colcon.colcon_core.package_identification:_identify(Data_Logger) by extension 'cmake'
[0.465s] Level 1:colcon.colcon_core.package_identification:_identify(Data_Logger) by extension 'python'
[0.465s] Level 1:colcon.colcon_core.package_identification:_identify(Data_Logger) by extensions ['python_setup_py']
[0.465s] Level 1:colcon.colcon_core.package_identification:_identify(Data_Logger) by extension 'python_setup_py'
[0.466s] Level 1:colcon.colcon_core.package_identification:_identify(Data_Logger/Data_plot) by extensions ['ignore', 'ignore_ament_install']
[0.466s] Level 1:colcon.colcon_core.package_identification:_identify(Data_Logger/Data_plot) by extension 'ignore'
[0.466s] Level 1:colcon.colcon_core.package_identification:_identify(Data_Logger/Data_plot) by extension 'ignore_ament_install'
[0.466s] Level 1:colcon.colcon_core.package_identification:_identify(Data_Logger/Data_plot) by extensions ['colcon_pkg']
[0.466s] Level 1:colcon.colcon_core.package_identification:_identify(Data_Logger/Data_plot) by extension 'colcon_pkg'
[0.466s] Level 1:colcon.colcon_core.package_identification:_identify(Data_Logger/Data_plot) by extensions ['colcon_meta']
[0.466s] Level 1:colcon.colcon_core.package_identification:_identify(Data_Logger/Data_plot) by extension 'colcon_meta'
[0.466s] Level 1:colcon.colcon_core.package_identification:_identify(Data_Logger/Data_plot) by extensions ['ros']
[0.466s] Level 1:colcon.colcon_core.package_identification:_identify(Data_Logger/Data_plot) by extension 'ros'
[0.466s] Level 1:colcon.colcon_core.package_identification:_identify(Data_Logger/Data_plot) by extensions ['cmake', 'python']
[0.466s] Level 1:colcon.colcon_core.package_identification:_identify(Data_Logger/Data_plot) by extension 'cmake'
[0.466s] Level 1:colcon.colcon_core.package_identification:_identify(Data_Logger/Data_plot) by extension 'python'
[0.466s] Level 1:colcon.colcon_core.package_identification:_identify(Data_Logger/Data_plot) by extensions ['python_setup_py']
[0.466s] Level 1:colcon.colcon_core.package_identification:_identify(Data_Logger/Data_plot) by extension 'python_setup_py'
[0.467s] Level 1:colcon.colcon_core.package_identification:_identify(Data_Logger/Data_plot/Roll) by extensions ['ignore', 'ignore_ament_install']
[0.467s] Level 1:colcon.colcon_core.package_identification:_identify(Data_Logger/Data_plot/Roll) by extension 'ignore'
[0.467s] Level 1:colcon.colcon_core.package_identification:_identify(Data_Logger/Data_plot/Roll) by extension 'ignore_ament_install'
[0.467s] Level 1:colcon.colcon_core.package_identification:_identify(Data_Logger/Data_plot/Roll) by extensions ['colcon_pkg']
[0.467s] Level 1:colcon.colcon_core.package_identification:_identify(Data_Logger/Data_plot/Roll) by extension 'colcon_pkg'
[0.467s] Level 1:colcon.colcon_core.package_identification:_identify(Data_Logger/Data_plot/Roll) by extensions ['colcon_meta']
[0.467s] Level 1:colcon.colcon_core.package_identification:_identify(Data_Logger/Data_plot/Roll) by extension 'colcon_meta'
[0.467s] Level 1:colcon.colcon_core.package_identification:_identify(Data_Logger/Data_plot/Roll) by extensions ['ros']
[0.467s] Level 1:colcon.colcon_core.package_identification:_identify(Data_Logger/Data_plot/Roll) by extension 'ros'
[0.467s] Level 1:colcon.colcon_core.package_identification:_identify(Data_Logger/Data_plot/Roll) by extensions ['cmake', 'python']
[0.467s] Level 1:colcon.colcon_core.package_identification:_identify(Data_Logger/Data_plot/Roll) by extension 'cmake'
[0.467s] Level 1:colcon.colcon_core.package_identification:_identify(Data_Logger/Data_plot/Roll) by extension 'python'
[0.467s] Level 1:colcon.colcon_core.package_identification:_identify(Data_Logger/Data_plot/Roll) by extensions ['python_setup_py']
[0.467s] Level 1:colcon.colcon_core.package_identification:_identify(Data_Logger/Data_plot/Roll) by extension 'python_setup_py'
[0.468s] Level 1:colcon.colcon_core.package_identification:_identify(Data_Logger/Good_Data) by extensions ['ignore', 'ignore_ament_install']
[0.468s] Level 1:colcon.colcon_core.package_identification:_identify(Data_Logger/Good_Data) by extension 'ignore'
[0.468s] Level 1:colcon.colcon_core.package_identification:_identify(Data_Logger/Good_Data) by extension 'ignore_ament_install'
[0.468s] Level 1:colcon.colcon_core.package_identification:_identify(Data_Logger/Good_Data) by extensions ['colcon_pkg']
[0.468s] Level 1:colcon.colcon_core.package_identification:_identify(Data_Logger/Good_Data) by extension 'colcon_pkg'
[0.468s] Level 1:colcon.colcon_core.package_identification:_identify(Data_Logger/Good_Data) by extensions ['colcon_meta']
[0.468s] Level 1:colcon.colcon_core.package_identification:_identify(Data_Logger/Good_Data) by extension 'colcon_meta'
[0.468s] Level 1:colcon.colcon_core.package_identification:_identify(Data_Logger/Good_Data) by extensions ['ros']
[0.468s] Level 1:colcon.colcon_core.package_identification:_identify(Data_Logger/Good_Data) by extension 'ros'
[0.468s] Level 1:colcon.colcon_core.package_identification:_identify(Data_Logger/Good_Data) by extensions ['cmake', 'python']
[0.468s] Level 1:colcon.colcon_core.package_identification:_identify(Data_Logger/Good_Data) by extension 'cmake'
[0.468s] Level 1:colcon.colcon_core.package_identification:_identify(Data_Logger/Good_Data) by extension 'python'
[0.469s] Level 1:colcon.colcon_core.package_identification:_identify(Data_Logger/Good_Data) by extensions ['python_setup_py']
[0.469s] Level 1:colcon.colcon_core.package_identification:_identify(Data_Logger/Good_Data) by extension 'python_setup_py'
[0.469s] Level 1:colcon.colcon_core.package_identification:_identify(build) by extensions ['ignore', 'ignore_ament_install']
[0.469s] Level 1:colcon.colcon_core.package_identification:_identify(build) by extension 'ignore'
[0.469s] Level 1:colcon.colcon_core.package_identification:_identify(build) ignored
[0.470s] Level 1:colcon.colcon_core.package_identification:_identify(hitl) by extensions ['ignore', 'ignore_ament_install']
[0.470s] Level 1:colcon.colcon_core.package_identification:_identify(hitl) by extension 'ignore'
[0.470s] Level 1:colcon.colcon_core.package_identification:_identify(hitl) by extension 'ignore_ament_install'
[0.470s] Level 1:colcon.colcon_core.package_identification:_identify(hitl) by extensions ['colcon_pkg']
[0.470s] Level 1:colcon.colcon_core.package_identification:_identify(hitl) by extension 'colcon_pkg'
[0.470s] Level 1:colcon.colcon_core.package_identification:_identify(hitl) by extensions ['colcon_meta']
[0.470s] Level 1:colcon.colcon_core.package_identification:_identify(hitl) by extension 'colcon_meta'
[0.470s] Level 1:colcon.colcon_core.package_identification:_identify(hitl) by extensions ['ros']
[0.470s] Level 1:colcon.colcon_core.package_identification:_identify(hitl) by extension 'ros'
[0.475s] DEBUG:colcon.colcon_core.package_identification:Package 'hitl' with type 'ros.ament_python' and name 'hitl'
[0.475s] Level 1:colcon.colcon_core.package_identification:_identify(imgs) by extensions ['ignore', 'ignore_ament_install']
[0.475s] Level 1:colcon.colcon_core.package_identification:_identify(imgs) by extension 'ignore'
[0.475s] Level 1:colcon.colcon_core.package_identification:_identify(imgs) by extension 'ignore_ament_install'
[0.475s] Level 1:colcon.colcon_core.package_identification:_identify(imgs) by extensions ['colcon_pkg']
[0.475s] Level 1:colcon.colcon_core.package_identification:_identify(imgs) by extension 'colcon_pkg'
[0.475s] Level 1:colcon.colcon_core.package_identification:_identify(imgs) by extensions ['colcon_meta']
[0.475s] Level 1:colcon.colcon_core.package_identification:_identify(imgs) by extension 'colcon_meta'
[0.475s] Level 1:colcon.colcon_core.package_identification:_identify(imgs) by extensions ['ros']
[0.475s] Level 1:colcon.colcon_core.package_identification:_identify(imgs) by extension 'ros'
[0.475s] Level 1:colcon.colcon_core.package_identification:_identify(imgs) by extensions ['cmake', 'python']
[0.475s] Level 1:colcon.colcon_core.package_identification:_identify(imgs) by extension 'cmake'
[0.476s] Level 1:colcon.colcon_core.package_identification:_identify(imgs) by extension 'python'
[0.476s] Level 1:colcon.colcon_core.package_identification:_identify(imgs) by extensions ['python_setup_py']
[0.476s] Level 1:colcon.colcon_core.package_identification:_identify(imgs) by extension 'python_setup_py'
[0.476s] Level 1:colcon.colcon_core.package_identification:_identify(install) by extensions ['ignore', 'ignore_ament_install']
[0.476s] Level 1:colcon.colcon_core.package_identification:_identify(install) by extension 'ignore'
[0.476s] Level 1:colcon.colcon_core.package_identification:_identify(install) ignored
[0.476s] Level 1:colcon.colcon_core.package_identification:_identify(log) by extensions ['ignore', 'ignore_ament_install']
[0.476s] Level 1:colcon.colcon_core.package_identification:_identify(log) by extension 'ignore'
[0.476s] Level 1:colcon.colcon_core.package_identification:_identify(log) ignored
[0.477s] Level 1:colcon.colcon_core.package_identification:_identify(sensor_data_logger) by extensions ['ignore', 'ignore_ament_install']
[0.477s] Level 1:colcon.colcon_core.package_identification:_identify(sensor_data_logger) by extension 'ignore'
[0.477s] Level 1:colcon.colcon_core.package_identification:_identify(sensor_data_logger) by extension 'ignore_ament_install'
[0.477s] Level 1:colcon.colcon_core.package_identification:_identify(sensor_data_logger) by extensions ['colcon_pkg']
[0.477s] Level 1:colcon.colcon_core.package_identification:_identify(sensor_data_logger) by extension 'colcon_pkg'
[0.477s] Level 1:colcon.colcon_core.package_identification:_identify(sensor_data_logger) by extensions ['colcon_meta']
[0.477s] Level 1:colcon.colcon_core.package_identification:_identify(sensor_data_logger) by extension 'colcon_meta'
[0.477s] Level 1:colcon.colcon_core.package_identification:_identify(sensor_data_logger) by extensions ['ros']
[0.477s] Level 1:colcon.colcon_core.package_identification:_identify(sensor_data_logger) by extension 'ros'
[0.478s] DEBUG:colcon.colcon_core.package_identification:Package 'sensor_data_logger' with type 'ros.ament_python' and name 'sensor_data_logger'
[0.478s] Level 1:colcon.colcon_core.package_identification:_identify(sjtu_drone_bringup) by extensions ['ignore', 'ignore_ament_install']
[0.478s] Level 1:colcon.colcon_core.package_identification:_identify(sjtu_drone_bringup) by extension 'ignore'
[0.479s] Level 1:colcon.colcon_core.package_identification:_identify(sjtu_drone_bringup) by extension 'ignore_ament_install'
[0.479s] Level 1:colcon.colcon_core.package_identification:_identify(sjtu_drone_bringup) by extensions ['colcon_pkg']
[0.479s] Level 1:colcon.colcon_core.package_identification:_identify(sjtu_drone_bringup) by extension 'colcon_pkg'
[0.479s] Level 1:colcon.colcon_core.package_identification:_identify(sjtu_drone_bringup) by extensions ['colcon_meta']
[0.479s] Level 1:colcon.colcon_core.package_identification:_identify(sjtu_drone_bringup) by extension 'colcon_meta'
[0.479s] Level 1:colcon.colcon_core.package_identification:_identify(sjtu_drone_bringup) by extensions ['ros']
[0.479s] Level 1:colcon.colcon_core.package_identification:_identify(sjtu_drone_bringup) by extension 'ros'
[0.480s] DEBUG:colcon.colcon_core.package_identification:Package 'sjtu_drone_bringup' with type 'ros.ament_python' and name 'sjtu_drone_bringup'
[0.480s] Level 1:colcon.colcon_core.package_identification:_identify(sjtu_drone_control) by extensions ['ignore', 'ignore_ament_install']
[0.480s] Level 1:colcon.colcon_core.package_identification:_identify(sjtu_drone_control) by extension 'ignore'
[0.480s] Level 1:colcon.colcon_core.package_identification:_identify(sjtu_drone_control) by extension 'ignore_ament_install'
[0.481s] Level 1:colcon.colcon_core.package_identification:_identify(sjtu_drone_control) by extensions ['colcon_pkg']
[0.481s] Level 1:colcon.colcon_core.package_identification:_identify(sjtu_drone_control) by extension 'colcon_pkg'
[0.481s] Level 1:colcon.colcon_core.package_identification:_identify(sjtu_drone_control) by extensions ['colcon_meta']
[0.481s] Level 1:colcon.colcon_core.package_identification:_identify(sjtu_drone_control) by extension 'colcon_meta'
[0.481s] Level 1:colcon.colcon_core.package_identification:_identify(sjtu_drone_control) by extensions ['ros']
[0.481s] Level 1:colcon.colcon_core.package_identification:_identify(sjtu_drone_control) by extension 'ros'
[0.482s] DEBUG:colcon.colcon_core.package_identification:Package 'sjtu_drone_control' with type 'ros.ament_python' and name 'sjtu_drone_control'
[0.482s] Level 1:colcon.colcon_core.package_identification:_identify(sjtu_drone_description) by extensions ['ignore', 'ignore_ament_install']
[0.482s] Level 1:colcon.colcon_core.package_identification:_identify(sjtu_drone_description) by extension 'ignore'
[0.482s] Level 1:colcon.colcon_core.package_identification:_identify(sjtu_drone_description) by extension 'ignore_ament_install'
[0.482s] Level 1:colcon.colcon_core.package_identification:_identify(sjtu_drone_description) by extensions ['colcon_pkg']
[0.482s] Level 1:colcon.colcon_core.package_identification:_identify(sjtu_drone_description) by extension 'colcon_pkg'
[0.482s] Level 1:colcon.colcon_core.package_identification:_identify(sjtu_drone_description) by extensions ['colcon_meta']
[0.482s] Level 1:colcon.colcon_core.package_identification:_identify(sjtu_drone_description) by extension 'colcon_meta'
[0.483s] Level 1:colcon.colcon_core.package_identification:_identify(sjtu_drone_description) by extensions ['ros']
[0.483s] Level 1:colcon.colcon_core.package_identification:_identify(sjtu_drone_description) by extension 'ros'
[0.484s] DEBUG:colcon.colcon_core.package_identification:Package 'sjtu_drone_description' with type 'ros.ament_cmake' and name 'sjtu_drone_description'
[0.484s] Level 1:colcon.colcon_core.package_discovery:discover_packages(recursive) using defaults
[0.484s] Level 1:colcon.colcon_core.package_discovery:discover_packages(ignore) discover
[0.484s] Level 1:colcon.colcon_core.package_discovery:discover_packages(ignore) using defaults
[0.484s] Level 1:colcon.colcon_core.package_discovery:discover_packages(path) discover
[0.484s] Level 1:colcon.colcon_core.package_discovery:discover_packages(path) using defaults
[0.532s] Level 1:colcon.colcon_core.package_discovery:discover_packages(prefix_path) check parameters
[0.532s] Level 1:colcon.colcon_core.package_discovery:discover_packages(prefix_path) discover
[0.534s] DEBUG:colcon.colcon_installed_package_information.package_discovery:Found 5 installed packages in /home/widha893/ros2_hil_quadrotor/install
[0.536s] DEBUG:colcon.colcon_installed_package_information.package_discovery:Found 282 installed packages in /opt/ros/humble
[0.538s] Level 1:colcon.colcon_core.package_discovery:discover_packages(prefix_path) using defaults
[0.588s] Level 5:colcon.colcon_core.verb:set package 'hitl' build argument 'cmake_args' from command line to 'None'
[0.588s] Level 5:colcon.colcon_core.verb:set package 'hitl' build argument 'cmake_target' from command line to 'None'
[0.588s] Level 5:colcon.colcon_core.verb:set package 'hitl' build argument 'cmake_target_skip_unavailable' from command line to 'False'
[0.588s] Level 5:colcon.colcon_core.verb:set package 'hitl' build argument 'cmake_clean_cache' from command line to 'False'
[0.588s] Level 5:colcon.colcon_core.verb:set package 'hitl' build argument 'cmake_clean_first' from command line to 'False'
[0.588s] Level 5:colcon.colcon_core.verb:set package 'hitl' build argument 'cmake_force_configure' from command line to 'False'
[0.588s] Level 5:colcon.colcon_core.verb:set package 'hitl' build argument 'ament_cmake_args' from command line to 'None'
[0.588s] Level 5:colcon.colcon_core.verb:set package 'hitl' build argument 'catkin_cmake_args' from command line to 'None'
[0.588s] Level 5:colcon.colcon_core.verb:set package 'hitl' build argument 'catkin_skip_building_tests' from command line to 'False'
[0.589s] DEBUG:colcon.colcon_core.verb:Building package 'hitl' with the following arguments: {'ament_cmake_args': None, 'build_base': '/home/widha893/ros2_hil_quadrotor/build/hitl', 'catkin_cmake_args': None, 'catkin_skip_building_tests': False, 'cmake_args': None, 'cmake_clean_cache': False, 'cmake_clean_first': False, 'cmake_force_configure': False, 'cmake_target': None, 'cmake_target_skip_unavailable': False, 'install_base': '/home/widha893/ros2_hil_quadrotor/install/hitl', 'merge_install': False, 'path': '/home/widha893/ros2_hil_quadrotor/hitl', 'symlink_install': False, 'test_result_base': None}
[0.589s] Level 5:colcon.colcon_core.verb:set package 'sensor_data_logger' build argument 'cmake_args' from command line to 'None'
[0.589s] Level 5:colcon.colcon_core.verb:set package 'sensor_data_logger' build argument 'cmake_target' from command line to 'None'
[0.589s] Level 5:colcon.colcon_core.verb:set package 'sensor_data_logger' build argument 'cmake_target_skip_unavailable' from command line to 'False'
[0.589s] Level 5:colcon.colcon_core.verb:set package 'sensor_data_logger' build argument 'cmake_clean_cache' from command line to 'False'
[0.589s] Level 5:colcon.colcon_core.verb:set package 'sensor_data_logger' build argument 'cmake_clean_first' from command line to 'False'
[0.589s] Level 5:colcon.colcon_core.verb:set package 'sensor_data_logger' build argument 'cmake_force_configure' from command line to 'False'
[0.589s] Level 5:colcon.colcon_core.verb:set package 'sensor_data_logger' build argument 'ament_cmake_args' from command line to 'None'
[0.589s] Level 5:colcon.colcon_core.verb:set package 'sensor_data_logger' build argument 'catkin_cmake_args' from command line to 'None'
[0.590s] Level 5:colcon.colcon_core.verb:set package 'sensor_data_logger' build argument 'catkin_skip_building_tests' from command line to 'False'
[0.590s] DEBUG:colcon.colcon_core.verb:Building package 'sensor_data_logger' with the following arguments: {'ament_cmake_args': None, 'build_base': '/home/widha893/ros2_hil_quadrotor/build/sensor_data_logger', 'catkin_cmake_args': None, 'catkin_skip_building_tests': False, 'cmake_args': None, 'cmake_clean_cache': False, 'cmake_clean_first': False, 'cmake_force_configure': False, 'cmake_target': None, 'cmake_target_skip_unavailable': False, 'install_base': '/home/widha893/ros2_hil_quadrotor/install/sensor_data_logger', 'merge_install': False, 'path': '/home/widha893/ros2_hil_quadrotor/sensor_data_logger', 'symlink_install': False, 'test_result_base': None}
[0.590s] Level 5:colcon.colcon_core.verb:set package 'sjtu_drone_bringup' build argument 'cmake_args' from command line to 'None'
[0.590s] Level 5:colcon.colcon_core.verb:set package 'sjtu_drone_bringup' build argument 'cmake_target' from command line to 'None'
[0.591s] Level 5:colcon.colcon_core.verb:set package 'sjtu_drone_bringup' build argument 'cmake_target_skip_unavailable' from command line to 'False'
[0.591s] Level 5:colcon.colcon_core.verb:set package 'sjtu_drone_bringup' build argument 'cmake_clean_cache' from command line to 'False'
[0.591s] Level 5:colcon.colcon_core.verb:set package 'sjtu_drone_bringup' build argument 'cmake_clean_first' from command line to 'False'
[0.591s] Level 5:colcon.colcon_core.verb:set package 'sjtu_drone_bringup' build argument 'cmake_force_configure' from command line to 'False'
[0.591s] Level 5:colcon.colcon_core.verb:set package 'sjtu_drone_bringup' build argument 'ament_cmake_args' from command line to 'None'
[0.591s] Level 5:colcon.colcon_core.verb:set package 'sjtu_drone_bringup' build argument 'catkin_cmake_args' from command line to 'None'
[0.591s] Level 5:colcon.colcon_core.verb:set package 'sjtu_drone_bringup' build argument 'catkin_skip_building_tests' from command line to 'False'
[0.591s] DEBUG:colcon.colcon_core.verb:Building package 'sjtu_drone_bringup' with the following arguments: {'ament_cmake_args': None, 'build_base': '/home/widha893/ros2_hil_quadrotor/build/sjtu_drone_bringup', 'catkin_cmake_args': None, 'catkin_skip_building_tests': False, 'cmake_args': None, 'cmake_clean_cache': False, 'cmake_clean_first': False, 'cmake_force_configure': False, 'cmake_target': None, 'cmake_target_skip_unavailable': False, 'install_base': '/home/widha893/ros2_hil_quadrotor/install/sjtu_drone_bringup', 'merge_install': False, 'path': '/home/widha893/ros2_hil_quadrotor/sjtu_drone_bringup', 'symlink_install': False, 'test_result_base': None}
[0.592s] Level 5:colcon.colcon_core.verb:set package 'sjtu_drone_control' build argument 'cmake_args' from command line to 'None'
[0.592s] Level 5:colcon.colcon_core.verb:set package 'sjtu_drone_control' build argument 'cmake_target' from command line to 'None'
[0.592s] Level 5:colcon.colcon_core.verb:set package 'sjtu_drone_control' build argument 'cmake_target_skip_unavailable' from command line to 'False'
[0.592s] Level 5:colcon.colcon_core.verb:set package 'sjtu_drone_control' build argument 'cmake_clean_cache' from command line to 'False'
[0.592s] Level 5:colcon.colcon_core.verb:set package 'sjtu_drone_control' build argument 'cmake_clean_first' from command line to 'False'
[0.592s] Level 5:colcon.colcon_core.verb:set package 'sjtu_drone_control' build argument 'cmake_force_configure' from command line to 'False'
[0.592s] Level 5:colcon.colcon_core.verb:set package 'sjtu_drone_control' build argument 'ament_cmake_args' from command line to 'None'
[0.592s] Level 5:colcon.colcon_core.verb:set package 'sjtu_drone_control' build argument 'catkin_cmake_args' from command line to 'None'
[0.592s] Level 5:colcon.colcon_core.verb:set package 'sjtu_drone_control' build argument 'catkin_skip_building_tests' from command line to 'False'
[0.592s] DEBUG:colcon.colcon_core.verb:Building package 'sjtu_drone_control' with the following arguments: {'ament_cmake_args': None, 'build_base': '/home/widha893/ros2_hil_quadrotor/build/sjtu_drone_control', 'catkin_cmake_args': None, 'catkin_skip_building_tests': False, 'cmake_args': None, 'cmake_clean_cache': False, 'cmake_clean_first': False, 'cmake_force_configure': False, 'cmake_target': None, 'cmake_target_skip_unavailable': False, 'install_base': '/home/widha893/ros2_hil_quadrotor/install/sjtu_drone_control', 'merge_install': False, 'path': '/home/widha893/ros2_hil_quadrotor/sjtu_drone_control', 'symlink_install': False, 'test_result_base': None}
[0.593s] Level 5:colcon.colcon_core.verb:set package 'sjtu_drone_description' build argument 'cmake_args' from command line to 'None'
[0.593s] Level 5:colcon.colcon_core.verb:set package 'sjtu_drone_description' build argument 'cmake_target' from command line to 'None'
[0.593s] Level 5:colcon.colcon_core.verb:set package 'sjtu_drone_description' build argument 'cmake_target_skip_unavailable' from command line to 'False'
[0.593s] Level 5:colcon.colcon_core.verb:set package 'sjtu_drone_description' build argument 'cmake_clean_cache' from command line to 'False'
[0.593s] Level 5:colcon.colcon_core.verb:set package 'sjtu_drone_description' build argument 'cmake_clean_first' from command line to 'False'
[0.593s] Level 5:colcon.colcon_core.verb:set package 'sjtu_drone_description' build argument 'cmake_force_configure' from command line to 'False'
[0.593s] Level 5:colcon.colcon_core.verb:set package 'sjtu_drone_description' build argument 'ament_cmake_args' from command line to 'None'
[0.593s] Level 5:colcon.colcon_core.verb:set package 'sjtu_drone_description' build argument 'catkin_cmake_args' from command line to 'None'
[0.593s] Level 5:colcon.colcon_core.verb:set package 'sjtu_drone_description' build argument 'catkin_skip_building_tests' from command line to 'False'
[0.593s] DEBUG:colcon.colcon_core.verb:Building package 'sjtu_drone_description' with the following arguments: {'ament_cmake_args': None, 'build_base': '/home/widha893/ros2_hil_quadrotor/build/sjtu_drone_description', 'catkin_cmake_args': None, 'catkin_skip_building_tests': False, 'cmake_args': None, 'cmake_clean_cache': False, 'cmake_clean_first': False, 'cmake_force_configure': False, 'cmake_target': None, 'cmake_target_skip_unavailable': False, 'install_base': '/home/widha893/ros2_hil_quadrotor/install/sjtu_drone_description', 'merge_install': False, 'path': '/home/widha893/ros2_hil_quadrotor/sjtu_drone_description', 'symlink_install': False, 'test_result_base': None}
[0.594s] INFO:colcon.colcon_core.executor:Executing jobs using 'parallel' executor
[0.595s] DEBUG:colcon.colcon_parallel_executor.executor.parallel:run_until_complete
[0.596s] INFO:colcon.colcon_ros.task.ament_python.build:Building ROS package in '/home/widha893/ros2_hil_quadrotor/hitl' with build type 'ament_python'
[0.596s] Level 1:colcon.colcon_core.shell:create_environment_hook('hitl', 'ament_prefix_path')
[0.598s] INFO:colcon.colcon_core.plugin_system:Skipping extension 'colcon_core.shell.bat': Not used on non-Windows systems
[0.598s] INFO:colcon.colcon_core.shell:Creating environment hook '/home/widha893/ros2_hil_quadrotor/install/hitl/share/hitl/hook/ament_prefix_path.ps1'
[0.599s] INFO:colcon.colcon_core.shell:Creating environment descriptor '/home/widha893/ros2_hil_quadrotor/install/hitl/share/hitl/hook/ament_prefix_path.dsv'
[0.600s] INFO:colcon.colcon_core.shell:Creating environment hook '/home/widha893/ros2_hil_quadrotor/install/hitl/share/hitl/hook/ament_prefix_path.sh'
[0.601s] INFO:colcon.colcon_core.shell:Skip shell extension 'powershell' for command environment: Not usable outside of PowerShell
[0.601s] DEBUG:colcon.colcon_core.shell:Skip shell extension 'dsv' for command environment
[0.607s] INFO:colcon.colcon_ros.task.ament_python.build:Building ROS package in '/home/widha893/ros2_hil_quadrotor/sensor_data_logger' with build type 'ament_python'
[0.607s] Level 1:colcon.colcon_core.shell:create_environment_hook('sensor_data_logger', 'ament_prefix_path')
[0.608s] INFO:colcon.colcon_core.shell:Creating environment hook '/home/widha893/ros2_hil_quadrotor/install/sensor_data_logger/share/sensor_data_logger/hook/ament_prefix_path.ps1'
[0.609s] INFO:colcon.colcon_core.shell:Creating environment descriptor '/home/widha893/ros2_hil_quadrotor/install/sensor_data_logger/share/sensor_data_logger/hook/ament_prefix_path.dsv'
[0.610s] INFO:colcon.colcon_core.shell:Creating environment hook '/home/widha893/ros2_hil_quadrotor/install/sensor_data_logger/share/sensor_data_logger/hook/ament_prefix_path.sh'
[0.612s] INFO:colcon.colcon_core.shell:Skip shell extension 'powershell' for command environment: Not usable outside of PowerShell
[0.612s] DEBUG:colcon.colcon_core.shell:Skip shell extension 'dsv' for command environment
[0.619s] INFO:colcon.colcon_ros.task.ament_python.build:Building ROS package in '/home/widha893/ros2_hil_quadrotor/sjtu_drone_bringup' with build type 'ament_python'
[0.620s] Level 1:colcon.colcon_core.shell:create_environment_hook('sjtu_drone_bringup', 'ament_prefix_path')
[0.621s] INFO:colcon.colcon_core.shell:Creating environment hook '/home/widha893/ros2_hil_quadrotor/install/sjtu_drone_bringup/share/sjtu_drone_bringup/hook/ament_prefix_path.ps1'
[0.622s] INFO:colcon.colcon_core.shell:Creating environment descriptor '/home/widha893/ros2_hil_quadrotor/install/sjtu_drone_bringup/share/sjtu_drone_bringup/hook/ament_prefix_path.dsv'
[0.623s] INFO:colcon.colcon_core.shell:Creating environment hook '/home/widha893/ros2_hil_quadrotor/install/sjtu_drone_bringup/share/sjtu_drone_bringup/hook/ament_prefix_path.sh'
[0.625s] INFO:colcon.colcon_core.shell:Skip shell extension 'powershell' for command environment: Not usable outside of PowerShell
[0.625s] DEBUG:colcon.colcon_core.shell:Skip shell extension 'dsv' for command environment
[0.631s] INFO:colcon.colcon_ros.task.ament_python.build:Building ROS package in '/home/widha893/ros2_hil_quadrotor/sjtu_drone_control' with build type 'ament_python'
[0.632s] Level 1:colcon.colcon_core.shell:create_environment_hook('sjtu_drone_control', 'ament_prefix_path')
[0.632s] INFO:colcon.colcon_core.shell:Creating environment hook '/home/widha893/ros2_hil_quadrotor/install/sjtu_drone_control/share/sjtu_drone_control/hook/ament_prefix_path.ps1'
[0.634s] INFO:colcon.colcon_core.shell:Creating environment descriptor '/home/widha893/ros2_hil_quadrotor/install/sjtu_drone_control/share/sjtu_drone_control/hook/ament_prefix_path.dsv'
[0.635s] INFO:colcon.colcon_core.shell:Creating environment hook '/home/widha893/ros2_hil_quadrotor/install/sjtu_drone_control/share/sjtu_drone_control/hook/ament_prefix_path.sh'
[0.636s] INFO:colcon.colcon_core.shell:Skip shell extension 'powershell' for command environment: Not usable outside of PowerShell
[0.637s] DEBUG:colcon.colcon_core.shell:Skip shell extension 'dsv' for command environment
[0.642s] INFO:colcon.colcon_ros.task.ament_cmake.build:Building ROS package in '/home/widha893/ros2_hil_quadrotor/sjtu_drone_description' with build type 'ament_cmake'
[0.644s] INFO:colcon.colcon_cmake.task.cmake.build:Building CMake package in '/home/widha893/ros2_hil_quadrotor/sjtu_drone_description'
[0.644s] INFO:colcon.colcon_core.shell:Skip shell extension 'powershell' for command environment: Not usable outside of PowerShell
[0.645s] DEBUG:colcon.colcon_core.shell:Skip shell extension 'dsv' for command environment
[1.011s] INFO:colcon.colcon_core.task.python.build:Building Python package in '/home/widha893/ros2_hil_quadrotor/hitl'
[1.012s] INFO:colcon.colcon_core.shell:Skip shell extension 'powershell' for command environment: Not usable outside of PowerShell
[1.012s] DEBUG:colcon.colcon_core.shell:Skip shell extension 'dsv' for command environment
[1.280s] INFO:colcon.colcon_core.task.python.build:Building Python package in '/home/widha893/ros2_hil_quadrotor/sensor_data_logger'
[1.280s] INFO:colcon.colcon_core.shell:Skip shell extension 'powershell' for command environment: Not usable outside of PowerShell
[1.280s] DEBUG:colcon.colcon_core.shell:Skip shell extension 'dsv' for command environment
[1.539s] INFO:colcon.colcon_core.task.python.build:Building Python package in '/home/widha893/ros2_hil_quadrotor/sjtu_drone_bringup'
[1.539s] INFO:colcon.colcon_core.shell:Skip shell extension 'powershell' for command environment: Not usable outside of PowerShell
[1.539s] DEBUG:colcon.colcon_core.shell:Skip shell extension 'dsv' for command environment
[1.768s] INFO:colcon.colcon_core.task.python.build:Building Python package in '/home/widha893/ros2_hil_quadrotor/sjtu_drone_control'
[1.768s] INFO:colcon.colcon_core.shell:Skip shell extension 'powershell' for command environment: Not usable outside of PowerShell
[1.769s] DEBUG:colcon.colcon_core.shell:Skip shell extension 'dsv' for command environment
[1.778s] DEBUG:colcon.colcon_core.event_handler.log_command:Invoking command in '/home/widha893/ros2_hil_quadrotor/build/sjtu_drone_description': CMAKE_PREFIX_PATH=${CMAKE_PREFIX_PATH}:/home/widha893/ros2_hil_quadrotor/install/sjtu_drone_control:/home/widha893/ros2_hil_quadrotor/install/sjtu_drone_bringup:/home/widha893/ros2_hil_quadrotor/install/sensor_data_logger:/home/widha893/ros2_hil_quadrotor/install/hitl:/opt/ros/humble /usr/bin/cmake --build /home/widha893/ros2_hil_quadrotor/build/sjtu_drone_description -- -j8 -l8
[1.927s] DEBUG:colcon.colcon_core.event_handler.log_command:Invoked command in '/home/widha893/ros2_hil_quadrotor/build/sjtu_drone_description' returned '0': CMAKE_PREFIX_PATH=${CMAKE_PREFIX_PATH}:/home/widha893/ros2_hil_quadrotor/install/sjtu_drone_control:/home/widha893/ros2_hil_quadrotor/install/sjtu_drone_bringup:/home/widha893/ros2_hil_quadrotor/install/sensor_data_logger:/home/widha893/ros2_hil_quadrotor/install/hitl:/opt/ros/humble /usr/bin/cmake --build /home/widha893/ros2_hil_quadrotor/build/sjtu_drone_description -- -j8 -l8
[1.998s] DEBUG:colcon.colcon_core.event_handler.log_command:Invoking command in '/home/widha893/ros2_hil_quadrotor/build/sjtu_drone_description': CMAKE_PREFIX_PATH=${CMAKE_PREFIX_PATH}:/home/widha893/ros2_hil_quadrotor/install/sjtu_drone_control:/home/widha893/ros2_hil_quadrotor/install/sjtu_drone_bringup:/home/widha893/ros2_hil_quadrotor/install/sensor_data_logger:/home/widha893/ros2_hil_quadrotor/install/hitl:/opt/ros/humble /usr/bin/cmake --install /home/widha893/ros2_hil_quadrotor/build/sjtu_drone_description
[2.085s] Level 1:colcon.colcon_core.environment:create_environment_scripts_only(sjtu_drone_description)
[2.113s] Level 1:colcon.colcon_core.environment:checking '/home/widha893/ros2_hil_quadrotor/install/sjtu_drone_description' for CMake module files
[2.117s] Level 1:colcon.colcon_core.environment:checking '/home/widha893/ros2_hil_quadrotor/install/sjtu_drone_description' for CMake config files
[2.132s] Level 1:colcon.colcon_core.shell:create_environment_hook('sjtu_drone_description', 'cmake_prefix_path')
[2.132s] INFO:colcon.colcon_core.shell:Creating environment hook '/home/widha893/ros2_hil_quadrotor/install/sjtu_drone_description/share/sjtu_drone_description/hook/cmake_prefix_path.ps1'
[2.135s] INFO:colcon.colcon_core.shell:Creating environment descriptor '/home/widha893/ros2_hil_quadrotor/install/sjtu_drone_description/share/sjtu_drone_description/hook/cmake_prefix_path.dsv'
[2.137s] INFO:colcon.colcon_core.shell:Creating environment hook '/home/widha893/ros2_hil_quadrotor/install/sjtu_drone_description/share/sjtu_drone_description/hook/cmake_prefix_path.sh'
[2.140s] Level 1:colcon.colcon_core.environment:checking '/home/widha893/ros2_hil_quadrotor/install/sjtu_drone_description/lib'
[2.141s] Level 1:colcon.colcon_core.shell:create_environment_hook('sjtu_drone_description', 'ld_library_path_lib')
[2.142s] INFO:colcon.colcon_core.shell:Creating environment hook '/home/widha893/ros2_hil_quadrotor/install/sjtu_drone_description/share/sjtu_drone_description/hook/ld_library_path_lib.ps1'
[2.144s] INFO:colcon.colcon_core.shell:Creating environment descriptor '/home/widha893/ros2_hil_quadrotor/install/sjtu_drone_description/share/sjtu_drone_description/hook/ld_library_path_lib.dsv'
[2.146s] INFO:colcon.colcon_core.shell:Creating environment hook '/home/widha893/ros2_hil_quadrotor/install/sjtu_drone_description/share/sjtu_drone_description/hook/ld_library_path_lib.sh'
[2.147s] Level 1:colcon.colcon_core.environment:checking '/home/widha893/ros2_hil_quadrotor/install/sjtu_drone_description/bin'
[2.148s] Level 1:colcon.colcon_core.environment:checking '/home/widha893/ros2_hil_quadrotor/install/sjtu_drone_description/lib/pkgconfig/sjtu_drone_description.pc'
[2.148s] Level 1:colcon.colcon_core.environment:checking '/home/widha893/ros2_hil_quadrotor/install/sjtu_drone_description/lib/python3.10/site-packages'
[2.149s] Level 1:colcon.colcon_core.environment:checking '/home/widha893/ros2_hil_quadrotor/install/sjtu_drone_description/bin'
[2.150s] INFO:colcon.colcon_core.shell:Creating package script '/home/widha893/ros2_hil_quadrotor/install/sjtu_drone_description/share/sjtu_drone_description/package.ps1'
[2.152s] INFO:colcon.colcon_core.shell:Creating package descriptor '/home/widha893/ros2_hil_quadrotor/install/sjtu_drone_description/share/sjtu_drone_description/package.dsv'
[2.154s] INFO:colcon.colcon_core.shell:Creating package script '/home/widha893/ros2_hil_quadrotor/install/sjtu_drone_description/share/sjtu_drone_description/package.sh'
[2.160s] INFO:colcon.colcon_core.shell:Creating package script '/home/widha893/ros2_hil_quadrotor/install/sjtu_drone_description/share/sjtu_drone_description/package.bash'
[2.162s] INFO:colcon.colcon_core.shell:Creating package script '/home/widha893/ros2_hil_quadrotor/install/sjtu_drone_description/share/sjtu_drone_description/package.zsh'
[2.165s] Level 1:colcon.colcon_core.environment:create_file_with_runtime_dependencies(/home/widha893/ros2_hil_quadrotor/install/sjtu_drone_description/share/colcon-core/packages/sjtu_drone_description)
[2.181s] DEBUG:colcon.colcon_core.event_handler.log_command:Invoked command in '/home/widha893/ros2_hil_quadrotor/build/sjtu_drone_description' returned '0': CMAKE_PREFIX_PATH=${CMAKE_PREFIX_PATH}:/home/widha893/ros2_hil_quadrotor/install/sjtu_drone_control:/home/widha893/ros2_hil_quadrotor/install/sjtu_drone_bringup:/home/widha893/ros2_hil_quadrotor/install/sensor_data_logger:/home/widha893/ros2_hil_quadrotor/install/hitl:/opt/ros/humble /usr/bin/cmake --install /home/widha893/ros2_hil_quadrotor/build/sjtu_drone_description
[2.246s] Level 1:colcon.colcon_core.environment:create_environment_scripts_only(sjtu_drone_description)
[2.247s] Level 1:colcon.colcon_core.environment:checking '/home/widha893/ros2_hil_quadrotor/install/sjtu_drone_description' for CMake module files
[2.247s] Level 1:colcon.colcon_core.environment:checking '/home/widha893/ros2_hil_quadrotor/install/sjtu_drone_description' for CMake config files
[2.248s] Level 1:colcon.colcon_core.shell:create_environment_hook('sjtu_drone_description', 'cmake_prefix_path')
[2.248s] INFO:colcon.colcon_core.shell:Creating environment hook '/home/widha893/ros2_hil_quadrotor/install/sjtu_drone_description/share/sjtu_drone_description/hook/cmake_prefix_path.ps1'
[2.249s] INFO:colcon.colcon_core.shell:Creating environment descriptor '/home/widha893/ros2_hil_quadrotor/install/sjtu_drone_description/share/sjtu_drone_description/hook/cmake_prefix_path.dsv'
[2.250s] INFO:colcon.colcon_core.shell:Creating environment hook '/home/widha893/ros2_hil_quadrotor/install/sjtu_drone_description/share/sjtu_drone_description/hook/cmake_prefix_path.sh'
[2.251s] Level 1:colcon.colcon_core.environment:checking '/home/widha893/ros2_hil_quadrotor/install/sjtu_drone_description/lib'
[2.251s] Level 1:colcon.colcon_core.shell:create_environment_hook('sjtu_drone_description', 'ld_library_path_lib')
[2.251s] INFO:colcon.colcon_core.shell:Creating environment hook '/home/widha893/ros2_hil_quadrotor/install/sjtu_drone_description/share/sjtu_drone_description/hook/ld_library_path_lib.ps1'
[2.252s] INFO:colcon.colcon_core.shell:Creating environment descriptor '/home/widha893/ros2_hil_quadrotor/install/sjtu_drone_description/share/sjtu_drone_description/hook/ld_library_path_lib.dsv'
[2.253s] INFO:colcon.colcon_core.shell:Creating environment hook '/home/widha893/ros2_hil_quadrotor/install/sjtu_drone_description/share/sjtu_drone_description/hook/ld_library_path_lib.sh'
[2.255s] Level 1:colcon.colcon_core.environment:checking '/home/widha893/ros2_hil_quadrotor/install/sjtu_drone_description/bin'
[2.255s] Level 1:colcon.colcon_core.environment:checking '/home/widha893/ros2_hil_quadrotor/install/sjtu_drone_description/lib/pkgconfig/sjtu_drone_description.pc'
[2.256s] Level 1:colcon.colcon_core.environment:checking '/home/widha893/ros2_hil_quadrotor/install/sjtu_drone_description/lib/python3.10/site-packages'
[2.256s] Level 1:colcon.colcon_core.environment:checking '/home/widha893/ros2_hil_quadrotor/install/sjtu_drone_description/bin'
[2.257s] INFO:colcon.colcon_core.shell:Creating package script '/home/widha893/ros2_hil_quadrotor/install/sjtu_drone_description/share/sjtu_drone_description/package.ps1'
[2.258s] INFO:colcon.colcon_core.shell:Creating package descriptor '/home/widha893/ros2_hil_quadrotor/install/sjtu_drone_description/share/sjtu_drone_description/package.dsv'
[2.259s] INFO:colcon.colcon_core.shell:Creating package script '/home/widha893/ros2_hil_quadrotor/install/sjtu_drone_description/share/sjtu_drone_description/package.sh'
[2.260s] INFO:colcon.colcon_core.shell:Creating package script '/home/widha893/ros2_hil_quadrotor/install/sjtu_drone_description/share/sjtu_drone_description/package.bash'
[2.261s] INFO:colcon.colcon_core.shell:Creating package script '/home/widha893/ros2_hil_quadrotor/install/sjtu_drone_description/share/sjtu_drone_description/package.zsh'
[2.262s] Level 1:colcon.colcon_core.environment:create_file_with_runtime_dependencies(/home/widha893/ros2_hil_quadrotor/install/sjtu_drone_description/share/colcon-core/packages/sjtu_drone_description)
[2.414s] DEBUG:colcon.colcon_core.event_handler.log_command:Invoking command in '/home/widha893/ros2_hil_quadrotor/sjtu_drone_bringup': PYTHONPATH=/home/widha893/ros2_hil_quadrotor/build/sjtu_drone_bringup/prefix_override:/usr/lib/python3/dist-packages/colcon_core/task/python/colcon_distutils_commands:/home/widha893/ros2_hil_quadrotor/install/sjtu_drone_bringup/lib/python3.10/site-packages:${PYTHONPATH} /usr/bin/python3 -W ignore:setup.py install is deprecated -W ignore:easy_install command is deprecated setup.py egg_info --egg-base ../build/sjtu_drone_bringup build --build-base /home/widha893/ros2_hil_quadrotor/build/sjtu_drone_bringup/build install --record /home/widha893/ros2_hil_quadrotor/build/sjtu_drone_bringup/install.log --single-version-externally-managed install_data
[2.512s] DEBUG:colcon.colcon_core.event_handler.log_command:Invoking command in '/home/widha893/ros2_hil_quadrotor/sensor_data_logger': PYTHONPATH=/home/widha893/ros2_hil_quadrotor/build/sensor_data_logger/prefix_override:/usr/lib/python3/dist-packages/colcon_core/task/python/colcon_distutils_commands:/home/widha893/ros2_hil_quadrotor/install/sensor_data_logger/lib/python3.10/site-packages:${PYTHONPATH} /usr/bin/python3 -W ignore:setup.py install is deprecated -W ignore:easy_install command is deprecated setup.py egg_info --egg-base ../build/sensor_data_logger build --build-base /home/widha893/ros2_hil_quadrotor/build/sensor_data_logger/build install --record /home/widha893/ros2_hil_quadrotor/build/sensor_data_logger/install.log --single-version-externally-managed install_data
[2.657s] DEBUG:colcon.colcon_core.event_handler.log_command:Invoking command in '/home/widha893/ros2_hil_quadrotor/hitl': PYTHONPATH=/home/widha893/ros2_hil_quadrotor/build/hitl/prefix_override:/usr/lib/python3/dist-packages/colcon_core/task/python/colcon_distutils_commands:/home/widha893/ros2_hil_quadrotor/install/hitl/lib/python3.10/site-packages:${PYTHONPATH} /usr/bin/python3 -W ignore:setup.py install is deprecated -W ignore:easy_install command is deprecated setup.py egg_info --egg-base ../build/hitl build --build-base /home/widha893/ros2_hil_quadrotor/build/hitl/build install --record /home/widha893/ros2_hil_quadrotor/build/hitl/install.log --single-version-externally-managed install_data
[2.676s] DEBUG:colcon.colcon_core.event_handler.log_command:Invoking command in '/home/widha893/ros2_hil_quadrotor/sjtu_drone_control': PYTHONPATH=/home/widha893/ros2_hil_quadrotor/build/sjtu_drone_control/prefix_override:/usr/lib/python3/dist-packages/colcon_core/task/python/colcon_distutils_commands:/home/widha893/ros2_hil_quadrotor/install/sjtu_drone_control/lib/python3.10/site-packages:${PYTHONPATH} /usr/bin/python3 -W ignore:setup.py install is deprecated -W ignore:easy_install command is deprecated setup.py egg_info --egg-base ../build/sjtu_drone_control build --build-base /home/widha893/ros2_hil_quadrotor/build/sjtu_drone_control/build install --record /home/widha893/ros2_hil_quadrotor/build/sjtu_drone_control/install.log --single-version-externally-managed install_data
[3.130s] Level 1:colcon.colcon_core.environment:checking '/home/widha893/ros2_hil_quadrotor/install/sjtu_drone_bringup' for CMake module files
[3.131s] DEBUG:colcon.colcon_core.event_handler.log_command:Invoked command in '/home/widha893/ros2_hil_quadrotor/sjtu_drone_bringup' returned '0': PYTHONPATH=/home/widha893/ros2_hil_quadrotor/build/sjtu_drone_bringup/prefix_override:/usr/lib/python3/dist-packages/colcon_core/task/python/colcon_distutils_commands:/home/widha893/ros2_hil_quadrotor/install/sjtu_drone_bringup/lib/python3.10/site-packages:${PYTHONPATH} /usr/bin/python3 -W ignore:setup.py install is deprecated -W ignore:easy_install command is deprecated setup.py egg_info --egg-base ../build/sjtu_drone_bringup build --build-base /home/widha893/ros2_hil_quadrotor/build/sjtu_drone_bringup/build install --record /home/widha893/ros2_hil_quadrotor/build/sjtu_drone_bringup/install.log --single-version-externally-managed install_data
[3.131s] Level 1:colcon.colcon_core.environment:checking '/home/widha893/ros2_hil_quadrotor/install/sjtu_drone_bringup' for CMake config files
[3.132s] Level 1:colcon.colcon_core.environment:checking '/home/widha893/ros2_hil_quadrotor/install/sjtu_drone_bringup/lib'
[3.132s] Level 1:colcon.colcon_core.environment:checking '/home/widha893/ros2_hil_quadrotor/install/sjtu_drone_bringup/bin'
[3.132s] Level 1:colcon.colcon_core.environment:checking '/home/widha893/ros2_hil_quadrotor/install/sjtu_drone_bringup/lib/pkgconfig/sjtu_drone_bringup.pc'
[3.132s] Level 1:colcon.colcon_core.environment:checking '/home/widha893/ros2_hil_quadrotor/install/sjtu_drone_bringup/lib/python3.10/site-packages'
[3.133s] Level 1:colcon.colcon_core.shell:create_environment_hook('sjtu_drone_bringup', 'pythonpath')
[3.133s] INFO:colcon.colcon_core.shell:Creating environment hook '/home/widha893/ros2_hil_quadrotor/install/sjtu_drone_bringup/share/sjtu_drone_bringup/hook/pythonpath.ps1'
[3.134s] INFO:colcon.colcon_core.shell:Creating environment descriptor '/home/widha893/ros2_hil_quadrotor/install/sjtu_drone_bringup/share/sjtu_drone_bringup/hook/pythonpath.dsv'
[3.134s] INFO:colcon.colcon_core.shell:Creating environment hook '/home/widha893/ros2_hil_quadrotor/install/sjtu_drone_bringup/share/sjtu_drone_bringup/hook/pythonpath.sh'
[3.136s] Level 1:colcon.colcon_core.environment:checking '/home/widha893/ros2_hil_quadrotor/install/sjtu_drone_bringup/bin'
[3.136s] Level 1:colcon.colcon_core.environment:create_environment_scripts_only(sjtu_drone_bringup)
[3.136s] INFO:colcon.colcon_core.shell:Creating package script '/home/widha893/ros2_hil_quadrotor/install/sjtu_drone_bringup/share/sjtu_drone_bringup/package.ps1'
[3.137s] INFO:colcon.colcon_core.shell:Creating package descriptor '/home/widha893/ros2_hil_quadrotor/install/sjtu_drone_bringup/share/sjtu_drone_bringup/package.dsv'
[3.138s] INFO:colcon.colcon_core.shell:Creating package script '/home/widha893/ros2_hil_quadrotor/install/sjtu_drone_bringup/share/sjtu_drone_bringup/package.sh'
[3.139s] INFO:colcon.colcon_core.shell:Creating package script '/home/widha893/ros2_hil_quadrotor/install/sjtu_drone_bringup/share/sjtu_drone_bringup/package.bash'
[3.139s] INFO:colcon.colcon_core.shell:Creating package script '/home/widha893/ros2_hil_quadrotor/install/sjtu_drone_bringup/share/sjtu_drone_bringup/package.zsh'
[3.140s] Level 1:colcon.colcon_core.environment:create_file_with_runtime_dependencies(/home/widha893/ros2_hil_quadrotor/install/sjtu_drone_bringup/share/colcon-core/packages/sjtu_drone_bringup)
[3.271s] Level 1:colcon.colcon_core.environment:checking '/home/widha893/ros2_hil_quadrotor/install/sensor_data_logger' for CMake module files
[3.272s] DEBUG:colcon.colcon_core.event_handler.log_command:Invoked command in '/home/widha893/ros2_hil_quadrotor/sensor_data_logger' returned '0': PYTHONPATH=/home/widha893/ros2_hil_quadrotor/build/sensor_data_logger/prefix_override:/usr/lib/python3/dist-packages/colcon_core/task/python/colcon_distutils_commands:/home/widha893/ros2_hil_quadrotor/install/sensor_data_logger/lib/python3.10/site-packages:${PYTHONPATH} /usr/bin/python3 -W ignore:setup.py install is deprecated -W ignore:easy_install command is deprecated setup.py egg_info --egg-base ../build/sensor_data_logger build --build-base /home/widha893/ros2_hil_quadrotor/build/sensor_data_logger/build install --record /home/widha893/ros2_hil_quadrotor/build/sensor_data_logger/install.log --single-version-externally-managed install_data
[3.273s] Level 1:colcon.colcon_core.environment:checking '/home/widha893/ros2_hil_quadrotor/install/sensor_data_logger' for CMake config files
[3.275s] Level 1:colcon.colcon_core.environment:checking '/home/widha893/ros2_hil_quadrotor/install/sensor_data_logger/lib'
[3.276s] Level 1:colcon.colcon_core.environment:checking '/home/widha893/ros2_hil_quadrotor/install/sensor_data_logger/bin'
[3.276s] Level 1:colcon.colcon_core.environment:checking '/home/widha893/ros2_hil_quadrotor/install/sensor_data_logger/lib/pkgconfig/sensor_data_logger.pc'
[3.276s] Level 1:colcon.colcon_core.environment:checking '/home/widha893/ros2_hil_quadrotor/install/sensor_data_logger/lib/python3.10/site-packages'
[3.276s] Level 1:colcon.colcon_core.shell:create_environment_hook('sensor_data_logger', 'pythonpath')
[3.277s] INFO:colcon.colcon_core.shell:Creating environment hook '/home/widha893/ros2_hil_quadrotor/install/sensor_data_logger/share/sensor_data_logger/hook/pythonpath.ps1'
[3.278s] INFO:colcon.colcon_core.shell:Creating environment descriptor '/home/widha893/ros2_hil_quadrotor/install/sensor_data_logger/share/sensor_data_logger/hook/pythonpath.dsv'
[3.280s] INFO:colcon.colcon_core.shell:Creating environment hook '/home/widha893/ros2_hil_quadrotor/install/sensor_data_logger/share/sensor_data_logger/hook/pythonpath.sh'
[3.281s] Level 1:colcon.colcon_core.environment:checking '/home/widha893/ros2_hil_quadrotor/install/sensor_data_logger/bin'
[3.282s] Level 1:colcon.colcon_core.environment:create_environment_scripts_only(sensor_data_logger)
[3.282s] INFO:colcon.colcon_core.shell:Creating package script '/home/widha893/ros2_hil_quadrotor/install/sensor_data_logger/share/sensor_data_logger/package.ps1'
[3.284s] INFO:colcon.colcon_core.shell:Creating package descriptor '/home/widha893/ros2_hil_quadrotor/install/sensor_data_logger/share/sensor_data_logger/package.dsv'
[3.286s] INFO:colcon.colcon_core.shell:Creating package script '/home/widha893/ros2_hil_quadrotor/install/sensor_data_logger/share/sensor_data_logger/package.sh'
[3.287s] INFO:colcon.colcon_core.shell:Creating package script '/home/widha893/ros2_hil_quadrotor/install/sensor_data_logger/share/sensor_data_logger/package.bash'
[3.288s] INFO:colcon.colcon_core.shell:Creating package script '/home/widha893/ros2_hil_quadrotor/install/sensor_data_logger/share/sensor_data_logger/package.zsh'
[3.289s] Level 1:colcon.colcon_core.environment:create_file_with_runtime_dependencies(/home/widha893/ros2_hil_quadrotor/install/sensor_data_logger/share/colcon-core/packages/sensor_data_logger)
[3.382s] Level 1:colcon.colcon_core.environment:checking '/home/widha893/ros2_hil_quadrotor/install/sjtu_drone_control' for CMake module files
[3.384s] DEBUG:colcon.colcon_core.event_handler.log_command:Invoked command in '/home/widha893/ros2_hil_quadrotor/sjtu_drone_control' returned '0': PYTHONPATH=/home/widha893/ros2_hil_quadrotor/build/sjtu_drone_control/prefix_override:/usr/lib/python3/dist-packages/colcon_core/task/python/colcon_distutils_commands:/home/widha893/ros2_hil_quadrotor/install/sjtu_drone_control/lib/python3.10/site-packages:${PYTHONPATH} /usr/bin/python3 -W ignore:setup.py install is deprecated -W ignore:easy_install command is deprecated setup.py egg_info --egg-base ../build/sjtu_drone_control build --build-base /home/widha893/ros2_hil_quadrotor/build/sjtu_drone_control/build install --record /home/widha893/ros2_hil_quadrotor/build/sjtu_drone_control/install.log --single-version-externally-managed install_data
[3.384s] Level 1:colcon.colcon_core.environment:checking '/home/widha893/ros2_hil_quadrotor/install/sjtu_drone_control' for CMake config files
[3.385s] Level 1:colcon.colcon_core.environment:checking '/home/widha893/ros2_hil_quadrotor/install/sjtu_drone_control/lib'
[3.386s] Level 1:colcon.colcon_core.environment:checking '/home/widha893/ros2_hil_quadrotor/install/sjtu_drone_control/bin'
[3.386s] Level 1:colcon.colcon_core.environment:checking '/home/widha893/ros2_hil_quadrotor/install/sjtu_drone_control/lib/pkgconfig/sjtu_drone_control.pc'
[3.386s] Level 1:colcon.colcon_core.environment:checking '/home/widha893/ros2_hil_quadrotor/install/sjtu_drone_control/lib/python3.10/site-packages'
[3.387s] Level 1:colcon.colcon_core.shell:create_environment_hook('sjtu_drone_control', 'pythonpath')
[3.387s] INFO:colcon.colcon_core.shell:Creating environment hook '/home/widha893/ros2_hil_quadrotor/install/sjtu_drone_control/share/sjtu_drone_control/hook/pythonpath.ps1'
[3.388s] INFO:colcon.colcon_core.shell:Creating environment descriptor '/home/widha893/ros2_hil_quadrotor/install/sjtu_drone_control/share/sjtu_drone_control/hook/pythonpath.dsv'
[3.389s] INFO:colcon.colcon_core.shell:Creating environment hook '/home/widha893/ros2_hil_quadrotor/install/sjtu_drone_control/share/sjtu_drone_control/hook/pythonpath.sh'
[3.391s] Level 1:colcon.colcon_core.environment:checking '/home/widha893/ros2_hil_quadrotor/install/sjtu_drone_control/bin'
[3.391s] Level 1:colcon.colcon_core.environment:create_environment_scripts_only(sjtu_drone_control)
[3.392s] INFO:colcon.colcon_core.shell:Creating package script '/home/widha893/ros2_hil_quadrotor/install/sjtu_drone_control/share/sjtu_drone_control/package.ps1'
[3.393s] INFO:colcon.colcon_core.shell:Creating package descriptor '/home/widha893/ros2_hil_quadrotor/install/sjtu_drone_control/share/sjtu_drone_control/package.dsv'
[3.394s] INFO:colcon.colcon_core.shell:Creating package script '/home/widha893/ros2_hil_quadrotor/install/sjtu_drone_control/share/sjtu_drone_control/package.sh'
[3.395s] INFO:colcon.colcon_core.shell:Creating package script '/home/widha893/ros2_hil_quadrotor/install/sjtu_drone_control/share/sjtu_drone_control/package.bash'
[3.396s] INFO:colcon.colcon_core.shell:Creating package script '/home/widha893/ros2_hil_quadrotor/install/sjtu_drone_control/share/sjtu_drone_control/package.zsh'
[3.397s] Level 1:colcon.colcon_core.environment:create_file_with_runtime_dependencies(/home/widha893/ros2_hil_quadrotor/install/sjtu_drone_control/share/colcon-core/packages/sjtu_drone_control)
[3.399s] Level 1:colcon.colcon_core.environment:checking '/home/widha893/ros2_hil_quadrotor/install/hitl' for CMake module files
[3.400s] DEBUG:colcon.colcon_core.event_handler.log_command:Invoked command in '/home/widha893/ros2_hil_quadrotor/hitl' returned '0': PYTHONPATH=/home/widha893/ros2_hil_quadrotor/build/hitl/prefix_override:/usr/lib/python3/dist-packages/colcon_core/task/python/colcon_distutils_commands:/home/widha893/ros2_hil_quadrotor/install/hitl/lib/python3.10/site-packages:${PYTHONPATH} /usr/bin/python3 -W ignore:setup.py install is deprecated -W ignore:easy_install command is deprecated setup.py egg_info --egg-base ../build/hitl build --build-base /home/widha893/ros2_hil_quadrotor/build/hitl/build install --record /home/widha893/ros2_hil_quadrotor/build/hitl/install.log --single-version-externally-managed install_data
[3.401s] Level 1:colcon.colcon_core.environment:checking '/home/widha893/ros2_hil_quadrotor/install/hitl' for CMake config files
[3.402s] Level 1:colcon.colcon_core.environment:checking '/home/widha893/ros2_hil_quadrotor/install/hitl/lib'
[3.402s] Level 1:colcon.colcon_core.environment:checking '/home/widha893/ros2_hil_quadrotor/install/hitl/bin'
[3.402s] Level 1:colcon.colcon_core.environment:checking '/home/widha893/ros2_hil_quadrotor/install/hitl/lib/pkgconfig/hitl.pc'
[3.402s] Level 1:colcon.colcon_core.environment:checking '/home/widha893/ros2_hil_quadrotor/install/hitl/lib/python3.10/site-packages'
[3.403s] Level 1:colcon.colcon_core.shell:create_environment_hook('hitl', 'pythonpath')
[3.403s] INFO:colcon.colcon_core.shell:Creating environment hook '/home/widha893/ros2_hil_quadrotor/install/hitl/share/hitl/hook/pythonpath.ps1'
[3.404s] INFO:colcon.colcon_core.shell:Creating environment descriptor '/home/widha893/ros2_hil_quadrotor/install/hitl/share/hitl/hook/pythonpath.dsv'
[3.405s] INFO:colcon.colcon_core.shell:Creating environment hook '/home/widha893/ros2_hil_quadrotor/install/hitl/share/hitl/hook/pythonpath.sh'
[3.406s] Level 1:colcon.colcon_core.environment:checking '/home/widha893/ros2_hil_quadrotor/install/hitl/bin'
[3.406s] Level 1:colcon.colcon_core.environment:create_environment_scripts_only(hitl)
[3.407s] INFO:colcon.colcon_core.shell:Creating package script '/home/widha893/ros2_hil_quadrotor/install/hitl/share/hitl/package.ps1'
[3.408s] INFO:colcon.colcon_core.shell:Creating package descriptor '/home/widha893/ros2_hil_quadrotor/install/hitl/share/hitl/package.dsv'
[3.409s] INFO:colcon.colcon_core.shell:Creating package script '/home/widha893/ros2_hil_quadrotor/install/hitl/share/hitl/package.sh'
[3.410s] INFO:colcon.colcon_core.shell:Creating package script '/home/widha893/ros2_hil_quadrotor/install/hitl/share/hitl/package.bash'
[3.411s] INFO:colcon.colcon_core.shell:Creating package script '/home/widha893/ros2_hil_quadrotor/install/hitl/share/hitl/package.zsh'
[3.412s] Level 1:colcon.colcon_core.environment:create_file_with_runtime_dependencies(/home/widha893/ros2_hil_quadrotor/install/hitl/share/colcon-core/packages/hitl)
[3.413s] DEBUG:colcon.colcon_parallel_executor.executor.parallel:closing loop
[3.413s] DEBUG:colcon.colcon_parallel_executor.executor.parallel:loop closed
[3.413s] DEBUG:colcon.colcon_parallel_executor.executor.parallel:run_until_complete finished with '0'
[3.414s] DEBUG:colcon.colcon_core.event_reactor:joining thread
[3.421s] INFO:colcon.colcon_core.plugin_system:Skipping extension 'colcon_notification.desktop_notification.terminal_notifier': Not used on non-Darwin systems
[3.422s] INFO:colcon.colcon_core.plugin_system:Skipping extension 'colcon_notification.desktop_notification.win32': Not used on non-Windows systems
[3.422s] INFO:colcon.colcon_notification.desktop_notification:Sending desktop notification using 'notify2'
[3.437s] DEBUG:colcon.colcon_core.event_reactor:joined thread
[3.438s] INFO:colcon.colcon_core.shell:Creating prefix script '/home/widha893/ros2_hil_quadrotor/install/local_setup.ps1'
[3.440s] INFO:colcon.colcon_core.shell:Creating prefix util module '/home/widha893/ros2_hil_quadrotor/install/_local_setup_util_ps1.py'
[3.441s] INFO:colcon.colcon_core.shell:Creating prefix chain script '/home/widha893/ros2_hil_quadrotor/install/setup.ps1'
[3.443s] INFO:colcon.colcon_core.shell:Creating prefix script '/home/widha893/ros2_hil_quadrotor/install/local_setup.sh'
[3.444s] INFO:colcon.colcon_core.shell:Creating prefix util module '/home/widha893/ros2_hil_quadrotor/install/_local_setup_util_sh.py'
[3.445s] INFO:colcon.colcon_core.shell:Creating prefix chain script '/home/widha893/ros2_hil_quadrotor/install/setup.sh'
[3.447s] INFO:colcon.colcon_core.shell:Creating prefix script '/home/widha893/ros2_hil_quadrotor/install/local_setup.bash'
[3.447s] INFO:colcon.colcon_core.shell:Creating prefix chain script '/home/widha893/ros2_hil_quadrotor/install/setup.bash'
[3.449s] INFO:colcon.colcon_core.shell:Creating prefix script '/home/widha893/ros2_hil_quadrotor/install/local_setup.zsh'
[3.450s] INFO:colcon.colcon_core.shell:Creating prefix chain script '/home/widha893/ros2_hil_quadrotor/install/setup.zsh'
