[1.241s] Invoking command in '/home/widha893/ros2_hil_quadrotor/build/sjtu_drone_description': CMAKE_PREFIX_PATH=${CMAKE_PREFIX_PATH}:/home/widha893/ros2_hil_quadrotor/install:/home/widha893/ros2_hil_quadrotor/install/sjtu_drone_control:/home/widha893/ros2_hil_quadrotor/install/sjtu_drone_bringup:/home/widha893/ros2_hil_quadrotor/install/sensor_data_logger:/home/widha893/ros2_hil_quadrotor/install/hitl:/opt/ros/humble: /usr/bin/cmake --build /home/widha893/ros2_hil_quadrotor/build/sjtu_drone_description -- -j8 -l8
[2.225s] [35m[1mConsolidate compiler generated dependencies of target plugin_drone[0m
[2.406s] [ 20%] [32mBuilding CXX object CMakeFiles/plugin_drone.dir/src/plugin_drone.cpp.o[0m
[2.409s] [ 40%] [32mBuilding CXX object CMakeFiles/plugin_drone.dir/src/plugin_drone_private.cpp.o[0m
[21.060s] [01m[K/home/widha893/ros2_hil_quadrotor/sjtu_drone_description/src/plugin_drone_private.cpp:172:36:[m[K [01;31m[Kerror: [m[Kexpected identifier before ‘[01m[K)[m[K’ token
[21.060s]   172 |   std::string pitch_command_topic_,[01;31m[K)[m[K
[21.060s]       |                                    [01;31m[K^[m[K
[21.060s] [01m[K/home/widha893/ros2_hil_quadrotor/sjtu_drone_description/src/plugin_drone_private.cpp:165:6:[m[K [01;31m[Kerror: [m[Kno declaration matches ‘[01m[Kvoid gazebo_plugins::DroneSimpleControllerPrivate::InitPublishers(std::string, std::string, std::string, std::string, std::string, std::string, std::string, std::string, int)[m[K’
[21.060s]   165 | void [01;31m[KDroneSimpleControllerPrivate[m[K::InitPublishers(
[21.060s]       |      [01;31m[K^~~~~~~~~~~~~~~~~~~~~~~~~~~~[m[K
[21.060s] In file included from [01m[K/home/widha893/ros2_hil_quadrotor/sjtu_drone_description/src/plugin_drone_private.cpp:18[m[K:
[21.060s] [01m[K/home/widha893/ros2_hil_quadrotor/sjtu_drone_description/include/sjtu_drone_description/plugin_drone_private.h:73:8:[m[K [01;36m[Knote: [m[Kcandidate is: ‘[01m[Kvoid gazebo_plugins::DroneSimpleControllerPrivate::InitPublishers(std::string, std::string, std::string, std::string, std::string, std::string, std::string, std::string)[m[K’
[21.060s]    73 |   void [01;36m[KInitPublishers[m[K(
[21.060s]       |        [01;36m[K^~~~~~~~~~~~~~[m[K
[21.060s] In file included from [01m[K/home/widha893/ros2_hil_quadrotor/sjtu_drone_description/src/plugin_drone_private.cpp:18[m[K:
[21.060s] [01m[K/home/widha893/ros2_hil_quadrotor/sjtu_drone_description/include/sjtu_drone_description/plugin_drone_private.h:60:7:[m[K [01;36m[Knote: [m[K‘[01m[Kclass gazebo_plugins::DroneSimpleControllerPrivate[m[K’ defined here
[21.060s]    60 | class [01;36m[KDroneSimpleControllerPrivate[m[K
[21.061s]       |       [01;36m[K^~~~~~~~~~~~~~~~~~~~~~~~~~~~[m[K
[33.477s] gmake[2]: *** [CMakeFiles/plugin_drone.dir/build.make:90: CMakeFiles/plugin_drone.dir/src/plugin_drone_private.cpp.o] Error 1
[33.478s] gmake[1]: *** [CMakeFiles/Makefile2:137: CMakeFiles/plugin_drone.dir/all] Error 2
[33.478s] gmake: *** [Makefile:146: all] Error 2
[33.628s] Invoked command in '/home/widha893/ros2_hil_quadrotor/build/sjtu_drone_description' returned '2': CMAKE_PREFIX_PATH=${CMAKE_PREFIX_PATH}:/home/widha893/ros2_hil_quadrotor/install:/home/widha893/ros2_hil_quadrotor/install/sjtu_drone_control:/home/widha893/ros2_hil_quadrotor/install/sjtu_drone_bringup:/home/widha893/ros2_hil_quadrotor/install/sensor_data_logger:/home/widha893/ros2_hil_quadrotor/install/hitl:/opt/ros/humble: /usr/bin/cmake --build /home/widha893/ros2_hil_quadrotor/build/sjtu_drone_description -- -j8 -l8
