[1.471s] Invoking command in '/home/widha893/ros2_hil_quadrotor/sensor_data_logger': PYTHONPATH=/home/widha893/ros2_hil_quadrotor/build/sensor_data_logger/prefix_override:/usr/lib/python3/dist-packages/colcon_core/task/python/colcon_distutils_commands:/home/widha893/ros2_hil_quadrotor/install/sensor_data_logger/lib/python3.10/site-packages:${PYTHONPATH} /usr/bin/python3 -W ignore:setup.py install is deprecated -W ignore:easy_install command is deprecated setup.py egg_info --egg-base ../build/sensor_data_logger build --build-base /home/widha893/ros2_hil_quadrotor/build/sensor_data_logger/build install --record /home/widha893/ros2_hil_quadrotor/build/sensor_data_logger/install.log --single-version-externally-managed install_data
[1.812s] running egg_info
[1.813s] creating ../build/sensor_data_logger/sensor_data_logger.egg-info
[1.813s] writing ../build/sensor_data_logger/sensor_data_logger.egg-info/PKG-INFO
[1.813s] writing dependency_links to ../build/sensor_data_logger/sensor_data_logger.egg-info/dependency_links.txt
[1.813s] writing entry points to ../build/sensor_data_logger/sensor_data_logger.egg-info/entry_points.txt
[1.813s] writing requirements to ../build/sensor_data_logger/sensor_data_logger.egg-info/requires.txt
[1.814s] writing top-level names to ../build/sensor_data_logger/sensor_data_logger.egg-info/top_level.txt
[1.814s] writing manifest file '../build/sensor_data_logger/sensor_data_logger.egg-info/SOURCES.txt'
[1.816s] reading manifest file '../build/sensor_data_logger/sensor_data_logger.egg-info/SOURCES.txt'
[1.818s] writing manifest file '../build/sensor_data_logger/sensor_data_logger.egg-info/SOURCES.txt'
[1.818s] running build
[1.818s] running build_py
[1.818s] creating /home/widha893/ros2_hil_quadrotor/build/sensor_data_logger/build
[1.818s] creating /home/widha893/ros2_hil_quadrotor/build/sensor_data_logger/build/lib
[1.818s] creating /home/widha893/ros2_hil_quadrotor/build/sensor_data_logger/build/lib/sensor_data_logger
[1.818s] copying sensor_data_logger/data_logger.py -> /home/widha893/ros2_hil_quadrotor/build/sensor_data_logger/build/lib/sensor_data_logger
[1.818s] copying sensor_data_logger/__init__.py -> /home/widha893/ros2_hil_quadrotor/build/sensor_data_logger/build/lib/sensor_data_logger
[1.819s] running install
[1.819s] running install_lib
[1.820s] creating /home/widha893/ros2_hil_quadrotor/install/sensor_data_logger/lib/python3.10/site-packages/sensor_data_logger
[1.820s] copying /home/widha893/ros2_hil_quadrotor/build/sensor_data_logger/build/lib/sensor_data_logger/data_logger.py -> /home/widha893/ros2_hil_quadrotor/install/sensor_data_logger/lib/python3.10/site-packages/sensor_data_logger
[1.821s] copying /home/widha893/ros2_hil_quadrotor/build/sensor_data_logger/build/lib/sensor_data_logger/__init__.py -> /home/widha893/ros2_hil_quadrotor/install/sensor_data_logger/lib/python3.10/site-packages/sensor_data_logger
[1.821s] byte-compiling /home/widha893/ros2_hil_quadrotor/install/sensor_data_logger/lib/python3.10/site-packages/sensor_data_logger/data_logger.py to data_logger.cpython-310.pyc
[1.823s] byte-compiling /home/widha893/ros2_hil_quadrotor/install/sensor_data_logger/lib/python3.10/site-packages/sensor_data_logger/__init__.py to __init__.cpython-310.pyc
[1.823s] running install_data
[1.823s] creating /home/widha893/ros2_hil_quadrotor/install/sensor_data_logger/share/ament_index
[1.824s] creating /home/widha893/ros2_hil_quadrotor/install/sensor_data_logger/share/ament_index/resource_index
[1.824s] creating /home/widha893/ros2_hil_quadrotor/install/sensor_data_logger/share/ament_index/resource_index/packages
[1.824s] copying resource/sensor_data_logger -> /home/widha893/ros2_hil_quadrotor/install/sensor_data_logger/share/ament_index/resource_index/packages
[1.824s] copying package.xml -> /home/widha893/ros2_hil_quadrotor/install/sensor_data_logger/share/sensor_data_logger
[1.824s] running install_egg_info
[1.827s] Copying ../build/sensor_data_logger/sensor_data_logger.egg-info to /home/widha893/ros2_hil_quadrotor/install/sensor_data_logger/lib/python3.10/site-packages/sensor_data_logger-0.0.0-py3.10.egg-info
[1.828s] running install_scripts
[1.862s] Installing sensor_data_logger script to /home/widha893/ros2_hil_quadrotor/install/sensor_data_logger/lib/sensor_data_logger
[1.863s] writing list of installed files to '/home/widha893/ros2_hil_quadrotor/build/sensor_data_logger/install.log'
[1.916s] Invoked command in '/home/widha893/ros2_hil_quadrotor/sensor_data_logger' returned '0': PYTHONPATH=/home/widha893/ros2_hil_quadrotor/build/sensor_data_logger/prefix_override:/usr/lib/python3/dist-packages/colcon_core/task/python/colcon_distutils_commands:/home/widha893/ros2_hil_quadrotor/install/sensor_data_logger/lib/python3.10/site-packages:${PYTHONPATH} /usr/bin/python3 -W ignore:setup.py install is deprecated -W ignore:easy_install command is deprecated setup.py egg_info --egg-base ../build/sensor_data_logger build --build-base /home/widha893/ros2_hil_quadrotor/build/sensor_data_logger/build install --record /home/widha893/ros2_hil_quadrotor/build/sensor_data_logger/install.log --single-version-externally-managed install_data
