[1.377s] Invoking command in '/home/widha893/ros2_hil_quadrotor/sjtu_drone_control': PYTHONPATH=/home/widha893/ros2_hil_quadrotor/build/sjtu_drone_control/prefix_override:/usr/lib/python3/dist-packages/colcon_core/task/python/colcon_distutils_commands:/home/widha893/ros2_hil_quadrotor/install/sjtu_drone_control/lib/python3.10/site-packages:${PYTHONPATH} /usr/bin/python3 -W ignore:setup.py install is deprecated setup.py egg_info --egg-base ../build/sjtu_drone_control build --build-base /home/widha893/ros2_hil_quadrotor/build/sjtu_drone_control/build install --record /home/widha893/ros2_hil_quadrotor/build/sjtu_drone_control/install.log --single-version-externally-managed install_data
[1.827s] running egg_info
[1.828s] writing ../build/sjtu_drone_control/sjtu_drone_control.egg-info/PKG-INFO
[1.828s] writing dependency_links to ../build/sjtu_drone_control/sjtu_drone_control.egg-info/dependency_links.txt
[1.831s] writing entry points to ../build/sjtu_drone_control/sjtu_drone_control.egg-info/entry_points.txt
[1.832s] writing requirements to ../build/sjtu_drone_control/sjtu_drone_control.egg-info/requires.txt
[1.832s] writing top-level names to ../build/sjtu_drone_control/sjtu_drone_control.egg-info/top_level.txt
[1.832s] reading manifest file '../build/sjtu_drone_control/sjtu_drone_control.egg-info/SOURCES.txt'
[1.833s] writing manifest file '../build/sjtu_drone_control/sjtu_drone_control.egg-info/SOURCES.txt'
[1.833s] running build
[1.833s] running build_py
[1.834s] running install
[1.834s] running install_lib
[1.838s] running install_data
[1.838s] running install_egg_info
[1.840s] removing '/home/widha893/ros2_hil_quadrotor/install/sjtu_drone_control/lib/python3.10/site-packages/sjtu_drone_control-0.0.0-py3.10.egg-info' (and everything under it)
[1.840s] Copying ../build/sjtu_drone_control/sjtu_drone_control.egg-info to /home/widha893/ros2_hil_quadrotor/install/sjtu_drone_control/lib/python3.10/site-packages/sjtu_drone_control-0.0.0-py3.10.egg-info
[1.842s] running install_scripts
[1.880s] Installing drone_position_control script to /home/widha893/ros2_hil_quadrotor/install/sjtu_drone_control/lib/sjtu_drone_control
[1.880s] Installing open_loop_control script to /home/widha893/ros2_hil_quadrotor/install/sjtu_drone_control/lib/sjtu_drone_control
[1.883s] Installing teleop script to /home/widha893/ros2_hil_quadrotor/install/sjtu_drone_control/lib/sjtu_drone_control
[1.883s] Installing teleop_joystick script to /home/widha893/ros2_hil_quadrotor/install/sjtu_drone_control/lib/sjtu_drone_control
[1.883s] writing list of installed files to '/home/widha893/ros2_hil_quadrotor/build/sjtu_drone_control/install.log'
[1.953s] Invoked command in '/home/widha893/ros2_hil_quadrotor/sjtu_drone_control' returned '0': PYTHONPATH=/home/widha893/ros2_hil_quadrotor/build/sjtu_drone_control/prefix_override:/usr/lib/python3/dist-packages/colcon_core/task/python/colcon_distutils_commands:/home/widha893/ros2_hil_quadrotor/install/sjtu_drone_control/lib/python3.10/site-packages:${PYTHONPATH} /usr/bin/python3 -W ignore:setup.py install is deprecated setup.py egg_info --egg-base ../build/sjtu_drone_control build --build-base /home/widha893/ros2_hil_quadrotor/build/sjtu_drone_control/build install --record /home/widha893/ros2_hil_quadrotor/build/sjtu_drone_control/install.log --single-version-externally-managed install_data
